[0.018s] Invoking command in '/home/robin/MCAV/mcav_autoware_sensor_kit_launch/build/common_sensor_launch': CMAKE_PREFIX_PATH=/opt/ros/humble /usr/bin/cmake /home/robin/MCAV/mcav_autoware_sensor_kit_launch/common_sensor_launch -DCMAKE_BUILD_TYPE=Release -DAMENT_CMAKE_SYMLINK_INSTALL=1 -DCMAKE_INSTALL_PREFIX=/home/robin/MCAV/mcav_autoware_sensor_kit_launch/install/common_sensor_launch
[0.372s] -- The C compiler identification is GNU 11.4.0
[2.574s] -- The CXX compiler identification is GNU 11.4.0
[4.221s] -- Detecting C compiler ABI info
[4.637s] -- Detecting C compiler ABI info - done
[4.649s] -- Check for working C compiler: /usr/bin/cc - skipped
[4.650s] -- Detecting C compile features
[4.651s] -- Detecting C compile features - done
[4.657s] -- Detecting CXX compiler ABI info
[5.062s] -- Detecting CXX compiler ABI info - done
[5.076s] -- Check for working CXX compiler: /usr/bin/c++ - skipped
[5.076s] -- Detecting CXX compile features
[5.077s] -- Detecting CXX compile features - done
[5.080s] -- Found ament_cmake_auto: 1.3.5 (/opt/ros/humble/share/ament_cmake_auto/cmake)
[5.226s] -- Found Python3: /usr/bin/python3.10 (found version "3.10.12") found components: Interpreter 
[5.292s] -- Override CMake install command with custom implementation using symlinks instead of copying resources
[5.393s] -- Found ament_lint_auto: 0.12.7 (/opt/ros/humble/share/ament_lint_auto/cmake)
[10.530s] -- Configuring done
[10.532s] -- Generating done
[10.532s] -- Build files have been written to: /home/robin/MCAV/mcav_autoware_sensor_kit_launch/build/common_sensor_launch
[10.537s] Invoked command in '/home/robin/MCAV/mcav_autoware_sensor_kit_launch/build/common_sensor_launch' returned '0': CMAKE_PREFIX_PATH=/opt/ros/humble /usr/bin/cmake /home/robin/MCAV/mcav_autoware_sensor_kit_launch/common_sensor_launch -DCMAKE_BUILD_TYPE=Release -DAMENT_CMAKE_SYMLINK_INSTALL=1 -DCMAKE_INSTALL_PREFIX=/home/robin/MCAV/mcav_autoware_sensor_kit_launch/install/common_sensor_launch
[10.538s] Invoking command in '/home/robin/MCAV/mcav_autoware_sensor_kit_launch/build/common_sensor_launch': CMAKE_PREFIX_PATH=/opt/ros/humble /usr/bin/cmake --build /home/robin/MCAV/mcav_autoware_sensor_kit_launch/build/common_sensor_launch -- -j20 -l20
[10.562s] Invoked command in '/home/robin/MCAV/mcav_autoware_sensor_kit_launch/build/common_sensor_launch' returned '0': CMAKE_PREFIX_PATH=/opt/ros/humble /usr/bin/cmake --build /home/robin/MCAV/mcav_autoware_sensor_kit_launch/build/common_sensor_launch -- -j20 -l20
[10.577s] Invoking command in '/home/robin/MCAV/mcav_autoware_sensor_kit_launch/build/common_sensor_launch': CMAKE_PREFIX_PATH=/opt/ros/humble /usr/bin/cmake --install /home/robin/MCAV/mcav_autoware_sensor_kit_launch/build/common_sensor_launch
[10.581s] -- Install configuration: "Release"
[10.581s] -- Execute custom install script
[10.582s] -- Up-to-date symlink: /home/robin/MCAV/mcav_autoware_sensor_kit_launch/install/common_sensor_launch/share/common_sensor_launch/launch/nebula_node_container.launch.py
[10.582s] -- Up-to-date symlink: /home/robin/MCAV/mcav_autoware_sensor_kit_launch/install/common_sensor_launch/share/common_sensor_launch/launch/velodyne_VLP16.launch.xml
[10.582s] -- Up-to-date symlink: /home/robin/MCAV/mcav_autoware_sensor_kit_launch/install/common_sensor_launch/share/common_sensor_launch/launch/velodyne_VLS128.launch.xml
[10.582s] -- Up-to-date symlink: /home/robin/MCAV/mcav_autoware_sensor_kit_launch/install/common_sensor_launch/share/ament_index/resource_index/package_run_dependencies/common_sensor_launch
[10.582s] -- Up-to-date symlink: /home/robin/MCAV/mcav_autoware_sensor_kit_launch/install/common_sensor_launch/share/ament_index/resource_index/parent_prefix_path/common_sensor_launch
[10.582s] -- Up-to-date symlink: /home/robin/MCAV/mcav_autoware_sensor_kit_launch/install/common_sensor_launch/share/common_sensor_launch/environment/ament_prefix_path.sh
[10.583s] -- Up-to-date symlink: /home/robin/MCAV/mcav_autoware_sensor_kit_launch/install/common_sensor_launch/share/common_sensor_launch/environment/ament_prefix_path.dsv
[10.583s] -- Up-to-date symlink: /home/robin/MCAV/mcav_autoware_sensor_kit_launch/install/common_sensor_launch/share/common_sensor_launch/environment/path.sh
[10.583s] -- Up-to-date symlink: /home/robin/MCAV/mcav_autoware_sensor_kit_launch/install/common_sensor_launch/share/common_sensor_launch/environment/path.dsv
[10.583s] -- Up-to-date symlink: /home/robin/MCAV/mcav_autoware_sensor_kit_launch/install/common_sensor_launch/share/common_sensor_launch/local_setup.bash
[10.583s] -- Up-to-date symlink: /home/robin/MCAV/mcav_autoware_sensor_kit_launch/install/common_sensor_launch/share/common_sensor_launch/local_setup.sh
[10.583s] -- Up-to-date symlink: /home/robin/MCAV/mcav_autoware_sensor_kit_launch/install/common_sensor_launch/share/common_sensor_launch/local_setup.zsh
[10.583s] -- Up-to-date symlink: /home/robin/MCAV/mcav_autoware_sensor_kit_launch/install/common_sensor_launch/share/common_sensor_launch/local_setup.dsv
[10.583s] -- Symlinking: /home/robin/MCAV/mcav_autoware_sensor_kit_launch/install/common_sensor_launch/share/common_sensor_launch/package.dsv
[10.588s] -- Up-to-date symlink: /home/robin/MCAV/mcav_autoware_sensor_kit_launch/install/common_sensor_launch/share/ament_index/resource_index/packages/common_sensor_launch
[10.588s] -- Up-to-date symlink: /home/robin/MCAV/mcav_autoware_sensor_kit_launch/install/common_sensor_launch/share/common_sensor_launch/cmake/common_sensor_launchConfig.cmake
[10.589s] -- Up-to-date symlink: /home/robin/MCAV/mcav_autoware_sensor_kit_launch/install/common_sensor_launch/share/common_sensor_launch/cmake/common_sensor_launchConfig-version.cmake
[10.589s] -- Up-to-date symlink: /home/robin/MCAV/mcav_autoware_sensor_kit_launch/install/common_sensor_launch/share/common_sensor_launch/package.xml
[10.592s] Invoked command in '/home/robin/MCAV/mcav_autoware_sensor_kit_launch/build/common_sensor_launch' returned '0': CMAKE_PREFIX_PATH=/opt/ros/humble /usr/bin/cmake --install /home/robin/MCAV/mcav_autoware_sensor_kit_launch/build/common_sensor_launch
