[1.648s] DEBUG:colcon:Command line arguments: ['/usr/bin/colcon', 'build', '--symlink-install', '--cmake-args', '-DCMAKE_BUILD_TYPE=Release', '--packages-up-to', 'Twizy_sensor_kit_description', 'Twizy_sensor_kit_launch']
[1.648s] DEBUG:colcon:Parsed command line arguments: Namespace(log_base=None, log_level=None, verb_name='build', build_base='build', install_base='install', merge_install=False, symlink_install=True, test_result_base=None, continue_on_error=False, executor='parallel', parallel_workers=20, event_handlers=None, ignore_user_meta=False, metas=['./colcon.meta'], base_paths=['.'], packages_ignore=None, packages_ignore_regex=None, paths=None, packages_up_to=['Twizy_sensor_kit_description', 'Twizy_sensor_kit_launch'], packages_up_to_regex=None, packages_above=None, packages_above_and_dependencies=None, packages_above_depth=None, packages_select_by_dep=None, packages_skip_by_dep=None, packages_skip_up_to=None, packages_select_build_failed=False, packages_skip_build_finished=False, packages_select_test_failures=False, packages_skip_test_passed=False, packages_select=None, packages_skip=None, packages_select_regex=None, packages_skip_regex=None, packages_start=None, packages_end=None, allow_overriding=[], cmake_args=['-DCMAKE_BUILD_TYPE=Release'], cmake_target=None, cmake_target_skip_unavailable=False, cmake_clean_cache=False, cmake_clean_first=False, cmake_force_configure=False, ament_cmake_args=None, catkin_cmake_args=None, catkin_skip_building_tests=False, verb_parser=<colcon_defaults.argument_parser.defaults.DefaultArgumentsDecorator object at 0x7f6658a6f520>, verb_extension=<colcon_core.verb.build.BuildVerb object at 0x7f66594709d0>, main=<bound method BuildVerb.main of <colcon_core.verb.build.BuildVerb object at 0x7f66594709d0>>)
[1.701s] Level 1:colcon.colcon_core.package_discovery:discover_packages(colcon_meta) check parameters
[1.701s] Level 1:colcon.colcon_core.package_discovery:discover_packages(recursive) check parameters
[1.701s] Level 1:colcon.colcon_core.package_discovery:discover_packages(ignore) check parameters
[1.701s] Level 1:colcon.colcon_core.package_discovery:discover_packages(path) check parameters
[1.701s] Level 1:colcon.colcon_core.package_discovery:discover_packages(colcon_meta) discover
[1.701s] Level 1:colcon.colcon_core.package_discovery:discover_packages(recursive) discover
[1.701s] INFO:colcon.colcon_core.package_discovery:Crawling recursively for packages in '/home/robin/MCAV/mcav_autoware_sensor_kit_launch'
[1.701s] Level 1:colcon.colcon_core.package_identification:_identify(.) by extensions ['ignore', 'ignore_ament_install']
[1.701s] Level 1:colcon.colcon_core.package_identification:_identify(.) by extension 'ignore'
[1.701s] Level 1:colcon.colcon_core.package_identification:_identify(.) by extension 'ignore_ament_install'
[1.701s] Level 1:colcon.colcon_core.package_identification:_identify(.) by extensions ['colcon_pkg']
[1.702s] Level 1:colcon.colcon_core.package_identification:_identify(.) by extension 'colcon_pkg'
[1.702s] Level 1:colcon.colcon_core.package_identification:_identify(.) by extensions ['colcon_meta']
[1.702s] Level 1:colcon.colcon_core.package_identification:_identify(.) by extension 'colcon_meta'
[1.702s] Level 1:colcon.colcon_core.package_identification:_identify(.) by extensions ['ros']
[1.702s] Level 1:colcon.colcon_core.package_identification:_identify(.) by extension 'ros'
[1.717s] Level 1:colcon.colcon_core.package_identification:_identify(.) by extensions ['cmake', 'python']
[1.717s] Level 1:colcon.colcon_core.package_identification:_identify(.) by extension 'cmake'
[1.717s] Level 1:colcon.colcon_core.package_identification:_identify(.) by extension 'python'
[1.717s] Level 1:colcon.colcon_core.package_identification:_identify(.) by extensions ['python_setup_py']
[1.717s] Level 1:colcon.colcon_core.package_identification:_identify(.) by extension 'python_setup_py'
[1.717s] Level 1:colcon.colcon_core.package_identification:_identify(Twizy_sensor_description) by extensions ['ignore', 'ignore_ament_install']
[1.717s] Level 1:colcon.colcon_core.package_identification:_identify(Twizy_sensor_description) by extension 'ignore'
[1.717s] Level 1:colcon.colcon_core.package_identification:_identify(Twizy_sensor_description) by extension 'ignore_ament_install'
[1.717s] Level 1:colcon.colcon_core.package_identification:_identify(Twizy_sensor_description) by extensions ['colcon_pkg']
[1.717s] Level 1:colcon.colcon_core.package_identification:_identify(Twizy_sensor_description) by extension 'colcon_pkg'
[1.718s] Level 1:colcon.colcon_core.package_identification:_identify(Twizy_sensor_description) by extensions ['colcon_meta']
[1.718s] Level 1:colcon.colcon_core.package_identification:_identify(Twizy_sensor_description) by extension 'colcon_meta'
[1.718s] Level 1:colcon.colcon_core.package_identification:_identify(Twizy_sensor_description) by extensions ['ros']
[1.718s] Level 1:colcon.colcon_core.package_identification:_identify(Twizy_sensor_description) by extension 'ros'
[1.722s] DEBUG:colcon.colcon_core.package_identification:Package 'Twizy_sensor_description' with type 'ros.ament_cmake' and name 'Twizy_sensor_kit_description'
[1.722s] Level 1:colcon.colcon_core.package_identification:_identify(Twizy_sensor_launch) by extensions ['ignore', 'ignore_ament_install']
[1.722s] Level 1:colcon.colcon_core.package_identification:_identify(Twizy_sensor_launch) by extension 'ignore'
[1.722s] Level 1:colcon.colcon_core.package_identification:_identify(Twizy_sensor_launch) by extension 'ignore_ament_install'
[1.722s] Level 1:colcon.colcon_core.package_identification:_identify(Twizy_sensor_launch) by extensions ['colcon_pkg']
[1.722s] Level 1:colcon.colcon_core.package_identification:_identify(Twizy_sensor_launch) by extension 'colcon_pkg'
[1.722s] Level 1:colcon.colcon_core.package_identification:_identify(Twizy_sensor_launch) by extensions ['colcon_meta']
[1.723s] Level 1:colcon.colcon_core.package_identification:_identify(Twizy_sensor_launch) by extension 'colcon_meta'
[1.723s] Level 1:colcon.colcon_core.package_identification:_identify(Twizy_sensor_launch) by extensions ['ros']
[1.723s] Level 1:colcon.colcon_core.package_identification:_identify(Twizy_sensor_launch) by extension 'ros'
[1.723s] DEBUG:colcon.colcon_core.package_identification:Package 'Twizy_sensor_launch' with type 'ros.ament_cmake' and name 'sample_sensor_kit_launch'
[1.723s] Level 1:colcon.colcon_core.package_identification:_identify(build) by extensions ['ignore', 'ignore_ament_install']
[1.723s] Level 1:colcon.colcon_core.package_identification:_identify(build) by extension 'ignore'
[1.723s] Level 1:colcon.colcon_core.package_identification:_identify(build) ignored
[1.723s] Level 1:colcon.colcon_core.package_identification:_identify(common_sensor_launch) by extensions ['ignore', 'ignore_ament_install']
[1.723s] Level 1:colcon.colcon_core.package_identification:_identify(common_sensor_launch) by extension 'ignore'
[1.724s] Level 1:colcon.colcon_core.package_identification:_identify(common_sensor_launch) by extension 'ignore_ament_install'
[1.724s] Level 1:colcon.colcon_core.package_identification:_identify(common_sensor_launch) by extensions ['colcon_pkg']
[1.724s] Level 1:colcon.colcon_core.package_identification:_identify(common_sensor_launch) by extension 'colcon_pkg'
[1.724s] Level 1:colcon.colcon_core.package_identification:_identify(common_sensor_launch) by extensions ['colcon_meta']
[1.724s] Level 1:colcon.colcon_core.package_identification:_identify(common_sensor_launch) by extension 'colcon_meta'
[1.724s] Level 1:colcon.colcon_core.package_identification:_identify(common_sensor_launch) by extensions ['ros']
[1.724s] Level 1:colcon.colcon_core.package_identification:_identify(common_sensor_launch) by extension 'ros'
[1.724s] DEBUG:colcon.colcon_core.package_identification:Package 'common_sensor_launch' with type 'ros.ament_cmake' and name 'common_sensor_launch'
[1.724s] Level 1:colcon.colcon_core.package_identification:_identify(install) by extensions ['ignore', 'ignore_ament_install']
[1.725s] Level 1:colcon.colcon_core.package_identification:_identify(install) by extension 'ignore'
[1.725s] Level 1:colcon.colcon_core.package_identification:_identify(install) ignored
[1.725s] Level 1:colcon.colcon_core.package_identification:_identify(log) by extensions ['ignore', 'ignore_ament_install']
[1.725s] Level 1:colcon.colcon_core.package_identification:_identify(log) by extension 'ignore'
[1.725s] Level 1:colcon.colcon_core.package_identification:_identify(log) ignored
[1.725s] Level 1:colcon.colcon_core.package_identification:_identify(sample_sensor_kit_description) by extensions ['ignore', 'ignore_ament_install']
[1.725s] Level 1:colcon.colcon_core.package_identification:_identify(sample_sensor_kit_description) by extension 'ignore'
[1.725s] Level 1:colcon.colcon_core.package_identification:_identify(sample_sensor_kit_description) by extension 'ignore_ament_install'
[1.725s] Level 1:colcon.colcon_core.package_identification:_identify(sample_sensor_kit_description) by extensions ['colcon_pkg']
[1.725s] Level 1:colcon.colcon_core.package_identification:_identify(sample_sensor_kit_description) by extension 'colcon_pkg'
[1.725s] Level 1:colcon.colcon_core.package_identification:_identify(sample_sensor_kit_description) by extensions ['colcon_meta']
[1.725s] Level 1:colcon.colcon_core.package_identification:_identify(sample_sensor_kit_description) by extension 'colcon_meta'
[1.725s] Level 1:colcon.colcon_core.package_identification:_identify(sample_sensor_kit_description) by extensions ['ros']
[1.725s] Level 1:colcon.colcon_core.package_identification:_identify(sample_sensor_kit_description) by extension 'ros'
[1.725s] DEBUG:colcon.colcon_core.package_identification:Package 'sample_sensor_kit_description' with type 'ros.ament_cmake' and name 'sample_sensor_kit_description'
[1.726s] Level 1:colcon.colcon_core.package_identification:_identify(sample_sensor_kit_launch) by extensions ['ignore', 'ignore_ament_install']
[1.726s] Level 1:colcon.colcon_core.package_identification:_identify(sample_sensor_kit_launch) by extension 'ignore'
[1.726s] Level 1:colcon.colcon_core.package_identification:_identify(sample_sensor_kit_launch) by extension 'ignore_ament_install'
[1.726s] Level 1:colcon.colcon_core.package_identification:_identify(sample_sensor_kit_launch) by extensions ['colcon_pkg']
[1.726s] Level 1:colcon.colcon_core.package_identification:_identify(sample_sensor_kit_launch) by extension 'colcon_pkg'
[1.726s] Level 1:colcon.colcon_core.package_identification:_identify(sample_sensor_kit_launch) by extensions ['colcon_meta']
[1.726s] Level 1:colcon.colcon_core.package_identification:_identify(sample_sensor_kit_launch) by extension 'colcon_meta'
[1.726s] Level 1:colcon.colcon_core.package_identification:_identify(sample_sensor_kit_launch) by extensions ['ros']
[1.726s] Level 1:colcon.colcon_core.package_identification:_identify(sample_sensor_kit_launch) by extension 'ros'
[1.726s] DEBUG:colcon.colcon_core.package_identification:Package 'sample_sensor_kit_launch' with type 'ros.ament_cmake' and name 'sample_sensor_kit_launch'
[1.726s] Level 1:colcon.colcon_core.package_identification:_identify(sensor_kit_description) by extensions ['ignore', 'ignore_ament_install']
[1.726s] Level 1:colcon.colcon_core.package_identification:_identify(sensor_kit_description) by extension 'ignore'
[1.726s] Level 1:colcon.colcon_core.package_identification:_identify(sensor_kit_description) by extension 'ignore_ament_install'
[1.727s] Level 1:colcon.colcon_core.package_identification:_identify(sensor_kit_description) by extensions ['colcon_pkg']
[1.727s] Level 1:colcon.colcon_core.package_identification:_identify(sensor_kit_description) by extension 'colcon_pkg'
[1.727s] Level 1:colcon.colcon_core.package_identification:_identify(sensor_kit_description) by extensions ['colcon_meta']
[1.727s] Level 1:colcon.colcon_core.package_identification:_identify(sensor_kit_description) by extension 'colcon_meta'
[1.727s] Level 1:colcon.colcon_core.package_identification:_identify(sensor_kit_description) by extensions ['ros']
[1.727s] Level 1:colcon.colcon_core.package_identification:_identify(sensor_kit_description) by extension 'ros'
[1.727s] Level 1:colcon.colcon_core.package_identification:_identify(sensor_kit_description) by extensions ['cmake', 'python']
[1.727s] Level 1:colcon.colcon_core.package_identification:_identify(sensor_kit_description) by extension 'cmake'
[1.727s] Level 1:colcon.colcon_core.package_identification:_identify(sensor_kit_description) by extension 'python'
[1.727s] Level 1:colcon.colcon_core.package_identification:_identify(sensor_kit_description) by extensions ['python_setup_py']
[1.727s] Level 1:colcon.colcon_core.package_identification:_identify(sensor_kit_description) by extension 'python_setup_py'
[1.727s] Level 1:colcon.colcon_core.package_identification:_identify(sensor_kit_description/AWSIM_sensor_description) by extensions ['ignore', 'ignore_ament_install']
[1.727s] Level 1:colcon.colcon_core.package_identification:_identify(sensor_kit_description/AWSIM_sensor_description) by extension 'ignore'
[1.727s] Level 1:colcon.colcon_core.package_identification:_identify(sensor_kit_description/AWSIM_sensor_description) by extension 'ignore_ament_install'
[1.727s] Level 1:colcon.colcon_core.package_identification:_identify(sensor_kit_description/AWSIM_sensor_description) by extensions ['colcon_pkg']
[1.727s] Level 1:colcon.colcon_core.package_identification:_identify(sensor_kit_description/AWSIM_sensor_description) by extension 'colcon_pkg'
[1.727s] Level 1:colcon.colcon_core.package_identification:_identify(sensor_kit_description/AWSIM_sensor_description) by extensions ['colcon_meta']
[1.727s] Level 1:colcon.colcon_core.package_identification:_identify(sensor_kit_description/AWSIM_sensor_description) by extension 'colcon_meta'
[1.727s] Level 1:colcon.colcon_core.package_identification:_identify(sensor_kit_description/AWSIM_sensor_description) by extensions ['ros']
[1.727s] Level 1:colcon.colcon_core.package_identification:_identify(sensor_kit_description/AWSIM_sensor_description) by extension 'ros'
[1.727s] Level 1:colcon.colcon_core.package_identification:_identify(sensor_kit_description/AWSIM_sensor_description) by extensions ['cmake', 'python']
[1.727s] Level 1:colcon.colcon_core.package_identification:_identify(sensor_kit_description/AWSIM_sensor_description) by extension 'cmake'
[1.727s] Level 1:colcon.colcon_core.package_identification:_identify(sensor_kit_description/AWSIM_sensor_description) by extension 'python'
[1.727s] Level 1:colcon.colcon_core.package_identification:_identify(sensor_kit_description/AWSIM_sensor_description) by extensions ['python_setup_py']
[1.727s] Level 1:colcon.colcon_core.package_identification:_identify(sensor_kit_description/AWSIM_sensor_description) by extension 'python_setup_py'
[1.727s] Level 1:colcon.colcon_core.package_identification:_identify(sensor_kit_description/AWSIM_sensor_description/AWSIM_sensor_description) by extensions ['ignore', 'ignore_ament_install']
[1.727s] Level 1:colcon.colcon_core.package_identification:_identify(sensor_kit_description/AWSIM_sensor_description/AWSIM_sensor_description) by extension 'ignore'
[1.727s] Level 1:colcon.colcon_core.package_identification:_identify(sensor_kit_description/AWSIM_sensor_description/AWSIM_sensor_description) by extension 'ignore_ament_install'
[1.727s] Level 1:colcon.colcon_core.package_identification:_identify(sensor_kit_description/AWSIM_sensor_description/AWSIM_sensor_description) by extensions ['colcon_pkg']
[1.727s] Level 1:colcon.colcon_core.package_identification:_identify(sensor_kit_description/AWSIM_sensor_description/AWSIM_sensor_description) by extension 'colcon_pkg'
[1.727s] Level 1:colcon.colcon_core.package_identification:_identify(sensor_kit_description/AWSIM_sensor_description/AWSIM_sensor_description) by extensions ['colcon_meta']
[1.728s] Level 1:colcon.colcon_core.package_identification:_identify(sensor_kit_description/AWSIM_sensor_description/AWSIM_sensor_description) by extension 'colcon_meta'
[1.728s] Level 1:colcon.colcon_core.package_identification:_identify(sensor_kit_description/AWSIM_sensor_description/AWSIM_sensor_description) by extensions ['ros']
[1.728s] Level 1:colcon.colcon_core.package_identification:_identify(sensor_kit_description/AWSIM_sensor_description/AWSIM_sensor_description) by extension 'ros'
[1.729s] DEBUG:colcon.colcon_core.package_identification:Package 'sensor_kit_description/AWSIM_sensor_description/AWSIM_sensor_description' with type 'ros.catkin' and name 'AWSIM_sensor_description'
[1.729s] Level 1:colcon.colcon_core.package_identification:_identify(sensor_kit_description/AWSIM_sensor_description/CARLA_sensor_description) by extensions ['ignore', 'ignore_ament_install']
[1.729s] Level 1:colcon.colcon_core.package_identification:_identify(sensor_kit_description/AWSIM_sensor_description/CARLA_sensor_description) by extension 'ignore'
[1.729s] Level 1:colcon.colcon_core.package_identification:_identify(sensor_kit_description/AWSIM_sensor_description/CARLA_sensor_description) by extension 'ignore_ament_install'
[1.729s] Level 1:colcon.colcon_core.package_identification:_identify(sensor_kit_description/AWSIM_sensor_description/CARLA_sensor_description) by extensions ['colcon_pkg']
[1.729s] Level 1:colcon.colcon_core.package_identification:_identify(sensor_kit_description/AWSIM_sensor_description/CARLA_sensor_description) by extension 'colcon_pkg'
[1.729s] Level 1:colcon.colcon_core.package_identification:_identify(sensor_kit_description/AWSIM_sensor_description/CARLA_sensor_description) by extensions ['colcon_meta']
[1.729s] Level 1:colcon.colcon_core.package_identification:_identify(sensor_kit_description/AWSIM_sensor_description/CARLA_sensor_description) by extension 'colcon_meta'
[1.729s] Level 1:colcon.colcon_core.package_identification:_identify(sensor_kit_description/AWSIM_sensor_description/CARLA_sensor_description) by extensions ['ros']
[1.729s] Level 1:colcon.colcon_core.package_identification:_identify(sensor_kit_description/AWSIM_sensor_description/CARLA_sensor_description) by extension 'ros'
[1.730s] DEBUG:colcon.colcon_core.package_identification:Package 'sensor_kit_description/AWSIM_sensor_description/CARLA_sensor_description' with type 'ros.catkin' and name 'CARLA_sensor_description'
[1.730s] Level 1:colcon.colcon_core.package_identification:_identify(sensor_kit_description/AWSIM_sensor_description/ENV200_sensor_description) by extensions ['ignore', 'ignore_ament_install']
[1.730s] Level 1:colcon.colcon_core.package_identification:_identify(sensor_kit_description/AWSIM_sensor_description/ENV200_sensor_description) by extension 'ignore'
[1.730s] Level 1:colcon.colcon_core.package_identification:_identify(sensor_kit_description/AWSIM_sensor_description/ENV200_sensor_description) by extension 'ignore_ament_install'
[1.730s] Level 1:colcon.colcon_core.package_identification:_identify(sensor_kit_description/AWSIM_sensor_description/ENV200_sensor_description) by extensions ['colcon_pkg']
[1.730s] Level 1:colcon.colcon_core.package_identification:_identify(sensor_kit_description/AWSIM_sensor_description/ENV200_sensor_description) by extension 'colcon_pkg'
[1.730s] Level 1:colcon.colcon_core.package_identification:_identify(sensor_kit_description/AWSIM_sensor_description/ENV200_sensor_description) by extensions ['colcon_meta']
[1.730s] Level 1:colcon.colcon_core.package_identification:_identify(sensor_kit_description/AWSIM_sensor_description/ENV200_sensor_description) by extension 'colcon_meta'
[1.730s] Level 1:colcon.colcon_core.package_identification:_identify(sensor_kit_description/AWSIM_sensor_description/ENV200_sensor_description) by extensions ['ros']
[1.731s] Level 1:colcon.colcon_core.package_identification:_identify(sensor_kit_description/AWSIM_sensor_description/ENV200_sensor_description) by extension 'ros'
[1.731s] DEBUG:colcon.colcon_core.package_identification:Package 'sensor_kit_description/AWSIM_sensor_description/ENV200_sensor_description' with type 'ros.catkin' and name 'ENV200_sensor_description'
[1.731s] Level 1:colcon.colcon_core.package_identification:_identify(sensor_kit_description/AWSIM_sensor_description/Twizy_sensor_description) by extensions ['ignore', 'ignore_ament_install']
[1.731s] Level 1:colcon.colcon_core.package_identification:_identify(sensor_kit_description/AWSIM_sensor_description/Twizy_sensor_description) by extension 'ignore'
[1.732s] Level 1:colcon.colcon_core.package_identification:_identify(sensor_kit_description/AWSIM_sensor_description/Twizy_sensor_description) by extension 'ignore_ament_install'
[1.732s] Level 1:colcon.colcon_core.package_identification:_identify(sensor_kit_description/AWSIM_sensor_description/Twizy_sensor_description) by extensions ['colcon_pkg']
[1.732s] Level 1:colcon.colcon_core.package_identification:_identify(sensor_kit_description/AWSIM_sensor_description/Twizy_sensor_description) by extension 'colcon_pkg'
[1.732s] Level 1:colcon.colcon_core.package_identification:_identify(sensor_kit_description/AWSIM_sensor_description/Twizy_sensor_description) by extensions ['colcon_meta']
[1.732s] Level 1:colcon.colcon_core.package_identification:_identify(sensor_kit_description/AWSIM_sensor_description/Twizy_sensor_description) by extension 'colcon_meta'
[1.732s] Level 1:colcon.colcon_core.package_identification:_identify(sensor_kit_description/AWSIM_sensor_description/Twizy_sensor_description) by extensions ['ros']
[1.732s] Level 1:colcon.colcon_core.package_identification:_identify(sensor_kit_description/AWSIM_sensor_description/Twizy_sensor_description) by extension 'ros'
[1.733s] DEBUG:colcon.colcon_core.package_identification:Package 'sensor_kit_description/AWSIM_sensor_description/Twizy_sensor_description' with type 'ros.catkin' and name 'Twizy_sensor_description'
[1.733s] Level 1:colcon.colcon_core.package_identification:_identify(sensor_kit_description/CARLA_sensor_description) by extensions ['ignore', 'ignore_ament_install']
[1.733s] Level 1:colcon.colcon_core.package_identification:_identify(sensor_kit_description/CARLA_sensor_description) by extension 'ignore'
[1.733s] Level 1:colcon.colcon_core.package_identification:_identify(sensor_kit_description/CARLA_sensor_description) by extension 'ignore_ament_install'
[1.733s] Level 1:colcon.colcon_core.package_identification:_identify(sensor_kit_description/CARLA_sensor_description) by extensions ['colcon_pkg']
[1.733s] Level 1:colcon.colcon_core.package_identification:_identify(sensor_kit_description/CARLA_sensor_description) by extension 'colcon_pkg'
[1.733s] Level 1:colcon.colcon_core.package_identification:_identify(sensor_kit_description/CARLA_sensor_description) by extensions ['colcon_meta']
[1.733s] Level 1:colcon.colcon_core.package_identification:_identify(sensor_kit_description/CARLA_sensor_description) by extension 'colcon_meta'
[1.733s] Level 1:colcon.colcon_core.package_identification:_identify(sensor_kit_description/CARLA_sensor_description) by extensions ['ros']
[1.733s] Level 1:colcon.colcon_core.package_identification:_identify(sensor_kit_description/CARLA_sensor_description) by extension 'ros'
[1.733s] Level 1:colcon.colcon_core.package_identification:_identify(sensor_kit_description/CARLA_sensor_description) by extensions ['cmake', 'python']
[1.733s] Level 1:colcon.colcon_core.package_identification:_identify(sensor_kit_description/CARLA_sensor_description) by extension 'cmake'
[1.733s] Level 1:colcon.colcon_core.package_identification:_identify(sensor_kit_description/CARLA_sensor_description) by extension 'python'
[1.733s] Level 1:colcon.colcon_core.package_identification:_identify(sensor_kit_description/CARLA_sensor_description) by extensions ['python_setup_py']
[1.733s] Level 1:colcon.colcon_core.package_identification:_identify(sensor_kit_description/CARLA_sensor_description) by extension 'python_setup_py'
[1.733s] Level 1:colcon.colcon_core.package_identification:_identify(sensor_kit_description/ENV200_sensor_description) by extensions ['ignore', 'ignore_ament_install']
[1.733s] Level 1:colcon.colcon_core.package_identification:_identify(sensor_kit_description/ENV200_sensor_description) by extension 'ignore'
[1.734s] Level 1:colcon.colcon_core.package_identification:_identify(sensor_kit_description/ENV200_sensor_description) by extension 'ignore_ament_install'
[1.734s] Level 1:colcon.colcon_core.package_identification:_identify(sensor_kit_description/ENV200_sensor_description) by extensions ['colcon_pkg']
[1.734s] Level 1:colcon.colcon_core.package_identification:_identify(sensor_kit_description/ENV200_sensor_description) by extension 'colcon_pkg'
[1.734s] Level 1:colcon.colcon_core.package_identification:_identify(sensor_kit_description/ENV200_sensor_description) by extensions ['colcon_meta']
[1.734s] Level 1:colcon.colcon_core.package_identification:_identify(sensor_kit_description/ENV200_sensor_description) by extension 'colcon_meta'
[1.734s] Level 1:colcon.colcon_core.package_identification:_identify(sensor_kit_description/ENV200_sensor_description) by extensions ['ros']
[1.734s] Level 1:colcon.colcon_core.package_identification:_identify(sensor_kit_description/ENV200_sensor_description) by extension 'ros'
[1.734s] Level 1:colcon.colcon_core.package_identification:_identify(sensor_kit_description/ENV200_sensor_description) by extensions ['cmake', 'python']
[1.734s] Level 1:colcon.colcon_core.package_identification:_identify(sensor_kit_description/ENV200_sensor_description) by extension 'cmake'
[1.734s] Level 1:colcon.colcon_core.package_identification:_identify(sensor_kit_description/ENV200_sensor_description) by extension 'python'
[1.734s] Level 1:colcon.colcon_core.package_identification:_identify(sensor_kit_description/ENV200_sensor_description) by extensions ['python_setup_py']
[1.734s] Level 1:colcon.colcon_core.package_identification:_identify(sensor_kit_description/ENV200_sensor_description) by extension 'python_setup_py'
[1.734s] Level 1:colcon.colcon_core.package_identification:_identify(sensor_kit_description/Twizy_sensor_description) by extensions ['ignore', 'ignore_ament_install']
[1.734s] Level 1:colcon.colcon_core.package_identification:_identify(sensor_kit_description/Twizy_sensor_description) by extension 'ignore'
[1.734s] Level 1:colcon.colcon_core.package_identification:_identify(sensor_kit_description/Twizy_sensor_description) by extension 'ignore_ament_install'
[1.734s] Level 1:colcon.colcon_core.package_identification:_identify(sensor_kit_description/Twizy_sensor_description) by extensions ['colcon_pkg']
[1.734s] Level 1:colcon.colcon_core.package_identification:_identify(sensor_kit_description/Twizy_sensor_description) by extension 'colcon_pkg'
[1.734s] Level 1:colcon.colcon_core.package_identification:_identify(sensor_kit_description/Twizy_sensor_description) by extensions ['colcon_meta']
[1.734s] Level 1:colcon.colcon_core.package_identification:_identify(sensor_kit_description/Twizy_sensor_description) by extension 'colcon_meta'
[1.734s] Level 1:colcon.colcon_core.package_identification:_identify(sensor_kit_description/Twizy_sensor_description) by extensions ['ros']
[1.734s] Level 1:colcon.colcon_core.package_identification:_identify(sensor_kit_description/Twizy_sensor_description) by extension 'ros'
[1.734s] Level 1:colcon.colcon_core.package_identification:_identify(sensor_kit_description/Twizy_sensor_description) by extensions ['cmake', 'python']
[1.734s] Level 1:colcon.colcon_core.package_identification:_identify(sensor_kit_description/Twizy_sensor_description) by extension 'cmake'
[1.734s] Level 1:colcon.colcon_core.package_identification:_identify(sensor_kit_description/Twizy_sensor_description) by extension 'python'
[1.734s] Level 1:colcon.colcon_core.package_identification:_identify(sensor_kit_description/Twizy_sensor_description) by extensions ['python_setup_py']
[1.734s] Level 1:colcon.colcon_core.package_identification:_identify(sensor_kit_description/Twizy_sensor_description) by extension 'python_setup_py'
[1.734s] Level 1:colcon.colcon_core.package_identification:_identify(sensor_kit_description/Twizy_sensor_description/config) by extensions ['ignore', 'ignore_ament_install']
[1.735s] Level 1:colcon.colcon_core.package_identification:_identify(sensor_kit_description/Twizy_sensor_description/config) by extension 'ignore'
[1.735s] Level 1:colcon.colcon_core.package_identification:_identify(sensor_kit_description/Twizy_sensor_description/config) by extension 'ignore_ament_install'
[1.735s] Level 1:colcon.colcon_core.package_identification:_identify(sensor_kit_description/Twizy_sensor_description/config) by extensions ['colcon_pkg']
[1.735s] Level 1:colcon.colcon_core.package_identification:_identify(sensor_kit_description/Twizy_sensor_description/config) by extension 'colcon_pkg'
[1.735s] Level 1:colcon.colcon_core.package_identification:_identify(sensor_kit_description/Twizy_sensor_description/config) by extensions ['colcon_meta']
[1.735s] Level 1:colcon.colcon_core.package_identification:_identify(sensor_kit_description/Twizy_sensor_description/config) by extension 'colcon_meta'
[1.735s] Level 1:colcon.colcon_core.package_identification:_identify(sensor_kit_description/Twizy_sensor_description/config) by extensions ['ros']
[1.735s] Level 1:colcon.colcon_core.package_identification:_identify(sensor_kit_description/Twizy_sensor_description/config) by extension 'ros'
[1.735s] Level 1:colcon.colcon_core.package_identification:_identify(sensor_kit_description/Twizy_sensor_description/config) by extensions ['cmake', 'python']
[1.735s] Level 1:colcon.colcon_core.package_identification:_identify(sensor_kit_description/Twizy_sensor_description/config) by extension 'cmake'
[1.735s] Level 1:colcon.colcon_core.package_identification:_identify(sensor_kit_description/Twizy_sensor_description/config) by extension 'python'
[1.735s] Level 1:colcon.colcon_core.package_identification:_identify(sensor_kit_description/Twizy_sensor_description/config) by extensions ['python_setup_py']
[1.735s] Level 1:colcon.colcon_core.package_identification:_identify(sensor_kit_description/Twizy_sensor_description/config) by extension 'python_setup_py'
[1.735s] Level 1:colcon.colcon_core.package_identification:_identify(sensor_kit_description/Twizy_sensor_description/urdf) by extensions ['ignore', 'ignore_ament_install']
[1.735s] Level 1:colcon.colcon_core.package_identification:_identify(sensor_kit_description/Twizy_sensor_description/urdf) by extension 'ignore'
[1.735s] Level 1:colcon.colcon_core.package_identification:_identify(sensor_kit_description/Twizy_sensor_description/urdf) by extension 'ignore_ament_install'
[1.735s] Level 1:colcon.colcon_core.package_identification:_identify(sensor_kit_description/Twizy_sensor_description/urdf) by extensions ['colcon_pkg']
[1.735s] Level 1:colcon.colcon_core.package_identification:_identify(sensor_kit_description/Twizy_sensor_description/urdf) by extension 'colcon_pkg'
[1.735s] Level 1:colcon.colcon_core.package_identification:_identify(sensor_kit_description/Twizy_sensor_description/urdf) by extensions ['colcon_meta']
[1.735s] Level 1:colcon.colcon_core.package_identification:_identify(sensor_kit_description/Twizy_sensor_description/urdf) by extension 'colcon_meta'
[1.735s] Level 1:colcon.colcon_core.package_identification:_identify(sensor_kit_description/Twizy_sensor_description/urdf) by extensions ['ros']
[1.735s] Level 1:colcon.colcon_core.package_identification:_identify(sensor_kit_description/Twizy_sensor_description/urdf) by extension 'ros'
[1.735s] Level 1:colcon.colcon_core.package_identification:_identify(sensor_kit_description/Twizy_sensor_description/urdf) by extensions ['cmake', 'python']
[1.735s] Level 1:colcon.colcon_core.package_identification:_identify(sensor_kit_description/Twizy_sensor_description/urdf) by extension 'cmake'
[1.735s] Level 1:colcon.colcon_core.package_identification:_identify(sensor_kit_description/Twizy_sensor_description/urdf) by extension 'python'
[1.735s] Level 1:colcon.colcon_core.package_identification:_identify(sensor_kit_description/Twizy_sensor_description/urdf) by extensions ['python_setup_py']
[1.735s] Level 1:colcon.colcon_core.package_identification:_identify(sensor_kit_description/Twizy_sensor_description/urdf) by extension 'python_setup_py'
[1.736s] Level 1:colcon.colcon_core.package_identification:_identify(sensor_kit_launch) by extensions ['ignore', 'ignore_ament_install']
[1.736s] Level 1:colcon.colcon_core.package_identification:_identify(sensor_kit_launch) by extension 'ignore'
[1.736s] Level 1:colcon.colcon_core.package_identification:_identify(sensor_kit_launch) by extension 'ignore_ament_install'
[1.736s] Level 1:colcon.colcon_core.package_identification:_identify(sensor_kit_launch) by extensions ['colcon_pkg']
[1.736s] Level 1:colcon.colcon_core.package_identification:_identify(sensor_kit_launch) by extension 'colcon_pkg'
[1.736s] Level 1:colcon.colcon_core.package_identification:_identify(sensor_kit_launch) by extensions ['colcon_meta']
[1.736s] Level 1:colcon.colcon_core.package_identification:_identify(sensor_kit_launch) by extension 'colcon_meta'
[1.736s] Level 1:colcon.colcon_core.package_identification:_identify(sensor_kit_launch) by extensions ['ros']
[1.736s] Level 1:colcon.colcon_core.package_identification:_identify(sensor_kit_launch) by extension 'ros'
[1.736s] Level 1:colcon.colcon_core.package_identification:_identify(sensor_kit_launch) by extensions ['cmake', 'python']
[1.736s] Level 1:colcon.colcon_core.package_identification:_identify(sensor_kit_launch) by extension 'cmake'
[1.736s] Level 1:colcon.colcon_core.package_identification:_identify(sensor_kit_launch) by extension 'python'
[1.736s] Level 1:colcon.colcon_core.package_identification:_identify(sensor_kit_launch) by extensions ['python_setup_py']
[1.736s] Level 1:colcon.colcon_core.package_identification:_identify(sensor_kit_launch) by extension 'python_setup_py'
[1.736s] Level 1:colcon.colcon_core.package_identification:_identify(sensor_kit_launch/AWSIM_sensor_launch) by extensions ['ignore', 'ignore_ament_install']
[1.736s] Level 1:colcon.colcon_core.package_identification:_identify(sensor_kit_launch/AWSIM_sensor_launch) by extension 'ignore'
[1.736s] Level 1:colcon.colcon_core.package_identification:_identify(sensor_kit_launch/AWSIM_sensor_launch) by extension 'ignore_ament_install'
[1.736s] Level 1:colcon.colcon_core.package_identification:_identify(sensor_kit_launch/AWSIM_sensor_launch) by extensions ['colcon_pkg']
[1.736s] Level 1:colcon.colcon_core.package_identification:_identify(sensor_kit_launch/AWSIM_sensor_launch) by extension 'colcon_pkg'
[1.736s] Level 1:colcon.colcon_core.package_identification:_identify(sensor_kit_launch/AWSIM_sensor_launch) by extensions ['colcon_meta']
[1.736s] Level 1:colcon.colcon_core.package_identification:_identify(sensor_kit_launch/AWSIM_sensor_launch) by extension 'colcon_meta'
[1.736s] Level 1:colcon.colcon_core.package_identification:_identify(sensor_kit_launch/AWSIM_sensor_launch) by extensions ['ros']
[1.736s] Level 1:colcon.colcon_core.package_identification:_identify(sensor_kit_launch/AWSIM_sensor_launch) by extension 'ros'
[1.737s] DEBUG:colcon.colcon_core.package_identification:Package 'sensor_kit_launch/AWSIM_sensor_launch' with type 'ros.catkin' and name 'AWSIM_sensor_launch'
[1.737s] Level 1:colcon.colcon_core.package_identification:_identify(sensor_kit_launch/CARLA_sensor_launch) by extensions ['ignore', 'ignore_ament_install']
[1.737s] Level 1:colcon.colcon_core.package_identification:_identify(sensor_kit_launch/CARLA_sensor_launch) by extension 'ignore'
[1.737s] Level 1:colcon.colcon_core.package_identification:_identify(sensor_kit_launch/CARLA_sensor_launch) by extension 'ignore_ament_install'
[1.738s] Level 1:colcon.colcon_core.package_identification:_identify(sensor_kit_launch/CARLA_sensor_launch) by extensions ['colcon_pkg']
[1.738s] Level 1:colcon.colcon_core.package_identification:_identify(sensor_kit_launch/CARLA_sensor_launch) by extension 'colcon_pkg'
[1.738s] Level 1:colcon.colcon_core.package_identification:_identify(sensor_kit_launch/CARLA_sensor_launch) by extensions ['colcon_meta']
[1.738s] Level 1:colcon.colcon_core.package_identification:_identify(sensor_kit_launch/CARLA_sensor_launch) by extension 'colcon_meta'
[1.738s] Level 1:colcon.colcon_core.package_identification:_identify(sensor_kit_launch/CARLA_sensor_launch) by extensions ['ros']
[1.738s] Level 1:colcon.colcon_core.package_identification:_identify(sensor_kit_launch/CARLA_sensor_launch) by extension 'ros'
[1.738s] DEBUG:colcon.colcon_core.package_identification:Package 'sensor_kit_launch/CARLA_sensor_launch' with type 'ros.catkin' and name 'CARLA_sensor_launch'
[1.739s] Level 1:colcon.colcon_core.package_identification:_identify(sensor_kit_launch/ENV200_sensor_launch) by extensions ['ignore', 'ignore_ament_install']
[1.739s] Level 1:colcon.colcon_core.package_identification:_identify(sensor_kit_launch/ENV200_sensor_launch) by extension 'ignore'
[1.739s] Level 1:colcon.colcon_core.package_identification:_identify(sensor_kit_launch/ENV200_sensor_launch) by extension 'ignore_ament_install'
[1.739s] Level 1:colcon.colcon_core.package_identification:_identify(sensor_kit_launch/ENV200_sensor_launch) by extensions ['colcon_pkg']
[1.739s] Level 1:colcon.colcon_core.package_identification:_identify(sensor_kit_launch/ENV200_sensor_launch) by extension 'colcon_pkg'
[1.739s] Level 1:colcon.colcon_core.package_identification:_identify(sensor_kit_launch/ENV200_sensor_launch) by extensions ['colcon_meta']
[1.739s] Level 1:colcon.colcon_core.package_identification:_identify(sensor_kit_launch/ENV200_sensor_launch) by extension 'colcon_meta'
[1.739s] Level 1:colcon.colcon_core.package_identification:_identify(sensor_kit_launch/ENV200_sensor_launch) by extensions ['ros']
[1.739s] Level 1:colcon.colcon_core.package_identification:_identify(sensor_kit_launch/ENV200_sensor_launch) by extension 'ros'
[1.740s] DEBUG:colcon.colcon_core.package_identification:Package 'sensor_kit_launch/ENV200_sensor_launch' with type 'ros.catkin' and name 'ENV200_sensor_launch'
[1.740s] Level 1:colcon.colcon_core.package_identification:_identify(sensor_kit_launch/Twizy_sensor_launch) by extensions ['ignore', 'ignore_ament_install']
[1.740s] Level 1:colcon.colcon_core.package_identification:_identify(sensor_kit_launch/Twizy_sensor_launch) by extension 'ignore'
[1.740s] Level 1:colcon.colcon_core.package_identification:_identify(sensor_kit_launch/Twizy_sensor_launch) by extension 'ignore_ament_install'
[1.740s] Level 1:colcon.colcon_core.package_identification:_identify(sensor_kit_launch/Twizy_sensor_launch) by extensions ['colcon_pkg']
[1.740s] Level 1:colcon.colcon_core.package_identification:_identify(sensor_kit_launch/Twizy_sensor_launch) by extension 'colcon_pkg'
[1.740s] Level 1:colcon.colcon_core.package_identification:_identify(sensor_kit_launch/Twizy_sensor_launch) by extensions ['colcon_meta']
[1.740s] Level 1:colcon.colcon_core.package_identification:_identify(sensor_kit_launch/Twizy_sensor_launch) by extension 'colcon_meta'
[1.740s] Level 1:colcon.colcon_core.package_identification:_identify(sensor_kit_launch/Twizy_sensor_launch) by extensions ['ros']
[1.740s] Level 1:colcon.colcon_core.package_identification:_identify(sensor_kit_launch/Twizy_sensor_launch) by extension 'ros'
[1.741s] DEBUG:colcon.colcon_core.package_identification:Package 'sensor_kit_launch/Twizy_sensor_launch' with type 'ros.catkin' and name 'Twizy_sensor_launch'
[1.741s] Level 1:colcon.colcon_core.package_identification:_identify(sensor_kit_launch/common_sensor_launch) by extensions ['ignore', 'ignore_ament_install']
[1.741s] Level 1:colcon.colcon_core.package_identification:_identify(sensor_kit_launch/common_sensor_launch) by extension 'ignore'
[1.741s] Level 1:colcon.colcon_core.package_identification:_identify(sensor_kit_launch/common_sensor_launch) by extension 'ignore_ament_install'
[1.741s] Level 1:colcon.colcon_core.package_identification:_identify(sensor_kit_launch/common_sensor_launch) by extensions ['colcon_pkg']
[1.741s] Level 1:colcon.colcon_core.package_identification:_identify(sensor_kit_launch/common_sensor_launch) by extension 'colcon_pkg'
[1.741s] Level 1:colcon.colcon_core.package_identification:_identify(sensor_kit_launch/common_sensor_launch) by extensions ['colcon_meta']
[1.741s] Level 1:colcon.colcon_core.package_identification:_identify(sensor_kit_launch/common_sensor_launch) by extension 'colcon_meta'
[1.741s] Level 1:colcon.colcon_core.package_identification:_identify(sensor_kit_launch/common_sensor_launch) by extensions ['ros']
[1.741s] Level 1:colcon.colcon_core.package_identification:_identify(sensor_kit_launch/common_sensor_launch) by extension 'ros'
[1.741s] DEBUG:colcon.colcon_core.package_identification:Package 'sensor_kit_launch/common_sensor_launch' with type 'ros.ament_cmake' and name 'common_sensor_launch'
[1.741s] Level 1:colcon.colcon_core.package_discovery:discover_packages(recursive) using defaults
[1.742s] Level 1:colcon.colcon_core.package_discovery:discover_packages(ignore) discover
[1.742s] Level 1:colcon.colcon_core.package_discovery:discover_packages(ignore) using defaults
[1.742s] Level 1:colcon.colcon_core.package_discovery:discover_packages(path) discover
[1.742s] Level 1:colcon.colcon_core.package_discovery:discover_packages(path) using defaults
