[0.114s] Invoking command in '/home/robin/MCAV/mcav_autoware_sensor_kit_launch/build/twizy_sensor_kit_launch': AMENT_PREFIX_PATH=/home/robin/MCAV/mcav_autoware_sensor_kit_launch/install/common_sensor_launch:${AMENT_PREFIX_PATH} CMAKE_PREFIX_PATH=/home/robin/MCAV/mcav_autoware_sensor_kit_launch/install/common_sensor_launch:/opt/ros/humble /usr/bin/cmake /home/robin/MCAV/mcav_autoware_sensor_kit_launch/twizy_sensor_launch -DCMAKE_BUILD_TYPE=Release -DAMENT_CMAKE_SYMLINK_INSTALL=1 -DCMAKE_INSTALL_PREFIX=/home/robin/MCAV/mcav_autoware_sensor_kit_launch/install/twizy_sensor_kit_launch
[0.388s] -- The C compiler identification is GNU 11.4.0
[2.327s] -- The CXX compiler identification is GNU 11.4.0
[3.534s] -- Detecting C compiler ABI info
[3.929s] -- Detecting C compiler ABI info - done
[3.936s] -- Check for working C compiler: /usr/bin/cc - skipped
[3.936s] -- Detecting C compile features
[3.937s] -- Detecting C compile features - done
[3.941s] -- Detecting CXX compiler ABI info
[4.314s] -- Detecting CXX compiler ABI info - done
[4.325s] -- Check for working CXX compiler: /usr/bin/c++ - skipped
[4.325s] -- Detecting CXX compile features
[4.326s] -- Detecting CXX compile features - done
[4.328s] -- Found ament_cmake_auto: 1.3.5 (/opt/ros/humble/share/ament_cmake_auto/cmake)
[4.515s] -- Found Python3: /usr/bin/python3.10 (found version "3.10.12") found components: Interpreter 
[4.566s] -- Override CMake install command with custom implementation using symlinks instead of copying resources
[4.636s] -- Found ament_lint_auto: 0.12.7 (/opt/ros/humble/share/ament_lint_auto/cmake)
[9.042s] -- Configuring done
[9.047s] -- Generating done
[9.048s] -- Build files have been written to: /home/robin/MCAV/mcav_autoware_sensor_kit_launch/build/twizy_sensor_kit_launch
[9.053s] Invoked command in '/home/robin/MCAV/mcav_autoware_sensor_kit_launch/build/twizy_sensor_kit_launch' returned '0': AMENT_PREFIX_PATH=/home/robin/MCAV/mcav_autoware_sensor_kit_launch/install/common_sensor_launch:${AMENT_PREFIX_PATH} CMAKE_PREFIX_PATH=/home/robin/MCAV/mcav_autoware_sensor_kit_launch/install/common_sensor_launch:/opt/ros/humble /usr/bin/cmake /home/robin/MCAV/mcav_autoware_sensor_kit_launch/twizy_sensor_launch -DCMAKE_BUILD_TYPE=Release -DAMENT_CMAKE_SYMLINK_INSTALL=1 -DCMAKE_INSTALL_PREFIX=/home/robin/MCAV/mcav_autoware_sensor_kit_launch/install/twizy_sensor_kit_launch
[9.056s] Invoking command in '/home/robin/MCAV/mcav_autoware_sensor_kit_launch/build/twizy_sensor_kit_launch': AMENT_PREFIX_PATH=/home/robin/MCAV/mcav_autoware_sensor_kit_launch/install/common_sensor_launch:${AMENT_PREFIX_PATH} CMAKE_PREFIX_PATH=/home/robin/MCAV/mcav_autoware_sensor_kit_launch/install/common_sensor_launch:/opt/ros/humble /usr/bin/cmake --build /home/robin/MCAV/mcav_autoware_sensor_kit_launch/build/twizy_sensor_kit_launch -- -j20 -l20
[9.084s] Invoked command in '/home/robin/MCAV/mcav_autoware_sensor_kit_launch/build/twizy_sensor_kit_launch' returned '0': AMENT_PREFIX_PATH=/home/robin/MCAV/mcav_autoware_sensor_kit_launch/install/common_sensor_launch:${AMENT_PREFIX_PATH} CMAKE_PREFIX_PATH=/home/robin/MCAV/mcav_autoware_sensor_kit_launch/install/common_sensor_launch:/opt/ros/humble /usr/bin/cmake --build /home/robin/MCAV/mcav_autoware_sensor_kit_launch/build/twizy_sensor_kit_launch -- -j20 -l20
[9.100s] Invoking command in '/home/robin/MCAV/mcav_autoware_sensor_kit_launch/build/twizy_sensor_kit_launch': AMENT_PREFIX_PATH=/home/robin/MCAV/mcav_autoware_sensor_kit_launch/install/common_sensor_launch:${AMENT_PREFIX_PATH} CMAKE_PREFIX_PATH=/home/robin/MCAV/mcav_autoware_sensor_kit_launch/install/common_sensor_launch:/opt/ros/humble /usr/bin/cmake --install /home/robin/MCAV/mcav_autoware_sensor_kit_launch/build/twizy_sensor_kit_launch
[9.104s] -- Install configuration: "Release"
[9.104s] -- Execute custom install script
[9.105s] -- Symlinking: /home/robin/MCAV/mcav_autoware_sensor_kit_launch/install/twizy_sensor_kit_launch/share/twizy_sensor_kit_launch/launch/camera.launch.xml
[9.110s] -- Symlinking: /home/robin/MCAV/mcav_autoware_sensor_kit_launch/install/twizy_sensor_kit_launch/share/twizy_sensor_kit_launch/launch/gnss.launch.xml
[9.116s] -- Symlinking: /home/robin/MCAV/mcav_autoware_sensor_kit_launch/install/twizy_sensor_kit_launch/share/twizy_sensor_kit_launch/launch/imu.launch.xml
[9.122s] -- Symlinking: /home/robin/MCAV/mcav_autoware_sensor_kit_launch/install/twizy_sensor_kit_launch/share/twizy_sensor_kit_launch/launch/lidar.launch.xml
[9.127s] -- Symlinking: /home/robin/MCAV/mcav_autoware_sensor_kit_launch/install/twizy_sensor_kit_launch/share/twizy_sensor_kit_launch/launch/pointcloud_preprocessor.launch.py
[9.132s] -- Symlinking: /home/robin/MCAV/mcav_autoware_sensor_kit_launch/install/twizy_sensor_kit_launch/share/twizy_sensor_kit_launch/launch/sensing.launch.xml
[9.137s] -- Symlinking: /home/robin/MCAV/mcav_autoware_sensor_kit_launch/install/twizy_sensor_kit_launch/share/twizy_sensor_kit_launch/data/traffic_light_camera.yaml
[9.142s] -- Symlinking: /home/robin/MCAV/mcav_autoware_sensor_kit_launch/install/twizy_sensor_kit_launch/share/twizy_sensor_kit_launch/config/diagnostic_aggregator/sensor_kit.param.yaml
[9.146s] -- Symlinking: /home/robin/MCAV/mcav_autoware_sensor_kit_launch/install/twizy_sensor_kit_launch/share/twizy_sensor_kit_launch/config/dummy_diag_publisher/sensor_kit.param.yaml
[9.152s] -- Symlinking: /home/robin/MCAV/mcav_autoware_sensor_kit_launch/install/twizy_sensor_kit_launch/share/ament_index/resource_index/package_run_dependencies/twizy_sensor_kit_launch
[9.157s] -- Symlinking: /home/robin/MCAV/mcav_autoware_sensor_kit_launch/install/twizy_sensor_kit_launch/share/ament_index/resource_index/parent_prefix_path/twizy_sensor_kit_launch
[9.163s] -- Symlinking: /home/robin/MCAV/mcav_autoware_sensor_kit_launch/install/twizy_sensor_kit_launch/share/twizy_sensor_kit_launch/environment/ament_prefix_path.sh
[9.169s] -- Symlinking: /home/robin/MCAV/mcav_autoware_sensor_kit_launch/install/twizy_sensor_kit_launch/share/twizy_sensor_kit_launch/environment/ament_prefix_path.dsv
[9.176s] -- Symlinking: /home/robin/MCAV/mcav_autoware_sensor_kit_launch/install/twizy_sensor_kit_launch/share/twizy_sensor_kit_launch/environment/path.sh
[9.183s] -- Symlinking: /home/robin/MCAV/mcav_autoware_sensor_kit_launch/install/twizy_sensor_kit_launch/share/twizy_sensor_kit_launch/environment/path.dsv
[9.188s] -- Symlinking: /home/robin/MCAV/mcav_autoware_sensor_kit_launch/install/twizy_sensor_kit_launch/share/twizy_sensor_kit_launch/local_setup.bash
[9.193s] -- Symlinking: /home/robin/MCAV/mcav_autoware_sensor_kit_launch/install/twizy_sensor_kit_launch/share/twizy_sensor_kit_launch/local_setup.sh
[9.198s] -- Symlinking: /home/robin/MCAV/mcav_autoware_sensor_kit_launch/install/twizy_sensor_kit_launch/share/twizy_sensor_kit_launch/local_setup.zsh
[9.204s] -- Symlinking: /home/robin/MCAV/mcav_autoware_sensor_kit_launch/install/twizy_sensor_kit_launch/share/twizy_sensor_kit_launch/local_setup.dsv
[9.209s] -- Symlinking: /home/robin/MCAV/mcav_autoware_sensor_kit_launch/install/twizy_sensor_kit_launch/share/twizy_sensor_kit_launch/package.dsv
[9.214s] -- Symlinking: /home/robin/MCAV/mcav_autoware_sensor_kit_launch/install/twizy_sensor_kit_launch/share/ament_index/resource_index/packages/twizy_sensor_kit_launch
[9.220s] -- Symlinking: /home/robin/MCAV/mcav_autoware_sensor_kit_launch/install/twizy_sensor_kit_launch/share/twizy_sensor_kit_launch/cmake/twizy_sensor_kit_launchConfig.cmake
[9.225s] -- Symlinking: /home/robin/MCAV/mcav_autoware_sensor_kit_launch/install/twizy_sensor_kit_launch/share/twizy_sensor_kit_launch/cmake/twizy_sensor_kit_launchConfig-version.cmake
[9.231s] -- Symlinking: /home/robin/MCAV/mcav_autoware_sensor_kit_launch/install/twizy_sensor_kit_launch/share/twizy_sensor_kit_launch/package.xml
[9.239s] Invoked command in '/home/robin/MCAV/mcav_autoware_sensor_kit_launch/build/twizy_sensor_kit_launch' returned '0': AMENT_PREFIX_PATH=/home/robin/MCAV/mcav_autoware_sensor_kit_launch/install/common_sensor_launch:${AMENT_PREFIX_PATH} CMAKE_PREFIX_PATH=/home/robin/MCAV/mcav_autoware_sensor_kit_launch/install/common_sensor_launch:/opt/ros/humble /usr/bin/cmake --install /home/robin/MCAV/mcav_autoware_sensor_kit_launch/build/twizy_sensor_kit_launch
