[0.892s] DEBUG:colcon:Command line arguments: ['/usr/bin/colcon', 'build', '--symlink-install', '--cmake-args', '-DCMAKE_BUILD_TYPE=Release', '--packages-up-to', 'twizy_sensor_kit_description', 'twizy_sensor_kit_launch']
[0.892s] DEBUG:colcon:Parsed command line arguments: Namespace(log_base=None, log_level=None, verb_name='build', build_base='build', install_base='install', merge_install=False, symlink_install=True, test_result_base=None, continue_on_error=False, executor='parallel', parallel_workers=20, event_handlers=None, ignore_user_meta=False, metas=['./colcon.meta'], base_paths=['.'], packages_ignore=None, packages_ignore_regex=None, paths=None, packages_up_to=['twizy_sensor_kit_description', 'twizy_sensor_kit_launch'], packages_up_to_regex=None, packages_above=None, packages_above_and_dependencies=None, packages_above_depth=None, packages_select_by_dep=None, packages_skip_by_dep=None, packages_skip_up_to=None, packages_select_build_failed=False, packages_skip_build_finished=False, packages_select_test_failures=False, packages_skip_test_passed=False, packages_select=None, packages_skip=None, packages_select_regex=None, packages_skip_regex=None, packages_start=None, packages_end=None, allow_overriding=[], cmake_args=['-DCMAKE_BUILD_TYPE=Release'], cmake_target=None, cmake_target_skip_unavailable=False, cmake_clean_cache=False, cmake_clean_first=False, cmake_force_configure=False, ament_cmake_args=None, catkin_cmake_args=None, catkin_skip_building_tests=False, verb_parser=<colcon_defaults.argument_parser.defaults.DefaultArgumentsDecorator object at 0x7fe2b9f47280>, verb_extension=<colcon_core.verb.build.BuildVerb object at 0x7fe2ba9489d0>, main=<bound method BuildVerb.main of <colcon_core.verb.build.BuildVerb object at 0x7fe2ba9489d0>>)
[0.947s] Level 1:colcon.colcon_core.package_discovery:discover_packages(colcon_meta) check parameters
[0.947s] Level 1:colcon.colcon_core.package_discovery:discover_packages(recursive) check parameters
[0.947s] Level 1:colcon.colcon_core.package_discovery:discover_packages(ignore) check parameters
[0.947s] Level 1:colcon.colcon_core.package_discovery:discover_packages(path) check parameters
[0.948s] Level 1:colcon.colcon_core.package_discovery:discover_packages(colcon_meta) discover
[0.948s] Level 1:colcon.colcon_core.package_discovery:discover_packages(recursive) discover
[0.948s] INFO:colcon.colcon_core.package_discovery:Crawling recursively for packages in '/home/robin/MCAV/mcav_autoware_sensor_kit_launch'
[0.948s] Level 1:colcon.colcon_core.package_identification:_identify(.) by extensions ['ignore', 'ignore_ament_install']
[0.948s] Level 1:colcon.colcon_core.package_identification:_identify(.) by extension 'ignore'
[0.948s] Level 1:colcon.colcon_core.package_identification:_identify(.) by extension 'ignore_ament_install'
[0.948s] Level 1:colcon.colcon_core.package_identification:_identify(.) by extensions ['colcon_pkg']
[0.948s] Level 1:colcon.colcon_core.package_identification:_identify(.) by extension 'colcon_pkg'
[0.948s] Level 1:colcon.colcon_core.package_identification:_identify(.) by extensions ['colcon_meta']
[0.948s] Level 1:colcon.colcon_core.package_identification:_identify(.) by extension 'colcon_meta'
[0.948s] Level 1:colcon.colcon_core.package_identification:_identify(.) by extensions ['ros']
[0.948s] Level 1:colcon.colcon_core.package_identification:_identify(.) by extension 'ros'
[0.985s] Level 1:colcon.colcon_core.package_identification:_identify(.) by extensions ['cmake', 'python']
[0.986s] Level 1:colcon.colcon_core.package_identification:_identify(.) by extension 'cmake'
[0.986s] Level 1:colcon.colcon_core.package_identification:_identify(.) by extension 'python'
[0.986s] Level 1:colcon.colcon_core.package_identification:_identify(.) by extensions ['python_setup_py']
[0.986s] Level 1:colcon.colcon_core.package_identification:_identify(.) by extension 'python_setup_py'
[0.986s] Level 1:colcon.colcon_core.package_identification:_identify(build) by extensions ['ignore', 'ignore_ament_install']
[0.986s] Level 1:colcon.colcon_core.package_identification:_identify(build) by extension 'ignore'
[0.986s] Level 1:colcon.colcon_core.package_identification:_identify(build) ignored
[0.987s] Level 1:colcon.colcon_core.package_identification:_identify(common_sensor_launch) by extensions ['ignore', 'ignore_ament_install']
[0.987s] Level 1:colcon.colcon_core.package_identification:_identify(common_sensor_launch) by extension 'ignore'
[0.987s] Level 1:colcon.colcon_core.package_identification:_identify(common_sensor_launch) by extension 'ignore_ament_install'
[0.987s] Level 1:colcon.colcon_core.package_identification:_identify(common_sensor_launch) by extensions ['colcon_pkg']
[0.987s] Level 1:colcon.colcon_core.package_identification:_identify(common_sensor_launch) by extension 'colcon_pkg'
[0.987s] Level 1:colcon.colcon_core.package_identification:_identify(common_sensor_launch) by extensions ['colcon_meta']
[0.987s] Level 1:colcon.colcon_core.package_identification:_identify(common_sensor_launch) by extension 'colcon_meta'
[0.987s] Level 1:colcon.colcon_core.package_identification:_identify(common_sensor_launch) by extensions ['ros']
[0.987s] Level 1:colcon.colcon_core.package_identification:_identify(common_sensor_launch) by extension 'ros'
[0.995s] DEBUG:colcon.colcon_core.package_identification:Package 'common_sensor_launch' with type 'ros.ament_cmake' and name 'common_sensor_launch'
[0.996s] Level 1:colcon.colcon_core.package_identification:_identify(install) by extensions ['ignore', 'ignore_ament_install']
[0.996s] Level 1:colcon.colcon_core.package_identification:_identify(install) by extension 'ignore'
[0.996s] Level 1:colcon.colcon_core.package_identification:_identify(install) ignored
[0.996s] Level 1:colcon.colcon_core.package_identification:_identify(log) by extensions ['ignore', 'ignore_ament_install']
[0.996s] Level 1:colcon.colcon_core.package_identification:_identify(log) by extension 'ignore'
[0.996s] Level 1:colcon.colcon_core.package_identification:_identify(log) ignored
[0.996s] Level 1:colcon.colcon_core.package_identification:_identify(sample_sensor_kit_description) by extensions ['ignore', 'ignore_ament_install']
[0.996s] Level 1:colcon.colcon_core.package_identification:_identify(sample_sensor_kit_description) by extension 'ignore'
[0.997s] Level 1:colcon.colcon_core.package_identification:_identify(sample_sensor_kit_description) by extension 'ignore_ament_install'
[0.997s] Level 1:colcon.colcon_core.package_identification:_identify(sample_sensor_kit_description) by extensions ['colcon_pkg']
[0.997s] Level 1:colcon.colcon_core.package_identification:_identify(sample_sensor_kit_description) by extension 'colcon_pkg'
[0.997s] Level 1:colcon.colcon_core.package_identification:_identify(sample_sensor_kit_description) by extensions ['colcon_meta']
[0.997s] Level 1:colcon.colcon_core.package_identification:_identify(sample_sensor_kit_description) by extension 'colcon_meta'
[0.997s] Level 1:colcon.colcon_core.package_identification:_identify(sample_sensor_kit_description) by extensions ['ros']
[0.997s] Level 1:colcon.colcon_core.package_identification:_identify(sample_sensor_kit_description) by extension 'ros'
[0.998s] DEBUG:colcon.colcon_core.package_identification:Package 'sample_sensor_kit_description' with type 'ros.ament_cmake' and name 'sample_sensor_kit_description'
[0.998s] Level 1:colcon.colcon_core.package_identification:_identify(sample_sensor_kit_launch) by extensions ['ignore', 'ignore_ament_install']
[0.998s] Level 1:colcon.colcon_core.package_identification:_identify(sample_sensor_kit_launch) by extension 'ignore'
[0.999s] Level 1:colcon.colcon_core.package_identification:_identify(sample_sensor_kit_launch) by extension 'ignore_ament_install'
[0.999s] Level 1:colcon.colcon_core.package_identification:_identify(sample_sensor_kit_launch) by extensions ['colcon_pkg']
[0.999s] Level 1:colcon.colcon_core.package_identification:_identify(sample_sensor_kit_launch) by extension 'colcon_pkg'
[0.999s] Level 1:colcon.colcon_core.package_identification:_identify(sample_sensor_kit_launch) by extensions ['colcon_meta']
[0.999s] Level 1:colcon.colcon_core.package_identification:_identify(sample_sensor_kit_launch) by extension 'colcon_meta'
[0.999s] Level 1:colcon.colcon_core.package_identification:_identify(sample_sensor_kit_launch) by extensions ['ros']
[0.999s] Level 1:colcon.colcon_core.package_identification:_identify(sample_sensor_kit_launch) by extension 'ros'
[1.000s] DEBUG:colcon.colcon_core.package_identification:Package 'sample_sensor_kit_launch' with type 'ros.ament_cmake' and name 'sample_sensor_kit_launch'
[1.000s] Level 1:colcon.colcon_core.package_identification:_identify(sensor_kit_description) by extensions ['ignore', 'ignore_ament_install']
[1.000s] Level 1:colcon.colcon_core.package_identification:_identify(sensor_kit_description) by extension 'ignore'
[1.000s] Level 1:colcon.colcon_core.package_identification:_identify(sensor_kit_description) by extension 'ignore_ament_install'
[1.000s] Level 1:colcon.colcon_core.package_identification:_identify(sensor_kit_description) by extensions ['colcon_pkg']
[1.001s] Level 1:colcon.colcon_core.package_identification:_identify(sensor_kit_description) by extension 'colcon_pkg'
[1.001s] Level 1:colcon.colcon_core.package_identification:_identify(sensor_kit_description) by extensions ['colcon_meta']
[1.001s] Level 1:colcon.colcon_core.package_identification:_identify(sensor_kit_description) by extension 'colcon_meta'
[1.001s] Level 1:colcon.colcon_core.package_identification:_identify(sensor_kit_description) by extensions ['ros']
[1.001s] Level 1:colcon.colcon_core.package_identification:_identify(sensor_kit_description) by extension 'ros'
[1.001s] Level 1:colcon.colcon_core.package_identification:_identify(sensor_kit_description) by extensions ['cmake', 'python']
[1.001s] Level 1:colcon.colcon_core.package_identification:_identify(sensor_kit_description) by extension 'cmake'
[1.001s] Level 1:colcon.colcon_core.package_identification:_identify(sensor_kit_description) by extension 'python'
[1.001s] Level 1:colcon.colcon_core.package_identification:_identify(sensor_kit_description) by extensions ['python_setup_py']
[1.001s] Level 1:colcon.colcon_core.package_identification:_identify(sensor_kit_description) by extension 'python_setup_py'
[1.001s] Level 1:colcon.colcon_core.package_identification:_identify(sensor_kit_description/AWSIM_sensor_description) by extensions ['ignore', 'ignore_ament_install']
[1.001s] Level 1:colcon.colcon_core.package_identification:_identify(sensor_kit_description/AWSIM_sensor_description) by extension 'ignore'
[1.001s] Level 1:colcon.colcon_core.package_identification:_identify(sensor_kit_description/AWSIM_sensor_description) by extension 'ignore_ament_install'
[1.001s] Level 1:colcon.colcon_core.package_identification:_identify(sensor_kit_description/AWSIM_sensor_description) by extensions ['colcon_pkg']
[1.001s] Level 1:colcon.colcon_core.package_identification:_identify(sensor_kit_description/AWSIM_sensor_description) by extension 'colcon_pkg'
[1.001s] Level 1:colcon.colcon_core.package_identification:_identify(sensor_kit_description/AWSIM_sensor_description) by extensions ['colcon_meta']
[1.001s] Level 1:colcon.colcon_core.package_identification:_identify(sensor_kit_description/AWSIM_sensor_description) by extension 'colcon_meta'
[1.001s] Level 1:colcon.colcon_core.package_identification:_identify(sensor_kit_description/AWSIM_sensor_description) by extensions ['ros']
[1.001s] Level 1:colcon.colcon_core.package_identification:_identify(sensor_kit_description/AWSIM_sensor_description) by extension 'ros'
[1.001s] Level 1:colcon.colcon_core.package_identification:_identify(sensor_kit_description/AWSIM_sensor_description) by extensions ['cmake', 'python']
[1.001s] Level 1:colcon.colcon_core.package_identification:_identify(sensor_kit_description/AWSIM_sensor_description) by extension 'cmake'
[1.002s] Level 1:colcon.colcon_core.package_identification:_identify(sensor_kit_description/AWSIM_sensor_description) by extension 'python'
[1.002s] Level 1:colcon.colcon_core.package_identification:_identify(sensor_kit_description/AWSIM_sensor_description) by extensions ['python_setup_py']
[1.002s] Level 1:colcon.colcon_core.package_identification:_identify(sensor_kit_description/AWSIM_sensor_description) by extension 'python_setup_py'
[1.002s] Level 1:colcon.colcon_core.package_identification:_identify(sensor_kit_description/AWSIM_sensor_description/AWSIM_sensor_description) by extensions ['ignore', 'ignore_ament_install']
[1.002s] Level 1:colcon.colcon_core.package_identification:_identify(sensor_kit_description/AWSIM_sensor_description/AWSIM_sensor_description) by extension 'ignore'
[1.002s] Level 1:colcon.colcon_core.package_identification:_identify(sensor_kit_description/AWSIM_sensor_description/AWSIM_sensor_description) by extension 'ignore_ament_install'
[1.002s] Level 1:colcon.colcon_core.package_identification:_identify(sensor_kit_description/AWSIM_sensor_description/AWSIM_sensor_description) by extensions ['colcon_pkg']
[1.002s] Level 1:colcon.colcon_core.package_identification:_identify(sensor_kit_description/AWSIM_sensor_description/AWSIM_sensor_description) by extension 'colcon_pkg'
[1.002s] Level 1:colcon.colcon_core.package_identification:_identify(sensor_kit_description/AWSIM_sensor_description/AWSIM_sensor_description) by extensions ['colcon_meta']
[1.002s] Level 1:colcon.colcon_core.package_identification:_identify(sensor_kit_description/AWSIM_sensor_description/AWSIM_sensor_description) by extension 'colcon_meta'
[1.002s] Level 1:colcon.colcon_core.package_identification:_identify(sensor_kit_description/AWSIM_sensor_description/AWSIM_sensor_description) by extensions ['ros']
[1.002s] Level 1:colcon.colcon_core.package_identification:_identify(sensor_kit_description/AWSIM_sensor_description/AWSIM_sensor_description) by extension 'ros'
[1.003s] DEBUG:colcon.colcon_core.package_identification:Package 'sensor_kit_description/AWSIM_sensor_description/AWSIM_sensor_description' with type 'ros.catkin' and name 'AWSIM_sensor_description'
[1.003s] Level 1:colcon.colcon_core.package_identification:_identify(sensor_kit_description/AWSIM_sensor_description/CARLA_sensor_description) by extensions ['ignore', 'ignore_ament_install']
[1.003s] Level 1:colcon.colcon_core.package_identification:_identify(sensor_kit_description/AWSIM_sensor_description/CARLA_sensor_description) by extension 'ignore'
[1.003s] Level 1:colcon.colcon_core.package_identification:_identify(sensor_kit_description/AWSIM_sensor_description/CARLA_sensor_description) by extension 'ignore_ament_install'
[1.003s] Level 1:colcon.colcon_core.package_identification:_identify(sensor_kit_description/AWSIM_sensor_description/CARLA_sensor_description) by extensions ['colcon_pkg']
[1.003s] Level 1:colcon.colcon_core.package_identification:_identify(sensor_kit_description/AWSIM_sensor_description/CARLA_sensor_description) by extension 'colcon_pkg'
[1.003s] Level 1:colcon.colcon_core.package_identification:_identify(sensor_kit_description/AWSIM_sensor_description/CARLA_sensor_description) by extensions ['colcon_meta']
[1.003s] Level 1:colcon.colcon_core.package_identification:_identify(sensor_kit_description/AWSIM_sensor_description/CARLA_sensor_description) by extension 'colcon_meta'
[1.003s] Level 1:colcon.colcon_core.package_identification:_identify(sensor_kit_description/AWSIM_sensor_description/CARLA_sensor_description) by extensions ['ros']
[1.003s] Level 1:colcon.colcon_core.package_identification:_identify(sensor_kit_description/AWSIM_sensor_description/CARLA_sensor_description) by extension 'ros'
[1.004s] DEBUG:colcon.colcon_core.package_identification:Package 'sensor_kit_description/AWSIM_sensor_description/CARLA_sensor_description' with type 'ros.catkin' and name 'CARLA_sensor_description'
[1.004s] Level 1:colcon.colcon_core.package_identification:_identify(sensor_kit_description/AWSIM_sensor_description/ENV200_sensor_description) by extensions ['ignore', 'ignore_ament_install']
[1.005s] Level 1:colcon.colcon_core.package_identification:_identify(sensor_kit_description/AWSIM_sensor_description/ENV200_sensor_description) by extension 'ignore'
[1.005s] Level 1:colcon.colcon_core.package_identification:_identify(sensor_kit_description/AWSIM_sensor_description/ENV200_sensor_description) by extension 'ignore_ament_install'
[1.005s] Level 1:colcon.colcon_core.package_identification:_identify(sensor_kit_description/AWSIM_sensor_description/ENV200_sensor_description) by extensions ['colcon_pkg']
[1.005s] Level 1:colcon.colcon_core.package_identification:_identify(sensor_kit_description/AWSIM_sensor_description/ENV200_sensor_description) by extension 'colcon_pkg'
[1.005s] Level 1:colcon.colcon_core.package_identification:_identify(sensor_kit_description/AWSIM_sensor_description/ENV200_sensor_description) by extensions ['colcon_meta']
[1.005s] Level 1:colcon.colcon_core.package_identification:_identify(sensor_kit_description/AWSIM_sensor_description/ENV200_sensor_description) by extension 'colcon_meta'
[1.005s] Level 1:colcon.colcon_core.package_identification:_identify(sensor_kit_description/AWSIM_sensor_description/ENV200_sensor_description) by extensions ['ros']
[1.005s] Level 1:colcon.colcon_core.package_identification:_identify(sensor_kit_description/AWSIM_sensor_description/ENV200_sensor_description) by extension 'ros'
[1.005s] DEBUG:colcon.colcon_core.package_identification:Package 'sensor_kit_description/AWSIM_sensor_description/ENV200_sensor_description' with type 'ros.catkin' and name 'ENV200_sensor_description'
[1.005s] Level 1:colcon.colcon_core.package_identification:_identify(sensor_kit_description/AWSIM_sensor_description/Twizy_sensor_description) by extensions ['ignore', 'ignore_ament_install']
[1.006s] Level 1:colcon.colcon_core.package_identification:_identify(sensor_kit_description/AWSIM_sensor_description/Twizy_sensor_description) by extension 'ignore'
[1.006s] Level 1:colcon.colcon_core.package_identification:_identify(sensor_kit_description/AWSIM_sensor_description/Twizy_sensor_description) by extension 'ignore_ament_install'
[1.006s] Level 1:colcon.colcon_core.package_identification:_identify(sensor_kit_description/AWSIM_sensor_description/Twizy_sensor_description) by extensions ['colcon_pkg']
[1.006s] Level 1:colcon.colcon_core.package_identification:_identify(sensor_kit_description/AWSIM_sensor_description/Twizy_sensor_description) by extension 'colcon_pkg'
[1.006s] Level 1:colcon.colcon_core.package_identification:_identify(sensor_kit_description/AWSIM_sensor_description/Twizy_sensor_description) by extensions ['colcon_meta']
[1.006s] Level 1:colcon.colcon_core.package_identification:_identify(sensor_kit_description/AWSIM_sensor_description/Twizy_sensor_description) by extension 'colcon_meta'
[1.006s] Level 1:colcon.colcon_core.package_identification:_identify(sensor_kit_description/AWSIM_sensor_description/Twizy_sensor_description) by extensions ['ros']
[1.006s] Level 1:colcon.colcon_core.package_identification:_identify(sensor_kit_description/AWSIM_sensor_description/Twizy_sensor_description) by extension 'ros'
[1.007s] DEBUG:colcon.colcon_core.package_identification:Package 'sensor_kit_description/AWSIM_sensor_description/Twizy_sensor_description' with type 'ros.catkin' and name 'Twizy_sensor_description'
[1.007s] Level 1:colcon.colcon_core.package_identification:_identify(sensor_kit_description/CARLA_sensor_description) by extensions ['ignore', 'ignore_ament_install']
[1.007s] Level 1:colcon.colcon_core.package_identification:_identify(sensor_kit_description/CARLA_sensor_description) by extension 'ignore'
[1.007s] Level 1:colcon.colcon_core.package_identification:_identify(sensor_kit_description/CARLA_sensor_description) by extension 'ignore_ament_install'
[1.007s] Level 1:colcon.colcon_core.package_identification:_identify(sensor_kit_description/CARLA_sensor_description) by extensions ['colcon_pkg']
[1.007s] Level 1:colcon.colcon_core.package_identification:_identify(sensor_kit_description/CARLA_sensor_description) by extension 'colcon_pkg'
[1.007s] Level 1:colcon.colcon_core.package_identification:_identify(sensor_kit_description/CARLA_sensor_description) by extensions ['colcon_meta']
[1.007s] Level 1:colcon.colcon_core.package_identification:_identify(sensor_kit_description/CARLA_sensor_description) by extension 'colcon_meta'
[1.007s] Level 1:colcon.colcon_core.package_identification:_identify(sensor_kit_description/CARLA_sensor_description) by extensions ['ros']
[1.007s] Level 1:colcon.colcon_core.package_identification:_identify(sensor_kit_description/CARLA_sensor_description) by extension 'ros'
[1.007s] Level 1:colcon.colcon_core.package_identification:_identify(sensor_kit_description/CARLA_sensor_description) by extensions ['cmake', 'python']
[1.007s] Level 1:colcon.colcon_core.package_identification:_identify(sensor_kit_description/CARLA_sensor_description) by extension 'cmake'
[1.007s] Level 1:colcon.colcon_core.package_identification:_identify(sensor_kit_description/CARLA_sensor_description) by extension 'python'
[1.007s] Level 1:colcon.colcon_core.package_identification:_identify(sensor_kit_description/CARLA_sensor_description) by extensions ['python_setup_py']
[1.007s] Level 1:colcon.colcon_core.package_identification:_identify(sensor_kit_description/CARLA_sensor_description) by extension 'python_setup_py'
[1.008s] Level 1:colcon.colcon_core.package_identification:_identify(sensor_kit_description/ENV200_sensor_description) by extensions ['ignore', 'ignore_ament_install']
[1.008s] Level 1:colcon.colcon_core.package_identification:_identify(sensor_kit_description/ENV200_sensor_description) by extension 'ignore'
[1.008s] Level 1:colcon.colcon_core.package_identification:_identify(sensor_kit_description/ENV200_sensor_description) by extension 'ignore_ament_install'
[1.008s] Level 1:colcon.colcon_core.package_identification:_identify(sensor_kit_description/ENV200_sensor_description) by extensions ['colcon_pkg']
[1.008s] Level 1:colcon.colcon_core.package_identification:_identify(sensor_kit_description/ENV200_sensor_description) by extension 'colcon_pkg'
[1.008s] Level 1:colcon.colcon_core.package_identification:_identify(sensor_kit_description/ENV200_sensor_description) by extensions ['colcon_meta']
[1.008s] Level 1:colcon.colcon_core.package_identification:_identify(sensor_kit_description/ENV200_sensor_description) by extension 'colcon_meta'
[1.008s] Level 1:colcon.colcon_core.package_identification:_identify(sensor_kit_description/ENV200_sensor_description) by extensions ['ros']
[1.008s] Level 1:colcon.colcon_core.package_identification:_identify(sensor_kit_description/ENV200_sensor_description) by extension 'ros'
[1.008s] Level 1:colcon.colcon_core.package_identification:_identify(sensor_kit_description/ENV200_sensor_description) by extensions ['cmake', 'python']
[1.008s] Level 1:colcon.colcon_core.package_identification:_identify(sensor_kit_description/ENV200_sensor_description) by extension 'cmake'
[1.008s] Level 1:colcon.colcon_core.package_identification:_identify(sensor_kit_description/ENV200_sensor_description) by extension 'python'
[1.008s] Level 1:colcon.colcon_core.package_identification:_identify(sensor_kit_description/ENV200_sensor_description) by extensions ['python_setup_py']
[1.008s] Level 1:colcon.colcon_core.package_identification:_identify(sensor_kit_description/ENV200_sensor_description) by extension 'python_setup_py'
[1.008s] Level 1:colcon.colcon_core.package_identification:_identify(sensor_kit_description/Twizy_sensor_description) by extensions ['ignore', 'ignore_ament_install']
[1.008s] Level 1:colcon.colcon_core.package_identification:_identify(sensor_kit_description/Twizy_sensor_description) by extension 'ignore'
[1.008s] Level 1:colcon.colcon_core.package_identification:_identify(sensor_kit_description/Twizy_sensor_description) by extension 'ignore_ament_install'
[1.008s] Level 1:colcon.colcon_core.package_identification:_identify(sensor_kit_description/Twizy_sensor_description) by extensions ['colcon_pkg']
[1.008s] Level 1:colcon.colcon_core.package_identification:_identify(sensor_kit_description/Twizy_sensor_description) by extension 'colcon_pkg'
[1.008s] Level 1:colcon.colcon_core.package_identification:_identify(sensor_kit_description/Twizy_sensor_description) by extensions ['colcon_meta']
[1.008s] Level 1:colcon.colcon_core.package_identification:_identify(sensor_kit_description/Twizy_sensor_description) by extension 'colcon_meta'
[1.008s] Level 1:colcon.colcon_core.package_identification:_identify(sensor_kit_description/Twizy_sensor_description) by extensions ['ros']
[1.008s] Level 1:colcon.colcon_core.package_identification:_identify(sensor_kit_description/Twizy_sensor_description) by extension 'ros'
[1.009s] Level 1:colcon.colcon_core.package_identification:_identify(sensor_kit_description/Twizy_sensor_description) by extensions ['cmake', 'python']
[1.009s] Level 1:colcon.colcon_core.package_identification:_identify(sensor_kit_description/Twizy_sensor_description) by extension 'cmake'
[1.009s] Level 1:colcon.colcon_core.package_identification:_identify(sensor_kit_description/Twizy_sensor_description) by extension 'python'
[1.009s] Level 1:colcon.colcon_core.package_identification:_identify(sensor_kit_description/Twizy_sensor_description) by extensions ['python_setup_py']
[1.009s] Level 1:colcon.colcon_core.package_identification:_identify(sensor_kit_description/Twizy_sensor_description) by extension 'python_setup_py'
[1.009s] Level 1:colcon.colcon_core.package_identification:_identify(sensor_kit_description/Twizy_sensor_description/config) by extensions ['ignore', 'ignore_ament_install']
[1.009s] Level 1:colcon.colcon_core.package_identification:_identify(sensor_kit_description/Twizy_sensor_description/config) by extension 'ignore'
[1.009s] Level 1:colcon.colcon_core.package_identification:_identify(sensor_kit_description/Twizy_sensor_description/config) by extension 'ignore_ament_install'
[1.009s] Level 1:colcon.colcon_core.package_identification:_identify(sensor_kit_description/Twizy_sensor_description/config) by extensions ['colcon_pkg']
[1.009s] Level 1:colcon.colcon_core.package_identification:_identify(sensor_kit_description/Twizy_sensor_description/config) by extension 'colcon_pkg'
[1.009s] Level 1:colcon.colcon_core.package_identification:_identify(sensor_kit_description/Twizy_sensor_description/config) by extensions ['colcon_meta']
[1.009s] Level 1:colcon.colcon_core.package_identification:_identify(sensor_kit_description/Twizy_sensor_description/config) by extension 'colcon_meta'
[1.009s] Level 1:colcon.colcon_core.package_identification:_identify(sensor_kit_description/Twizy_sensor_description/config) by extensions ['ros']
[1.009s] Level 1:colcon.colcon_core.package_identification:_identify(sensor_kit_description/Twizy_sensor_description/config) by extension 'ros'
[1.009s] Level 1:colcon.colcon_core.package_identification:_identify(sensor_kit_description/Twizy_sensor_description/config) by extensions ['cmake', 'python']
[1.009s] Level 1:colcon.colcon_core.package_identification:_identify(sensor_kit_description/Twizy_sensor_description/config) by extension 'cmake'
[1.009s] Level 1:colcon.colcon_core.package_identification:_identify(sensor_kit_description/Twizy_sensor_description/config) by extension 'python'
[1.009s] Level 1:colcon.colcon_core.package_identification:_identify(sensor_kit_description/Twizy_sensor_description/config) by extensions ['python_setup_py']
[1.009s] Level 1:colcon.colcon_core.package_identification:_identify(sensor_kit_description/Twizy_sensor_description/config) by extension 'python_setup_py'
[1.009s] Level 1:colcon.colcon_core.package_identification:_identify(sensor_kit_description/Twizy_sensor_description/urdf) by extensions ['ignore', 'ignore_ament_install']
[1.009s] Level 1:colcon.colcon_core.package_identification:_identify(sensor_kit_description/Twizy_sensor_description/urdf) by extension 'ignore'
[1.009s] Level 1:colcon.colcon_core.package_identification:_identify(sensor_kit_description/Twizy_sensor_description/urdf) by extension 'ignore_ament_install'
[1.009s] Level 1:colcon.colcon_core.package_identification:_identify(sensor_kit_description/Twizy_sensor_description/urdf) by extensions ['colcon_pkg']
[1.009s] Level 1:colcon.colcon_core.package_identification:_identify(sensor_kit_description/Twizy_sensor_description/urdf) by extension 'colcon_pkg'
[1.009s] Level 1:colcon.colcon_core.package_identification:_identify(sensor_kit_description/Twizy_sensor_description/urdf) by extensions ['colcon_meta']
[1.009s] Level 1:colcon.colcon_core.package_identification:_identify(sensor_kit_description/Twizy_sensor_description/urdf) by extension 'colcon_meta'
[1.010s] Level 1:colcon.colcon_core.package_identification:_identify(sensor_kit_description/Twizy_sensor_description/urdf) by extensions ['ros']
[1.010s] Level 1:colcon.colcon_core.package_identification:_identify(sensor_kit_description/Twizy_sensor_description/urdf) by extension 'ros'
[1.010s] Level 1:colcon.colcon_core.package_identification:_identify(sensor_kit_description/Twizy_sensor_description/urdf) by extensions ['cmake', 'python']
[1.010s] Level 1:colcon.colcon_core.package_identification:_identify(sensor_kit_description/Twizy_sensor_description/urdf) by extension 'cmake'
[1.010s] Level 1:colcon.colcon_core.package_identification:_identify(sensor_kit_description/Twizy_sensor_description/urdf) by extension 'python'
[1.010s] Level 1:colcon.colcon_core.package_identification:_identify(sensor_kit_description/Twizy_sensor_description/urdf) by extensions ['python_setup_py']
[1.010s] Level 1:colcon.colcon_core.package_identification:_identify(sensor_kit_description/Twizy_sensor_description/urdf) by extension 'python_setup_py'
[1.010s] Level 1:colcon.colcon_core.package_identification:_identify(sensor_kit_launch) by extensions ['ignore', 'ignore_ament_install']
[1.010s] Level 1:colcon.colcon_core.package_identification:_identify(sensor_kit_launch) by extension 'ignore'
[1.010s] Level 1:colcon.colcon_core.package_identification:_identify(sensor_kit_launch) by extension 'ignore_ament_install'
[1.010s] Level 1:colcon.colcon_core.package_identification:_identify(sensor_kit_launch) by extensions ['colcon_pkg']
[1.010s] Level 1:colcon.colcon_core.package_identification:_identify(sensor_kit_launch) by extension 'colcon_pkg'
[1.010s] Level 1:colcon.colcon_core.package_identification:_identify(sensor_kit_launch) by extensions ['colcon_meta']
[1.010s] Level 1:colcon.colcon_core.package_identification:_identify(sensor_kit_launch) by extension 'colcon_meta'
[1.010s] Level 1:colcon.colcon_core.package_identification:_identify(sensor_kit_launch) by extensions ['ros']
[1.010s] Level 1:colcon.colcon_core.package_identification:_identify(sensor_kit_launch) by extension 'ros'
[1.010s] Level 1:colcon.colcon_core.package_identification:_identify(sensor_kit_launch) by extensions ['cmake', 'python']
[1.010s] Level 1:colcon.colcon_core.package_identification:_identify(sensor_kit_launch) by extension 'cmake'
[1.010s] Level 1:colcon.colcon_core.package_identification:_identify(sensor_kit_launch) by extension 'python'
[1.010s] Level 1:colcon.colcon_core.package_identification:_identify(sensor_kit_launch) by extensions ['python_setup_py']
[1.010s] Level 1:colcon.colcon_core.package_identification:_identify(sensor_kit_launch) by extension 'python_setup_py'
[1.011s] Level 1:colcon.colcon_core.package_identification:_identify(sensor_kit_launch/AWSIM_sensor_launch) by extensions ['ignore', 'ignore_ament_install']
[1.011s] Level 1:colcon.colcon_core.package_identification:_identify(sensor_kit_launch/AWSIM_sensor_launch) by extension 'ignore'
[1.011s] Level 1:colcon.colcon_core.package_identification:_identify(sensor_kit_launch/AWSIM_sensor_launch) by extension 'ignore_ament_install'
[1.011s] Level 1:colcon.colcon_core.package_identification:_identify(sensor_kit_launch/AWSIM_sensor_launch) by extensions ['colcon_pkg']
[1.011s] Level 1:colcon.colcon_core.package_identification:_identify(sensor_kit_launch/AWSIM_sensor_launch) by extension 'colcon_pkg'
[1.011s] Level 1:colcon.colcon_core.package_identification:_identify(sensor_kit_launch/AWSIM_sensor_launch) by extensions ['colcon_meta']
[1.011s] Level 1:colcon.colcon_core.package_identification:_identify(sensor_kit_launch/AWSIM_sensor_launch) by extension 'colcon_meta'
[1.011s] Level 1:colcon.colcon_core.package_identification:_identify(sensor_kit_launch/AWSIM_sensor_launch) by extensions ['ros']
[1.011s] Level 1:colcon.colcon_core.package_identification:_identify(sensor_kit_launch/AWSIM_sensor_launch) by extension 'ros'
[1.012s] DEBUG:colcon.colcon_core.package_identification:Package 'sensor_kit_launch/AWSIM_sensor_launch' with type 'ros.catkin' and name 'AWSIM_sensor_launch'
[1.012s] Level 1:colcon.colcon_core.package_identification:_identify(sensor_kit_launch/CARLA_sensor_launch) by extensions ['ignore', 'ignore_ament_install']
[1.012s] Level 1:colcon.colcon_core.package_identification:_identify(sensor_kit_launch/CARLA_sensor_launch) by extension 'ignore'
[1.012s] Level 1:colcon.colcon_core.package_identification:_identify(sensor_kit_launch/CARLA_sensor_launch) by extension 'ignore_ament_install'
[1.012s] Level 1:colcon.colcon_core.package_identification:_identify(sensor_kit_launch/CARLA_sensor_launch) by extensions ['colcon_pkg']
[1.012s] Level 1:colcon.colcon_core.package_identification:_identify(sensor_kit_launch/CARLA_sensor_launch) by extension 'colcon_pkg'
[1.012s] Level 1:colcon.colcon_core.package_identification:_identify(sensor_kit_launch/CARLA_sensor_launch) by extensions ['colcon_meta']
[1.012s] Level 1:colcon.colcon_core.package_identification:_identify(sensor_kit_launch/CARLA_sensor_launch) by extension 'colcon_meta'
[1.012s] Level 1:colcon.colcon_core.package_identification:_identify(sensor_kit_launch/CARLA_sensor_launch) by extensions ['ros']
[1.012s] Level 1:colcon.colcon_core.package_identification:_identify(sensor_kit_launch/CARLA_sensor_launch) by extension 'ros'
[1.013s] DEBUG:colcon.colcon_core.package_identification:Package 'sensor_kit_launch/CARLA_sensor_launch' with type 'ros.catkin' and name 'CARLA_sensor_launch'
[1.013s] Level 1:colcon.colcon_core.package_identification:_identify(sensor_kit_launch/ENV200_sensor_launch) by extensions ['ignore', 'ignore_ament_install']
[1.013s] Level 1:colcon.colcon_core.package_identification:_identify(sensor_kit_launch/ENV200_sensor_launch) by extension 'ignore'
[1.013s] Level 1:colcon.colcon_core.package_identification:_identify(sensor_kit_launch/ENV200_sensor_launch) by extension 'ignore_ament_install'
[1.013s] Level 1:colcon.colcon_core.package_identification:_identify(sensor_kit_launch/ENV200_sensor_launch) by extensions ['colcon_pkg']
[1.013s] Level 1:colcon.colcon_core.package_identification:_identify(sensor_kit_launch/ENV200_sensor_launch) by extension 'colcon_pkg'
[1.013s] Level 1:colcon.colcon_core.package_identification:_identify(sensor_kit_launch/ENV200_sensor_launch) by extensions ['colcon_meta']
[1.013s] Level 1:colcon.colcon_core.package_identification:_identify(sensor_kit_launch/ENV200_sensor_launch) by extension 'colcon_meta'
[1.013s] Level 1:colcon.colcon_core.package_identification:_identify(sensor_kit_launch/ENV200_sensor_launch) by extensions ['ros']
[1.013s] Level 1:colcon.colcon_core.package_identification:_identify(sensor_kit_launch/ENV200_sensor_launch) by extension 'ros'
[1.014s] DEBUG:colcon.colcon_core.package_identification:Package 'sensor_kit_launch/ENV200_sensor_launch' with type 'ros.catkin' and name 'ENV200_sensor_launch'
[1.014s] Level 1:colcon.colcon_core.package_identification:_identify(sensor_kit_launch/Twizy_sensor_launch) by extensions ['ignore', 'ignore_ament_install']
[1.014s] Level 1:colcon.colcon_core.package_identification:_identify(sensor_kit_launch/Twizy_sensor_launch) by extension 'ignore'
[1.014s] Level 1:colcon.colcon_core.package_identification:_identify(sensor_kit_launch/Twizy_sensor_launch) by extension 'ignore_ament_install'
[1.014s] Level 1:colcon.colcon_core.package_identification:_identify(sensor_kit_launch/Twizy_sensor_launch) by extensions ['colcon_pkg']
[1.014s] Level 1:colcon.colcon_core.package_identification:_identify(sensor_kit_launch/Twizy_sensor_launch) by extension 'colcon_pkg'
[1.014s] Level 1:colcon.colcon_core.package_identification:_identify(sensor_kit_launch/Twizy_sensor_launch) by extensions ['colcon_meta']
[1.014s] Level 1:colcon.colcon_core.package_identification:_identify(sensor_kit_launch/Twizy_sensor_launch) by extension 'colcon_meta'
[1.014s] Level 1:colcon.colcon_core.package_identification:_identify(sensor_kit_launch/Twizy_sensor_launch) by extensions ['ros']
[1.014s] Level 1:colcon.colcon_core.package_identification:_identify(sensor_kit_launch/Twizy_sensor_launch) by extension 'ros'
[1.015s] DEBUG:colcon.colcon_core.package_identification:Package 'sensor_kit_launch/Twizy_sensor_launch' with type 'ros.catkin' and name 'Twizy_sensor_launch'
[1.015s] Level 1:colcon.colcon_core.package_identification:_identify(twizy_sensor_description) by extensions ['ignore', 'ignore_ament_install']
[1.015s] Level 1:colcon.colcon_core.package_identification:_identify(twizy_sensor_description) by extension 'ignore'
[1.015s] Level 1:colcon.colcon_core.package_identification:_identify(twizy_sensor_description) by extension 'ignore_ament_install'
[1.015s] Level 1:colcon.colcon_core.package_identification:_identify(twizy_sensor_description) by extensions ['colcon_pkg']
[1.015s] Level 1:colcon.colcon_core.package_identification:_identify(twizy_sensor_description) by extension 'colcon_pkg'
[1.015s] Level 1:colcon.colcon_core.package_identification:_identify(twizy_sensor_description) by extensions ['colcon_meta']
[1.015s] Level 1:colcon.colcon_core.package_identification:_identify(twizy_sensor_description) by extension 'colcon_meta'
[1.015s] Level 1:colcon.colcon_core.package_identification:_identify(twizy_sensor_description) by extensions ['ros']
[1.015s] Level 1:colcon.colcon_core.package_identification:_identify(twizy_sensor_description) by extension 'ros'
[1.015s] Level 1:colcon.colcon_core.package_identification:_identify(twizy_sensor_description) by extensions ['cmake', 'python']
[1.016s] Level 1:colcon.colcon_core.package_identification:_identify(twizy_sensor_description) by extension 'cmake'
[1.016s] Level 1:colcon.colcon_core.package_identification:_identify(twizy_sensor_description) by extension 'python'
[1.016s] Level 1:colcon.colcon_core.package_identification:_identify(twizy_sensor_description) by extensions ['python_setup_py']
[1.016s] Level 1:colcon.colcon_core.package_identification:_identify(twizy_sensor_description) by extension 'python_setup_py'
[1.016s] Level 1:colcon.colcon_core.package_identification:_identify(twizy_sensor_description/urdf) by extensions ['ignore', 'ignore_ament_install']
[1.016s] Level 1:colcon.colcon_core.package_identification:_identify(twizy_sensor_description/urdf) by extension 'ignore'
[1.016s] Level 1:colcon.colcon_core.package_identification:_identify(twizy_sensor_description/urdf) by extension 'ignore_ament_install'
[1.016s] Level 1:colcon.colcon_core.package_identification:_identify(twizy_sensor_description/urdf) by extensions ['colcon_pkg']
[1.016s] Level 1:colcon.colcon_core.package_identification:_identify(twizy_sensor_description/urdf) by extension 'colcon_pkg'
[1.016s] Level 1:colcon.colcon_core.package_identification:_identify(twizy_sensor_description/urdf) by extensions ['colcon_meta']
[1.016s] Level 1:colcon.colcon_core.package_identification:_identify(twizy_sensor_description/urdf) by extension 'colcon_meta'
[1.016s] Level 1:colcon.colcon_core.package_identification:_identify(twizy_sensor_description/urdf) by extensions ['ros']
[1.016s] Level 1:colcon.colcon_core.package_identification:_identify(twizy_sensor_description/urdf) by extension 'ros'
[1.016s] Level 1:colcon.colcon_core.package_identification:_identify(twizy_sensor_description/urdf) by extensions ['cmake', 'python']
[1.016s] Level 1:colcon.colcon_core.package_identification:_identify(twizy_sensor_description/urdf) by extension 'cmake'
[1.016s] Level 1:colcon.colcon_core.package_identification:_identify(twizy_sensor_description/urdf) by extension 'python'
[1.016s] Level 1:colcon.colcon_core.package_identification:_identify(twizy_sensor_description/urdf) by extensions ['python_setup_py']
[1.016s] Level 1:colcon.colcon_core.package_identification:_identify(twizy_sensor_description/urdf) by extension 'python_setup_py'
[1.016s] Level 1:colcon.colcon_core.package_identification:_identify(twizy_sensor_kit_description) by extensions ['ignore', 'ignore_ament_install']
[1.016s] Level 1:colcon.colcon_core.package_identification:_identify(twizy_sensor_kit_description) by extension 'ignore'
[1.016s] Level 1:colcon.colcon_core.package_identification:_identify(twizy_sensor_kit_description) by extension 'ignore_ament_install'
[1.017s] Level 1:colcon.colcon_core.package_identification:_identify(twizy_sensor_kit_description) by extensions ['colcon_pkg']
[1.017s] Level 1:colcon.colcon_core.package_identification:_identify(twizy_sensor_kit_description) by extension 'colcon_pkg'
[1.017s] Level 1:colcon.colcon_core.package_identification:_identify(twizy_sensor_kit_description) by extensions ['colcon_meta']
[1.017s] Level 1:colcon.colcon_core.package_identification:_identify(twizy_sensor_kit_description) by extension 'colcon_meta'
[1.017s] Level 1:colcon.colcon_core.package_identification:_identify(twizy_sensor_kit_description) by extensions ['ros']
[1.017s] Level 1:colcon.colcon_core.package_identification:_identify(twizy_sensor_kit_description) by extension 'ros'
[1.017s] DEBUG:colcon.colcon_core.package_identification:Package 'twizy_sensor_kit_description' with type 'ros.ament_cmake' and name 'twizy_sensor_kit_description'
[1.017s] Level 1:colcon.colcon_core.package_identification:_identify(twizy_sensor_kit_launch) by extensions ['ignore', 'ignore_ament_install']
[1.018s] Level 1:colcon.colcon_core.package_identification:_identify(twizy_sensor_kit_launch) by extension 'ignore'
[1.018s] Level 1:colcon.colcon_core.package_identification:_identify(twizy_sensor_kit_launch) by extension 'ignore_ament_install'
[1.018s] Level 1:colcon.colcon_core.package_identification:_identify(twizy_sensor_kit_launch) by extensions ['colcon_pkg']
[1.018s] Level 1:colcon.colcon_core.package_identification:_identify(twizy_sensor_kit_launch) by extension 'colcon_pkg'
[1.018s] Level 1:colcon.colcon_core.package_identification:_identify(twizy_sensor_kit_launch) by extensions ['colcon_meta']
[1.018s] Level 1:colcon.colcon_core.package_identification:_identify(twizy_sensor_kit_launch) by extension 'colcon_meta'
[1.018s] Level 1:colcon.colcon_core.package_identification:_identify(twizy_sensor_kit_launch) by extensions ['ros']
[1.018s] Level 1:colcon.colcon_core.package_identification:_identify(twizy_sensor_kit_launch) by extension 'ros'
[1.018s] DEBUG:colcon.colcon_core.package_identification:Package 'twizy_sensor_kit_launch' with type 'ros.ament_cmake' and name 'twizy_sensor_kit_launch'
[1.019s] Level 1:colcon.colcon_core.package_discovery:discover_packages(recursive) using defaults
[1.019s] Level 1:colcon.colcon_core.package_discovery:discover_packages(ignore) discover
[1.019s] Level 1:colcon.colcon_core.package_discovery:discover_packages(ignore) using defaults
[1.019s] Level 1:colcon.colcon_core.package_discovery:discover_packages(path) discover
[1.019s] Level 1:colcon.colcon_core.package_discovery:discover_packages(path) using defaults
[1.082s] INFO:colcon.colcon_core.package_selection:Skipping package 'sample_sensor_kit_launch' in 'sample_sensor_kit_launch'
[1.082s] INFO:colcon.colcon_core.package_selection:Skipping package 'sample_sensor_kit_description' in 'sample_sensor_kit_description'
[1.082s] INFO:colcon.colcon_core.package_selection:Skipping package 'Twizy_sensor_launch' in 'sensor_kit_launch/Twizy_sensor_launch'
[1.083s] INFO:colcon.colcon_core.package_selection:Skipping package 'Twizy_sensor_description' in 'sensor_kit_description/AWSIM_sensor_description/Twizy_sensor_description'
[1.083s] INFO:colcon.colcon_core.package_selection:Skipping package 'ENV200_sensor_launch' in 'sensor_kit_launch/ENV200_sensor_launch'
[1.083s] INFO:colcon.colcon_core.package_selection:Skipping package 'ENV200_sensor_description' in 'sensor_kit_description/AWSIM_sensor_description/ENV200_sensor_description'
[1.083s] INFO:colcon.colcon_core.package_selection:Skipping package 'CARLA_sensor_launch' in 'sensor_kit_launch/CARLA_sensor_launch'
[1.083s] INFO:colcon.colcon_core.package_selection:Skipping package 'CARLA_sensor_description' in 'sensor_kit_description/AWSIM_sensor_description/CARLA_sensor_description'
[1.083s] INFO:colcon.colcon_core.package_selection:Skipping package 'AWSIM_sensor_launch' in 'sensor_kit_launch/AWSIM_sensor_launch'
[1.083s] INFO:colcon.colcon_core.package_selection:Skipping package 'AWSIM_sensor_description' in 'sensor_kit_description/AWSIM_sensor_description/AWSIM_sensor_description'
[1.084s] Level 1:colcon.colcon_core.package_discovery:discover_packages(prefix_path) check parameters
[1.084s] Level 1:colcon.colcon_core.package_discovery:discover_packages(prefix_path) discover
[1.090s] DEBUG:colcon.colcon_installed_package_information.package_discovery:Found 362 installed packages in /opt/ros/humble
[1.093s] Level 1:colcon.colcon_core.package_discovery:discover_packages(prefix_path) using defaults
[1.189s] Level 5:colcon.colcon_core.verb:set package 'common_sensor_launch' build argument 'cmake_args' from command line to '['-DCMAKE_BUILD_TYPE=Release']'
[1.189s] Level 5:colcon.colcon_core.verb:set package 'common_sensor_launch' build argument 'cmake_target' from command line to 'None'
[1.189s] Level 5:colcon.colcon_core.verb:set package 'common_sensor_launch' build argument 'cmake_target_skip_unavailable' from command line to 'False'
[1.189s] Level 5:colcon.colcon_core.verb:set package 'common_sensor_launch' build argument 'cmake_clean_cache' from command line to 'False'
[1.189s] Level 5:colcon.colcon_core.verb:set package 'common_sensor_launch' build argument 'cmake_clean_first' from command line to 'False'
[1.189s] Level 5:colcon.colcon_core.verb:set package 'common_sensor_launch' build argument 'cmake_force_configure' from command line to 'False'
[1.189s] Level 5:colcon.colcon_core.verb:set package 'common_sensor_launch' build argument 'ament_cmake_args' from command line to 'None'
[1.189s] Level 5:colcon.colcon_core.verb:set package 'common_sensor_launch' build argument 'catkin_cmake_args' from command line to 'None'
[1.189s] Level 5:colcon.colcon_core.verb:set package 'common_sensor_launch' build argument 'catkin_skip_building_tests' from command line to 'False'
[1.189s] DEBUG:colcon.colcon_core.verb:Building package 'common_sensor_launch' with the following arguments: {'ament_cmake_args': None, 'build_base': '/home/robin/MCAV/mcav_autoware_sensor_kit_launch/build/common_sensor_launch', 'catkin_cmake_args': None, 'catkin_skip_building_tests': False, 'cmake_args': ['-DCMAKE_BUILD_TYPE=Release'], 'cmake_clean_cache': False, 'cmake_clean_first': False, 'cmake_force_configure': False, 'cmake_target': None, 'cmake_target_skip_unavailable': False, 'install_base': '/home/robin/MCAV/mcav_autoware_sensor_kit_launch/install/common_sensor_launch', 'merge_install': False, 'path': '/home/robin/MCAV/mcav_autoware_sensor_kit_launch/common_sensor_launch', 'symlink_install': True, 'test_result_base': None}
[1.191s] Level 5:colcon.colcon_core.verb:set package 'twizy_sensor_kit_description' build argument 'cmake_args' from command line to '['-DCMAKE_BUILD_TYPE=Release']'
[1.191s] Level 5:colcon.colcon_core.verb:set package 'twizy_sensor_kit_description' build argument 'cmake_target' from command line to 'None'
[1.191s] Level 5:colcon.colcon_core.verb:set package 'twizy_sensor_kit_description' build argument 'cmake_target_skip_unavailable' from command line to 'False'
[1.191s] Level 5:colcon.colcon_core.verb:set package 'twizy_sensor_kit_description' build argument 'cmake_clean_cache' from command line to 'False'
[1.191s] Level 5:colcon.colcon_core.verb:set package 'twizy_sensor_kit_description' build argument 'cmake_clean_first' from command line to 'False'
[1.191s] Level 5:colcon.colcon_core.verb:set package 'twizy_sensor_kit_description' build argument 'cmake_force_configure' from command line to 'False'
[1.191s] Level 5:colcon.colcon_core.verb:set package 'twizy_sensor_kit_description' build argument 'ament_cmake_args' from command line to 'None'
[1.191s] Level 5:colcon.colcon_core.verb:set package 'twizy_sensor_kit_description' build argument 'catkin_cmake_args' from command line to 'None'
[1.191s] Level 5:colcon.colcon_core.verb:set package 'twizy_sensor_kit_description' build argument 'catkin_skip_building_tests' from command line to 'False'
[1.191s] DEBUG:colcon.colcon_core.verb:Building package 'twizy_sensor_kit_description' with the following arguments: {'ament_cmake_args': None, 'build_base': '/home/robin/MCAV/mcav_autoware_sensor_kit_launch/build/twizy_sensor_kit_description', 'catkin_cmake_args': None, 'catkin_skip_building_tests': False, 'cmake_args': ['-DCMAKE_BUILD_TYPE=Release'], 'cmake_clean_cache': False, 'cmake_clean_first': False, 'cmake_force_configure': False, 'cmake_target': None, 'cmake_target_skip_unavailable': False, 'install_base': '/home/robin/MCAV/mcav_autoware_sensor_kit_launch/install/twizy_sensor_kit_description', 'merge_install': False, 'path': '/home/robin/MCAV/mcav_autoware_sensor_kit_launch/twizy_sensor_kit_description', 'symlink_install': True, 'test_result_base': None}
[1.193s] Level 5:colcon.colcon_core.verb:set package 'twizy_sensor_kit_launch' build argument 'cmake_args' from command line to '['-DCMAKE_BUILD_TYPE=Release']'
[1.193s] Level 5:colcon.colcon_core.verb:set package 'twizy_sensor_kit_launch' build argument 'cmake_target' from command line to 'None'
[1.193s] Level 5:colcon.colcon_core.verb:set package 'twizy_sensor_kit_launch' build argument 'cmake_target_skip_unavailable' from command line to 'False'
[1.193s] Level 5:colcon.colcon_core.verb:set package 'twizy_sensor_kit_launch' build argument 'cmake_clean_cache' from command line to 'False'
[1.193s] Level 5:colcon.colcon_core.verb:set package 'twizy_sensor_kit_launch' build argument 'cmake_clean_first' from command line to 'False'
[1.193s] Level 5:colcon.colcon_core.verb:set package 'twizy_sensor_kit_launch' build argument 'cmake_force_configure' from command line to 'False'
[1.193s] Level 5:colcon.colcon_core.verb:set package 'twizy_sensor_kit_launch' build argument 'ament_cmake_args' from command line to 'None'
[1.193s] Level 5:colcon.colcon_core.verb:set package 'twizy_sensor_kit_launch' build argument 'catkin_cmake_args' from command line to 'None'
[1.193s] Level 5:colcon.colcon_core.verb:set package 'twizy_sensor_kit_launch' build argument 'catkin_skip_building_tests' from command line to 'False'
[1.193s] DEBUG:colcon.colcon_core.verb:Building package 'twizy_sensor_kit_launch' with the following arguments: {'ament_cmake_args': None, 'build_base': '/home/robin/MCAV/mcav_autoware_sensor_kit_launch/build/twizy_sensor_kit_launch', 'catkin_cmake_args': None, 'catkin_skip_building_tests': False, 'cmake_args': ['-DCMAKE_BUILD_TYPE=Release'], 'cmake_clean_cache': False, 'cmake_clean_first': False, 'cmake_force_configure': False, 'cmake_target': None, 'cmake_target_skip_unavailable': False, 'install_base': '/home/robin/MCAV/mcav_autoware_sensor_kit_launch/install/twizy_sensor_kit_launch', 'merge_install': False, 'path': '/home/robin/MCAV/mcav_autoware_sensor_kit_launch/twizy_sensor_kit_launch', 'symlink_install': True, 'test_result_base': None}
[1.194s] INFO:colcon.colcon_core.executor:Executing jobs using 'parallel' executor
[1.199s] DEBUG:colcon.colcon_parallel_executor.executor.parallel:run_until_complete
[1.200s] INFO:colcon.colcon_ros.task.ament_cmake.build:Building ROS package in '/home/robin/MCAV/mcav_autoware_sensor_kit_launch/common_sensor_launch' with build type 'ament_cmake'
[1.200s] INFO:colcon.colcon_cmake.task.cmake.build:Building CMake package in '/home/robin/MCAV/mcav_autoware_sensor_kit_launch/common_sensor_launch'
[1.209s] INFO:colcon.colcon_core.plugin_system:Skipping extension 'colcon_core.shell.bat': Not used on non-Windows systems
[1.209s] INFO:colcon.colcon_core.shell:Skip shell extension 'powershell' for command environment: Not usable outside of PowerShell
[1.209s] DEBUG:colcon.colcon_core.shell:Skip shell extension 'dsv' for command environment
[1.216s] INFO:colcon.colcon_ros.task.ament_cmake.build:Building ROS package in '/home/robin/MCAV/mcav_autoware_sensor_kit_launch/twizy_sensor_kit_description' with build type 'ament_cmake'
[1.216s] INFO:colcon.colcon_cmake.task.cmake.build:Building CMake package in '/home/robin/MCAV/mcav_autoware_sensor_kit_launch/twizy_sensor_kit_description'
[1.218s] INFO:colcon.colcon_core.shell:Skip shell extension 'powershell' for command environment: Not usable outside of PowerShell
[1.218s] DEBUG:colcon.colcon_core.shell:Skip shell extension 'dsv' for command environment
[1.233s] DEBUG:colcon.colcon_core.event_handler.log_command:Invoking command in '/home/robin/MCAV/mcav_autoware_sensor_kit_launch/build/common_sensor_launch': CMAKE_PREFIX_PATH=/opt/ros/humble /usr/bin/cmake --build /home/robin/MCAV/mcav_autoware_sensor_kit_launch/build/common_sensor_launch -- -j20 -l20
[1.236s] DEBUG:colcon.colcon_core.event_handler.log_command:Invoking command in '/home/robin/MCAV/mcav_autoware_sensor_kit_launch/build/twizy_sensor_kit_description': CMAKE_PREFIX_PATH=/opt/ros/humble /usr/bin/cmake --build /home/robin/MCAV/mcav_autoware_sensor_kit_launch/build/twizy_sensor_kit_description -- -j20 -l20
[1.285s] DEBUG:colcon.colcon_core.event_handler.log_command:Invoked command in '/home/robin/MCAV/mcav_autoware_sensor_kit_launch/build/common_sensor_launch' returned '0': CMAKE_PREFIX_PATH=/opt/ros/humble /usr/bin/cmake --build /home/robin/MCAV/mcav_autoware_sensor_kit_launch/build/common_sensor_launch -- -j20 -l20
[1.287s] DEBUG:colcon.colcon_core.event_handler.log_command:Invoked command in '/home/robin/MCAV/mcav_autoware_sensor_kit_launch/build/twizy_sensor_kit_description' returned '0': CMAKE_PREFIX_PATH=/opt/ros/humble /usr/bin/cmake --build /home/robin/MCAV/mcav_autoware_sensor_kit_launch/build/twizy_sensor_kit_description -- -j20 -l20
[1.310s] DEBUG:colcon.colcon_core.event_handler.log_command:Invoking command in '/home/robin/MCAV/mcav_autoware_sensor_kit_launch/build/twizy_sensor_kit_description': CMAKE_PREFIX_PATH=/opt/ros/humble /usr/bin/cmake --install /home/robin/MCAV/mcav_autoware_sensor_kit_launch/build/twizy_sensor_kit_description
[1.313s] DEBUG:colcon.colcon_core.event_handler.log_command:Invoking command in '/home/robin/MCAV/mcav_autoware_sensor_kit_launch/build/common_sensor_launch': CMAKE_PREFIX_PATH=/opt/ros/humble /usr/bin/cmake --install /home/robin/MCAV/mcav_autoware_sensor_kit_launch/build/common_sensor_launch
[1.328s] Level 1:colcon.colcon_core.environment:create_environment_scripts_only(twizy_sensor_kit_description)
[1.329s] DEBUG:colcon.colcon_core.event_handler.log_command:Invoked command in '/home/robin/MCAV/mcav_autoware_sensor_kit_launch/build/twizy_sensor_kit_description' returned '0': CMAKE_PREFIX_PATH=/opt/ros/humble /usr/bin/cmake --install /home/robin/MCAV/mcav_autoware_sensor_kit_launch/build/twizy_sensor_kit_description
[1.335s] Level 1:colcon.colcon_core.environment:checking '/home/robin/MCAV/mcav_autoware_sensor_kit_launch/install/twizy_sensor_kit_description' for CMake module files
[1.335s] Level 1:colcon.colcon_core.environment:checking '/home/robin/MCAV/mcav_autoware_sensor_kit_launch/install/twizy_sensor_kit_description' for CMake config files
[1.335s] Level 1:colcon.colcon_core.shell:create_environment_hook('twizy_sensor_kit_description', 'cmake_prefix_path')
[1.337s] INFO:colcon.colcon_core.shell:Creating environment hook '/home/robin/MCAV/mcav_autoware_sensor_kit_launch/install/twizy_sensor_kit_description/share/twizy_sensor_kit_description/hook/cmake_prefix_path.ps1'
[1.337s] INFO:colcon.colcon_core.shell:Creating environment descriptor '/home/robin/MCAV/mcav_autoware_sensor_kit_launch/install/twizy_sensor_kit_description/share/twizy_sensor_kit_description/hook/cmake_prefix_path.dsv'
[1.338s] INFO:colcon.colcon_core.shell:Creating environment hook '/home/robin/MCAV/mcav_autoware_sensor_kit_launch/install/twizy_sensor_kit_description/share/twizy_sensor_kit_description/hook/cmake_prefix_path.sh'
[1.338s] Level 1:colcon.colcon_core.environment:checking '/home/robin/MCAV/mcav_autoware_sensor_kit_launch/install/twizy_sensor_kit_description/bin'
[1.339s] Level 1:colcon.colcon_core.environment:checking '/home/robin/MCAV/mcav_autoware_sensor_kit_launch/install/twizy_sensor_kit_description/lib/pkgconfig/twizy_sensor_kit_description.pc'
[1.339s] Level 1:colcon.colcon_core.environment:checking '/home/robin/MCAV/mcav_autoware_sensor_kit_launch/install/twizy_sensor_kit_description/lib/python3.10/site-packages'
[1.339s] Level 1:colcon.colcon_core.environment:checking '/home/robin/MCAV/mcav_autoware_sensor_kit_launch/install/twizy_sensor_kit_description/bin'
[1.340s] INFO:colcon.colcon_core.shell:Creating package script '/home/robin/MCAV/mcav_autoware_sensor_kit_launch/install/twizy_sensor_kit_description/share/twizy_sensor_kit_description/package.ps1'
[1.341s] INFO:colcon.colcon_core.shell:Creating package descriptor '/home/robin/MCAV/mcav_autoware_sensor_kit_launch/install/twizy_sensor_kit_description/share/twizy_sensor_kit_description/package.dsv'
[1.341s] INFO:colcon.colcon_core.shell:Creating package script '/home/robin/MCAV/mcav_autoware_sensor_kit_launch/install/twizy_sensor_kit_description/share/twizy_sensor_kit_description/package.sh'
[1.342s] INFO:colcon.colcon_core.shell:Creating package script '/home/robin/MCAV/mcav_autoware_sensor_kit_launch/install/twizy_sensor_kit_description/share/twizy_sensor_kit_description/package.bash'
[1.342s] INFO:colcon.colcon_core.shell:Creating package script '/home/robin/MCAV/mcav_autoware_sensor_kit_launch/install/twizy_sensor_kit_description/share/twizy_sensor_kit_description/package.zsh'
[1.343s] Level 1:colcon.colcon_core.environment:create_file_with_runtime_dependencies(/home/robin/MCAV/mcav_autoware_sensor_kit_launch/install/twizy_sensor_kit_description/share/colcon-core/packages/twizy_sensor_kit_description)
[1.345s] Level 1:colcon.colcon_core.environment:create_environment_scripts_only(common_sensor_launch)
[1.346s] Level 1:colcon.colcon_core.environment:checking '/home/robin/MCAV/mcav_autoware_sensor_kit_launch/install/common_sensor_launch' for CMake module files
[1.347s] DEBUG:colcon.colcon_core.event_handler.log_command:Invoked command in '/home/robin/MCAV/mcav_autoware_sensor_kit_launch/build/common_sensor_launch' returned '0': CMAKE_PREFIX_PATH=/opt/ros/humble /usr/bin/cmake --install /home/robin/MCAV/mcav_autoware_sensor_kit_launch/build/common_sensor_launch
[1.347s] Level 1:colcon.colcon_core.environment:checking '/home/robin/MCAV/mcav_autoware_sensor_kit_launch/install/common_sensor_launch' for CMake config files
[1.347s] Level 1:colcon.colcon_core.shell:create_environment_hook('common_sensor_launch', 'cmake_prefix_path')
[1.348s] INFO:colcon.colcon_core.shell:Creating environment hook '/home/robin/MCAV/mcav_autoware_sensor_kit_launch/install/common_sensor_launch/share/common_sensor_launch/hook/cmake_prefix_path.ps1'
[1.349s] INFO:colcon.colcon_core.shell:Creating environment descriptor '/home/robin/MCAV/mcav_autoware_sensor_kit_launch/install/common_sensor_launch/share/common_sensor_launch/hook/cmake_prefix_path.dsv'
[1.349s] INFO:colcon.colcon_core.shell:Creating environment hook '/home/robin/MCAV/mcav_autoware_sensor_kit_launch/install/common_sensor_launch/share/common_sensor_launch/hook/cmake_prefix_path.sh'
[1.350s] Level 1:colcon.colcon_core.environment:checking '/home/robin/MCAV/mcav_autoware_sensor_kit_launch/install/common_sensor_launch/bin'
[1.350s] Level 1:colcon.colcon_core.environment:checking '/home/robin/MCAV/mcav_autoware_sensor_kit_launch/install/common_sensor_launch/lib/pkgconfig/common_sensor_launch.pc'
[1.350s] Level 1:colcon.colcon_core.environment:checking '/home/robin/MCAV/mcav_autoware_sensor_kit_launch/install/common_sensor_launch/lib/python3.10/site-packages'
[1.350s] Level 1:colcon.colcon_core.environment:checking '/home/robin/MCAV/mcav_autoware_sensor_kit_launch/install/common_sensor_launch/bin'
[1.351s] INFO:colcon.colcon_core.shell:Creating package script '/home/robin/MCAV/mcav_autoware_sensor_kit_launch/install/common_sensor_launch/share/common_sensor_launch/package.ps1'
[1.352s] INFO:colcon.colcon_core.shell:Creating package descriptor '/home/robin/MCAV/mcav_autoware_sensor_kit_launch/install/common_sensor_launch/share/common_sensor_launch/package.dsv'
[1.352s] INFO:colcon.colcon_core.shell:Creating package script '/home/robin/MCAV/mcav_autoware_sensor_kit_launch/install/common_sensor_launch/share/common_sensor_launch/package.sh'
[1.352s] INFO:colcon.colcon_core.shell:Creating package script '/home/robin/MCAV/mcav_autoware_sensor_kit_launch/install/common_sensor_launch/share/common_sensor_launch/package.bash'
[1.352s] INFO:colcon.colcon_core.shell:Creating package script '/home/robin/MCAV/mcav_autoware_sensor_kit_launch/install/common_sensor_launch/share/common_sensor_launch/package.zsh'
[1.353s] Level 1:colcon.colcon_core.environment:create_file_with_runtime_dependencies(/home/robin/MCAV/mcav_autoware_sensor_kit_launch/install/common_sensor_launch/share/colcon-core/packages/common_sensor_launch)
[1.360s] Level 1:colcon.colcon_core.environment:create_environment_scripts_only(twizy_sensor_kit_description)
[1.361s] Level 1:colcon.colcon_core.environment:checking '/home/robin/MCAV/mcav_autoware_sensor_kit_launch/install/twizy_sensor_kit_description' for CMake module files
[1.361s] Level 1:colcon.colcon_core.environment:checking '/home/robin/MCAV/mcav_autoware_sensor_kit_launch/install/twizy_sensor_kit_description' for CMake config files
[1.361s] Level 1:colcon.colcon_core.shell:create_environment_hook('twizy_sensor_kit_description', 'cmake_prefix_path')
[1.362s] INFO:colcon.colcon_core.shell:Creating environment hook '/home/robin/MCAV/mcav_autoware_sensor_kit_launch/install/twizy_sensor_kit_description/share/twizy_sensor_kit_description/hook/cmake_prefix_path.ps1'
[1.362s] INFO:colcon.colcon_core.shell:Creating environment descriptor '/home/robin/MCAV/mcav_autoware_sensor_kit_launch/install/twizy_sensor_kit_description/share/twizy_sensor_kit_description/hook/cmake_prefix_path.dsv'
[1.362s] INFO:colcon.colcon_core.shell:Creating environment hook '/home/robin/MCAV/mcav_autoware_sensor_kit_launch/install/twizy_sensor_kit_description/share/twizy_sensor_kit_description/hook/cmake_prefix_path.sh'
[1.363s] Level 1:colcon.colcon_core.environment:checking '/home/robin/MCAV/mcav_autoware_sensor_kit_launch/install/twizy_sensor_kit_description/bin'
[1.363s] Level 1:colcon.colcon_core.environment:checking '/home/robin/MCAV/mcav_autoware_sensor_kit_launch/install/twizy_sensor_kit_description/lib/pkgconfig/twizy_sensor_kit_description.pc'
[1.363s] Level 1:colcon.colcon_core.environment:checking '/home/robin/MCAV/mcav_autoware_sensor_kit_launch/install/twizy_sensor_kit_description/lib/python3.10/site-packages'
[1.363s] Level 1:colcon.colcon_core.environment:checking '/home/robin/MCAV/mcav_autoware_sensor_kit_launch/install/twizy_sensor_kit_description/bin'
[1.364s] INFO:colcon.colcon_core.shell:Creating package script '/home/robin/MCAV/mcav_autoware_sensor_kit_launch/install/twizy_sensor_kit_description/share/twizy_sensor_kit_description/package.ps1'
[1.364s] INFO:colcon.colcon_core.shell:Creating package descriptor '/home/robin/MCAV/mcav_autoware_sensor_kit_launch/install/twizy_sensor_kit_description/share/twizy_sensor_kit_description/package.dsv'
[1.365s] INFO:colcon.colcon_core.shell:Creating package script '/home/robin/MCAV/mcav_autoware_sensor_kit_launch/install/twizy_sensor_kit_description/share/twizy_sensor_kit_description/package.sh'
[1.365s] INFO:colcon.colcon_core.shell:Creating package script '/home/robin/MCAV/mcav_autoware_sensor_kit_launch/install/twizy_sensor_kit_description/share/twizy_sensor_kit_description/package.bash'
[1.365s] INFO:colcon.colcon_core.shell:Creating package script '/home/robin/MCAV/mcav_autoware_sensor_kit_launch/install/twizy_sensor_kit_description/share/twizy_sensor_kit_description/package.zsh'
[1.365s] Level 1:colcon.colcon_core.environment:create_file_with_runtime_dependencies(/home/robin/MCAV/mcav_autoware_sensor_kit_launch/install/twizy_sensor_kit_description/share/colcon-core/packages/twizy_sensor_kit_description)
[1.369s] Level 1:colcon.colcon_core.environment:create_environment_scripts_only(common_sensor_launch)
[1.370s] Level 1:colcon.colcon_core.environment:checking '/home/robin/MCAV/mcav_autoware_sensor_kit_launch/install/common_sensor_launch' for CMake module files
[1.371s] Level 1:colcon.colcon_core.environment:checking '/home/robin/MCAV/mcav_autoware_sensor_kit_launch/install/common_sensor_launch' for CMake config files
[1.371s] Level 1:colcon.colcon_core.shell:create_environment_hook('common_sensor_launch', 'cmake_prefix_path')
[1.372s] INFO:colcon.colcon_core.shell:Creating environment hook '/home/robin/MCAV/mcav_autoware_sensor_kit_launch/install/common_sensor_launch/share/common_sensor_launch/hook/cmake_prefix_path.ps1'
[1.372s] INFO:colcon.colcon_core.shell:Creating environment descriptor '/home/robin/MCAV/mcav_autoware_sensor_kit_launch/install/common_sensor_launch/share/common_sensor_launch/hook/cmake_prefix_path.dsv'
[1.372s] INFO:colcon.colcon_core.shell:Creating environment hook '/home/robin/MCAV/mcav_autoware_sensor_kit_launch/install/common_sensor_launch/share/common_sensor_launch/hook/cmake_prefix_path.sh'
[1.372s] Level 1:colcon.colcon_core.environment:checking '/home/robin/MCAV/mcav_autoware_sensor_kit_launch/install/common_sensor_launch/bin'
[1.372s] Level 1:colcon.colcon_core.environment:checking '/home/robin/MCAV/mcav_autoware_sensor_kit_launch/install/common_sensor_launch/lib/pkgconfig/common_sensor_launch.pc'
[1.373s] Level 1:colcon.colcon_core.environment:checking '/home/robin/MCAV/mcav_autoware_sensor_kit_launch/install/common_sensor_launch/lib/python3.10/site-packages'
[1.373s] Level 1:colcon.colcon_core.environment:checking '/home/robin/MCAV/mcav_autoware_sensor_kit_launch/install/common_sensor_launch/bin'
[1.374s] INFO:colcon.colcon_core.shell:Creating package script '/home/robin/MCAV/mcav_autoware_sensor_kit_launch/install/common_sensor_launch/share/common_sensor_launch/package.ps1'
[1.374s] INFO:colcon.colcon_core.shell:Creating package descriptor '/home/robin/MCAV/mcav_autoware_sensor_kit_launch/install/common_sensor_launch/share/common_sensor_launch/package.dsv'
[1.374s] INFO:colcon.colcon_core.shell:Creating package script '/home/robin/MCAV/mcav_autoware_sensor_kit_launch/install/common_sensor_launch/share/common_sensor_launch/package.sh'
[1.374s] INFO:colcon.colcon_core.shell:Creating package script '/home/robin/MCAV/mcav_autoware_sensor_kit_launch/install/common_sensor_launch/share/common_sensor_launch/package.bash'
[1.375s] INFO:colcon.colcon_core.shell:Creating package script '/home/robin/MCAV/mcav_autoware_sensor_kit_launch/install/common_sensor_launch/share/common_sensor_launch/package.zsh'
[1.375s] Level 1:colcon.colcon_core.environment:create_file_with_runtime_dependencies(/home/robin/MCAV/mcav_autoware_sensor_kit_launch/install/common_sensor_launch/share/colcon-core/packages/common_sensor_launch)
[1.375s] INFO:colcon.colcon_ros.task.ament_cmake.build:Building ROS package in '/home/robin/MCAV/mcav_autoware_sensor_kit_launch/twizy_sensor_kit_launch' with build type 'ament_cmake'
[1.375s] INFO:colcon.colcon_cmake.task.cmake.build:Building CMake package in '/home/robin/MCAV/mcav_autoware_sensor_kit_launch/twizy_sensor_kit_launch'
[1.377s] INFO:colcon.colcon_core.shell:Skip shell extension 'powershell' for command environment: Not usable outside of PowerShell
[1.377s] DEBUG:colcon.colcon_core.shell:Skip shell extension 'dsv' for command environment
[1.604s] DEBUG:colcon.colcon_core.event_handler.log_command:Invoking command in '/home/robin/MCAV/mcav_autoware_sensor_kit_launch/build/twizy_sensor_kit_launch': AMENT_PREFIX_PATH=/home/robin/MCAV/mcav_autoware_sensor_kit_launch/install/common_sensor_launch:${AMENT_PREFIX_PATH} CMAKE_PREFIX_PATH=/home/robin/MCAV/mcav_autoware_sensor_kit_launch/install/common_sensor_launch:/opt/ros/humble /usr/bin/cmake --build /home/robin/MCAV/mcav_autoware_sensor_kit_launch/build/twizy_sensor_kit_launch -- -j20 -l20
[1.640s] DEBUG:colcon.colcon_core.event_handler.log_command:Invoked command in '/home/robin/MCAV/mcav_autoware_sensor_kit_launch/build/twizy_sensor_kit_launch' returned '0': AMENT_PREFIX_PATH=/home/robin/MCAV/mcav_autoware_sensor_kit_launch/install/common_sensor_launch:${AMENT_PREFIX_PATH} CMAKE_PREFIX_PATH=/home/robin/MCAV/mcav_autoware_sensor_kit_launch/install/common_sensor_launch:/opt/ros/humble /usr/bin/cmake --build /home/robin/MCAV/mcav_autoware_sensor_kit_launch/build/twizy_sensor_kit_launch -- -j20 -l20
[1.662s] DEBUG:colcon.colcon_core.event_handler.log_command:Invoking command in '/home/robin/MCAV/mcav_autoware_sensor_kit_launch/build/twizy_sensor_kit_launch': AMENT_PREFIX_PATH=/home/robin/MCAV/mcav_autoware_sensor_kit_launch/install/common_sensor_launch:${AMENT_PREFIX_PATH} CMAKE_PREFIX_PATH=/home/robin/MCAV/mcav_autoware_sensor_kit_launch/install/common_sensor_launch:/opt/ros/humble /usr/bin/cmake --install /home/robin/MCAV/mcav_autoware_sensor_kit_launch/build/twizy_sensor_kit_launch
[1.677s] Level 1:colcon.colcon_core.environment:create_environment_scripts_only(twizy_sensor_kit_launch)
[1.679s] Level 1:colcon.colcon_core.environment:checking '/home/robin/MCAV/mcav_autoware_sensor_kit_launch/install/twizy_sensor_kit_launch' for CMake module files
[1.679s] DEBUG:colcon.colcon_core.event_handler.log_command:Invoked command in '/home/robin/MCAV/mcav_autoware_sensor_kit_launch/build/twizy_sensor_kit_launch' returned '0': AMENT_PREFIX_PATH=/home/robin/MCAV/mcav_autoware_sensor_kit_launch/install/common_sensor_launch:${AMENT_PREFIX_PATH} CMAKE_PREFIX_PATH=/home/robin/MCAV/mcav_autoware_sensor_kit_launch/install/common_sensor_launch:/opt/ros/humble /usr/bin/cmake --install /home/robin/MCAV/mcav_autoware_sensor_kit_launch/build/twizy_sensor_kit_launch
[1.680s] Level 1:colcon.colcon_core.environment:checking '/home/robin/MCAV/mcav_autoware_sensor_kit_launch/install/twizy_sensor_kit_launch' for CMake config files
[1.680s] Level 1:colcon.colcon_core.shell:create_environment_hook('twizy_sensor_kit_launch', 'cmake_prefix_path')
[1.681s] INFO:colcon.colcon_core.shell:Creating environment hook '/home/robin/MCAV/mcav_autoware_sensor_kit_launch/install/twizy_sensor_kit_launch/share/twizy_sensor_kit_launch/hook/cmake_prefix_path.ps1'
[1.682s] INFO:colcon.colcon_core.shell:Creating environment descriptor '/home/robin/MCAV/mcav_autoware_sensor_kit_launch/install/twizy_sensor_kit_launch/share/twizy_sensor_kit_launch/hook/cmake_prefix_path.dsv'
[1.682s] INFO:colcon.colcon_core.shell:Creating environment hook '/home/robin/MCAV/mcav_autoware_sensor_kit_launch/install/twizy_sensor_kit_launch/share/twizy_sensor_kit_launch/hook/cmake_prefix_path.sh'
[1.682s] Level 1:colcon.colcon_core.environment:checking '/home/robin/MCAV/mcav_autoware_sensor_kit_launch/install/twizy_sensor_kit_launch/bin'
[1.682s] Level 1:colcon.colcon_core.environment:checking '/home/robin/MCAV/mcav_autoware_sensor_kit_launch/install/twizy_sensor_kit_launch/lib/pkgconfig/twizy_sensor_kit_launch.pc'
[1.682s] Level 1:colcon.colcon_core.environment:checking '/home/robin/MCAV/mcav_autoware_sensor_kit_launch/install/twizy_sensor_kit_launch/lib/python3.10/site-packages'
[1.683s] Level 1:colcon.colcon_core.environment:checking '/home/robin/MCAV/mcav_autoware_sensor_kit_launch/install/twizy_sensor_kit_launch/bin'
[1.683s] INFO:colcon.colcon_core.shell:Creating package script '/home/robin/MCAV/mcav_autoware_sensor_kit_launch/install/twizy_sensor_kit_launch/share/twizy_sensor_kit_launch/package.ps1'
[1.684s] INFO:colcon.colcon_core.shell:Creating package descriptor '/home/robin/MCAV/mcav_autoware_sensor_kit_launch/install/twizy_sensor_kit_launch/share/twizy_sensor_kit_launch/package.dsv'
[1.684s] INFO:colcon.colcon_core.shell:Creating package script '/home/robin/MCAV/mcav_autoware_sensor_kit_launch/install/twizy_sensor_kit_launch/share/twizy_sensor_kit_launch/package.sh'
[1.684s] INFO:colcon.colcon_core.shell:Creating package script '/home/robin/MCAV/mcav_autoware_sensor_kit_launch/install/twizy_sensor_kit_launch/share/twizy_sensor_kit_launch/package.bash'
[1.685s] INFO:colcon.colcon_core.shell:Creating package script '/home/robin/MCAV/mcav_autoware_sensor_kit_launch/install/twizy_sensor_kit_launch/share/twizy_sensor_kit_launch/package.zsh'
[1.685s] Level 1:colcon.colcon_core.environment:create_file_with_runtime_dependencies(/home/robin/MCAV/mcav_autoware_sensor_kit_launch/install/twizy_sensor_kit_launch/share/colcon-core/packages/twizy_sensor_kit_launch)
[1.703s] Level 1:colcon.colcon_core.environment:create_environment_scripts_only(twizy_sensor_kit_launch)
[1.704s] Level 1:colcon.colcon_core.environment:checking '/home/robin/MCAV/mcav_autoware_sensor_kit_launch/install/twizy_sensor_kit_launch' for CMake module files
[1.704s] Level 1:colcon.colcon_core.environment:checking '/home/robin/MCAV/mcav_autoware_sensor_kit_launch/install/twizy_sensor_kit_launch' for CMake config files
[1.705s] Level 1:colcon.colcon_core.shell:create_environment_hook('twizy_sensor_kit_launch', 'cmake_prefix_path')
[1.706s] INFO:colcon.colcon_core.shell:Creating environment hook '/home/robin/MCAV/mcav_autoware_sensor_kit_launch/install/twizy_sensor_kit_launch/share/twizy_sensor_kit_launch/hook/cmake_prefix_path.ps1'
[1.706s] INFO:colcon.colcon_core.shell:Creating environment descriptor '/home/robin/MCAV/mcav_autoware_sensor_kit_launch/install/twizy_sensor_kit_launch/share/twizy_sensor_kit_launch/hook/cmake_prefix_path.dsv'
[1.706s] INFO:colcon.colcon_core.shell:Creating environment hook '/home/robin/MCAV/mcav_autoware_sensor_kit_launch/install/twizy_sensor_kit_launch/share/twizy_sensor_kit_launch/hook/cmake_prefix_path.sh'
[1.707s] Level 1:colcon.colcon_core.environment:checking '/home/robin/MCAV/mcav_autoware_sensor_kit_launch/install/twizy_sensor_kit_launch/bin'
[1.707s] Level 1:colcon.colcon_core.environment:checking '/home/robin/MCAV/mcav_autoware_sensor_kit_launch/install/twizy_sensor_kit_launch/lib/pkgconfig/twizy_sensor_kit_launch.pc'
[1.707s] Level 1:colcon.colcon_core.environment:checking '/home/robin/MCAV/mcav_autoware_sensor_kit_launch/install/twizy_sensor_kit_launch/lib/python3.10/site-packages'
[1.708s] Level 1:colcon.colcon_core.environment:checking '/home/robin/MCAV/mcav_autoware_sensor_kit_launch/install/twizy_sensor_kit_launch/bin'
[1.709s] INFO:colcon.colcon_core.shell:Creating package script '/home/robin/MCAV/mcav_autoware_sensor_kit_launch/install/twizy_sensor_kit_launch/share/twizy_sensor_kit_launch/package.ps1'
[1.710s] INFO:colcon.colcon_core.shell:Creating package descriptor '/home/robin/MCAV/mcav_autoware_sensor_kit_launch/install/twizy_sensor_kit_launch/share/twizy_sensor_kit_launch/package.dsv'
[1.710s] INFO:colcon.colcon_core.shell:Creating package script '/home/robin/MCAV/mcav_autoware_sensor_kit_launch/install/twizy_sensor_kit_launch/share/twizy_sensor_kit_launch/package.sh'
[1.710s] INFO:colcon.colcon_core.shell:Creating package script '/home/robin/MCAV/mcav_autoware_sensor_kit_launch/install/twizy_sensor_kit_launch/share/twizy_sensor_kit_launch/package.bash'
[1.711s] INFO:colcon.colcon_core.shell:Creating package script '/home/robin/MCAV/mcav_autoware_sensor_kit_launch/install/twizy_sensor_kit_launch/share/twizy_sensor_kit_launch/package.zsh'
[1.711s] Level 1:colcon.colcon_core.environment:create_file_with_runtime_dependencies(/home/robin/MCAV/mcav_autoware_sensor_kit_launch/install/twizy_sensor_kit_launch/share/colcon-core/packages/twizy_sensor_kit_launch)
[1.711s] DEBUG:colcon.colcon_parallel_executor.executor.parallel:closing loop
[1.712s] DEBUG:colcon.colcon_parallel_executor.executor.parallel:loop closed
[1.712s] DEBUG:colcon.colcon_parallel_executor.executor.parallel:run_until_complete finished with '0'
[1.712s] DEBUG:colcon.colcon_core.event_reactor:joining thread
[1.728s] INFO:colcon.colcon_core.plugin_system:Skipping extension 'colcon_notification.desktop_notification.terminal_notifier': Not used on non-Darwin systems
[1.728s] INFO:colcon.colcon_core.plugin_system:Skipping extension 'colcon_notification.desktop_notification.win32': Not used on non-Windows systems
[1.728s] INFO:colcon.colcon_notification.desktop_notification:Sending desktop notification using 'notify2'
[1.778s] DEBUG:colcon.colcon_core.event_reactor:joined thread
[1.779s] INFO:colcon.colcon_core.shell:Creating prefix script '/home/robin/MCAV/mcav_autoware_sensor_kit_launch/install/local_setup.ps1'
[1.780s] INFO:colcon.colcon_core.shell:Creating prefix util module '/home/robin/MCAV/mcav_autoware_sensor_kit_launch/install/_local_setup_util_ps1.py'
[1.781s] INFO:colcon.colcon_core.shell:Creating prefix chain script '/home/robin/MCAV/mcav_autoware_sensor_kit_launch/install/setup.ps1'
[1.782s] INFO:colcon.colcon_core.shell:Creating prefix script '/home/robin/MCAV/mcav_autoware_sensor_kit_launch/install/local_setup.sh'
[1.783s] INFO:colcon.colcon_core.shell:Creating prefix util module '/home/robin/MCAV/mcav_autoware_sensor_kit_launch/install/_local_setup_util_sh.py'
[1.783s] INFO:colcon.colcon_core.shell:Creating prefix chain script '/home/robin/MCAV/mcav_autoware_sensor_kit_launch/install/setup.sh'
[1.784s] INFO:colcon.colcon_core.shell:Creating prefix script '/home/robin/MCAV/mcav_autoware_sensor_kit_launch/install/local_setup.bash'
[1.784s] INFO:colcon.colcon_core.shell:Creating prefix chain script '/home/robin/MCAV/mcav_autoware_sensor_kit_launch/install/setup.bash'
[1.786s] INFO:colcon.colcon_core.shell:Creating prefix script '/home/robin/MCAV/mcav_autoware_sensor_kit_launch/install/local_setup.zsh'
[1.786s] INFO:colcon.colcon_core.shell:Creating prefix chain script '/home/robin/MCAV/mcav_autoware_sensor_kit_launch/install/setup.zsh'
