[0.016s] Invoking command in '/home/robin/MCAV/mcav_autoware_sensor_kit_launch/build/twizy_sensor_kit_description': CMAKE_PREFIX_PATH=/opt/ros/humble /usr/bin/cmake --build /home/robin/MCAV/mcav_autoware_sensor_kit_launch/build/twizy_sensor_kit_description -- -j20 -l20
[0.066s] Invoked command in '/home/robin/MCAV/mcav_autoware_sensor_kit_launch/build/twizy_sensor_kit_description' returned '0': CMAKE_PREFIX_PATH=/opt/ros/humble /usr/bin/cmake --build /home/robin/MCAV/mcav_autoware_sensor_kit_launch/build/twizy_sensor_kit_description -- -j20 -l20
[0.089s] Invoking command in '/home/robin/MCAV/mcav_autoware_sensor_kit_launch/build/twizy_sensor_kit_description': CMAKE_PREFIX_PATH=/opt/ros/humble /usr/bin/cmake --install /home/robin/MCAV/mcav_autoware_sensor_kit_launch/build/twizy_sensor_kit_description
[0.094s] -- Install configuration: "Release"
[0.095s] -- Execute custom install script
[0.096s] -- Up-to-date symlink: /home/robin/MCAV/mcav_autoware_sensor_kit_launch/install/twizy_sensor_kit_description/share/twizy_sensor_kit_description/urdf/sensor_kit.xacro
[0.096s] -- Up-to-date symlink: /home/robin/MCAV/mcav_autoware_sensor_kit_launch/install/twizy_sensor_kit_description/share/twizy_sensor_kit_description/urdf/sensors.xacro
[0.096s] -- Up-to-date symlink: /home/robin/MCAV/mcav_autoware_sensor_kit_launch/install/twizy_sensor_kit_description/share/twizy_sensor_kit_description/config/sensor_kit_calibration.yaml
[0.096s] -- Up-to-date symlink: /home/robin/MCAV/mcav_autoware_sensor_kit_launch/install/twizy_sensor_kit_description/share/twizy_sensor_kit_description/config/sensors_calibration.yaml
[0.097s] -- Up-to-date symlink: /home/robin/MCAV/mcav_autoware_sensor_kit_launch/install/twizy_sensor_kit_description/share/ament_index/resource_index/package_run_dependencies/twizy_sensor_kit_description
[0.097s] -- Up-to-date symlink: /home/robin/MCAV/mcav_autoware_sensor_kit_launch/install/twizy_sensor_kit_description/share/ament_index/resource_index/parent_prefix_path/twizy_sensor_kit_description
[0.097s] -- Up-to-date symlink: /home/robin/MCAV/mcav_autoware_sensor_kit_launch/install/twizy_sensor_kit_description/share/twizy_sensor_kit_description/environment/ament_prefix_path.sh
[0.097s] -- Up-to-date symlink: /home/robin/MCAV/mcav_autoware_sensor_kit_launch/install/twizy_sensor_kit_description/share/twizy_sensor_kit_description/environment/ament_prefix_path.dsv
[0.097s] -- Up-to-date symlink: /home/robin/MCAV/mcav_autoware_sensor_kit_launch/install/twizy_sensor_kit_description/share/twizy_sensor_kit_description/environment/path.sh
[0.097s] -- Up-to-date symlink: /home/robin/MCAV/mcav_autoware_sensor_kit_launch/install/twizy_sensor_kit_description/share/twizy_sensor_kit_description/environment/path.dsv
[0.098s] -- Up-to-date symlink: /home/robin/MCAV/mcav_autoware_sensor_kit_launch/install/twizy_sensor_kit_description/share/twizy_sensor_kit_description/local_setup.bash
[0.098s] -- Up-to-date symlink: /home/robin/MCAV/mcav_autoware_sensor_kit_launch/install/twizy_sensor_kit_description/share/twizy_sensor_kit_description/local_setup.sh
[0.098s] -- Up-to-date symlink: /home/robin/MCAV/mcav_autoware_sensor_kit_launch/install/twizy_sensor_kit_description/share/twizy_sensor_kit_description/local_setup.zsh
[0.098s] -- Up-to-date symlink: /home/robin/MCAV/mcav_autoware_sensor_kit_launch/install/twizy_sensor_kit_description/share/twizy_sensor_kit_description/local_setup.dsv
[0.098s] -- Symlinking: /home/robin/MCAV/mcav_autoware_sensor_kit_launch/install/twizy_sensor_kit_description/share/twizy_sensor_kit_description/package.dsv
[0.106s] -- Up-to-date symlink: /home/robin/MCAV/mcav_autoware_sensor_kit_launch/install/twizy_sensor_kit_description/share/ament_index/resource_index/packages/twizy_sensor_kit_description
[0.106s] -- Up-to-date symlink: /home/robin/MCAV/mcav_autoware_sensor_kit_launch/install/twizy_sensor_kit_description/share/twizy_sensor_kit_description/cmake/twizy_sensor_kit_descriptionConfig.cmake
[0.106s] -- Up-to-date symlink: /home/robin/MCAV/mcav_autoware_sensor_kit_launch/install/twizy_sensor_kit_description/share/twizy_sensor_kit_description/cmake/twizy_sensor_kit_descriptionConfig-version.cmake
[0.107s] -- Up-to-date symlink: /home/robin/MCAV/mcav_autoware_sensor_kit_launch/install/twizy_sensor_kit_description/share/twizy_sensor_kit_description/package.xml
[0.109s] Invoked command in '/home/robin/MCAV/mcav_autoware_sensor_kit_launch/build/twizy_sensor_kit_description' returned '0': CMAKE_PREFIX_PATH=/opt/ros/humble /usr/bin/cmake --install /home/robin/MCAV/mcav_autoware_sensor_kit_launch/build/twizy_sensor_kit_description
