-- The C compiler identification is GNU 11.4.0
-- The CXX compiler identification is GNU 11.4.0
-- Detecting C compiler ABI info
-- Detecting C compiler ABI info - done
-- Check for working C compiler: /usr/bin/cc - skipped
-- Detecting C compile features
-- Detecting C compile features - done
-- Detecting CXX compiler ABI info
-- Detecting CXX compiler ABI info - done
-- Check for working CXX compiler: /usr/bin/c++ - skipped
-- Detecting CXX compile features
-- Detecting CXX compile features - done
-- Found ament_cmake_auto: 1.3.5 (/opt/ros/humble/share/ament_cmake_auto/cmake)
-- Found Python3: /usr/bin/python3.10 (found version "3.10.12") found components: Interpreter 
-- Override CMake install command with custom implementation using symlinks instead of copying resources
-- Configuring done
-- Generating done
-- Build files have been written to: /home/robin/MCAV/mcav_autoware_sensor_kit_launch/build/twizy_sensor_kit_description
-- Install configuration: "Release"
-- Execute custom install script
-- Symlinking: /home/robin/MCAV/mcav_autoware_sensor_kit_launch/install/twizy_sensor_kit_description/share/twizy_sensor_kit_description/urdf/sensor_kit.xacro
-- Symlinking: /home/robin/MCAV/mcav_autoware_sensor_kit_launch/install/twizy_sensor_kit_description/share/twizy_sensor_kit_description/urdf/sensors.xacro
-- Symlinking: /home/robin/MCAV/mcav_autoware_sensor_kit_launch/install/twizy_sensor_kit_description/share/twizy_sensor_kit_description/config/sensor_kit_calibration.yaml
-- Symlinking: /home/robin/MCAV/mcav_autoware_sensor_kit_launch/install/twizy_sensor_kit_description/share/twizy_sensor_kit_description/config/sensors_calibration.yaml
-- Up-to-date symlink: /home/robin/MCAV/mcav_autoware_sensor_kit_launch/install/twizy_sensor_kit_description/share/ament_index/resource_index/package_run_dependencies/twizy_sensor_kit_description
-- Up-to-date symlink: /home/robin/MCAV/mcav_autoware_sensor_kit_launch/install/twizy_sensor_kit_description/share/ament_index/resource_index/parent_prefix_path/twizy_sensor_kit_description
-- Up-to-date symlink: /home/robin/MCAV/mcav_autoware_sensor_kit_launch/install/twizy_sensor_kit_description/share/twizy_sensor_kit_description/environment/ament_prefix_path.sh
-- Up-to-date symlink: /home/robin/MCAV/mcav_autoware_sensor_kit_launch/install/twizy_sensor_kit_description/share/twizy_sensor_kit_description/environment/ament_prefix_path.dsv
-- Up-to-date symlink: /home/robin/MCAV/mcav_autoware_sensor_kit_launch/install/twizy_sensor_kit_description/share/twizy_sensor_kit_description/environment/path.sh
-- Up-to-date symlink: /home/robin/MCAV/mcav_autoware_sensor_kit_launch/install/twizy_sensor_kit_description/share/twizy_sensor_kit_description/environment/path.dsv
-- Up-to-date symlink: /home/robin/MCAV/mcav_autoware_sensor_kit_launch/install/twizy_sensor_kit_description/share/twizy_sensor_kit_description/local_setup.bash
-- Up-to-date symlink: /home/robin/MCAV/mcav_autoware_sensor_kit_launch/install/twizy_sensor_kit_description/share/twizy_sensor_kit_description/local_setup.sh
-- Up-to-date symlink: /home/robin/MCAV/mcav_autoware_sensor_kit_launch/install/twizy_sensor_kit_description/share/twizy_sensor_kit_description/local_setup.zsh
-- Up-to-date symlink: /home/robin/MCAV/mcav_autoware_sensor_kit_launch/install/twizy_sensor_kit_description/share/twizy_sensor_kit_description/local_setup.dsv
-- Symlinking: /home/robin/MCAV/mcav_autoware_sensor_kit_launch/install/twizy_sensor_kit_description/share/twizy_sensor_kit_description/package.dsv
-- Up-to-date symlink: /home/robin/MCAV/mcav_autoware_sensor_kit_launch/install/twizy_sensor_kit_description/share/ament_index/resource_index/packages/twizy_sensor_kit_description
-- Up-to-date symlink: /home/robin/MCAV/mcav_autoware_sensor_kit_launch/install/twizy_sensor_kit_description/share/twizy_sensor_kit_description/cmake/twizy_sensor_kit_descriptionConfig.cmake
-- Up-to-date symlink: /home/robin/MCAV/mcav_autoware_sensor_kit_launch/install/twizy_sensor_kit_description/share/twizy_sensor_kit_description/cmake/twizy_sensor_kit_descriptionConfig-version.cmake
-- Symlinking: /home/robin/MCAV/mcav_autoware_sensor_kit_launch/install/twizy_sensor_kit_description/share/twizy_sensor_kit_description/package.xml
