[0.551s] DEBUG:colcon:Command line arguments: ['/usr/bin/colcon', 'build', '--symlink-install', '--cmake-args', '-DCMAKE_BUILD_TYPE=Release', '--packages-up-to', 'twizy_sensor_kit_description', 'twizy_sensor_kit_launch']
[0.551s] DEBUG:colcon:Parsed command line arguments: Namespace(log_base=None, log_level=None, verb_name='build', build_base='build', install_base='install', merge_install=False, symlink_install=True, test_result_base=None, continue_on_error=False, executor='parallel', parallel_workers=20, event_handlers=None, ignore_user_meta=False, metas=['./colcon.meta'], base_paths=['.'], packages_ignore=None, packages_ignore_regex=None, paths=None, packages_up_to=['twizy_sensor_kit_description', 'twizy_sensor_kit_launch'], packages_up_to_regex=None, packages_above=None, packages_above_and_dependencies=None, packages_above_depth=None, packages_select_by_dep=None, packages_skip_by_dep=None, packages_skip_up_to=None, packages_select_build_failed=False, packages_skip_build_finished=False, packages_select_test_failures=False, packages_skip_test_passed=False, packages_select=None, packages_skip=None, packages_select_regex=None, packages_skip_regex=None, packages_start=None, packages_end=None, allow_overriding=[], cmake_args=['-DCMAKE_BUILD_TYPE=Release'], cmake_target=None, cmake_target_skip_unavailable=False, cmake_clean_cache=False, cmake_clean_first=False, cmake_force_configure=False, ament_cmake_args=None, catkin_cmake_args=None, catkin_skip_building_tests=False, verb_parser=<colcon_defaults.argument_parser.defaults.DefaultArgumentsDecorator object at 0x7f230f21f3a0>, verb_extension=<colcon_core.verb.build.BuildVerb object at 0x7f230fc20d30>, main=<bound method BuildVerb.main of <colcon_core.verb.build.BuildVerb object at 0x7f230fc20d30>>)
[0.569s] Level 1:colcon.colcon_core.package_discovery:discover_packages(colcon_meta) check parameters
[0.570s] Level 1:colcon.colcon_core.package_discovery:discover_packages(recursive) check parameters
[0.570s] Level 1:colcon.colcon_core.package_discovery:discover_packages(ignore) check parameters
[0.570s] Level 1:colcon.colcon_core.package_discovery:discover_packages(path) check parameters
[0.570s] Level 1:colcon.colcon_core.package_discovery:discover_packages(colcon_meta) discover
[0.570s] Level 1:colcon.colcon_core.package_discovery:discover_packages(recursive) discover
[0.570s] INFO:colcon.colcon_core.package_discovery:Crawling recursively for packages in '/home/robin/MCAV/mcav_autoware_sensor_kit_launch'
[0.570s] Level 1:colcon.colcon_core.package_identification:_identify(.) by extensions ['ignore', 'ignore_ament_install']
[0.570s] Level 1:colcon.colcon_core.package_identification:_identify(.) by extension 'ignore'
[0.570s] Level 1:colcon.colcon_core.package_identification:_identify(.) by extension 'ignore_ament_install'
[0.570s] Level 1:colcon.colcon_core.package_identification:_identify(.) by extensions ['colcon_pkg']
[0.570s] Level 1:colcon.colcon_core.package_identification:_identify(.) by extension 'colcon_pkg'
[0.570s] Level 1:colcon.colcon_core.package_identification:_identify(.) by extensions ['colcon_meta']
[0.570s] Level 1:colcon.colcon_core.package_identification:_identify(.) by extension 'colcon_meta'
[0.570s] Level 1:colcon.colcon_core.package_identification:_identify(.) by extensions ['ros']
[0.570s] Level 1:colcon.colcon_core.package_identification:_identify(.) by extension 'ros'
[0.580s] Level 1:colcon.colcon_core.package_identification:_identify(.) by extensions ['cmake', 'python']
[0.580s] Level 1:colcon.colcon_core.package_identification:_identify(.) by extension 'cmake'
[0.581s] Level 1:colcon.colcon_core.package_identification:_identify(.) by extension 'python'
[0.581s] Level 1:colcon.colcon_core.package_identification:_identify(.) by extensions ['python_setup_py']
[0.581s] Level 1:colcon.colcon_core.package_identification:_identify(.) by extension 'python_setup_py'
[0.581s] Level 1:colcon.colcon_core.package_identification:_identify(build) by extensions ['ignore', 'ignore_ament_install']
[0.581s] Level 1:colcon.colcon_core.package_identification:_identify(build) by extension 'ignore'
[0.581s] Level 1:colcon.colcon_core.package_identification:_identify(build) ignored
[0.581s] Level 1:colcon.colcon_core.package_identification:_identify(common_sensor_launch) by extensions ['ignore', 'ignore_ament_install']
[0.581s] Level 1:colcon.colcon_core.package_identification:_identify(common_sensor_launch) by extension 'ignore'
[0.581s] Level 1:colcon.colcon_core.package_identification:_identify(common_sensor_launch) by extension 'ignore_ament_install'
[0.581s] Level 1:colcon.colcon_core.package_identification:_identify(common_sensor_launch) by extensions ['colcon_pkg']
[0.581s] Level 1:colcon.colcon_core.package_identification:_identify(common_sensor_launch) by extension 'colcon_pkg'
[0.581s] Level 1:colcon.colcon_core.package_identification:_identify(common_sensor_launch) by extensions ['colcon_meta']
[0.581s] Level 1:colcon.colcon_core.package_identification:_identify(common_sensor_launch) by extension 'colcon_meta'
[0.581s] Level 1:colcon.colcon_core.package_identification:_identify(common_sensor_launch) by extensions ['ros']
[0.581s] Level 1:colcon.colcon_core.package_identification:_identify(common_sensor_launch) by extension 'ros'
[0.584s] DEBUG:colcon.colcon_core.package_identification:Package 'common_sensor_launch' with type 'ros.ament_cmake' and name 'common_sensor_launch'
[0.584s] Level 1:colcon.colcon_core.package_identification:_identify(install) by extensions ['ignore', 'ignore_ament_install']
[0.584s] Level 1:colcon.colcon_core.package_identification:_identify(install) by extension 'ignore'
[0.584s] Level 1:colcon.colcon_core.package_identification:_identify(install) ignored
[0.585s] Level 1:colcon.colcon_core.package_identification:_identify(log) by extensions ['ignore', 'ignore_ament_install']
[0.585s] Level 1:colcon.colcon_core.package_identification:_identify(log) by extension 'ignore'
[0.585s] Level 1:colcon.colcon_core.package_identification:_identify(log) ignored
[0.585s] Level 1:colcon.colcon_core.package_identification:_identify(sample_sensor_kit_description) by extensions ['ignore', 'ignore_ament_install']
[0.585s] Level 1:colcon.colcon_core.package_identification:_identify(sample_sensor_kit_description) by extension 'ignore'
[0.585s] Level 1:colcon.colcon_core.package_identification:_identify(sample_sensor_kit_description) by extension 'ignore_ament_install'
[0.585s] Level 1:colcon.colcon_core.package_identification:_identify(sample_sensor_kit_description) by extensions ['colcon_pkg']
[0.585s] Level 1:colcon.colcon_core.package_identification:_identify(sample_sensor_kit_description) by extension 'colcon_pkg'
[0.585s] Level 1:colcon.colcon_core.package_identification:_identify(sample_sensor_kit_description) by extensions ['colcon_meta']
[0.585s] Level 1:colcon.colcon_core.package_identification:_identify(sample_sensor_kit_description) by extension 'colcon_meta'
[0.585s] Level 1:colcon.colcon_core.package_identification:_identify(sample_sensor_kit_description) by extensions ['ros']
[0.585s] Level 1:colcon.colcon_core.package_identification:_identify(sample_sensor_kit_description) by extension 'ros'
[0.585s] DEBUG:colcon.colcon_core.package_identification:Package 'sample_sensor_kit_description' with type 'ros.ament_cmake' and name 'sample_sensor_kit_description'
[0.586s] Level 1:colcon.colcon_core.package_identification:_identify(sample_sensor_kit_launch) by extensions ['ignore', 'ignore_ament_install']
[0.586s] Level 1:colcon.colcon_core.package_identification:_identify(sample_sensor_kit_launch) by extension 'ignore'
[0.586s] Level 1:colcon.colcon_core.package_identification:_identify(sample_sensor_kit_launch) by extension 'ignore_ament_install'
[0.586s] Level 1:colcon.colcon_core.package_identification:_identify(sample_sensor_kit_launch) by extensions ['colcon_pkg']
[0.586s] Level 1:colcon.colcon_core.package_identification:_identify(sample_sensor_kit_launch) by extension 'colcon_pkg'
[0.586s] Level 1:colcon.colcon_core.package_identification:_identify(sample_sensor_kit_launch) by extensions ['colcon_meta']
[0.586s] Level 1:colcon.colcon_core.package_identification:_identify(sample_sensor_kit_launch) by extension 'colcon_meta'
[0.586s] Level 1:colcon.colcon_core.package_identification:_identify(sample_sensor_kit_launch) by extensions ['ros']
[0.586s] Level 1:colcon.colcon_core.package_identification:_identify(sample_sensor_kit_launch) by extension 'ros'
[0.586s] DEBUG:colcon.colcon_core.package_identification:Package 'sample_sensor_kit_launch' with type 'ros.ament_cmake' and name 'sample_sensor_kit_launch'
[0.586s] Level 1:colcon.colcon_core.package_identification:_identify(sensor_kit_description) by extensions ['ignore', 'ignore_ament_install']
[0.586s] Level 1:colcon.colcon_core.package_identification:_identify(sensor_kit_description) by extension 'ignore'
[0.586s] Level 1:colcon.colcon_core.package_identification:_identify(sensor_kit_description) by extension 'ignore_ament_install'
[0.586s] Level 1:colcon.colcon_core.package_identification:_identify(sensor_kit_description) by extensions ['colcon_pkg']
[0.586s] Level 1:colcon.colcon_core.package_identification:_identify(sensor_kit_description) by extension 'colcon_pkg'
[0.586s] Level 1:colcon.colcon_core.package_identification:_identify(sensor_kit_description) by extensions ['colcon_meta']
[0.586s] Level 1:colcon.colcon_core.package_identification:_identify(sensor_kit_description) by extension 'colcon_meta'
[0.587s] Level 1:colcon.colcon_core.package_identification:_identify(sensor_kit_description) by extensions ['ros']
[0.587s] Level 1:colcon.colcon_core.package_identification:_identify(sensor_kit_description) by extension 'ros'
[0.587s] Level 1:colcon.colcon_core.package_identification:_identify(sensor_kit_description) by extensions ['cmake', 'python']
[0.587s] Level 1:colcon.colcon_core.package_identification:_identify(sensor_kit_description) by extension 'cmake'
[0.587s] Level 1:colcon.colcon_core.package_identification:_identify(sensor_kit_description) by extension 'python'
[0.587s] Level 1:colcon.colcon_core.package_identification:_identify(sensor_kit_description) by extensions ['python_setup_py']
[0.587s] Level 1:colcon.colcon_core.package_identification:_identify(sensor_kit_description) by extension 'python_setup_py'
[0.587s] Level 1:colcon.colcon_core.package_identification:_identify(sensor_kit_description/AWSIM_sensor_description) by extensions ['ignore', 'ignore_ament_install']
[0.587s] Level 1:colcon.colcon_core.package_identification:_identify(sensor_kit_description/AWSIM_sensor_description) by extension 'ignore'
[0.587s] Level 1:colcon.colcon_core.package_identification:_identify(sensor_kit_description/AWSIM_sensor_description) by extension 'ignore_ament_install'
[0.587s] Level 1:colcon.colcon_core.package_identification:_identify(sensor_kit_description/AWSIM_sensor_description) by extensions ['colcon_pkg']
[0.587s] Level 1:colcon.colcon_core.package_identification:_identify(sensor_kit_description/AWSIM_sensor_description) by extension 'colcon_pkg'
[0.587s] Level 1:colcon.colcon_core.package_identification:_identify(sensor_kit_description/AWSIM_sensor_description) by extensions ['colcon_meta']
[0.587s] Level 1:colcon.colcon_core.package_identification:_identify(sensor_kit_description/AWSIM_sensor_description) by extension 'colcon_meta'
[0.587s] Level 1:colcon.colcon_core.package_identification:_identify(sensor_kit_description/AWSIM_sensor_description) by extensions ['ros']
[0.587s] Level 1:colcon.colcon_core.package_identification:_identify(sensor_kit_description/AWSIM_sensor_description) by extension 'ros'
[0.587s] Level 1:colcon.colcon_core.package_identification:_identify(sensor_kit_description/AWSIM_sensor_description) by extensions ['cmake', 'python']
[0.587s] Level 1:colcon.colcon_core.package_identification:_identify(sensor_kit_description/AWSIM_sensor_description) by extension 'cmake'
[0.587s] Level 1:colcon.colcon_core.package_identification:_identify(sensor_kit_description/AWSIM_sensor_description) by extension 'python'
[0.587s] Level 1:colcon.colcon_core.package_identification:_identify(sensor_kit_description/AWSIM_sensor_description) by extensions ['python_setup_py']
[0.587s] Level 1:colcon.colcon_core.package_identification:_identify(sensor_kit_description/AWSIM_sensor_description) by extension 'python_setup_py'
[0.587s] Level 1:colcon.colcon_core.package_identification:_identify(sensor_kit_description/AWSIM_sensor_description/AWSIM_sensor_description) by extensions ['ignore', 'ignore_ament_install']
[0.587s] Level 1:colcon.colcon_core.package_identification:_identify(sensor_kit_description/AWSIM_sensor_description/AWSIM_sensor_description) by extension 'ignore'
[0.587s] Level 1:colcon.colcon_core.package_identification:_identify(sensor_kit_description/AWSIM_sensor_description/AWSIM_sensor_description) by extension 'ignore_ament_install'
[0.587s] Level 1:colcon.colcon_core.package_identification:_identify(sensor_kit_description/AWSIM_sensor_description/AWSIM_sensor_description) by extensions ['colcon_pkg']
[0.587s] Level 1:colcon.colcon_core.package_identification:_identify(sensor_kit_description/AWSIM_sensor_description/AWSIM_sensor_description) by extension 'colcon_pkg'
[0.587s] Level 1:colcon.colcon_core.package_identification:_identify(sensor_kit_description/AWSIM_sensor_description/AWSIM_sensor_description) by extensions ['colcon_meta']
[0.587s] Level 1:colcon.colcon_core.package_identification:_identify(sensor_kit_description/AWSIM_sensor_description/AWSIM_sensor_description) by extension 'colcon_meta'
[0.587s] Level 1:colcon.colcon_core.package_identification:_identify(sensor_kit_description/AWSIM_sensor_description/AWSIM_sensor_description) by extensions ['ros']
[0.587s] Level 1:colcon.colcon_core.package_identification:_identify(sensor_kit_description/AWSIM_sensor_description/AWSIM_sensor_description) by extension 'ros'
[0.588s] DEBUG:colcon.colcon_core.package_identification:Package 'sensor_kit_description/AWSIM_sensor_description/AWSIM_sensor_description' with type 'ros.catkin' and name 'AWSIM_sensor_description'
[0.588s] Level 1:colcon.colcon_core.package_identification:_identify(sensor_kit_description/AWSIM_sensor_description/CARLA_sensor_description) by extensions ['ignore', 'ignore_ament_install']
[0.588s] Level 1:colcon.colcon_core.package_identification:_identify(sensor_kit_description/AWSIM_sensor_description/CARLA_sensor_description) by extension 'ignore'
[0.588s] Level 1:colcon.colcon_core.package_identification:_identify(sensor_kit_description/AWSIM_sensor_description/CARLA_sensor_description) by extension 'ignore_ament_install'
[0.588s] Level 1:colcon.colcon_core.package_identification:_identify(sensor_kit_description/AWSIM_sensor_description/CARLA_sensor_description) by extensions ['colcon_pkg']
[0.588s] Level 1:colcon.colcon_core.package_identification:_identify(sensor_kit_description/AWSIM_sensor_description/CARLA_sensor_description) by extension 'colcon_pkg'
[0.588s] Level 1:colcon.colcon_core.package_identification:_identify(sensor_kit_description/AWSIM_sensor_description/CARLA_sensor_description) by extensions ['colcon_meta']
[0.588s] Level 1:colcon.colcon_core.package_identification:_identify(sensor_kit_description/AWSIM_sensor_description/CARLA_sensor_description) by extension 'colcon_meta'
[0.588s] Level 1:colcon.colcon_core.package_identification:_identify(sensor_kit_description/AWSIM_sensor_description/CARLA_sensor_description) by extensions ['ros']
[0.588s] Level 1:colcon.colcon_core.package_identification:_identify(sensor_kit_description/AWSIM_sensor_description/CARLA_sensor_description) by extension 'ros'
[0.589s] DEBUG:colcon.colcon_core.package_identification:Package 'sensor_kit_description/AWSIM_sensor_description/CARLA_sensor_description' with type 'ros.catkin' and name 'CARLA_sensor_description'
[0.589s] Level 1:colcon.colcon_core.package_identification:_identify(sensor_kit_description/AWSIM_sensor_description/ENV200_sensor_description) by extensions ['ignore', 'ignore_ament_install']
[0.589s] Level 1:colcon.colcon_core.package_identification:_identify(sensor_kit_description/AWSIM_sensor_description/ENV200_sensor_description) by extension 'ignore'
[0.589s] Level 1:colcon.colcon_core.package_identification:_identify(sensor_kit_description/AWSIM_sensor_description/ENV200_sensor_description) by extension 'ignore_ament_install'
[0.589s] Level 1:colcon.colcon_core.package_identification:_identify(sensor_kit_description/AWSIM_sensor_description/ENV200_sensor_description) by extensions ['colcon_pkg']
[0.589s] Level 1:colcon.colcon_core.package_identification:_identify(sensor_kit_description/AWSIM_sensor_description/ENV200_sensor_description) by extension 'colcon_pkg'
[0.589s] Level 1:colcon.colcon_core.package_identification:_identify(sensor_kit_description/AWSIM_sensor_description/ENV200_sensor_description) by extensions ['colcon_meta']
[0.589s] Level 1:colcon.colcon_core.package_identification:_identify(sensor_kit_description/AWSIM_sensor_description/ENV200_sensor_description) by extension 'colcon_meta'
[0.589s] Level 1:colcon.colcon_core.package_identification:_identify(sensor_kit_description/AWSIM_sensor_description/ENV200_sensor_description) by extensions ['ros']
[0.589s] Level 1:colcon.colcon_core.package_identification:_identify(sensor_kit_description/AWSIM_sensor_description/ENV200_sensor_description) by extension 'ros'
[0.589s] DEBUG:colcon.colcon_core.package_identification:Package 'sensor_kit_description/AWSIM_sensor_description/ENV200_sensor_description' with type 'ros.catkin' and name 'ENV200_sensor_description'
[0.590s] Level 1:colcon.colcon_core.package_identification:_identify(sensor_kit_description/AWSIM_sensor_description/Twizy_sensor_description) by extensions ['ignore', 'ignore_ament_install']
[0.590s] Level 1:colcon.colcon_core.package_identification:_identify(sensor_kit_description/AWSIM_sensor_description/Twizy_sensor_description) by extension 'ignore'
[0.590s] Level 1:colcon.colcon_core.package_identification:_identify(sensor_kit_description/AWSIM_sensor_description/Twizy_sensor_description) by extension 'ignore_ament_install'
[0.590s] Level 1:colcon.colcon_core.package_identification:_identify(sensor_kit_description/AWSIM_sensor_description/Twizy_sensor_description) by extensions ['colcon_pkg']
[0.590s] Level 1:colcon.colcon_core.package_identification:_identify(sensor_kit_description/AWSIM_sensor_description/Twizy_sensor_description) by extension 'colcon_pkg'
[0.590s] Level 1:colcon.colcon_core.package_identification:_identify(sensor_kit_description/AWSIM_sensor_description/Twizy_sensor_description) by extensions ['colcon_meta']
[0.590s] Level 1:colcon.colcon_core.package_identification:_identify(sensor_kit_description/AWSIM_sensor_description/Twizy_sensor_description) by extension 'colcon_meta'
[0.590s] Level 1:colcon.colcon_core.package_identification:_identify(sensor_kit_description/AWSIM_sensor_description/Twizy_sensor_description) by extensions ['ros']
[0.590s] Level 1:colcon.colcon_core.package_identification:_identify(sensor_kit_description/AWSIM_sensor_description/Twizy_sensor_description) by extension 'ros'
[0.590s] DEBUG:colcon.colcon_core.package_identification:Package 'sensor_kit_description/AWSIM_sensor_description/Twizy_sensor_description' with type 'ros.catkin' and name 'Twizy_sensor_description'
[0.590s] Level 1:colcon.colcon_core.package_identification:_identify(sensor_kit_description/CARLA_sensor_description) by extensions ['ignore', 'ignore_ament_install']
[0.590s] Level 1:colcon.colcon_core.package_identification:_identify(sensor_kit_description/CARLA_sensor_description) by extension 'ignore'
[0.590s] Level 1:colcon.colcon_core.package_identification:_identify(sensor_kit_description/CARLA_sensor_description) by extension 'ignore_ament_install'
[0.590s] Level 1:colcon.colcon_core.package_identification:_identify(sensor_kit_description/CARLA_sensor_description) by extensions ['colcon_pkg']
[0.590s] Level 1:colcon.colcon_core.package_identification:_identify(sensor_kit_description/CARLA_sensor_description) by extension 'colcon_pkg'
[0.590s] Level 1:colcon.colcon_core.package_identification:_identify(sensor_kit_description/CARLA_sensor_description) by extensions ['colcon_meta']
[0.590s] Level 1:colcon.colcon_core.package_identification:_identify(sensor_kit_description/CARLA_sensor_description) by extension 'colcon_meta'
[0.590s] Level 1:colcon.colcon_core.package_identification:_identify(sensor_kit_description/CARLA_sensor_description) by extensions ['ros']
[0.591s] Level 1:colcon.colcon_core.package_identification:_identify(sensor_kit_description/CARLA_sensor_description) by extension 'ros'
[0.591s] Level 1:colcon.colcon_core.package_identification:_identify(sensor_kit_description/CARLA_sensor_description) by extensions ['cmake', 'python']
[0.591s] Level 1:colcon.colcon_core.package_identification:_identify(sensor_kit_description/CARLA_sensor_description) by extension 'cmake'
[0.591s] Level 1:colcon.colcon_core.package_identification:_identify(sensor_kit_description/CARLA_sensor_description) by extension 'python'
[0.591s] Level 1:colcon.colcon_core.package_identification:_identify(sensor_kit_description/CARLA_sensor_description) by extensions ['python_setup_py']
[0.591s] Level 1:colcon.colcon_core.package_identification:_identify(sensor_kit_description/CARLA_sensor_description) by extension 'python_setup_py'
[0.591s] Level 1:colcon.colcon_core.package_identification:_identify(sensor_kit_description/ENV200_sensor_description) by extensions ['ignore', 'ignore_ament_install']
[0.591s] Level 1:colcon.colcon_core.package_identification:_identify(sensor_kit_description/ENV200_sensor_description) by extension 'ignore'
[0.591s] Level 1:colcon.colcon_core.package_identification:_identify(sensor_kit_description/ENV200_sensor_description) by extension 'ignore_ament_install'
[0.591s] Level 1:colcon.colcon_core.package_identification:_identify(sensor_kit_description/ENV200_sensor_description) by extensions ['colcon_pkg']
[0.591s] Level 1:colcon.colcon_core.package_identification:_identify(sensor_kit_description/ENV200_sensor_description) by extension 'colcon_pkg'
[0.591s] Level 1:colcon.colcon_core.package_identification:_identify(sensor_kit_description/ENV200_sensor_description) by extensions ['colcon_meta']
[0.591s] Level 1:colcon.colcon_core.package_identification:_identify(sensor_kit_description/ENV200_sensor_description) by extension 'colcon_meta'
[0.591s] Level 1:colcon.colcon_core.package_identification:_identify(sensor_kit_description/ENV200_sensor_description) by extensions ['ros']
[0.591s] Level 1:colcon.colcon_core.package_identification:_identify(sensor_kit_description/ENV200_sensor_description) by extension 'ros'
[0.591s] Level 1:colcon.colcon_core.package_identification:_identify(sensor_kit_description/ENV200_sensor_description) by extensions ['cmake', 'python']
[0.591s] Level 1:colcon.colcon_core.package_identification:_identify(sensor_kit_description/ENV200_sensor_description) by extension 'cmake'
[0.591s] Level 1:colcon.colcon_core.package_identification:_identify(sensor_kit_description/ENV200_sensor_description) by extension 'python'
[0.591s] Level 1:colcon.colcon_core.package_identification:_identify(sensor_kit_description/ENV200_sensor_description) by extensions ['python_setup_py']
[0.591s] Level 1:colcon.colcon_core.package_identification:_identify(sensor_kit_description/ENV200_sensor_description) by extension 'python_setup_py'
[0.591s] Level 1:colcon.colcon_core.package_identification:_identify(sensor_kit_description/Twizy_sensor_description) by extensions ['ignore', 'ignore_ament_install']
[0.591s] Level 1:colcon.colcon_core.package_identification:_identify(sensor_kit_description/Twizy_sensor_description) by extension 'ignore'
[0.591s] Level 1:colcon.colcon_core.package_identification:_identify(sensor_kit_description/Twizy_sensor_description) by extension 'ignore_ament_install'
[0.591s] Level 1:colcon.colcon_core.package_identification:_identify(sensor_kit_description/Twizy_sensor_description) by extensions ['colcon_pkg']
[0.591s] Level 1:colcon.colcon_core.package_identification:_identify(sensor_kit_description/Twizy_sensor_description) by extension 'colcon_pkg'
[0.591s] Level 1:colcon.colcon_core.package_identification:_identify(sensor_kit_description/Twizy_sensor_description) by extensions ['colcon_meta']
[0.591s] Level 1:colcon.colcon_core.package_identification:_identify(sensor_kit_description/Twizy_sensor_description) by extension 'colcon_meta'
[0.591s] Level 1:colcon.colcon_core.package_identification:_identify(sensor_kit_description/Twizy_sensor_description) by extensions ['ros']
[0.591s] Level 1:colcon.colcon_core.package_identification:_identify(sensor_kit_description/Twizy_sensor_description) by extension 'ros'
[0.591s] Level 1:colcon.colcon_core.package_identification:_identify(sensor_kit_description/Twizy_sensor_description) by extensions ['cmake', 'python']
[0.591s] Level 1:colcon.colcon_core.package_identification:_identify(sensor_kit_description/Twizy_sensor_description) by extension 'cmake'
[0.592s] Level 1:colcon.colcon_core.package_identification:_identify(sensor_kit_description/Twizy_sensor_description) by extension 'python'
[0.592s] Level 1:colcon.colcon_core.package_identification:_identify(sensor_kit_description/Twizy_sensor_description) by extensions ['python_setup_py']
[0.592s] Level 1:colcon.colcon_core.package_identification:_identify(sensor_kit_description/Twizy_sensor_description) by extension 'python_setup_py'
[0.592s] Level 1:colcon.colcon_core.package_identification:_identify(sensor_kit_description/Twizy_sensor_description/config) by extensions ['ignore', 'ignore_ament_install']
[0.592s] Level 1:colcon.colcon_core.package_identification:_identify(sensor_kit_description/Twizy_sensor_description/config) by extension 'ignore'
[0.592s] Level 1:colcon.colcon_core.package_identification:_identify(sensor_kit_description/Twizy_sensor_description/config) by extension 'ignore_ament_install'
[0.592s] Level 1:colcon.colcon_core.package_identification:_identify(sensor_kit_description/Twizy_sensor_description/config) by extensions ['colcon_pkg']
[0.592s] Level 1:colcon.colcon_core.package_identification:_identify(sensor_kit_description/Twizy_sensor_description/config) by extension 'colcon_pkg'
[0.592s] Level 1:colcon.colcon_core.package_identification:_identify(sensor_kit_description/Twizy_sensor_description/config) by extensions ['colcon_meta']
[0.592s] Level 1:colcon.colcon_core.package_identification:_identify(sensor_kit_description/Twizy_sensor_description/config) by extension 'colcon_meta'
[0.592s] Level 1:colcon.colcon_core.package_identification:_identify(sensor_kit_description/Twizy_sensor_description/config) by extensions ['ros']
[0.592s] Level 1:colcon.colcon_core.package_identification:_identify(sensor_kit_description/Twizy_sensor_description/config) by extension 'ros'
[0.592s] Level 1:colcon.colcon_core.package_identification:_identify(sensor_kit_description/Twizy_sensor_description/config) by extensions ['cmake', 'python']
[0.592s] Level 1:colcon.colcon_core.package_identification:_identify(sensor_kit_description/Twizy_sensor_description/config) by extension 'cmake'
[0.592s] Level 1:colcon.colcon_core.package_identification:_identify(sensor_kit_description/Twizy_sensor_description/config) by extension 'python'
[0.592s] Level 1:colcon.colcon_core.package_identification:_identify(sensor_kit_description/Twizy_sensor_description/config) by extensions ['python_setup_py']
[0.592s] Level 1:colcon.colcon_core.package_identification:_identify(sensor_kit_description/Twizy_sensor_description/config) by extension 'python_setup_py'
[0.592s] Level 1:colcon.colcon_core.package_identification:_identify(sensor_kit_description/Twizy_sensor_description/urdf) by extensions ['ignore', 'ignore_ament_install']
[0.592s] Level 1:colcon.colcon_core.package_identification:_identify(sensor_kit_description/Twizy_sensor_description/urdf) by extension 'ignore'
[0.592s] Level 1:colcon.colcon_core.package_identification:_identify(sensor_kit_description/Twizy_sensor_description/urdf) by extension 'ignore_ament_install'
[0.592s] Level 1:colcon.colcon_core.package_identification:_identify(sensor_kit_description/Twizy_sensor_description/urdf) by extensions ['colcon_pkg']
[0.592s] Level 1:colcon.colcon_core.package_identification:_identify(sensor_kit_description/Twizy_sensor_description/urdf) by extension 'colcon_pkg'
[0.592s] Level 1:colcon.colcon_core.package_identification:_identify(sensor_kit_description/Twizy_sensor_description/urdf) by extensions ['colcon_meta']
[0.592s] Level 1:colcon.colcon_core.package_identification:_identify(sensor_kit_description/Twizy_sensor_description/urdf) by extension 'colcon_meta'
[0.592s] Level 1:colcon.colcon_core.package_identification:_identify(sensor_kit_description/Twizy_sensor_description/urdf) by extensions ['ros']
[0.592s] Level 1:colcon.colcon_core.package_identification:_identify(sensor_kit_description/Twizy_sensor_description/urdf) by extension 'ros'
[0.593s] Level 1:colcon.colcon_core.package_identification:_identify(sensor_kit_description/Twizy_sensor_description/urdf) by extensions ['cmake', 'python']
[0.593s] Level 1:colcon.colcon_core.package_identification:_identify(sensor_kit_description/Twizy_sensor_description/urdf) by extension 'cmake'
[0.593s] Level 1:colcon.colcon_core.package_identification:_identify(sensor_kit_description/Twizy_sensor_description/urdf) by extension 'python'
[0.593s] Level 1:colcon.colcon_core.package_identification:_identify(sensor_kit_description/Twizy_sensor_description/urdf) by extensions ['python_setup_py']
[0.593s] Level 1:colcon.colcon_core.package_identification:_identify(sensor_kit_description/Twizy_sensor_description/urdf) by extension 'python_setup_py'
[0.593s] Level 1:colcon.colcon_core.package_identification:_identify(sensor_kit_launch) by extensions ['ignore', 'ignore_ament_install']
[0.593s] Level 1:colcon.colcon_core.package_identification:_identify(sensor_kit_launch) by extension 'ignore'
[0.593s] Level 1:colcon.colcon_core.package_identification:_identify(sensor_kit_launch) by extension 'ignore_ament_install'
[0.593s] Level 1:colcon.colcon_core.package_identification:_identify(sensor_kit_launch) by extensions ['colcon_pkg']
[0.593s] Level 1:colcon.colcon_core.package_identification:_identify(sensor_kit_launch) by extension 'colcon_pkg'
[0.593s] Level 1:colcon.colcon_core.package_identification:_identify(sensor_kit_launch) by extensions ['colcon_meta']
[0.593s] Level 1:colcon.colcon_core.package_identification:_identify(sensor_kit_launch) by extension 'colcon_meta'
[0.593s] Level 1:colcon.colcon_core.package_identification:_identify(sensor_kit_launch) by extensions ['ros']
[0.593s] Level 1:colcon.colcon_core.package_identification:_identify(sensor_kit_launch) by extension 'ros'
[0.593s] Level 1:colcon.colcon_core.package_identification:_identify(sensor_kit_launch) by extensions ['cmake', 'python']
[0.593s] Level 1:colcon.colcon_core.package_identification:_identify(sensor_kit_launch) by extension 'cmake'
[0.593s] Level 1:colcon.colcon_core.package_identification:_identify(sensor_kit_launch) by extension 'python'
[0.593s] Level 1:colcon.colcon_core.package_identification:_identify(sensor_kit_launch) by extensions ['python_setup_py']
[0.593s] Level 1:colcon.colcon_core.package_identification:_identify(sensor_kit_launch) by extension 'python_setup_py'
[0.593s] Level 1:colcon.colcon_core.package_identification:_identify(sensor_kit_launch/AWSIM_sensor_launch) by extensions ['ignore', 'ignore_ament_install']
[0.593s] Level 1:colcon.colcon_core.package_identification:_identify(sensor_kit_launch/AWSIM_sensor_launch) by extension 'ignore'
[0.593s] Level 1:colcon.colcon_core.package_identification:_identify(sensor_kit_launch/AWSIM_sensor_launch) by extension 'ignore_ament_install'
[0.593s] Level 1:colcon.colcon_core.package_identification:_identify(sensor_kit_launch/AWSIM_sensor_launch) by extensions ['colcon_pkg']
[0.593s] Level 1:colcon.colcon_core.package_identification:_identify(sensor_kit_launch/AWSIM_sensor_launch) by extension 'colcon_pkg'
[0.593s] Level 1:colcon.colcon_core.package_identification:_identify(sensor_kit_launch/AWSIM_sensor_launch) by extensions ['colcon_meta']
[0.593s] Level 1:colcon.colcon_core.package_identification:_identify(sensor_kit_launch/AWSIM_sensor_launch) by extension 'colcon_meta'
[0.593s] Level 1:colcon.colcon_core.package_identification:_identify(sensor_kit_launch/AWSIM_sensor_launch) by extensions ['ros']
[0.593s] Level 1:colcon.colcon_core.package_identification:_identify(sensor_kit_launch/AWSIM_sensor_launch) by extension 'ros'
[0.594s] DEBUG:colcon.colcon_core.package_identification:Package 'sensor_kit_launch/AWSIM_sensor_launch' with type 'ros.catkin' and name 'AWSIM_sensor_launch'
[0.594s] Level 1:colcon.colcon_core.package_identification:_identify(sensor_kit_launch/CARLA_sensor_launch) by extensions ['ignore', 'ignore_ament_install']
[0.594s] Level 1:colcon.colcon_core.package_identification:_identify(sensor_kit_launch/CARLA_sensor_launch) by extension 'ignore'
[0.594s] Level 1:colcon.colcon_core.package_identification:_identify(sensor_kit_launch/CARLA_sensor_launch) by extension 'ignore_ament_install'
[0.594s] Level 1:colcon.colcon_core.package_identification:_identify(sensor_kit_launch/CARLA_sensor_launch) by extensions ['colcon_pkg']
[0.594s] Level 1:colcon.colcon_core.package_identification:_identify(sensor_kit_launch/CARLA_sensor_launch) by extension 'colcon_pkg'
[0.594s] Level 1:colcon.colcon_core.package_identification:_identify(sensor_kit_launch/CARLA_sensor_launch) by extensions ['colcon_meta']
[0.594s] Level 1:colcon.colcon_core.package_identification:_identify(sensor_kit_launch/CARLA_sensor_launch) by extension 'colcon_meta'
[0.594s] Level 1:colcon.colcon_core.package_identification:_identify(sensor_kit_launch/CARLA_sensor_launch) by extensions ['ros']
[0.594s] Level 1:colcon.colcon_core.package_identification:_identify(sensor_kit_launch/CARLA_sensor_launch) by extension 'ros'
[0.594s] DEBUG:colcon.colcon_core.package_identification:Package 'sensor_kit_launch/CARLA_sensor_launch' with type 'ros.catkin' and name 'CARLA_sensor_launch'
[0.594s] Level 1:colcon.colcon_core.package_identification:_identify(sensor_kit_launch/ENV200_sensor_launch) by extensions ['ignore', 'ignore_ament_install']
[0.595s] Level 1:colcon.colcon_core.package_identification:_identify(sensor_kit_launch/ENV200_sensor_launch) by extension 'ignore'
[0.595s] Level 1:colcon.colcon_core.package_identification:_identify(sensor_kit_launch/ENV200_sensor_launch) by extension 'ignore_ament_install'
[0.595s] Level 1:colcon.colcon_core.package_identification:_identify(sensor_kit_launch/ENV200_sensor_launch) by extensions ['colcon_pkg']
[0.595s] Level 1:colcon.colcon_core.package_identification:_identify(sensor_kit_launch/ENV200_sensor_launch) by extension 'colcon_pkg'
[0.595s] Level 1:colcon.colcon_core.package_identification:_identify(sensor_kit_launch/ENV200_sensor_launch) by extensions ['colcon_meta']
[0.595s] Level 1:colcon.colcon_core.package_identification:_identify(sensor_kit_launch/ENV200_sensor_launch) by extension 'colcon_meta'
[0.595s] Level 1:colcon.colcon_core.package_identification:_identify(sensor_kit_launch/ENV200_sensor_launch) by extensions ['ros']
[0.595s] Level 1:colcon.colcon_core.package_identification:_identify(sensor_kit_launch/ENV200_sensor_launch) by extension 'ros'
[0.595s] DEBUG:colcon.colcon_core.package_identification:Package 'sensor_kit_launch/ENV200_sensor_launch' with type 'ros.catkin' and name 'ENV200_sensor_launch'
[0.596s] Level 1:colcon.colcon_core.package_identification:_identify(sensor_kit_launch/Twizy_sensor_launch) by extensions ['ignore', 'ignore_ament_install']
[0.596s] Level 1:colcon.colcon_core.package_identification:_identify(sensor_kit_launch/Twizy_sensor_launch) by extension 'ignore'
[0.596s] Level 1:colcon.colcon_core.package_identification:_identify(sensor_kit_launch/Twizy_sensor_launch) by extension 'ignore_ament_install'
[0.596s] Level 1:colcon.colcon_core.package_identification:_identify(sensor_kit_launch/Twizy_sensor_launch) by extensions ['colcon_pkg']
[0.596s] Level 1:colcon.colcon_core.package_identification:_identify(sensor_kit_launch/Twizy_sensor_launch) by extension 'colcon_pkg'
[0.596s] Level 1:colcon.colcon_core.package_identification:_identify(sensor_kit_launch/Twizy_sensor_launch) by extensions ['colcon_meta']
[0.596s] Level 1:colcon.colcon_core.package_identification:_identify(sensor_kit_launch/Twizy_sensor_launch) by extension 'colcon_meta'
[0.596s] Level 1:colcon.colcon_core.package_identification:_identify(sensor_kit_launch/Twizy_sensor_launch) by extensions ['ros']
[0.596s] Level 1:colcon.colcon_core.package_identification:_identify(sensor_kit_launch/Twizy_sensor_launch) by extension 'ros'
[0.596s] DEBUG:colcon.colcon_core.package_identification:Package 'sensor_kit_launch/Twizy_sensor_launch' with type 'ros.catkin' and name 'Twizy_sensor_launch'
[0.596s] Level 1:colcon.colcon_core.package_identification:_identify(sensor_kit_launch/common_sensor_launch) by extensions ['ignore', 'ignore_ament_install']
[0.596s] Level 1:colcon.colcon_core.package_identification:_identify(sensor_kit_launch/common_sensor_launch) by extension 'ignore'
[0.596s] Level 1:colcon.colcon_core.package_identification:_identify(sensor_kit_launch/common_sensor_launch) by extension 'ignore_ament_install'
[0.596s] Level 1:colcon.colcon_core.package_identification:_identify(sensor_kit_launch/common_sensor_launch) by extensions ['colcon_pkg']
[0.596s] Level 1:colcon.colcon_core.package_identification:_identify(sensor_kit_launch/common_sensor_launch) by extension 'colcon_pkg'
[0.596s] Level 1:colcon.colcon_core.package_identification:_identify(sensor_kit_launch/common_sensor_launch) by extensions ['colcon_meta']
[0.597s] Level 1:colcon.colcon_core.package_identification:_identify(sensor_kit_launch/common_sensor_launch) by extension 'colcon_meta'
[0.597s] Level 1:colcon.colcon_core.package_identification:_identify(sensor_kit_launch/common_sensor_launch) by extensions ['ros']
[0.597s] Level 1:colcon.colcon_core.package_identification:_identify(sensor_kit_launch/common_sensor_launch) by extension 'ros'
[0.597s] DEBUG:colcon.colcon_core.package_identification:Package 'sensor_kit_launch/common_sensor_launch' with type 'ros.ament_cmake' and name 'common_sensor_launch'
[0.597s] Level 1:colcon.colcon_core.package_identification:_identify(twizy_sensor_description) by extensions ['ignore', 'ignore_ament_install']
[0.597s] Level 1:colcon.colcon_core.package_identification:_identify(twizy_sensor_description) by extension 'ignore'
[0.597s] Level 1:colcon.colcon_core.package_identification:_identify(twizy_sensor_description) by extension 'ignore_ament_install'
[0.597s] Level 1:colcon.colcon_core.package_identification:_identify(twizy_sensor_description) by extensions ['colcon_pkg']
[0.597s] Level 1:colcon.colcon_core.package_identification:_identify(twizy_sensor_description) by extension 'colcon_pkg'
[0.597s] Level 1:colcon.colcon_core.package_identification:_identify(twizy_sensor_description) by extensions ['colcon_meta']
[0.597s] Level 1:colcon.colcon_core.package_identification:_identify(twizy_sensor_description) by extension 'colcon_meta'
[0.597s] Level 1:colcon.colcon_core.package_identification:_identify(twizy_sensor_description) by extensions ['ros']
[0.597s] Level 1:colcon.colcon_core.package_identification:_identify(twizy_sensor_description) by extension 'ros'
[0.598s] DEBUG:colcon.colcon_core.package_identification:Package 'twizy_sensor_description' with type 'ros.ament_cmake' and name 'twizy_sensor_kit_description'
[0.598s] Level 1:colcon.colcon_core.package_identification:_identify(twizy_sensor_launch) by extensions ['ignore', 'ignore_ament_install']
[0.598s] Level 1:colcon.colcon_core.package_identification:_identify(twizy_sensor_launch) by extension 'ignore'
[0.598s] Level 1:colcon.colcon_core.package_identification:_identify(twizy_sensor_launch) by extension 'ignore_ament_install'
[0.598s] Level 1:colcon.colcon_core.package_identification:_identify(twizy_sensor_launch) by extensions ['colcon_pkg']
[0.598s] Level 1:colcon.colcon_core.package_identification:_identify(twizy_sensor_launch) by extension 'colcon_pkg'
[0.598s] Level 1:colcon.colcon_core.package_identification:_identify(twizy_sensor_launch) by extensions ['colcon_meta']
[0.598s] Level 1:colcon.colcon_core.package_identification:_identify(twizy_sensor_launch) by extension 'colcon_meta'
[0.598s] Level 1:colcon.colcon_core.package_identification:_identify(twizy_sensor_launch) by extensions ['ros']
[0.598s] Level 1:colcon.colcon_core.package_identification:_identify(twizy_sensor_launch) by extension 'ros'
[0.598s] DEBUG:colcon.colcon_core.package_identification:Package 'twizy_sensor_launch' with type 'ros.ament_cmake' and name 'sample_sensor_kit_launch'
[0.598s] Level 1:colcon.colcon_core.package_discovery:discover_packages(recursive) using defaults
[0.598s] Level 1:colcon.colcon_core.package_discovery:discover_packages(ignore) discover
[0.598s] Level 1:colcon.colcon_core.package_discovery:discover_packages(ignore) using defaults
[0.598s] Level 1:colcon.colcon_core.package_discovery:discover_packages(path) discover
[0.598s] Level 1:colcon.colcon_core.package_discovery:discover_packages(path) using defaults
