[0.519s] DEBUG:colcon:Command line arguments: ['/usr/bin/colcon', 'build', '--symlink-install', '--cmake-args', '-DCMAKE_BUILD_TYPE=Release', '--packages-up-to', 'twizy_sensor_kit_description', 'twizy_sensor_kit_launch']
[0.519s] DEBUG:colcon:Parsed command line arguments: Namespace(log_base=None, log_level=None, verb_name='build', build_base='build', install_base='install', merge_install=False, symlink_install=True, test_result_base=None, continue_on_error=False, executor='parallel', parallel_workers=20, event_handlers=None, ignore_user_meta=False, metas=['./colcon.meta'], base_paths=['.'], packages_ignore=None, packages_ignore_regex=None, paths=None, packages_up_to=['twizy_sensor_kit_description', 'twizy_sensor_kit_launch'], packages_up_to_regex=None, packages_above=None, packages_above_and_dependencies=None, packages_above_depth=None, packages_select_by_dep=None, packages_skip_by_dep=None, packages_skip_up_to=None, packages_select_build_failed=False, packages_skip_build_finished=False, packages_select_test_failures=False, packages_skip_test_passed=False, packages_select=None, packages_skip=None, packages_select_regex=None, packages_skip_regex=None, packages_start=None, packages_end=None, allow_overriding=[], cmake_args=['-DCMAKE_BUILD_TYPE=Release'], cmake_target=None, cmake_target_skip_unavailable=False, cmake_clean_cache=False, cmake_clean_first=False, cmake_force_configure=False, ament_cmake_args=None, catkin_cmake_args=None, catkin_skip_building_tests=False, verb_parser=<colcon_defaults.argument_parser.defaults.DefaultArgumentsDecorator object at 0x7f160e3b3700>, verb_extension=<colcon_core.verb.build.BuildVerb object at 0x7f160edbbe50>, main=<bound method BuildVerb.main of <colcon_core.verb.build.BuildVerb object at 0x7f160edbbe50>>)
[0.542s] Level 1:colcon.colcon_core.package_discovery:discover_packages(colcon_meta) check parameters
[0.542s] Level 1:colcon.colcon_core.package_discovery:discover_packages(recursive) check parameters
[0.542s] Level 1:colcon.colcon_core.package_discovery:discover_packages(ignore) check parameters
[0.542s] Level 1:colcon.colcon_core.package_discovery:discover_packages(path) check parameters
[0.542s] Level 1:colcon.colcon_core.package_discovery:discover_packages(colcon_meta) discover
[0.542s] Level 1:colcon.colcon_core.package_discovery:discover_packages(recursive) discover
[0.542s] INFO:colcon.colcon_core.package_discovery:Crawling recursively for packages in '/home/robin/MCAV/mcav_autoware_sensor_kit_launch'
[0.543s] Level 1:colcon.colcon_core.package_identification:_identify(.) by extensions ['ignore', 'ignore_ament_install']
[0.543s] Level 1:colcon.colcon_core.package_identification:_identify(.) by extension 'ignore'
[0.543s] Level 1:colcon.colcon_core.package_identification:_identify(.) by extension 'ignore_ament_install'
[0.543s] Level 1:colcon.colcon_core.package_identification:_identify(.) by extensions ['colcon_pkg']
[0.543s] Level 1:colcon.colcon_core.package_identification:_identify(.) by extension 'colcon_pkg'
[0.543s] Level 1:colcon.colcon_core.package_identification:_identify(.) by extensions ['colcon_meta']
[0.543s] Level 1:colcon.colcon_core.package_identification:_identify(.) by extension 'colcon_meta'
[0.543s] Level 1:colcon.colcon_core.package_identification:_identify(.) by extensions ['ros']
[0.543s] Level 1:colcon.colcon_core.package_identification:_identify(.) by extension 'ros'
[0.553s] Level 1:colcon.colcon_core.package_identification:_identify(.) by extensions ['cmake', 'python']
[0.553s] Level 1:colcon.colcon_core.package_identification:_identify(.) by extension 'cmake'
[0.553s] Level 1:colcon.colcon_core.package_identification:_identify(.) by extension 'python'
[0.553s] Level 1:colcon.colcon_core.package_identification:_identify(.) by extensions ['python_setup_py']
[0.553s] Level 1:colcon.colcon_core.package_identification:_identify(.) by extension 'python_setup_py'
[0.554s] Level 1:colcon.colcon_core.package_identification:_identify(build) by extensions ['ignore', 'ignore_ament_install']
[0.554s] Level 1:colcon.colcon_core.package_identification:_identify(build) by extension 'ignore'
[0.554s] Level 1:colcon.colcon_core.package_identification:_identify(build) ignored
[0.554s] Level 1:colcon.colcon_core.package_identification:_identify(common_sensor_launch) by extensions ['ignore', 'ignore_ament_install']
[0.554s] Level 1:colcon.colcon_core.package_identification:_identify(common_sensor_launch) by extension 'ignore'
[0.554s] Level 1:colcon.colcon_core.package_identification:_identify(common_sensor_launch) by extension 'ignore_ament_install'
[0.554s] Level 1:colcon.colcon_core.package_identification:_identify(common_sensor_launch) by extensions ['colcon_pkg']
[0.554s] Level 1:colcon.colcon_core.package_identification:_identify(common_sensor_launch) by extension 'colcon_pkg'
[0.554s] Level 1:colcon.colcon_core.package_identification:_identify(common_sensor_launch) by extensions ['colcon_meta']
[0.554s] Level 1:colcon.colcon_core.package_identification:_identify(common_sensor_launch) by extension 'colcon_meta'
[0.554s] Level 1:colcon.colcon_core.package_identification:_identify(common_sensor_launch) by extensions ['ros']
[0.554s] Level 1:colcon.colcon_core.package_identification:_identify(common_sensor_launch) by extension 'ros'
[0.557s] DEBUG:colcon.colcon_core.package_identification:Package 'common_sensor_launch' with type 'ros.ament_cmake' and name 'common_sensor_launch'
[0.557s] Level 1:colcon.colcon_core.package_identification:_identify(install) by extensions ['ignore', 'ignore_ament_install']
[0.557s] Level 1:colcon.colcon_core.package_identification:_identify(install) by extension 'ignore'
[0.557s] Level 1:colcon.colcon_core.package_identification:_identify(install) ignored
[0.557s] Level 1:colcon.colcon_core.package_identification:_identify(log) by extensions ['ignore', 'ignore_ament_install']
[0.557s] Level 1:colcon.colcon_core.package_identification:_identify(log) by extension 'ignore'
[0.558s] Level 1:colcon.colcon_core.package_identification:_identify(log) ignored
[0.558s] Level 1:colcon.colcon_core.package_identification:_identify(sample_sensor_kit_description) by extensions ['ignore', 'ignore_ament_install']
[0.558s] Level 1:colcon.colcon_core.package_identification:_identify(sample_sensor_kit_description) by extension 'ignore'
[0.558s] Level 1:colcon.colcon_core.package_identification:_identify(sample_sensor_kit_description) by extension 'ignore_ament_install'
[0.558s] Level 1:colcon.colcon_core.package_identification:_identify(sample_sensor_kit_description) by extensions ['colcon_pkg']
[0.558s] Level 1:colcon.colcon_core.package_identification:_identify(sample_sensor_kit_description) by extension 'colcon_pkg'
[0.558s] Level 1:colcon.colcon_core.package_identification:_identify(sample_sensor_kit_description) by extensions ['colcon_meta']
[0.558s] Level 1:colcon.colcon_core.package_identification:_identify(sample_sensor_kit_description) by extension 'colcon_meta'
[0.558s] Level 1:colcon.colcon_core.package_identification:_identify(sample_sensor_kit_description) by extensions ['ros']
[0.558s] Level 1:colcon.colcon_core.package_identification:_identify(sample_sensor_kit_description) by extension 'ros'
[0.559s] DEBUG:colcon.colcon_core.package_identification:Package 'sample_sensor_kit_description' with type 'ros.ament_cmake' and name 'sample_sensor_kit_description'
[0.559s] Level 1:colcon.colcon_core.package_identification:_identify(sample_sensor_kit_launch) by extensions ['ignore', 'ignore_ament_install']
[0.559s] Level 1:colcon.colcon_core.package_identification:_identify(sample_sensor_kit_launch) by extension 'ignore'
[0.559s] Level 1:colcon.colcon_core.package_identification:_identify(sample_sensor_kit_launch) by extension 'ignore_ament_install'
[0.559s] Level 1:colcon.colcon_core.package_identification:_identify(sample_sensor_kit_launch) by extensions ['colcon_pkg']
[0.559s] Level 1:colcon.colcon_core.package_identification:_identify(sample_sensor_kit_launch) by extension 'colcon_pkg'
[0.559s] Level 1:colcon.colcon_core.package_identification:_identify(sample_sensor_kit_launch) by extensions ['colcon_meta']
[0.559s] Level 1:colcon.colcon_core.package_identification:_identify(sample_sensor_kit_launch) by extension 'colcon_meta'
[0.559s] Level 1:colcon.colcon_core.package_identification:_identify(sample_sensor_kit_launch) by extensions ['ros']
[0.559s] Level 1:colcon.colcon_core.package_identification:_identify(sample_sensor_kit_launch) by extension 'ros'
[0.560s] DEBUG:colcon.colcon_core.package_identification:Package 'sample_sensor_kit_launch' with type 'ros.ament_cmake' and name 'sample_sensor_kit_launch'
[0.560s] Level 1:colcon.colcon_core.package_identification:_identify(sensor_kit_description) by extensions ['ignore', 'ignore_ament_install']
[0.560s] Level 1:colcon.colcon_core.package_identification:_identify(sensor_kit_description) by extension 'ignore'
[0.560s] Level 1:colcon.colcon_core.package_identification:_identify(sensor_kit_description) by extension 'ignore_ament_install'
[0.560s] Level 1:colcon.colcon_core.package_identification:_identify(sensor_kit_description) by extensions ['colcon_pkg']
[0.560s] Level 1:colcon.colcon_core.package_identification:_identify(sensor_kit_description) by extension 'colcon_pkg'
[0.560s] Level 1:colcon.colcon_core.package_identification:_identify(sensor_kit_description) by extensions ['colcon_meta']
[0.560s] Level 1:colcon.colcon_core.package_identification:_identify(sensor_kit_description) by extension 'colcon_meta'
[0.560s] Level 1:colcon.colcon_core.package_identification:_identify(sensor_kit_description) by extensions ['ros']
[0.560s] Level 1:colcon.colcon_core.package_identification:_identify(sensor_kit_description) by extension 'ros'
[0.560s] Level 1:colcon.colcon_core.package_identification:_identify(sensor_kit_description) by extensions ['cmake', 'python']
[0.560s] Level 1:colcon.colcon_core.package_identification:_identify(sensor_kit_description) by extension 'cmake'
[0.560s] Level 1:colcon.colcon_core.package_identification:_identify(sensor_kit_description) by extension 'python'
[0.560s] Level 1:colcon.colcon_core.package_identification:_identify(sensor_kit_description) by extensions ['python_setup_py']
[0.560s] Level 1:colcon.colcon_core.package_identification:_identify(sensor_kit_description) by extension 'python_setup_py'
[0.560s] Level 1:colcon.colcon_core.package_identification:_identify(sensor_kit_description/AWSIM_sensor_description) by extensions ['ignore', 'ignore_ament_install']
[0.560s] Level 1:colcon.colcon_core.package_identification:_identify(sensor_kit_description/AWSIM_sensor_description) by extension 'ignore'
[0.560s] Level 1:colcon.colcon_core.package_identification:_identify(sensor_kit_description/AWSIM_sensor_description) by extension 'ignore_ament_install'
[0.560s] Level 1:colcon.colcon_core.package_identification:_identify(sensor_kit_description/AWSIM_sensor_description) by extensions ['colcon_pkg']
[0.560s] Level 1:colcon.colcon_core.package_identification:_identify(sensor_kit_description/AWSIM_sensor_description) by extension 'colcon_pkg'
[0.560s] Level 1:colcon.colcon_core.package_identification:_identify(sensor_kit_description/AWSIM_sensor_description) by extensions ['colcon_meta']
[0.561s] Level 1:colcon.colcon_core.package_identification:_identify(sensor_kit_description/AWSIM_sensor_description) by extension 'colcon_meta'
[0.561s] Level 1:colcon.colcon_core.package_identification:_identify(sensor_kit_description/AWSIM_sensor_description) by extensions ['ros']
[0.561s] Level 1:colcon.colcon_core.package_identification:_identify(sensor_kit_description/AWSIM_sensor_description) by extension 'ros'
[0.561s] Level 1:colcon.colcon_core.package_identification:_identify(sensor_kit_description/AWSIM_sensor_description) by extensions ['cmake', 'python']
[0.561s] Level 1:colcon.colcon_core.package_identification:_identify(sensor_kit_description/AWSIM_sensor_description) by extension 'cmake'
[0.561s] Level 1:colcon.colcon_core.package_identification:_identify(sensor_kit_description/AWSIM_sensor_description) by extension 'python'
[0.561s] Level 1:colcon.colcon_core.package_identification:_identify(sensor_kit_description/AWSIM_sensor_description) by extensions ['python_setup_py']
[0.561s] Level 1:colcon.colcon_core.package_identification:_identify(sensor_kit_description/AWSIM_sensor_description) by extension 'python_setup_py'
[0.561s] Level 1:colcon.colcon_core.package_identification:_identify(sensor_kit_description/AWSIM_sensor_description/AWSIM_sensor_description) by extensions ['ignore', 'ignore_ament_install']
[0.561s] Level 1:colcon.colcon_core.package_identification:_identify(sensor_kit_description/AWSIM_sensor_description/AWSIM_sensor_description) by extension 'ignore'
[0.561s] Level 1:colcon.colcon_core.package_identification:_identify(sensor_kit_description/AWSIM_sensor_description/AWSIM_sensor_description) by extension 'ignore_ament_install'
[0.561s] Level 1:colcon.colcon_core.package_identification:_identify(sensor_kit_description/AWSIM_sensor_description/AWSIM_sensor_description) by extensions ['colcon_pkg']
[0.561s] Level 1:colcon.colcon_core.package_identification:_identify(sensor_kit_description/AWSIM_sensor_description/AWSIM_sensor_description) by extension 'colcon_pkg'
[0.561s] Level 1:colcon.colcon_core.package_identification:_identify(sensor_kit_description/AWSIM_sensor_description/AWSIM_sensor_description) by extensions ['colcon_meta']
[0.561s] Level 1:colcon.colcon_core.package_identification:_identify(sensor_kit_description/AWSIM_sensor_description/AWSIM_sensor_description) by extension 'colcon_meta'
[0.561s] Level 1:colcon.colcon_core.package_identification:_identify(sensor_kit_description/AWSIM_sensor_description/AWSIM_sensor_description) by extensions ['ros']
[0.561s] Level 1:colcon.colcon_core.package_identification:_identify(sensor_kit_description/AWSIM_sensor_description/AWSIM_sensor_description) by extension 'ros'
[0.562s] DEBUG:colcon.colcon_core.package_identification:Package 'sensor_kit_description/AWSIM_sensor_description/AWSIM_sensor_description' with type 'ros.catkin' and name 'AWSIM_sensor_description'
[0.562s] Level 1:colcon.colcon_core.package_identification:_identify(sensor_kit_description/AWSIM_sensor_description/CARLA_sensor_description) by extensions ['ignore', 'ignore_ament_install']
[0.562s] Level 1:colcon.colcon_core.package_identification:_identify(sensor_kit_description/AWSIM_sensor_description/CARLA_sensor_description) by extension 'ignore'
[0.562s] Level 1:colcon.colcon_core.package_identification:_identify(sensor_kit_description/AWSIM_sensor_description/CARLA_sensor_description) by extension 'ignore_ament_install'
[0.562s] Level 1:colcon.colcon_core.package_identification:_identify(sensor_kit_description/AWSIM_sensor_description/CARLA_sensor_description) by extensions ['colcon_pkg']
[0.562s] Level 1:colcon.colcon_core.package_identification:_identify(sensor_kit_description/AWSIM_sensor_description/CARLA_sensor_description) by extension 'colcon_pkg'
[0.562s] Level 1:colcon.colcon_core.package_identification:_identify(sensor_kit_description/AWSIM_sensor_description/CARLA_sensor_description) by extensions ['colcon_meta']
[0.562s] Level 1:colcon.colcon_core.package_identification:_identify(sensor_kit_description/AWSIM_sensor_description/CARLA_sensor_description) by extension 'colcon_meta'
[0.562s] Level 1:colcon.colcon_core.package_identification:_identify(sensor_kit_description/AWSIM_sensor_description/CARLA_sensor_description) by extensions ['ros']
[0.562s] Level 1:colcon.colcon_core.package_identification:_identify(sensor_kit_description/AWSIM_sensor_description/CARLA_sensor_description) by extension 'ros'
[0.563s] DEBUG:colcon.colcon_core.package_identification:Package 'sensor_kit_description/AWSIM_sensor_description/CARLA_sensor_description' with type 'ros.catkin' and name 'CARLA_sensor_description'
[0.563s] Level 1:colcon.colcon_core.package_identification:_identify(sensor_kit_description/AWSIM_sensor_description/ENV200_sensor_description) by extensions ['ignore', 'ignore_ament_install']
[0.563s] Level 1:colcon.colcon_core.package_identification:_identify(sensor_kit_description/AWSIM_sensor_description/ENV200_sensor_description) by extension 'ignore'
[0.563s] Level 1:colcon.colcon_core.package_identification:_identify(sensor_kit_description/AWSIM_sensor_description/ENV200_sensor_description) by extension 'ignore_ament_install'
[0.563s] Level 1:colcon.colcon_core.package_identification:_identify(sensor_kit_description/AWSIM_sensor_description/ENV200_sensor_description) by extensions ['colcon_pkg']
[0.563s] Level 1:colcon.colcon_core.package_identification:_identify(sensor_kit_description/AWSIM_sensor_description/ENV200_sensor_description) by extension 'colcon_pkg'
[0.563s] Level 1:colcon.colcon_core.package_identification:_identify(sensor_kit_description/AWSIM_sensor_description/ENV200_sensor_description) by extensions ['colcon_meta']
[0.563s] Level 1:colcon.colcon_core.package_identification:_identify(sensor_kit_description/AWSIM_sensor_description/ENV200_sensor_description) by extension 'colcon_meta'
[0.563s] Level 1:colcon.colcon_core.package_identification:_identify(sensor_kit_description/AWSIM_sensor_description/ENV200_sensor_description) by extensions ['ros']
[0.563s] Level 1:colcon.colcon_core.package_identification:_identify(sensor_kit_description/AWSIM_sensor_description/ENV200_sensor_description) by extension 'ros'
[0.564s] DEBUG:colcon.colcon_core.package_identification:Package 'sensor_kit_description/AWSIM_sensor_description/ENV200_sensor_description' with type 'ros.catkin' and name 'ENV200_sensor_description'
[0.564s] Level 1:colcon.colcon_core.package_identification:_identify(sensor_kit_description/AWSIM_sensor_description/Twizy_sensor_description) by extensions ['ignore', 'ignore_ament_install']
[0.564s] Level 1:colcon.colcon_core.package_identification:_identify(sensor_kit_description/AWSIM_sensor_description/Twizy_sensor_description) by extension 'ignore'
[0.564s] Level 1:colcon.colcon_core.package_identification:_identify(sensor_kit_description/AWSIM_sensor_description/Twizy_sensor_description) by extension 'ignore_ament_install'
[0.564s] Level 1:colcon.colcon_core.package_identification:_identify(sensor_kit_description/AWSIM_sensor_description/Twizy_sensor_description) by extensions ['colcon_pkg']
[0.564s] Level 1:colcon.colcon_core.package_identification:_identify(sensor_kit_description/AWSIM_sensor_description/Twizy_sensor_description) by extension 'colcon_pkg'
[0.564s] Level 1:colcon.colcon_core.package_identification:_identify(sensor_kit_description/AWSIM_sensor_description/Twizy_sensor_description) by extensions ['colcon_meta']
[0.564s] Level 1:colcon.colcon_core.package_identification:_identify(sensor_kit_description/AWSIM_sensor_description/Twizy_sensor_description) by extension 'colcon_meta'
[0.564s] Level 1:colcon.colcon_core.package_identification:_identify(sensor_kit_description/AWSIM_sensor_description/Twizy_sensor_description) by extensions ['ros']
[0.564s] Level 1:colcon.colcon_core.package_identification:_identify(sensor_kit_description/AWSIM_sensor_description/Twizy_sensor_description) by extension 'ros'
[0.564s] DEBUG:colcon.colcon_core.package_identification:Package 'sensor_kit_description/AWSIM_sensor_description/Twizy_sensor_description' with type 'ros.catkin' and name 'Twizy_sensor_description'
[0.564s] Level 1:colcon.colcon_core.package_identification:_identify(sensor_kit_description/CARLA_sensor_description) by extensions ['ignore', 'ignore_ament_install']
[0.565s] Level 1:colcon.colcon_core.package_identification:_identify(sensor_kit_description/CARLA_sensor_description) by extension 'ignore'
[0.565s] Level 1:colcon.colcon_core.package_identification:_identify(sensor_kit_description/CARLA_sensor_description) by extension 'ignore_ament_install'
[0.565s] Level 1:colcon.colcon_core.package_identification:_identify(sensor_kit_description/CARLA_sensor_description) by extensions ['colcon_pkg']
[0.565s] Level 1:colcon.colcon_core.package_identification:_identify(sensor_kit_description/CARLA_sensor_description) by extension 'colcon_pkg'
[0.565s] Level 1:colcon.colcon_core.package_identification:_identify(sensor_kit_description/CARLA_sensor_description) by extensions ['colcon_meta']
[0.565s] Level 1:colcon.colcon_core.package_identification:_identify(sensor_kit_description/CARLA_sensor_description) by extension 'colcon_meta'
[0.565s] Level 1:colcon.colcon_core.package_identification:_identify(sensor_kit_description/CARLA_sensor_description) by extensions ['ros']
[0.565s] Level 1:colcon.colcon_core.package_identification:_identify(sensor_kit_description/CARLA_sensor_description) by extension 'ros'
[0.565s] Level 1:colcon.colcon_core.package_identification:_identify(sensor_kit_description/CARLA_sensor_description) by extensions ['cmake', 'python']
[0.565s] Level 1:colcon.colcon_core.package_identification:_identify(sensor_kit_description/CARLA_sensor_description) by extension 'cmake'
[0.565s] Level 1:colcon.colcon_core.package_identification:_identify(sensor_kit_description/CARLA_sensor_description) by extension 'python'
[0.565s] Level 1:colcon.colcon_core.package_identification:_identify(sensor_kit_description/CARLA_sensor_description) by extensions ['python_setup_py']
[0.565s] Level 1:colcon.colcon_core.package_identification:_identify(sensor_kit_description/CARLA_sensor_description) by extension 'python_setup_py'
[0.565s] Level 1:colcon.colcon_core.package_identification:_identify(sensor_kit_description/ENV200_sensor_description) by extensions ['ignore', 'ignore_ament_install']
[0.565s] Level 1:colcon.colcon_core.package_identification:_identify(sensor_kit_description/ENV200_sensor_description) by extension 'ignore'
[0.565s] Level 1:colcon.colcon_core.package_identification:_identify(sensor_kit_description/ENV200_sensor_description) by extension 'ignore_ament_install'
[0.565s] Level 1:colcon.colcon_core.package_identification:_identify(sensor_kit_description/ENV200_sensor_description) by extensions ['colcon_pkg']
[0.565s] Level 1:colcon.colcon_core.package_identification:_identify(sensor_kit_description/ENV200_sensor_description) by extension 'colcon_pkg'
[0.565s] Level 1:colcon.colcon_core.package_identification:_identify(sensor_kit_description/ENV200_sensor_description) by extensions ['colcon_meta']
[0.565s] Level 1:colcon.colcon_core.package_identification:_identify(sensor_kit_description/ENV200_sensor_description) by extension 'colcon_meta'
[0.565s] Level 1:colcon.colcon_core.package_identification:_identify(sensor_kit_description/ENV200_sensor_description) by extensions ['ros']
[0.565s] Level 1:colcon.colcon_core.package_identification:_identify(sensor_kit_description/ENV200_sensor_description) by extension 'ros'
[0.565s] Level 1:colcon.colcon_core.package_identification:_identify(sensor_kit_description/ENV200_sensor_description) by extensions ['cmake', 'python']
[0.565s] Level 1:colcon.colcon_core.package_identification:_identify(sensor_kit_description/ENV200_sensor_description) by extension 'cmake'
[0.565s] Level 1:colcon.colcon_core.package_identification:_identify(sensor_kit_description/ENV200_sensor_description) by extension 'python'
[0.565s] Level 1:colcon.colcon_core.package_identification:_identify(sensor_kit_description/ENV200_sensor_description) by extensions ['python_setup_py']
[0.565s] Level 1:colcon.colcon_core.package_identification:_identify(sensor_kit_description/ENV200_sensor_description) by extension 'python_setup_py'
[0.565s] Level 1:colcon.colcon_core.package_identification:_identify(sensor_kit_description/Twizy_sensor_description) by extensions ['ignore', 'ignore_ament_install']
[0.565s] Level 1:colcon.colcon_core.package_identification:_identify(sensor_kit_description/Twizy_sensor_description) by extension 'ignore'
[0.565s] Level 1:colcon.colcon_core.package_identification:_identify(sensor_kit_description/Twizy_sensor_description) by extension 'ignore_ament_install'
[0.565s] Level 1:colcon.colcon_core.package_identification:_identify(sensor_kit_description/Twizy_sensor_description) by extensions ['colcon_pkg']
[0.565s] Level 1:colcon.colcon_core.package_identification:_identify(sensor_kit_description/Twizy_sensor_description) by extension 'colcon_pkg'
[0.565s] Level 1:colcon.colcon_core.package_identification:_identify(sensor_kit_description/Twizy_sensor_description) by extensions ['colcon_meta']
[0.565s] Level 1:colcon.colcon_core.package_identification:_identify(sensor_kit_description/Twizy_sensor_description) by extension 'colcon_meta'
[0.565s] Level 1:colcon.colcon_core.package_identification:_identify(sensor_kit_description/Twizy_sensor_description) by extensions ['ros']
[0.566s] Level 1:colcon.colcon_core.package_identification:_identify(sensor_kit_description/Twizy_sensor_description) by extension 'ros'
[0.566s] Level 1:colcon.colcon_core.package_identification:_identify(sensor_kit_description/Twizy_sensor_description) by extensions ['cmake', 'python']
[0.566s] Level 1:colcon.colcon_core.package_identification:_identify(sensor_kit_description/Twizy_sensor_description) by extension 'cmake'
[0.566s] Level 1:colcon.colcon_core.package_identification:_identify(sensor_kit_description/Twizy_sensor_description) by extension 'python'
[0.566s] Level 1:colcon.colcon_core.package_identification:_identify(sensor_kit_description/Twizy_sensor_description) by extensions ['python_setup_py']
[0.566s] Level 1:colcon.colcon_core.package_identification:_identify(sensor_kit_description/Twizy_sensor_description) by extension 'python_setup_py'
[0.566s] Level 1:colcon.colcon_core.package_identification:_identify(sensor_kit_description/Twizy_sensor_description/config) by extensions ['ignore', 'ignore_ament_install']
[0.566s] Level 1:colcon.colcon_core.package_identification:_identify(sensor_kit_description/Twizy_sensor_description/config) by extension 'ignore'
[0.566s] Level 1:colcon.colcon_core.package_identification:_identify(sensor_kit_description/Twizy_sensor_description/config) by extension 'ignore_ament_install'
[0.566s] Level 1:colcon.colcon_core.package_identification:_identify(sensor_kit_description/Twizy_sensor_description/config) by extensions ['colcon_pkg']
[0.566s] Level 1:colcon.colcon_core.package_identification:_identify(sensor_kit_description/Twizy_sensor_description/config) by extension 'colcon_pkg'
[0.566s] Level 1:colcon.colcon_core.package_identification:_identify(sensor_kit_description/Twizy_sensor_description/config) by extensions ['colcon_meta']
[0.566s] Level 1:colcon.colcon_core.package_identification:_identify(sensor_kit_description/Twizy_sensor_description/config) by extension 'colcon_meta'
[0.566s] Level 1:colcon.colcon_core.package_identification:_identify(sensor_kit_description/Twizy_sensor_description/config) by extensions ['ros']
[0.566s] Level 1:colcon.colcon_core.package_identification:_identify(sensor_kit_description/Twizy_sensor_description/config) by extension 'ros'
[0.566s] Level 1:colcon.colcon_core.package_identification:_identify(sensor_kit_description/Twizy_sensor_description/config) by extensions ['cmake', 'python']
[0.566s] Level 1:colcon.colcon_core.package_identification:_identify(sensor_kit_description/Twizy_sensor_description/config) by extension 'cmake'
[0.566s] Level 1:colcon.colcon_core.package_identification:_identify(sensor_kit_description/Twizy_sensor_description/config) by extension 'python'
[0.566s] Level 1:colcon.colcon_core.package_identification:_identify(sensor_kit_description/Twizy_sensor_description/config) by extensions ['python_setup_py']
[0.566s] Level 1:colcon.colcon_core.package_identification:_identify(sensor_kit_description/Twizy_sensor_description/config) by extension 'python_setup_py'
[0.566s] Level 1:colcon.colcon_core.package_identification:_identify(sensor_kit_description/Twizy_sensor_description/urdf) by extensions ['ignore', 'ignore_ament_install']
[0.566s] Level 1:colcon.colcon_core.package_identification:_identify(sensor_kit_description/Twizy_sensor_description/urdf) by extension 'ignore'
[0.566s] Level 1:colcon.colcon_core.package_identification:_identify(sensor_kit_description/Twizy_sensor_description/urdf) by extension 'ignore_ament_install'
[0.566s] Level 1:colcon.colcon_core.package_identification:_identify(sensor_kit_description/Twizy_sensor_description/urdf) by extensions ['colcon_pkg']
[0.566s] Level 1:colcon.colcon_core.package_identification:_identify(sensor_kit_description/Twizy_sensor_description/urdf) by extension 'colcon_pkg'
[0.566s] Level 1:colcon.colcon_core.package_identification:_identify(sensor_kit_description/Twizy_sensor_description/urdf) by extensions ['colcon_meta']
[0.566s] Level 1:colcon.colcon_core.package_identification:_identify(sensor_kit_description/Twizy_sensor_description/urdf) by extension 'colcon_meta'
[0.566s] Level 1:colcon.colcon_core.package_identification:_identify(sensor_kit_description/Twizy_sensor_description/urdf) by extensions ['ros']
[0.566s] Level 1:colcon.colcon_core.package_identification:_identify(sensor_kit_description/Twizy_sensor_description/urdf) by extension 'ros'
[0.566s] Level 1:colcon.colcon_core.package_identification:_identify(sensor_kit_description/Twizy_sensor_description/urdf) by extensions ['cmake', 'python']
[0.566s] Level 1:colcon.colcon_core.package_identification:_identify(sensor_kit_description/Twizy_sensor_description/urdf) by extension 'cmake'
[0.566s] Level 1:colcon.colcon_core.package_identification:_identify(sensor_kit_description/Twizy_sensor_description/urdf) by extension 'python'
[0.566s] Level 1:colcon.colcon_core.package_identification:_identify(sensor_kit_description/Twizy_sensor_description/urdf) by extensions ['python_setup_py']
[0.566s] Level 1:colcon.colcon_core.package_identification:_identify(sensor_kit_description/Twizy_sensor_description/urdf) by extension 'python_setup_py'
[0.567s] Level 1:colcon.colcon_core.package_identification:_identify(sensor_kit_launch) by extensions ['ignore', 'ignore_ament_install']
[0.567s] Level 1:colcon.colcon_core.package_identification:_identify(sensor_kit_launch) by extension 'ignore'
[0.567s] Level 1:colcon.colcon_core.package_identification:_identify(sensor_kit_launch) by extension 'ignore_ament_install'
[0.567s] Level 1:colcon.colcon_core.package_identification:_identify(sensor_kit_launch) by extensions ['colcon_pkg']
[0.567s] Level 1:colcon.colcon_core.package_identification:_identify(sensor_kit_launch) by extension 'colcon_pkg'
[0.567s] Level 1:colcon.colcon_core.package_identification:_identify(sensor_kit_launch) by extensions ['colcon_meta']
[0.567s] Level 1:colcon.colcon_core.package_identification:_identify(sensor_kit_launch) by extension 'colcon_meta'
[0.567s] Level 1:colcon.colcon_core.package_identification:_identify(sensor_kit_launch) by extensions ['ros']
[0.567s] Level 1:colcon.colcon_core.package_identification:_identify(sensor_kit_launch) by extension 'ros'
[0.567s] Level 1:colcon.colcon_core.package_identification:_identify(sensor_kit_launch) by extensions ['cmake', 'python']
[0.567s] Level 1:colcon.colcon_core.package_identification:_identify(sensor_kit_launch) by extension 'cmake'
[0.567s] Level 1:colcon.colcon_core.package_identification:_identify(sensor_kit_launch) by extension 'python'
[0.567s] Level 1:colcon.colcon_core.package_identification:_identify(sensor_kit_launch) by extensions ['python_setup_py']
[0.567s] Level 1:colcon.colcon_core.package_identification:_identify(sensor_kit_launch) by extension 'python_setup_py'
[0.567s] Level 1:colcon.colcon_core.package_identification:_identify(sensor_kit_launch/AWSIM_sensor_launch) by extensions ['ignore', 'ignore_ament_install']
[0.567s] Level 1:colcon.colcon_core.package_identification:_identify(sensor_kit_launch/AWSIM_sensor_launch) by extension 'ignore'
[0.567s] Level 1:colcon.colcon_core.package_identification:_identify(sensor_kit_launch/AWSIM_sensor_launch) by extension 'ignore_ament_install'
[0.567s] Level 1:colcon.colcon_core.package_identification:_identify(sensor_kit_launch/AWSIM_sensor_launch) by extensions ['colcon_pkg']
[0.567s] Level 1:colcon.colcon_core.package_identification:_identify(sensor_kit_launch/AWSIM_sensor_launch) by extension 'colcon_pkg'
[0.567s] Level 1:colcon.colcon_core.package_identification:_identify(sensor_kit_launch/AWSIM_sensor_launch) by extensions ['colcon_meta']
[0.567s] Level 1:colcon.colcon_core.package_identification:_identify(sensor_kit_launch/AWSIM_sensor_launch) by extension 'colcon_meta'
[0.567s] Level 1:colcon.colcon_core.package_identification:_identify(sensor_kit_launch/AWSIM_sensor_launch) by extensions ['ros']
[0.567s] Level 1:colcon.colcon_core.package_identification:_identify(sensor_kit_launch/AWSIM_sensor_launch) by extension 'ros'
[0.568s] DEBUG:colcon.colcon_core.package_identification:Package 'sensor_kit_launch/AWSIM_sensor_launch' with type 'ros.catkin' and name 'AWSIM_sensor_launch'
[0.568s] Level 1:colcon.colcon_core.package_identification:_identify(sensor_kit_launch/CARLA_sensor_launch) by extensions ['ignore', 'ignore_ament_install']
[0.568s] Level 1:colcon.colcon_core.package_identification:_identify(sensor_kit_launch/CARLA_sensor_launch) by extension 'ignore'
[0.568s] Level 1:colcon.colcon_core.package_identification:_identify(sensor_kit_launch/CARLA_sensor_launch) by extension 'ignore_ament_install'
[0.568s] Level 1:colcon.colcon_core.package_identification:_identify(sensor_kit_launch/CARLA_sensor_launch) by extensions ['colcon_pkg']
[0.568s] Level 1:colcon.colcon_core.package_identification:_identify(sensor_kit_launch/CARLA_sensor_launch) by extension 'colcon_pkg'
[0.568s] Level 1:colcon.colcon_core.package_identification:_identify(sensor_kit_launch/CARLA_sensor_launch) by extensions ['colcon_meta']
[0.568s] Level 1:colcon.colcon_core.package_identification:_identify(sensor_kit_launch/CARLA_sensor_launch) by extension 'colcon_meta'
[0.568s] Level 1:colcon.colcon_core.package_identification:_identify(sensor_kit_launch/CARLA_sensor_launch) by extensions ['ros']
[0.568s] Level 1:colcon.colcon_core.package_identification:_identify(sensor_kit_launch/CARLA_sensor_launch) by extension 'ros'
[0.569s] DEBUG:colcon.colcon_core.package_identification:Package 'sensor_kit_launch/CARLA_sensor_launch' with type 'ros.catkin' and name 'CARLA_sensor_launch'
[0.569s] Level 1:colcon.colcon_core.package_identification:_identify(sensor_kit_launch/ENV200_sensor_launch) by extensions ['ignore', 'ignore_ament_install']
[0.569s] Level 1:colcon.colcon_core.package_identification:_identify(sensor_kit_launch/ENV200_sensor_launch) by extension 'ignore'
[0.569s] Level 1:colcon.colcon_core.package_identification:_identify(sensor_kit_launch/ENV200_sensor_launch) by extension 'ignore_ament_install'
[0.569s] Level 1:colcon.colcon_core.package_identification:_identify(sensor_kit_launch/ENV200_sensor_launch) by extensions ['colcon_pkg']
[0.569s] Level 1:colcon.colcon_core.package_identification:_identify(sensor_kit_launch/ENV200_sensor_launch) by extension 'colcon_pkg'
[0.569s] Level 1:colcon.colcon_core.package_identification:_identify(sensor_kit_launch/ENV200_sensor_launch) by extensions ['colcon_meta']
[0.569s] Level 1:colcon.colcon_core.package_identification:_identify(sensor_kit_launch/ENV200_sensor_launch) by extension 'colcon_meta'
[0.569s] Level 1:colcon.colcon_core.package_identification:_identify(sensor_kit_launch/ENV200_sensor_launch) by extensions ['ros']
[0.569s] Level 1:colcon.colcon_core.package_identification:_identify(sensor_kit_launch/ENV200_sensor_launch) by extension 'ros'
[0.570s] DEBUG:colcon.colcon_core.package_identification:Package 'sensor_kit_launch/ENV200_sensor_launch' with type 'ros.catkin' and name 'ENV200_sensor_launch'
[0.570s] Level 1:colcon.colcon_core.package_identification:_identify(sensor_kit_launch/Twizy_sensor_launch) by extensions ['ignore', 'ignore_ament_install']
[0.570s] Level 1:colcon.colcon_core.package_identification:_identify(sensor_kit_launch/Twizy_sensor_launch) by extension 'ignore'
[0.570s] Level 1:colcon.colcon_core.package_identification:_identify(sensor_kit_launch/Twizy_sensor_launch) by extension 'ignore_ament_install'
[0.570s] Level 1:colcon.colcon_core.package_identification:_identify(sensor_kit_launch/Twizy_sensor_launch) by extensions ['colcon_pkg']
[0.570s] Level 1:colcon.colcon_core.package_identification:_identify(sensor_kit_launch/Twizy_sensor_launch) by extension 'colcon_pkg'
[0.570s] Level 1:colcon.colcon_core.package_identification:_identify(sensor_kit_launch/Twizy_sensor_launch) by extensions ['colcon_meta']
[0.570s] Level 1:colcon.colcon_core.package_identification:_identify(sensor_kit_launch/Twizy_sensor_launch) by extension 'colcon_meta'
[0.570s] Level 1:colcon.colcon_core.package_identification:_identify(sensor_kit_launch/Twizy_sensor_launch) by extensions ['ros']
[0.570s] Level 1:colcon.colcon_core.package_identification:_identify(sensor_kit_launch/Twizy_sensor_launch) by extension 'ros'
[0.571s] DEBUG:colcon.colcon_core.package_identification:Package 'sensor_kit_launch/Twizy_sensor_launch' with type 'ros.catkin' and name 'Twizy_sensor_launch'
[0.571s] Level 1:colcon.colcon_core.package_identification:_identify(twizy_sensor_kit_description) by extensions ['ignore', 'ignore_ament_install']
[0.571s] Level 1:colcon.colcon_core.package_identification:_identify(twizy_sensor_kit_description) by extension 'ignore'
[0.571s] Level 1:colcon.colcon_core.package_identification:_identify(twizy_sensor_kit_description) by extension 'ignore_ament_install'
[0.571s] Level 1:colcon.colcon_core.package_identification:_identify(twizy_sensor_kit_description) by extensions ['colcon_pkg']
[0.571s] Level 1:colcon.colcon_core.package_identification:_identify(twizy_sensor_kit_description) by extension 'colcon_pkg'
[0.571s] Level 1:colcon.colcon_core.package_identification:_identify(twizy_sensor_kit_description) by extensions ['colcon_meta']
[0.571s] Level 1:colcon.colcon_core.package_identification:_identify(twizy_sensor_kit_description) by extension 'colcon_meta'
[0.571s] Level 1:colcon.colcon_core.package_identification:_identify(twizy_sensor_kit_description) by extensions ['ros']
[0.571s] Level 1:colcon.colcon_core.package_identification:_identify(twizy_sensor_kit_description) by extension 'ros'
[0.571s] DEBUG:colcon.colcon_core.package_identification:Package 'twizy_sensor_kit_description' with type 'ros.ament_cmake' and name 'twizy_sensor_kit_description'
[0.571s] Level 1:colcon.colcon_core.package_identification:_identify(twizy_sensor_kit_launch) by extensions ['ignore', 'ignore_ament_install']
[0.571s] Level 1:colcon.colcon_core.package_identification:_identify(twizy_sensor_kit_launch) by extension 'ignore'
[0.571s] Level 1:colcon.colcon_core.package_identification:_identify(twizy_sensor_kit_launch) by extension 'ignore_ament_install'
[0.571s] Level 1:colcon.colcon_core.package_identification:_identify(twizy_sensor_kit_launch) by extensions ['colcon_pkg']
[0.571s] Level 1:colcon.colcon_core.package_identification:_identify(twizy_sensor_kit_launch) by extension 'colcon_pkg'
[0.571s] Level 1:colcon.colcon_core.package_identification:_identify(twizy_sensor_kit_launch) by extensions ['colcon_meta']
[0.571s] Level 1:colcon.colcon_core.package_identification:_identify(twizy_sensor_kit_launch) by extension 'colcon_meta'
[0.571s] Level 1:colcon.colcon_core.package_identification:_identify(twizy_sensor_kit_launch) by extensions ['ros']
[0.571s] Level 1:colcon.colcon_core.package_identification:_identify(twizy_sensor_kit_launch) by extension 'ros'
[0.572s] DEBUG:colcon.colcon_core.package_identification:Package 'twizy_sensor_kit_launch' with type 'ros.ament_cmake' and name 'twizy_sensor_kit_launch'
[0.572s] Level 1:colcon.colcon_core.package_discovery:discover_packages(recursive) using defaults
[0.572s] Level 1:colcon.colcon_core.package_discovery:discover_packages(ignore) discover
[0.572s] Level 1:colcon.colcon_core.package_discovery:discover_packages(ignore) using defaults
[0.572s] Level 1:colcon.colcon_core.package_discovery:discover_packages(path) discover
[0.572s] Level 1:colcon.colcon_core.package_discovery:discover_packages(path) using defaults
[0.590s] INFO:colcon.colcon_core.package_selection:Skipping package 'sample_sensor_kit_launch' in 'sample_sensor_kit_launch'
[0.590s] INFO:colcon.colcon_core.package_selection:Skipping package 'sample_sensor_kit_description' in 'sample_sensor_kit_description'
[0.590s] INFO:colcon.colcon_core.package_selection:Skipping package 'Twizy_sensor_launch' in 'sensor_kit_launch/Twizy_sensor_launch'
[0.590s] INFO:colcon.colcon_core.package_selection:Skipping package 'Twizy_sensor_description' in 'sensor_kit_description/AWSIM_sensor_description/Twizy_sensor_description'
[0.590s] INFO:colcon.colcon_core.package_selection:Skipping package 'ENV200_sensor_launch' in 'sensor_kit_launch/ENV200_sensor_launch'
[0.590s] INFO:colcon.colcon_core.package_selection:Skipping package 'ENV200_sensor_description' in 'sensor_kit_description/AWSIM_sensor_description/ENV200_sensor_description'
[0.590s] INFO:colcon.colcon_core.package_selection:Skipping package 'CARLA_sensor_launch' in 'sensor_kit_launch/CARLA_sensor_launch'
[0.590s] INFO:colcon.colcon_core.package_selection:Skipping package 'CARLA_sensor_description' in 'sensor_kit_description/AWSIM_sensor_description/CARLA_sensor_description'
[0.590s] INFO:colcon.colcon_core.package_selection:Skipping package 'AWSIM_sensor_launch' in 'sensor_kit_launch/AWSIM_sensor_launch'
[0.590s] INFO:colcon.colcon_core.package_selection:Skipping package 'AWSIM_sensor_description' in 'sensor_kit_description/AWSIM_sensor_description/AWSIM_sensor_description'
[0.591s] Level 1:colcon.colcon_core.package_discovery:discover_packages(prefix_path) check parameters
[0.591s] Level 1:colcon.colcon_core.package_discovery:discover_packages(prefix_path) discover
[0.594s] DEBUG:colcon.colcon_installed_package_information.package_discovery:Found 362 installed packages in /opt/ros/humble
[0.595s] Level 1:colcon.colcon_core.package_discovery:discover_packages(prefix_path) using defaults
[0.644s] Level 5:colcon.colcon_core.verb:set package 'common_sensor_launch' build argument 'cmake_args' from command line to '['-DCMAKE_BUILD_TYPE=Release']'
[0.644s] Level 5:colcon.colcon_core.verb:set package 'common_sensor_launch' build argument 'cmake_target' from command line to 'None'
[0.644s] Level 5:colcon.colcon_core.verb:set package 'common_sensor_launch' build argument 'cmake_target_skip_unavailable' from command line to 'False'
[0.644s] Level 5:colcon.colcon_core.verb:set package 'common_sensor_launch' build argument 'cmake_clean_cache' from command line to 'False'
[0.644s] Level 5:colcon.colcon_core.verb:set package 'common_sensor_launch' build argument 'cmake_clean_first' from command line to 'False'
[0.644s] Level 5:colcon.colcon_core.verb:set package 'common_sensor_launch' build argument 'cmake_force_configure' from command line to 'False'
[0.644s] Level 5:colcon.colcon_core.verb:set package 'common_sensor_launch' build argument 'ament_cmake_args' from command line to 'None'
[0.644s] Level 5:colcon.colcon_core.verb:set package 'common_sensor_launch' build argument 'catkin_cmake_args' from command line to 'None'
[0.644s] Level 5:colcon.colcon_core.verb:set package 'common_sensor_launch' build argument 'catkin_skip_building_tests' from command line to 'False'
[0.644s] DEBUG:colcon.colcon_core.verb:Building package 'common_sensor_launch' with the following arguments: {'ament_cmake_args': None, 'build_base': '/home/robin/MCAV/mcav_autoware_sensor_kit_launch/build/common_sensor_launch', 'catkin_cmake_args': None, 'catkin_skip_building_tests': False, 'cmake_args': ['-DCMAKE_BUILD_TYPE=Release'], 'cmake_clean_cache': False, 'cmake_clean_first': False, 'cmake_force_configure': False, 'cmake_target': None, 'cmake_target_skip_unavailable': False, 'install_base': '/home/robin/MCAV/mcav_autoware_sensor_kit_launch/install/common_sensor_launch', 'merge_install': False, 'path': '/home/robin/MCAV/mcav_autoware_sensor_kit_launch/common_sensor_launch', 'symlink_install': True, 'test_result_base': None}
[0.645s] Level 5:colcon.colcon_core.verb:set package 'twizy_sensor_kit_description' build argument 'cmake_args' from command line to '['-DCMAKE_BUILD_TYPE=Release']'
[0.645s] Level 5:colcon.colcon_core.verb:set package 'twizy_sensor_kit_description' build argument 'cmake_target' from command line to 'None'
[0.645s] Level 5:colcon.colcon_core.verb:set package 'twizy_sensor_kit_description' build argument 'cmake_target_skip_unavailable' from command line to 'False'
[0.645s] Level 5:colcon.colcon_core.verb:set package 'twizy_sensor_kit_description' build argument 'cmake_clean_cache' from command line to 'False'
[0.645s] Level 5:colcon.colcon_core.verb:set package 'twizy_sensor_kit_description' build argument 'cmake_clean_first' from command line to 'False'
[0.645s] Level 5:colcon.colcon_core.verb:set package 'twizy_sensor_kit_description' build argument 'cmake_force_configure' from command line to 'False'
[0.645s] Level 5:colcon.colcon_core.verb:set package 'twizy_sensor_kit_description' build argument 'ament_cmake_args' from command line to 'None'
[0.645s] Level 5:colcon.colcon_core.verb:set package 'twizy_sensor_kit_description' build argument 'catkin_cmake_args' from command line to 'None'
[0.645s] Level 5:colcon.colcon_core.verb:set package 'twizy_sensor_kit_description' build argument 'catkin_skip_building_tests' from command line to 'False'
[0.645s] DEBUG:colcon.colcon_core.verb:Building package 'twizy_sensor_kit_description' with the following arguments: {'ament_cmake_args': None, 'build_base': '/home/robin/MCAV/mcav_autoware_sensor_kit_launch/build/twizy_sensor_kit_description', 'catkin_cmake_args': None, 'catkin_skip_building_tests': False, 'cmake_args': ['-DCMAKE_BUILD_TYPE=Release'], 'cmake_clean_cache': False, 'cmake_clean_first': False, 'cmake_force_configure': False, 'cmake_target': None, 'cmake_target_skip_unavailable': False, 'install_base': '/home/robin/MCAV/mcav_autoware_sensor_kit_launch/install/twizy_sensor_kit_description', 'merge_install': False, 'path': '/home/robin/MCAV/mcav_autoware_sensor_kit_launch/twizy_sensor_kit_description', 'symlink_install': True, 'test_result_base': None}
[0.646s] Level 5:colcon.colcon_core.verb:set package 'twizy_sensor_kit_launch' build argument 'cmake_args' from command line to '['-DCMAKE_BUILD_TYPE=Release']'
[0.646s] Level 5:colcon.colcon_core.verb:set package 'twizy_sensor_kit_launch' build argument 'cmake_target' from command line to 'None'
[0.646s] Level 5:colcon.colcon_core.verb:set package 'twizy_sensor_kit_launch' build argument 'cmake_target_skip_unavailable' from command line to 'False'
[0.646s] Level 5:colcon.colcon_core.verb:set package 'twizy_sensor_kit_launch' build argument 'cmake_clean_cache' from command line to 'False'
[0.646s] Level 5:colcon.colcon_core.verb:set package 'twizy_sensor_kit_launch' build argument 'cmake_clean_first' from command line to 'False'
[0.646s] Level 5:colcon.colcon_core.verb:set package 'twizy_sensor_kit_launch' build argument 'cmake_force_configure' from command line to 'False'
[0.646s] Level 5:colcon.colcon_core.verb:set package 'twizy_sensor_kit_launch' build argument 'ament_cmake_args' from command line to 'None'
[0.646s] Level 5:colcon.colcon_core.verb:set package 'twizy_sensor_kit_launch' build argument 'catkin_cmake_args' from command line to 'None'
[0.646s] Level 5:colcon.colcon_core.verb:set package 'twizy_sensor_kit_launch' build argument 'catkin_skip_building_tests' from command line to 'False'
[0.646s] DEBUG:colcon.colcon_core.verb:Building package 'twizy_sensor_kit_launch' with the following arguments: {'ament_cmake_args': None, 'build_base': '/home/robin/MCAV/mcav_autoware_sensor_kit_launch/build/twizy_sensor_kit_launch', 'catkin_cmake_args': None, 'catkin_skip_building_tests': False, 'cmake_args': ['-DCMAKE_BUILD_TYPE=Release'], 'cmake_clean_cache': False, 'cmake_clean_first': False, 'cmake_force_configure': False, 'cmake_target': None, 'cmake_target_skip_unavailable': False, 'install_base': '/home/robin/MCAV/mcav_autoware_sensor_kit_launch/install/twizy_sensor_kit_launch', 'merge_install': False, 'path': '/home/robin/MCAV/mcav_autoware_sensor_kit_launch/twizy_sensor_kit_launch', 'symlink_install': True, 'test_result_base': None}
[0.646s] INFO:colcon.colcon_core.executor:Executing jobs using 'parallel' executor
[0.649s] DEBUG:colcon.colcon_parallel_executor.executor.parallel:run_until_complete
[0.650s] INFO:colcon.colcon_ros.task.ament_cmake.build:Building ROS package in '/home/robin/MCAV/mcav_autoware_sensor_kit_launch/common_sensor_launch' with build type 'ament_cmake'
[0.650s] INFO:colcon.colcon_cmake.task.cmake.build:Building CMake package in '/home/robin/MCAV/mcav_autoware_sensor_kit_launch/common_sensor_launch'
[0.654s] INFO:colcon.colcon_core.plugin_system:Skipping extension 'colcon_core.shell.bat': Not used on non-Windows systems
[0.655s] INFO:colcon.colcon_core.shell:Skip shell extension 'powershell' for command environment: Not usable outside of PowerShell
[0.655s] DEBUG:colcon.colcon_core.shell:Skip shell extension 'dsv' for command environment
[0.659s] INFO:colcon.colcon_ros.task.ament_cmake.build:Building ROS package in '/home/robin/MCAV/mcav_autoware_sensor_kit_launch/twizy_sensor_kit_description' with build type 'ament_cmake'
[0.659s] INFO:colcon.colcon_cmake.task.cmake.build:Building CMake package in '/home/robin/MCAV/mcav_autoware_sensor_kit_launch/twizy_sensor_kit_description'
[0.661s] INFO:colcon.colcon_core.shell:Skip shell extension 'powershell' for command environment: Not usable outside of PowerShell
[0.661s] DEBUG:colcon.colcon_core.shell:Skip shell extension 'dsv' for command environment
[0.669s] DEBUG:colcon.colcon_core.event_handler.log_command:Invoking command in '/home/robin/MCAV/mcav_autoware_sensor_kit_launch/build/common_sensor_launch': CMAKE_PREFIX_PATH=/opt/ros/humble /usr/bin/cmake /home/robin/MCAV/mcav_autoware_sensor_kit_launch/common_sensor_launch -DCMAKE_BUILD_TYPE=Release -DAMENT_CMAKE_SYMLINK_INSTALL=1 -DCMAKE_INSTALL_PREFIX=/home/robin/MCAV/mcav_autoware_sensor_kit_launch/install/common_sensor_launch
[0.677s] DEBUG:colcon.colcon_core.event_handler.log_command:Invoking command in '/home/robin/MCAV/mcav_autoware_sensor_kit_launch/build/twizy_sensor_kit_description': CMAKE_PREFIX_PATH=/opt/ros/humble /usr/bin/cmake --build /home/robin/MCAV/mcav_autoware_sensor_kit_launch/build/twizy_sensor_kit_description -- -j20 -l20
[0.696s] DEBUG:colcon.colcon_core.event_handler.log_command:Invoked command in '/home/robin/MCAV/mcav_autoware_sensor_kit_launch/build/twizy_sensor_kit_description' returned '0': CMAKE_PREFIX_PATH=/opt/ros/humble /usr/bin/cmake --build /home/robin/MCAV/mcav_autoware_sensor_kit_launch/build/twizy_sensor_kit_description -- -j20 -l20
[0.718s] DEBUG:colcon.colcon_core.event_handler.log_command:Invoking command in '/home/robin/MCAV/mcav_autoware_sensor_kit_launch/build/twizy_sensor_kit_description': CMAKE_PREFIX_PATH=/opt/ros/humble /usr/bin/cmake --install /home/robin/MCAV/mcav_autoware_sensor_kit_launch/build/twizy_sensor_kit_description
[0.733s] Level 1:colcon.colcon_core.environment:create_environment_scripts_only(twizy_sensor_kit_description)
[0.733s] DEBUG:colcon.colcon_core.event_handler.log_command:Invoked command in '/home/robin/MCAV/mcav_autoware_sensor_kit_launch/build/twizy_sensor_kit_description' returned '0': CMAKE_PREFIX_PATH=/opt/ros/humble /usr/bin/cmake --install /home/robin/MCAV/mcav_autoware_sensor_kit_launch/build/twizy_sensor_kit_description
[0.737s] Level 1:colcon.colcon_core.environment:checking '/home/robin/MCAV/mcav_autoware_sensor_kit_launch/install/twizy_sensor_kit_description' for CMake module files
[0.737s] Level 1:colcon.colcon_core.environment:checking '/home/robin/MCAV/mcav_autoware_sensor_kit_launch/install/twizy_sensor_kit_description' for CMake config files
[0.737s] Level 1:colcon.colcon_core.shell:create_environment_hook('twizy_sensor_kit_description', 'cmake_prefix_path')
[0.738s] INFO:colcon.colcon_core.shell:Creating environment hook '/home/robin/MCAV/mcav_autoware_sensor_kit_launch/install/twizy_sensor_kit_description/share/twizy_sensor_kit_description/hook/cmake_prefix_path.ps1'
[0.739s] INFO:colcon.colcon_core.shell:Creating environment descriptor '/home/robin/MCAV/mcav_autoware_sensor_kit_launch/install/twizy_sensor_kit_description/share/twizy_sensor_kit_description/hook/cmake_prefix_path.dsv'
[0.739s] INFO:colcon.colcon_core.shell:Creating environment hook '/home/robin/MCAV/mcav_autoware_sensor_kit_launch/install/twizy_sensor_kit_description/share/twizy_sensor_kit_description/hook/cmake_prefix_path.sh'
[0.740s] Level 1:colcon.colcon_core.environment:checking '/home/robin/MCAV/mcav_autoware_sensor_kit_launch/install/twizy_sensor_kit_description/bin'
[0.740s] Level 1:colcon.colcon_core.environment:checking '/home/robin/MCAV/mcav_autoware_sensor_kit_launch/install/twizy_sensor_kit_description/lib/pkgconfig/twizy_sensor_kit_description.pc'
[0.740s] Level 1:colcon.colcon_core.environment:checking '/home/robin/MCAV/mcav_autoware_sensor_kit_launch/install/twizy_sensor_kit_description/lib/python3.10/site-packages'
[0.740s] Level 1:colcon.colcon_core.environment:checking '/home/robin/MCAV/mcav_autoware_sensor_kit_launch/install/twizy_sensor_kit_description/bin'
[0.741s] INFO:colcon.colcon_core.shell:Creating package script '/home/robin/MCAV/mcav_autoware_sensor_kit_launch/install/twizy_sensor_kit_description/share/twizy_sensor_kit_description/package.ps1'
[0.742s] INFO:colcon.colcon_core.shell:Creating package descriptor '/home/robin/MCAV/mcav_autoware_sensor_kit_launch/install/twizy_sensor_kit_description/share/twizy_sensor_kit_description/package.dsv'
[0.742s] INFO:colcon.colcon_core.shell:Creating package script '/home/robin/MCAV/mcav_autoware_sensor_kit_launch/install/twizy_sensor_kit_description/share/twizy_sensor_kit_description/package.sh'
[0.742s] INFO:colcon.colcon_core.shell:Creating package script '/home/robin/MCAV/mcav_autoware_sensor_kit_launch/install/twizy_sensor_kit_description/share/twizy_sensor_kit_description/package.bash'
[0.743s] INFO:colcon.colcon_core.shell:Creating package script '/home/robin/MCAV/mcav_autoware_sensor_kit_launch/install/twizy_sensor_kit_description/share/twizy_sensor_kit_description/package.zsh'
[0.743s] Level 1:colcon.colcon_core.environment:create_file_with_runtime_dependencies(/home/robin/MCAV/mcav_autoware_sensor_kit_launch/install/twizy_sensor_kit_description/share/colcon-core/packages/twizy_sensor_kit_description)
[0.760s] Level 1:colcon.colcon_core.environment:create_environment_scripts_only(twizy_sensor_kit_description)
[0.761s] Level 1:colcon.colcon_core.environment:checking '/home/robin/MCAV/mcav_autoware_sensor_kit_launch/install/twizy_sensor_kit_description' for CMake module files
[0.761s] Level 1:colcon.colcon_core.environment:checking '/home/robin/MCAV/mcav_autoware_sensor_kit_launch/install/twizy_sensor_kit_description' for CMake config files
[0.761s] Level 1:colcon.colcon_core.shell:create_environment_hook('twizy_sensor_kit_description', 'cmake_prefix_path')
[0.762s] INFO:colcon.colcon_core.shell:Creating environment hook '/home/robin/MCAV/mcav_autoware_sensor_kit_launch/install/twizy_sensor_kit_description/share/twizy_sensor_kit_description/hook/cmake_prefix_path.ps1'
[0.763s] INFO:colcon.colcon_core.shell:Creating environment descriptor '/home/robin/MCAV/mcav_autoware_sensor_kit_launch/install/twizy_sensor_kit_description/share/twizy_sensor_kit_description/hook/cmake_prefix_path.dsv'
[0.763s] INFO:colcon.colcon_core.shell:Creating environment hook '/home/robin/MCAV/mcav_autoware_sensor_kit_launch/install/twizy_sensor_kit_description/share/twizy_sensor_kit_description/hook/cmake_prefix_path.sh'
[0.763s] Level 1:colcon.colcon_core.environment:checking '/home/robin/MCAV/mcav_autoware_sensor_kit_launch/install/twizy_sensor_kit_description/bin'
[0.763s] Level 1:colcon.colcon_core.environment:checking '/home/robin/MCAV/mcav_autoware_sensor_kit_launch/install/twizy_sensor_kit_description/lib/pkgconfig/twizy_sensor_kit_description.pc'
[0.763s] Level 1:colcon.colcon_core.environment:checking '/home/robin/MCAV/mcav_autoware_sensor_kit_launch/install/twizy_sensor_kit_description/lib/python3.10/site-packages'
[0.764s] Level 1:colcon.colcon_core.environment:checking '/home/robin/MCAV/mcav_autoware_sensor_kit_launch/install/twizy_sensor_kit_description/bin'
[0.764s] INFO:colcon.colcon_core.shell:Creating package script '/home/robin/MCAV/mcav_autoware_sensor_kit_launch/install/twizy_sensor_kit_description/share/twizy_sensor_kit_description/package.ps1'
[0.765s] INFO:colcon.colcon_core.shell:Creating package descriptor '/home/robin/MCAV/mcav_autoware_sensor_kit_launch/install/twizy_sensor_kit_description/share/twizy_sensor_kit_description/package.dsv'
[0.765s] INFO:colcon.colcon_core.shell:Creating package script '/home/robin/MCAV/mcav_autoware_sensor_kit_launch/install/twizy_sensor_kit_description/share/twizy_sensor_kit_description/package.sh'
[0.765s] INFO:colcon.colcon_core.shell:Creating package script '/home/robin/MCAV/mcav_autoware_sensor_kit_launch/install/twizy_sensor_kit_description/share/twizy_sensor_kit_description/package.bash'
[0.766s] INFO:colcon.colcon_core.shell:Creating package script '/home/robin/MCAV/mcav_autoware_sensor_kit_launch/install/twizy_sensor_kit_description/share/twizy_sensor_kit_description/package.zsh'
[0.766s] Level 1:colcon.colcon_core.environment:create_file_with_runtime_dependencies(/home/robin/MCAV/mcav_autoware_sensor_kit_launch/install/twizy_sensor_kit_description/share/colcon-core/packages/twizy_sensor_kit_description)
[11.188s] DEBUG:colcon.colcon_core.event_handler.log_command:Invoked command in '/home/robin/MCAV/mcav_autoware_sensor_kit_launch/build/common_sensor_launch' returned '0': CMAKE_PREFIX_PATH=/opt/ros/humble /usr/bin/cmake /home/robin/MCAV/mcav_autoware_sensor_kit_launch/common_sensor_launch -DCMAKE_BUILD_TYPE=Release -DAMENT_CMAKE_SYMLINK_INSTALL=1 -DCMAKE_INSTALL_PREFIX=/home/robin/MCAV/mcav_autoware_sensor_kit_launch/install/common_sensor_launch
[11.189s] DEBUG:colcon.colcon_core.event_handler.log_command:Invoking command in '/home/robin/MCAV/mcav_autoware_sensor_kit_launch/build/common_sensor_launch': CMAKE_PREFIX_PATH=/opt/ros/humble /usr/bin/cmake --build /home/robin/MCAV/mcav_autoware_sensor_kit_launch/build/common_sensor_launch -- -j20 -l20
[11.213s] DEBUG:colcon.colcon_core.event_handler.log_command:Invoked command in '/home/robin/MCAV/mcav_autoware_sensor_kit_launch/build/common_sensor_launch' returned '0': CMAKE_PREFIX_PATH=/opt/ros/humble /usr/bin/cmake --build /home/robin/MCAV/mcav_autoware_sensor_kit_launch/build/common_sensor_launch -- -j20 -l20
[11.228s] DEBUG:colcon.colcon_core.event_handler.log_command:Invoking command in '/home/robin/MCAV/mcav_autoware_sensor_kit_launch/build/common_sensor_launch': CMAKE_PREFIX_PATH=/opt/ros/humble /usr/bin/cmake --install /home/robin/MCAV/mcav_autoware_sensor_kit_launch/build/common_sensor_launch
[11.240s] Level 1:colcon.colcon_core.environment:create_environment_scripts_only(common_sensor_launch)
[11.242s] Level 1:colcon.colcon_core.environment:checking '/home/robin/MCAV/mcav_autoware_sensor_kit_launch/install/common_sensor_launch' for CMake module files
[11.242s] DEBUG:colcon.colcon_core.event_handler.log_command:Invoked command in '/home/robin/MCAV/mcav_autoware_sensor_kit_launch/build/common_sensor_launch' returned '0': CMAKE_PREFIX_PATH=/opt/ros/humble /usr/bin/cmake --install /home/robin/MCAV/mcav_autoware_sensor_kit_launch/build/common_sensor_launch
[11.243s] Level 1:colcon.colcon_core.environment:checking '/home/robin/MCAV/mcav_autoware_sensor_kit_launch/install/common_sensor_launch' for CMake config files
[11.243s] Level 1:colcon.colcon_core.shell:create_environment_hook('common_sensor_launch', 'cmake_prefix_path')
[11.244s] INFO:colcon.colcon_core.shell:Creating environment hook '/home/robin/MCAV/mcav_autoware_sensor_kit_launch/install/common_sensor_launch/share/common_sensor_launch/hook/cmake_prefix_path.ps1'
[11.244s] INFO:colcon.colcon_core.shell:Creating environment descriptor '/home/robin/MCAV/mcav_autoware_sensor_kit_launch/install/common_sensor_launch/share/common_sensor_launch/hook/cmake_prefix_path.dsv'
[11.244s] INFO:colcon.colcon_core.shell:Creating environment hook '/home/robin/MCAV/mcav_autoware_sensor_kit_launch/install/common_sensor_launch/share/common_sensor_launch/hook/cmake_prefix_path.sh'
[11.245s] Level 1:colcon.colcon_core.environment:checking '/home/robin/MCAV/mcav_autoware_sensor_kit_launch/install/common_sensor_launch/bin'
[11.245s] Level 1:colcon.colcon_core.environment:checking '/home/robin/MCAV/mcav_autoware_sensor_kit_launch/install/common_sensor_launch/lib/pkgconfig/common_sensor_launch.pc'
[11.245s] Level 1:colcon.colcon_core.environment:checking '/home/robin/MCAV/mcav_autoware_sensor_kit_launch/install/common_sensor_launch/lib/python3.10/site-packages'
[11.245s] Level 1:colcon.colcon_core.environment:checking '/home/robin/MCAV/mcav_autoware_sensor_kit_launch/install/common_sensor_launch/bin'
[11.246s] INFO:colcon.colcon_core.shell:Creating package script '/home/robin/MCAV/mcav_autoware_sensor_kit_launch/install/common_sensor_launch/share/common_sensor_launch/package.ps1'
[11.246s] INFO:colcon.colcon_core.shell:Creating package descriptor '/home/robin/MCAV/mcav_autoware_sensor_kit_launch/install/common_sensor_launch/share/common_sensor_launch/package.dsv'
[11.246s] INFO:colcon.colcon_core.shell:Creating package script '/home/robin/MCAV/mcav_autoware_sensor_kit_launch/install/common_sensor_launch/share/common_sensor_launch/package.sh'
[11.247s] INFO:colcon.colcon_core.shell:Creating package script '/home/robin/MCAV/mcav_autoware_sensor_kit_launch/install/common_sensor_launch/share/common_sensor_launch/package.bash'
[11.247s] INFO:colcon.colcon_core.shell:Creating package script '/home/robin/MCAV/mcav_autoware_sensor_kit_launch/install/common_sensor_launch/share/common_sensor_launch/package.zsh'
[11.247s] Level 1:colcon.colcon_core.environment:create_file_with_runtime_dependencies(/home/robin/MCAV/mcav_autoware_sensor_kit_launch/install/common_sensor_launch/share/colcon-core/packages/common_sensor_launch)
[11.266s] Level 1:colcon.colcon_core.environment:create_environment_scripts_only(common_sensor_launch)
[11.268s] Level 1:colcon.colcon_core.environment:checking '/home/robin/MCAV/mcav_autoware_sensor_kit_launch/install/common_sensor_launch' for CMake module files
[11.268s] Level 1:colcon.colcon_core.environment:checking '/home/robin/MCAV/mcav_autoware_sensor_kit_launch/install/common_sensor_launch' for CMake config files
[11.268s] Level 1:colcon.colcon_core.shell:create_environment_hook('common_sensor_launch', 'cmake_prefix_path')
[11.269s] INFO:colcon.colcon_core.shell:Creating environment hook '/home/robin/MCAV/mcav_autoware_sensor_kit_launch/install/common_sensor_launch/share/common_sensor_launch/hook/cmake_prefix_path.ps1'
[11.270s] INFO:colcon.colcon_core.shell:Creating environment descriptor '/home/robin/MCAV/mcav_autoware_sensor_kit_launch/install/common_sensor_launch/share/common_sensor_launch/hook/cmake_prefix_path.dsv'
[11.270s] INFO:colcon.colcon_core.shell:Creating environment hook '/home/robin/MCAV/mcav_autoware_sensor_kit_launch/install/common_sensor_launch/share/common_sensor_launch/hook/cmake_prefix_path.sh'
[11.270s] Level 1:colcon.colcon_core.environment:checking '/home/robin/MCAV/mcav_autoware_sensor_kit_launch/install/common_sensor_launch/bin'
[11.270s] Level 1:colcon.colcon_core.environment:checking '/home/robin/MCAV/mcav_autoware_sensor_kit_launch/install/common_sensor_launch/lib/pkgconfig/common_sensor_launch.pc'
[11.270s] Level 1:colcon.colcon_core.environment:checking '/home/robin/MCAV/mcav_autoware_sensor_kit_launch/install/common_sensor_launch/lib/python3.10/site-packages'
[11.271s] Level 1:colcon.colcon_core.environment:checking '/home/robin/MCAV/mcav_autoware_sensor_kit_launch/install/common_sensor_launch/bin'
[11.272s] INFO:colcon.colcon_core.shell:Creating package script '/home/robin/MCAV/mcav_autoware_sensor_kit_launch/install/common_sensor_launch/share/common_sensor_launch/package.ps1'
[11.272s] INFO:colcon.colcon_core.shell:Creating package descriptor '/home/robin/MCAV/mcav_autoware_sensor_kit_launch/install/common_sensor_launch/share/common_sensor_launch/package.dsv'
[11.272s] INFO:colcon.colcon_core.shell:Creating package script '/home/robin/MCAV/mcav_autoware_sensor_kit_launch/install/common_sensor_launch/share/common_sensor_launch/package.sh'
[11.272s] INFO:colcon.colcon_core.shell:Creating package script '/home/robin/MCAV/mcav_autoware_sensor_kit_launch/install/common_sensor_launch/share/common_sensor_launch/package.bash'
[11.273s] INFO:colcon.colcon_core.shell:Creating package script '/home/robin/MCAV/mcav_autoware_sensor_kit_launch/install/common_sensor_launch/share/common_sensor_launch/package.zsh'
[11.273s] Level 1:colcon.colcon_core.environment:create_file_with_runtime_dependencies(/home/robin/MCAV/mcav_autoware_sensor_kit_launch/install/common_sensor_launch/share/colcon-core/packages/common_sensor_launch)
[11.273s] INFO:colcon.colcon_ros.task.ament_cmake.build:Building ROS package in '/home/robin/MCAV/mcav_autoware_sensor_kit_launch/twizy_sensor_kit_launch' with build type 'ament_cmake'
[11.274s] INFO:colcon.colcon_cmake.task.cmake.build:Building CMake package in '/home/robin/MCAV/mcav_autoware_sensor_kit_launch/twizy_sensor_kit_launch'
[11.275s] INFO:colcon.colcon_core.shell:Skip shell extension 'powershell' for command environment: Not usable outside of PowerShell
[11.275s] DEBUG:colcon.colcon_core.shell:Skip shell extension 'dsv' for command environment
[11.470s] DEBUG:colcon.colcon_core.event_handler.log_command:Invoking command in '/home/robin/MCAV/mcav_autoware_sensor_kit_launch/build/twizy_sensor_kit_launch': AMENT_PREFIX_PATH=/home/robin/MCAV/mcav_autoware_sensor_kit_launch/install/common_sensor_launch:${AMENT_PREFIX_PATH} CMAKE_PREFIX_PATH=/home/robin/MCAV/mcav_autoware_sensor_kit_launch/install/common_sensor_launch:/opt/ros/humble /usr/bin/cmake /home/robin/MCAV/mcav_autoware_sensor_kit_launch/twizy_sensor_kit_launch -DCMAKE_BUILD_TYPE=Release -DAMENT_CMAKE_SYMLINK_INSTALL=1 -DCMAKE_INSTALL_PREFIX=/home/robin/MCAV/mcav_autoware_sensor_kit_launch/install/twizy_sensor_kit_launch
[20.353s] DEBUG:colcon.colcon_core.event_handler.log_command:Invoked command in '/home/robin/MCAV/mcav_autoware_sensor_kit_launch/build/twizy_sensor_kit_launch' returned '0': AMENT_PREFIX_PATH=/home/robin/MCAV/mcav_autoware_sensor_kit_launch/install/common_sensor_launch:${AMENT_PREFIX_PATH} CMAKE_PREFIX_PATH=/home/robin/MCAV/mcav_autoware_sensor_kit_launch/install/common_sensor_launch:/opt/ros/humble /usr/bin/cmake /home/robin/MCAV/mcav_autoware_sensor_kit_launch/twizy_sensor_kit_launch -DCMAKE_BUILD_TYPE=Release -DAMENT_CMAKE_SYMLINK_INSTALL=1 -DCMAKE_INSTALL_PREFIX=/home/robin/MCAV/mcav_autoware_sensor_kit_launch/install/twizy_sensor_kit_launch
[20.354s] DEBUG:colcon.colcon_core.event_handler.log_command:Invoking command in '/home/robin/MCAV/mcav_autoware_sensor_kit_launch/build/twizy_sensor_kit_launch': AMENT_PREFIX_PATH=/home/robin/MCAV/mcav_autoware_sensor_kit_launch/install/common_sensor_launch:${AMENT_PREFIX_PATH} CMAKE_PREFIX_PATH=/home/robin/MCAV/mcav_autoware_sensor_kit_launch/install/common_sensor_launch:/opt/ros/humble /usr/bin/cmake --build /home/robin/MCAV/mcav_autoware_sensor_kit_launch/build/twizy_sensor_kit_launch -- -j20 -l20
[20.382s] DEBUG:colcon.colcon_core.event_handler.log_command:Invoked command in '/home/robin/MCAV/mcav_autoware_sensor_kit_launch/build/twizy_sensor_kit_launch' returned '0': AMENT_PREFIX_PATH=/home/robin/MCAV/mcav_autoware_sensor_kit_launch/install/common_sensor_launch:${AMENT_PREFIX_PATH} CMAKE_PREFIX_PATH=/home/robin/MCAV/mcav_autoware_sensor_kit_launch/install/common_sensor_launch:/opt/ros/humble /usr/bin/cmake --build /home/robin/MCAV/mcav_autoware_sensor_kit_launch/build/twizy_sensor_kit_launch -- -j20 -l20
[20.397s] DEBUG:colcon.colcon_core.event_handler.log_command:Invoking command in '/home/robin/MCAV/mcav_autoware_sensor_kit_launch/build/twizy_sensor_kit_launch': AMENT_PREFIX_PATH=/home/robin/MCAV/mcav_autoware_sensor_kit_launch/install/common_sensor_launch:${AMENT_PREFIX_PATH} CMAKE_PREFIX_PATH=/home/robin/MCAV/mcav_autoware_sensor_kit_launch/install/common_sensor_launch:/opt/ros/humble /usr/bin/cmake --install /home/robin/MCAV/mcav_autoware_sensor_kit_launch/build/twizy_sensor_kit_launch
[20.463s] Level 1:colcon.colcon_core.environment:create_environment_scripts_only(twizy_sensor_kit_launch)
[20.465s] Level 1:colcon.colcon_core.environment:checking '/home/robin/MCAV/mcav_autoware_sensor_kit_launch/install/twizy_sensor_kit_launch' for CMake module files
[20.465s] DEBUG:colcon.colcon_core.event_handler.log_command:Invoked command in '/home/robin/MCAV/mcav_autoware_sensor_kit_launch/build/twizy_sensor_kit_launch' returned '0': AMENT_PREFIX_PATH=/home/robin/MCAV/mcav_autoware_sensor_kit_launch/install/common_sensor_launch:${AMENT_PREFIX_PATH} CMAKE_PREFIX_PATH=/home/robin/MCAV/mcav_autoware_sensor_kit_launch/install/common_sensor_launch:/opt/ros/humble /usr/bin/cmake --install /home/robin/MCAV/mcav_autoware_sensor_kit_launch/build/twizy_sensor_kit_launch
[20.466s] Level 1:colcon.colcon_core.environment:checking '/home/robin/MCAV/mcav_autoware_sensor_kit_launch/install/twizy_sensor_kit_launch' for CMake config files
[20.466s] Level 1:colcon.colcon_core.shell:create_environment_hook('twizy_sensor_kit_launch', 'cmake_prefix_path')
[20.467s] INFO:colcon.colcon_core.shell:Creating environment hook '/home/robin/MCAV/mcav_autoware_sensor_kit_launch/install/twizy_sensor_kit_launch/share/twizy_sensor_kit_launch/hook/cmake_prefix_path.ps1'
[20.467s] INFO:colcon.colcon_core.shell:Creating environment descriptor '/home/robin/MCAV/mcav_autoware_sensor_kit_launch/install/twizy_sensor_kit_launch/share/twizy_sensor_kit_launch/hook/cmake_prefix_path.dsv'
[20.467s] INFO:colcon.colcon_core.shell:Creating environment hook '/home/robin/MCAV/mcav_autoware_sensor_kit_launch/install/twizy_sensor_kit_launch/share/twizy_sensor_kit_launch/hook/cmake_prefix_path.sh'
[20.468s] Level 1:colcon.colcon_core.environment:checking '/home/robin/MCAV/mcav_autoware_sensor_kit_launch/install/twizy_sensor_kit_launch/bin'
[20.468s] Level 1:colcon.colcon_core.environment:checking '/home/robin/MCAV/mcav_autoware_sensor_kit_launch/install/twizy_sensor_kit_launch/lib/pkgconfig/twizy_sensor_kit_launch.pc'
[20.468s] Level 1:colcon.colcon_core.environment:checking '/home/robin/MCAV/mcav_autoware_sensor_kit_launch/install/twizy_sensor_kit_launch/lib/python3.10/site-packages'
[20.468s] Level 1:colcon.colcon_core.environment:checking '/home/robin/MCAV/mcav_autoware_sensor_kit_launch/install/twizy_sensor_kit_launch/bin'
[20.469s] INFO:colcon.colcon_core.shell:Creating package script '/home/robin/MCAV/mcav_autoware_sensor_kit_launch/install/twizy_sensor_kit_launch/share/twizy_sensor_kit_launch/package.ps1'
[20.469s] INFO:colcon.colcon_core.shell:Creating package descriptor '/home/robin/MCAV/mcav_autoware_sensor_kit_launch/install/twizy_sensor_kit_launch/share/twizy_sensor_kit_launch/package.dsv'
[20.470s] INFO:colcon.colcon_core.shell:Creating package script '/home/robin/MCAV/mcav_autoware_sensor_kit_launch/install/twizy_sensor_kit_launch/share/twizy_sensor_kit_launch/package.sh'
[20.470s] INFO:colcon.colcon_core.shell:Creating package script '/home/robin/MCAV/mcav_autoware_sensor_kit_launch/install/twizy_sensor_kit_launch/share/twizy_sensor_kit_launch/package.bash'
[20.470s] INFO:colcon.colcon_core.shell:Creating package script '/home/robin/MCAV/mcav_autoware_sensor_kit_launch/install/twizy_sensor_kit_launch/share/twizy_sensor_kit_launch/package.zsh'
[20.470s] Level 1:colcon.colcon_core.environment:create_file_with_runtime_dependencies(/home/robin/MCAV/mcav_autoware_sensor_kit_launch/install/twizy_sensor_kit_launch/share/colcon-core/packages/twizy_sensor_kit_launch)
[20.485s] Level 1:colcon.colcon_core.environment:create_environment_scripts_only(twizy_sensor_kit_launch)
[20.486s] Level 1:colcon.colcon_core.environment:checking '/home/robin/MCAV/mcav_autoware_sensor_kit_launch/install/twizy_sensor_kit_launch' for CMake module files
[20.487s] Level 1:colcon.colcon_core.environment:checking '/home/robin/MCAV/mcav_autoware_sensor_kit_launch/install/twizy_sensor_kit_launch' for CMake config files
[20.487s] Level 1:colcon.colcon_core.shell:create_environment_hook('twizy_sensor_kit_launch', 'cmake_prefix_path')
[20.488s] INFO:colcon.colcon_core.shell:Creating environment hook '/home/robin/MCAV/mcav_autoware_sensor_kit_launch/install/twizy_sensor_kit_launch/share/twizy_sensor_kit_launch/hook/cmake_prefix_path.ps1'
[20.488s] INFO:colcon.colcon_core.shell:Creating environment descriptor '/home/robin/MCAV/mcav_autoware_sensor_kit_launch/install/twizy_sensor_kit_launch/share/twizy_sensor_kit_launch/hook/cmake_prefix_path.dsv'
[20.488s] INFO:colcon.colcon_core.shell:Creating environment hook '/home/robin/MCAV/mcav_autoware_sensor_kit_launch/install/twizy_sensor_kit_launch/share/twizy_sensor_kit_launch/hook/cmake_prefix_path.sh'
[20.488s] Level 1:colcon.colcon_core.environment:checking '/home/robin/MCAV/mcav_autoware_sensor_kit_launch/install/twizy_sensor_kit_launch/bin'
[20.488s] Level 1:colcon.colcon_core.environment:checking '/home/robin/MCAV/mcav_autoware_sensor_kit_launch/install/twizy_sensor_kit_launch/lib/pkgconfig/twizy_sensor_kit_launch.pc'
[20.489s] Level 1:colcon.colcon_core.environment:checking '/home/robin/MCAV/mcav_autoware_sensor_kit_launch/install/twizy_sensor_kit_launch/lib/python3.10/site-packages'
[20.489s] Level 1:colcon.colcon_core.environment:checking '/home/robin/MCAV/mcav_autoware_sensor_kit_launch/install/twizy_sensor_kit_launch/bin'
[20.490s] INFO:colcon.colcon_core.shell:Creating package script '/home/robin/MCAV/mcav_autoware_sensor_kit_launch/install/twizy_sensor_kit_launch/share/twizy_sensor_kit_launch/package.ps1'
[20.490s] INFO:colcon.colcon_core.shell:Creating package descriptor '/home/robin/MCAV/mcav_autoware_sensor_kit_launch/install/twizy_sensor_kit_launch/share/twizy_sensor_kit_launch/package.dsv'
[20.490s] INFO:colcon.colcon_core.shell:Creating package script '/home/robin/MCAV/mcav_autoware_sensor_kit_launch/install/twizy_sensor_kit_launch/share/twizy_sensor_kit_launch/package.sh'
[20.490s] INFO:colcon.colcon_core.shell:Creating package script '/home/robin/MCAV/mcav_autoware_sensor_kit_launch/install/twizy_sensor_kit_launch/share/twizy_sensor_kit_launch/package.bash'
[20.491s] INFO:colcon.colcon_core.shell:Creating package script '/home/robin/MCAV/mcav_autoware_sensor_kit_launch/install/twizy_sensor_kit_launch/share/twizy_sensor_kit_launch/package.zsh'
[20.491s] Level 1:colcon.colcon_core.environment:create_file_with_runtime_dependencies(/home/robin/MCAV/mcav_autoware_sensor_kit_launch/install/twizy_sensor_kit_launch/share/colcon-core/packages/twizy_sensor_kit_launch)
[20.491s] DEBUG:colcon.colcon_parallel_executor.executor.parallel:closing loop
[20.491s] DEBUG:colcon.colcon_parallel_executor.executor.parallel:loop closed
[20.491s] DEBUG:colcon.colcon_parallel_executor.executor.parallel:run_until_complete finished with '0'
[20.491s] DEBUG:colcon.colcon_core.event_reactor:joining thread
[20.496s] INFO:colcon.colcon_core.plugin_system:Skipping extension 'colcon_notification.desktop_notification.terminal_notifier': Not used on non-Darwin systems
[20.496s] INFO:colcon.colcon_core.plugin_system:Skipping extension 'colcon_notification.desktop_notification.win32': Not used on non-Windows systems
[20.496s] INFO:colcon.colcon_notification.desktop_notification:Sending desktop notification using 'notify2'
[20.500s] DEBUG:colcon.colcon_core.event_reactor:joined thread
[20.501s] INFO:colcon.colcon_core.shell:Creating prefix script '/home/robin/MCAV/mcav_autoware_sensor_kit_launch/install/local_setup.ps1'
[20.501s] INFO:colcon.colcon_core.shell:Creating prefix util module '/home/robin/MCAV/mcav_autoware_sensor_kit_launch/install/_local_setup_util_ps1.py'
[20.502s] INFO:colcon.colcon_core.shell:Creating prefix chain script '/home/robin/MCAV/mcav_autoware_sensor_kit_launch/install/setup.ps1'
[20.503s] INFO:colcon.colcon_core.shell:Creating prefix script '/home/robin/MCAV/mcav_autoware_sensor_kit_launch/install/local_setup.sh'
[20.504s] INFO:colcon.colcon_core.shell:Creating prefix util module '/home/robin/MCAV/mcav_autoware_sensor_kit_launch/install/_local_setup_util_sh.py'
[20.504s] INFO:colcon.colcon_core.shell:Creating prefix chain script '/home/robin/MCAV/mcav_autoware_sensor_kit_launch/install/setup.sh'
[20.505s] INFO:colcon.colcon_core.shell:Creating prefix script '/home/robin/MCAV/mcav_autoware_sensor_kit_launch/install/local_setup.bash'
[20.505s] INFO:colcon.colcon_core.shell:Creating prefix chain script '/home/robin/MCAV/mcav_autoware_sensor_kit_launch/install/setup.bash'
[20.506s] INFO:colcon.colcon_core.shell:Creating prefix script '/home/robin/MCAV/mcav_autoware_sensor_kit_launch/install/local_setup.zsh'
[20.506s] INFO:colcon.colcon_core.shell:Creating prefix chain script '/home/robin/MCAV/mcav_autoware_sensor_kit_launch/install/setup.zsh'
