[0.155s] Invoking command in '/home/robin/MCAV/mcav_autoware_sensor_kit_launch/build/twizy_sensor_kit_launch': AMENT_PREFIX_PATH=/home/robin/MCAV/mcav_autoware_sensor_kit_launch/install/common_sensor_launch:${AMENT_PREFIX_PATH} CMAKE_PREFIX_PATH=/home/robin/MCAV/mcav_autoware_sensor_kit_launch/install/common_sensor_launch:/opt/ros/humble /usr/bin/cmake --build /home/robin/MCAV/mcav_autoware_sensor_kit_launch/build/twizy_sensor_kit_launch -- -j20 -l20
[0.197s] Invoked command in '/home/robin/MCAV/mcav_autoware_sensor_kit_launch/build/twizy_sensor_kit_launch' returned '0': AMENT_PREFIX_PATH=/home/robin/MCAV/mcav_autoware_sensor_kit_launch/install/common_sensor_launch:${AMENT_PREFIX_PATH} CMAKE_PREFIX_PATH=/home/robin/MCAV/mcav_autoware_sensor_kit_launch/install/common_sensor_launch:/opt/ros/humble /usr/bin/cmake --build /home/robin/MCAV/mcav_autoware_sensor_kit_launch/build/twizy_sensor_kit_launch -- -j20 -l20
[0.219s] Invoking command in '/home/robin/MCAV/mcav_autoware_sensor_kit_launch/build/twizy_sensor_kit_launch': AMENT_PREFIX_PATH=/home/robin/MCAV/mcav_autoware_sensor_kit_launch/install/common_sensor_launch:${AMENT_PREFIX_PATH} CMAKE_PREFIX_PATH=/home/robin/MCAV/mcav_autoware_sensor_kit_launch/install/common_sensor_launch:/opt/ros/humble /usr/bin/cmake --install /home/robin/MCAV/mcav_autoware_sensor_kit_launch/build/twizy_sensor_kit_launch
[0.225s] -- Install configuration: "Release"
[0.225s] -- Execute custom install script
[0.226s] -- Up-to-date symlink: /home/robin/MCAV/mcav_autoware_sensor_kit_launch/install/twizy_sensor_kit_launch/share/twizy_sensor_kit_launch/launch/camera.launch.xml
[0.226s] -- Up-to-date symlink: /home/robin/MCAV/mcav_autoware_sensor_kit_launch/install/twizy_sensor_kit_launch/share/twizy_sensor_kit_launch/launch/gnss.launch.xml
[0.226s] -- Up-to-date symlink: /home/robin/MCAV/mcav_autoware_sensor_kit_launch/install/twizy_sensor_kit_launch/share/twizy_sensor_kit_launch/launch/imu.launch.xml
[0.226s] -- Up-to-date symlink: /home/robin/MCAV/mcav_autoware_sensor_kit_launch/install/twizy_sensor_kit_launch/share/twizy_sensor_kit_launch/launch/lidar.launch.xml
[0.226s] -- Up-to-date symlink: /home/robin/MCAV/mcav_autoware_sensor_kit_launch/install/twizy_sensor_kit_launch/share/twizy_sensor_kit_launch/launch/pointcloud_preprocessor.launch.py
[0.226s] -- Up-to-date symlink: /home/robin/MCAV/mcav_autoware_sensor_kit_launch/install/twizy_sensor_kit_launch/share/twizy_sensor_kit_launch/launch/sensing.launch.xml
[0.227s] -- Up-to-date symlink: /home/robin/MCAV/mcav_autoware_sensor_kit_launch/install/twizy_sensor_kit_launch/share/twizy_sensor_kit_launch/data/traffic_light_camera.yaml
[0.227s] -- Up-to-date symlink: /home/robin/MCAV/mcav_autoware_sensor_kit_launch/install/twizy_sensor_kit_launch/share/twizy_sensor_kit_launch/config/diagnostic_aggregator/sensor_kit.param.yaml
[0.227s] -- Up-to-date symlink: /home/robin/MCAV/mcav_autoware_sensor_kit_launch/install/twizy_sensor_kit_launch/share/twizy_sensor_kit_launch/config/dummy_diag_publisher/sensor_kit.param.yaml
[0.227s] -- Up-to-date symlink: /home/robin/MCAV/mcav_autoware_sensor_kit_launch/install/twizy_sensor_kit_launch/share/ament_index/resource_index/package_run_dependencies/twizy_sensor_kit_launch
[0.227s] -- Up-to-date symlink: /home/robin/MCAV/mcav_autoware_sensor_kit_launch/install/twizy_sensor_kit_launch/share/ament_index/resource_index/parent_prefix_path/twizy_sensor_kit_launch
[0.227s] -- Up-to-date symlink: /home/robin/MCAV/mcav_autoware_sensor_kit_launch/install/twizy_sensor_kit_launch/share/twizy_sensor_kit_launch/environment/ament_prefix_path.sh
[0.228s] -- Up-to-date symlink: /home/robin/MCAV/mcav_autoware_sensor_kit_launch/install/twizy_sensor_kit_launch/share/twizy_sensor_kit_launch/environment/ament_prefix_path.dsv
[0.228s] -- Up-to-date symlink: /home/robin/MCAV/mcav_autoware_sensor_kit_launch/install/twizy_sensor_kit_launch/share/twizy_sensor_kit_launch/environment/path.sh
[0.228s] -- Up-to-date symlink: /home/robin/MCAV/mcav_autoware_sensor_kit_launch/install/twizy_sensor_kit_launch/share/twizy_sensor_kit_launch/environment/path.dsv
[0.228s] -- Up-to-date symlink: /home/robin/MCAV/mcav_autoware_sensor_kit_launch/install/twizy_sensor_kit_launch/share/twizy_sensor_kit_launch/local_setup.bash
[0.228s] -- Up-to-date symlink: /home/robin/MCAV/mcav_autoware_sensor_kit_launch/install/twizy_sensor_kit_launch/share/twizy_sensor_kit_launch/local_setup.sh
[0.228s] -- Up-to-date symlink: /home/robin/MCAV/mcav_autoware_sensor_kit_launch/install/twizy_sensor_kit_launch/share/twizy_sensor_kit_launch/local_setup.zsh
[0.228s] -- Up-to-date symlink: /home/robin/MCAV/mcav_autoware_sensor_kit_launch/install/twizy_sensor_kit_launch/share/twizy_sensor_kit_launch/local_setup.dsv
[0.229s] -- Symlinking: /home/robin/MCAV/mcav_autoware_sensor_kit_launch/install/twizy_sensor_kit_launch/share/twizy_sensor_kit_launch/package.dsv
[0.236s] -- Up-to-date symlink: /home/robin/MCAV/mcav_autoware_sensor_kit_launch/install/twizy_sensor_kit_launch/share/ament_index/resource_index/packages/twizy_sensor_kit_launch
[0.236s] -- Up-to-date symlink: /home/robin/MCAV/mcav_autoware_sensor_kit_launch/install/twizy_sensor_kit_launch/share/twizy_sensor_kit_launch/cmake/twizy_sensor_kit_launchConfig.cmake
[0.236s] -- Up-to-date symlink: /home/robin/MCAV/mcav_autoware_sensor_kit_launch/install/twizy_sensor_kit_launch/share/twizy_sensor_kit_launch/cmake/twizy_sensor_kit_launchConfig-version.cmake
[0.237s] -- Up-to-date symlink: /home/robin/MCAV/mcav_autoware_sensor_kit_launch/install/twizy_sensor_kit_launch/share/twizy_sensor_kit_launch/package.xml
[0.240s] Invoked command in '/home/robin/MCAV/mcav_autoware_sensor_kit_launch/build/twizy_sensor_kit_launch' returned '0': AMENT_PREFIX_PATH=/home/robin/MCAV/mcav_autoware_sensor_kit_launch/install/common_sensor_launch:${AMENT_PREFIX_PATH} CMAKE_PREFIX_PATH=/home/robin/MCAV/mcav_autoware_sensor_kit_launch/install/common_sensor_launch:/opt/ros/humble /usr/bin/cmake --install /home/robin/MCAV/mcav_autoware_sensor_kit_launch/build/twizy_sensor_kit_launch
