[0.700s] DEBUG:colcon:Command line arguments: ['/usr/bin/colcon', 'build', '--symlink-install', '--cmake-args', '-DCMAKE_BUILD_TYPE=Release', '--packages-up-to', 'twizy_sensor_kit_description']
[0.700s] DEBUG:colcon:Parsed command line arguments: Namespace(log_base=None, log_level=None, verb_name='build', build_base='build', install_base='install', merge_install=False, symlink_install=True, test_result_base=None, continue_on_error=False, executor='parallel', parallel_workers=20, event_handlers=None, ignore_user_meta=False, metas=['./colcon.meta'], base_paths=['.'], packages_ignore=None, packages_ignore_regex=None, paths=None, packages_up_to=['twizy_sensor_kit_description'], packages_up_to_regex=None, packages_above=None, packages_above_and_dependencies=None, packages_above_depth=None, packages_select_by_dep=None, packages_skip_by_dep=None, packages_skip_up_to=None, packages_select_build_failed=False, packages_skip_build_finished=False, packages_select_test_failures=False, packages_skip_test_passed=False, packages_select=None, packages_skip=None, packages_select_regex=None, packages_skip_regex=None, packages_start=None, packages_end=None, allow_overriding=[], cmake_args=['-DCMAKE_BUILD_TYPE=Release'], cmake_target=None, cmake_target_skip_unavailable=False, cmake_clean_cache=False, cmake_clean_first=False, cmake_force_configure=False, ament_cmake_args=None, catkin_cmake_args=None, catkin_skip_building_tests=False, verb_parser=<colcon_defaults.argument_parser.defaults.DefaultArgumentsDecorator object at 0x7f76c874b3a0>, verb_extension=<colcon_core.verb.build.BuildVerb object at 0x7f76c914cd30>, main=<bound method BuildVerb.main of <colcon_core.verb.build.BuildVerb object at 0x7f76c914cd30>>)
[0.731s] Level 1:colcon.colcon_core.package_discovery:discover_packages(colcon_meta) check parameters
[0.731s] Level 1:colcon.colcon_core.package_discovery:discover_packages(recursive) check parameters
[0.731s] Level 1:colcon.colcon_core.package_discovery:discover_packages(ignore) check parameters
[0.731s] Level 1:colcon.colcon_core.package_discovery:discover_packages(path) check parameters
[0.731s] Level 1:colcon.colcon_core.package_discovery:discover_packages(colcon_meta) discover
[0.731s] Level 1:colcon.colcon_core.package_discovery:discover_packages(recursive) discover
[0.731s] INFO:colcon.colcon_core.package_discovery:Crawling recursively for packages in '/home/robin/MCAV/mcav_autoware_sensor_kit_launch'
[0.731s] Level 1:colcon.colcon_core.package_identification:_identify(.) by extensions ['ignore', 'ignore_ament_install']
[0.731s] Level 1:colcon.colcon_core.package_identification:_identify(.) by extension 'ignore'
[0.731s] Level 1:colcon.colcon_core.package_identification:_identify(.) by extension 'ignore_ament_install'
[0.731s] Level 1:colcon.colcon_core.package_identification:_identify(.) by extensions ['colcon_pkg']
[0.731s] Level 1:colcon.colcon_core.package_identification:_identify(.) by extension 'colcon_pkg'
[0.731s] Level 1:colcon.colcon_core.package_identification:_identify(.) by extensions ['colcon_meta']
[0.731s] Level 1:colcon.colcon_core.package_identification:_identify(.) by extension 'colcon_meta'
[0.731s] Level 1:colcon.colcon_core.package_identification:_identify(.) by extensions ['ros']
[0.731s] Level 1:colcon.colcon_core.package_identification:_identify(.) by extension 'ros'
[0.740s] Level 1:colcon.colcon_core.package_identification:_identify(.) by extensions ['cmake', 'python']
[0.740s] Level 1:colcon.colcon_core.package_identification:_identify(.) by extension 'cmake'
[0.740s] Level 1:colcon.colcon_core.package_identification:_identify(.) by extension 'python'
[0.740s] Level 1:colcon.colcon_core.package_identification:_identify(.) by extensions ['python_setup_py']
[0.740s] Level 1:colcon.colcon_core.package_identification:_identify(.) by extension 'python_setup_py'
[0.740s] Level 1:colcon.colcon_core.package_identification:_identify(build) by extensions ['ignore', 'ignore_ament_install']
[0.740s] Level 1:colcon.colcon_core.package_identification:_identify(build) by extension 'ignore'
[0.740s] Level 1:colcon.colcon_core.package_identification:_identify(build) ignored
[0.741s] Level 1:colcon.colcon_core.package_identification:_identify(common_sensor_launch) by extensions ['ignore', 'ignore_ament_install']
[0.741s] Level 1:colcon.colcon_core.package_identification:_identify(common_sensor_launch) by extension 'ignore'
[0.741s] Level 1:colcon.colcon_core.package_identification:_identify(common_sensor_launch) by extension 'ignore_ament_install'
[0.741s] Level 1:colcon.colcon_core.package_identification:_identify(common_sensor_launch) by extensions ['colcon_pkg']
[0.741s] Level 1:colcon.colcon_core.package_identification:_identify(common_sensor_launch) by extension 'colcon_pkg'
[0.741s] Level 1:colcon.colcon_core.package_identification:_identify(common_sensor_launch) by extensions ['colcon_meta']
[0.741s] Level 1:colcon.colcon_core.package_identification:_identify(common_sensor_launch) by extension 'colcon_meta'
[0.741s] Level 1:colcon.colcon_core.package_identification:_identify(common_sensor_launch) by extensions ['ros']
[0.741s] Level 1:colcon.colcon_core.package_identification:_identify(common_sensor_launch) by extension 'ros'
[0.744s] DEBUG:colcon.colcon_core.package_identification:Package 'common_sensor_launch' with type 'ros.ament_cmake' and name 'common_sensor_launch'
[0.744s] Level 1:colcon.colcon_core.package_identification:_identify(install) by extensions ['ignore', 'ignore_ament_install']
[0.744s] Level 1:colcon.colcon_core.package_identification:_identify(install) by extension 'ignore'
[0.744s] Level 1:colcon.colcon_core.package_identification:_identify(install) ignored
[0.744s] Level 1:colcon.colcon_core.package_identification:_identify(log) by extensions ['ignore', 'ignore_ament_install']
[0.744s] Level 1:colcon.colcon_core.package_identification:_identify(log) by extension 'ignore'
[0.744s] Level 1:colcon.colcon_core.package_identification:_identify(log) ignored
[0.744s] Level 1:colcon.colcon_core.package_identification:_identify(sample_sensor_kit_description) by extensions ['ignore', 'ignore_ament_install']
[0.744s] Level 1:colcon.colcon_core.package_identification:_identify(sample_sensor_kit_description) by extension 'ignore'
[0.744s] Level 1:colcon.colcon_core.package_identification:_identify(sample_sensor_kit_description) by extension 'ignore_ament_install'
[0.744s] Level 1:colcon.colcon_core.package_identification:_identify(sample_sensor_kit_description) by extensions ['colcon_pkg']
[0.745s] Level 1:colcon.colcon_core.package_identification:_identify(sample_sensor_kit_description) by extension 'colcon_pkg'
[0.745s] Level 1:colcon.colcon_core.package_identification:_identify(sample_sensor_kit_description) by extensions ['colcon_meta']
[0.745s] Level 1:colcon.colcon_core.package_identification:_identify(sample_sensor_kit_description) by extension 'colcon_meta'
[0.745s] Level 1:colcon.colcon_core.package_identification:_identify(sample_sensor_kit_description) by extensions ['ros']
[0.745s] Level 1:colcon.colcon_core.package_identification:_identify(sample_sensor_kit_description) by extension 'ros'
[0.745s] DEBUG:colcon.colcon_core.package_identification:Package 'sample_sensor_kit_description' with type 'ros.ament_cmake' and name 'sample_sensor_kit_description'
[0.745s] Level 1:colcon.colcon_core.package_identification:_identify(sample_sensor_kit_launch) by extensions ['ignore', 'ignore_ament_install']
[0.745s] Level 1:colcon.colcon_core.package_identification:_identify(sample_sensor_kit_launch) by extension 'ignore'
[0.745s] Level 1:colcon.colcon_core.package_identification:_identify(sample_sensor_kit_launch) by extension 'ignore_ament_install'
[0.745s] Level 1:colcon.colcon_core.package_identification:_identify(sample_sensor_kit_launch) by extensions ['colcon_pkg']
[0.745s] Level 1:colcon.colcon_core.package_identification:_identify(sample_sensor_kit_launch) by extension 'colcon_pkg'
[0.745s] Level 1:colcon.colcon_core.package_identification:_identify(sample_sensor_kit_launch) by extensions ['colcon_meta']
[0.745s] Level 1:colcon.colcon_core.package_identification:_identify(sample_sensor_kit_launch) by extension 'colcon_meta'
[0.745s] Level 1:colcon.colcon_core.package_identification:_identify(sample_sensor_kit_launch) by extensions ['ros']
[0.746s] Level 1:colcon.colcon_core.package_identification:_identify(sample_sensor_kit_launch) by extension 'ros'
[0.746s] DEBUG:colcon.colcon_core.package_identification:Package 'sample_sensor_kit_launch' with type 'ros.ament_cmake' and name 'sample_sensor_kit_launch'
[0.746s] Level 1:colcon.colcon_core.package_identification:_identify(sensor_kit_description) by extensions ['ignore', 'ignore_ament_install']
[0.746s] Level 1:colcon.colcon_core.package_identification:_identify(sensor_kit_description) by extension 'ignore'
[0.746s] Level 1:colcon.colcon_core.package_identification:_identify(sensor_kit_description) by extension 'ignore_ament_install'
[0.746s] Level 1:colcon.colcon_core.package_identification:_identify(sensor_kit_description) by extensions ['colcon_pkg']
[0.746s] Level 1:colcon.colcon_core.package_identification:_identify(sensor_kit_description) by extension 'colcon_pkg'
[0.746s] Level 1:colcon.colcon_core.package_identification:_identify(sensor_kit_description) by extensions ['colcon_meta']
[0.746s] Level 1:colcon.colcon_core.package_identification:_identify(sensor_kit_description) by extension 'colcon_meta'
[0.746s] Level 1:colcon.colcon_core.package_identification:_identify(sensor_kit_description) by extensions ['ros']
[0.746s] Level 1:colcon.colcon_core.package_identification:_identify(sensor_kit_description) by extension 'ros'
[0.747s] Level 1:colcon.colcon_core.package_identification:_identify(sensor_kit_description) by extensions ['cmake', 'python']
[0.747s] Level 1:colcon.colcon_core.package_identification:_identify(sensor_kit_description) by extension 'cmake'
[0.747s] Level 1:colcon.colcon_core.package_identification:_identify(sensor_kit_description) by extension 'python'
[0.747s] Level 1:colcon.colcon_core.package_identification:_identify(sensor_kit_description) by extensions ['python_setup_py']
[0.747s] Level 1:colcon.colcon_core.package_identification:_identify(sensor_kit_description) by extension 'python_setup_py'
[0.747s] Level 1:colcon.colcon_core.package_identification:_identify(sensor_kit_description/AWSIM_sensor_description) by extensions ['ignore', 'ignore_ament_install']
[0.747s] Level 1:colcon.colcon_core.package_identification:_identify(sensor_kit_description/AWSIM_sensor_description) by extension 'ignore'
[0.747s] Level 1:colcon.colcon_core.package_identification:_identify(sensor_kit_description/AWSIM_sensor_description) by extension 'ignore_ament_install'
[0.747s] Level 1:colcon.colcon_core.package_identification:_identify(sensor_kit_description/AWSIM_sensor_description) by extensions ['colcon_pkg']
[0.747s] Level 1:colcon.colcon_core.package_identification:_identify(sensor_kit_description/AWSIM_sensor_description) by extension 'colcon_pkg'
[0.747s] Level 1:colcon.colcon_core.package_identification:_identify(sensor_kit_description/AWSIM_sensor_description) by extensions ['colcon_meta']
[0.747s] Level 1:colcon.colcon_core.package_identification:_identify(sensor_kit_description/AWSIM_sensor_description) by extension 'colcon_meta'
[0.747s] Level 1:colcon.colcon_core.package_identification:_identify(sensor_kit_description/AWSIM_sensor_description) by extensions ['ros']
[0.747s] Level 1:colcon.colcon_core.package_identification:_identify(sensor_kit_description/AWSIM_sensor_description) by extension 'ros'
[0.747s] Level 1:colcon.colcon_core.package_identification:_identify(sensor_kit_description/AWSIM_sensor_description) by extensions ['cmake', 'python']
[0.747s] Level 1:colcon.colcon_core.package_identification:_identify(sensor_kit_description/AWSIM_sensor_description) by extension 'cmake'
[0.747s] Level 1:colcon.colcon_core.package_identification:_identify(sensor_kit_description/AWSIM_sensor_description) by extension 'python'
[0.747s] Level 1:colcon.colcon_core.package_identification:_identify(sensor_kit_description/AWSIM_sensor_description) by extensions ['python_setup_py']
[0.747s] Level 1:colcon.colcon_core.package_identification:_identify(sensor_kit_description/AWSIM_sensor_description) by extension 'python_setup_py'
[0.747s] Level 1:colcon.colcon_core.package_identification:_identify(sensor_kit_description/AWSIM_sensor_description/AWSIM_sensor_description) by extensions ['ignore', 'ignore_ament_install']
[0.747s] Level 1:colcon.colcon_core.package_identification:_identify(sensor_kit_description/AWSIM_sensor_description/AWSIM_sensor_description) by extension 'ignore'
[0.747s] Level 1:colcon.colcon_core.package_identification:_identify(sensor_kit_description/AWSIM_sensor_description/AWSIM_sensor_description) by extension 'ignore_ament_install'
[0.747s] Level 1:colcon.colcon_core.package_identification:_identify(sensor_kit_description/AWSIM_sensor_description/AWSIM_sensor_description) by extensions ['colcon_pkg']
[0.747s] Level 1:colcon.colcon_core.package_identification:_identify(sensor_kit_description/AWSIM_sensor_description/AWSIM_sensor_description) by extension 'colcon_pkg'
[0.747s] Level 1:colcon.colcon_core.package_identification:_identify(sensor_kit_description/AWSIM_sensor_description/AWSIM_sensor_description) by extensions ['colcon_meta']
[0.747s] Level 1:colcon.colcon_core.package_identification:_identify(sensor_kit_description/AWSIM_sensor_description/AWSIM_sensor_description) by extension 'colcon_meta'
[0.747s] Level 1:colcon.colcon_core.package_identification:_identify(sensor_kit_description/AWSIM_sensor_description/AWSIM_sensor_description) by extensions ['ros']
[0.747s] Level 1:colcon.colcon_core.package_identification:_identify(sensor_kit_description/AWSIM_sensor_description/AWSIM_sensor_description) by extension 'ros'
[0.748s] DEBUG:colcon.colcon_core.package_identification:Package 'sensor_kit_description/AWSIM_sensor_description/AWSIM_sensor_description' with type 'ros.catkin' and name 'AWSIM_sensor_description'
[0.748s] Level 1:colcon.colcon_core.package_identification:_identify(sensor_kit_description/AWSIM_sensor_description/CARLA_sensor_description) by extensions ['ignore', 'ignore_ament_install']
[0.748s] Level 1:colcon.colcon_core.package_identification:_identify(sensor_kit_description/AWSIM_sensor_description/CARLA_sensor_description) by extension 'ignore'
[0.748s] Level 1:colcon.colcon_core.package_identification:_identify(sensor_kit_description/AWSIM_sensor_description/CARLA_sensor_description) by extension 'ignore_ament_install'
[0.749s] Level 1:colcon.colcon_core.package_identification:_identify(sensor_kit_description/AWSIM_sensor_description/CARLA_sensor_description) by extensions ['colcon_pkg']
[0.749s] Level 1:colcon.colcon_core.package_identification:_identify(sensor_kit_description/AWSIM_sensor_description/CARLA_sensor_description) by extension 'colcon_pkg'
[0.749s] Level 1:colcon.colcon_core.package_identification:_identify(sensor_kit_description/AWSIM_sensor_description/CARLA_sensor_description) by extensions ['colcon_meta']
[0.749s] Level 1:colcon.colcon_core.package_identification:_identify(sensor_kit_description/AWSIM_sensor_description/CARLA_sensor_description) by extension 'colcon_meta'
[0.749s] Level 1:colcon.colcon_core.package_identification:_identify(sensor_kit_description/AWSIM_sensor_description/CARLA_sensor_description) by extensions ['ros']
[0.749s] Level 1:colcon.colcon_core.package_identification:_identify(sensor_kit_description/AWSIM_sensor_description/CARLA_sensor_description) by extension 'ros'
[0.749s] DEBUG:colcon.colcon_core.package_identification:Package 'sensor_kit_description/AWSIM_sensor_description/CARLA_sensor_description' with type 'ros.catkin' and name 'CARLA_sensor_description'
[0.749s] Level 1:colcon.colcon_core.package_identification:_identify(sensor_kit_description/AWSIM_sensor_description/ENV200_sensor_description) by extensions ['ignore', 'ignore_ament_install']
[0.750s] Level 1:colcon.colcon_core.package_identification:_identify(sensor_kit_description/AWSIM_sensor_description/ENV200_sensor_description) by extension 'ignore'
[0.750s] Level 1:colcon.colcon_core.package_identification:_identify(sensor_kit_description/AWSIM_sensor_description/ENV200_sensor_description) by extension 'ignore_ament_install'
[0.750s] Level 1:colcon.colcon_core.package_identification:_identify(sensor_kit_description/AWSIM_sensor_description/ENV200_sensor_description) by extensions ['colcon_pkg']
[0.750s] Level 1:colcon.colcon_core.package_identification:_identify(sensor_kit_description/AWSIM_sensor_description/ENV200_sensor_description) by extension 'colcon_pkg'
[0.750s] Level 1:colcon.colcon_core.package_identification:_identify(sensor_kit_description/AWSIM_sensor_description/ENV200_sensor_description) by extensions ['colcon_meta']
[0.750s] Level 1:colcon.colcon_core.package_identification:_identify(sensor_kit_description/AWSIM_sensor_description/ENV200_sensor_description) by extension 'colcon_meta'
[0.750s] Level 1:colcon.colcon_core.package_identification:_identify(sensor_kit_description/AWSIM_sensor_description/ENV200_sensor_description) by extensions ['ros']
[0.750s] Level 1:colcon.colcon_core.package_identification:_identify(sensor_kit_description/AWSIM_sensor_description/ENV200_sensor_description) by extension 'ros'
[0.750s] DEBUG:colcon.colcon_core.package_identification:Package 'sensor_kit_description/AWSIM_sensor_description/ENV200_sensor_description' with type 'ros.catkin' and name 'ENV200_sensor_description'
[0.750s] Level 1:colcon.colcon_core.package_identification:_identify(sensor_kit_description/AWSIM_sensor_description/Twizy_sensor_description) by extensions ['ignore', 'ignore_ament_install']
[0.750s] Level 1:colcon.colcon_core.package_identification:_identify(sensor_kit_description/AWSIM_sensor_description/Twizy_sensor_description) by extension 'ignore'
[0.751s] Level 1:colcon.colcon_core.package_identification:_identify(sensor_kit_description/AWSIM_sensor_description/Twizy_sensor_description) by extension 'ignore_ament_install'
[0.751s] Level 1:colcon.colcon_core.package_identification:_identify(sensor_kit_description/AWSIM_sensor_description/Twizy_sensor_description) by extensions ['colcon_pkg']
[0.751s] Level 1:colcon.colcon_core.package_identification:_identify(sensor_kit_description/AWSIM_sensor_description/Twizy_sensor_description) by extension 'colcon_pkg'
[0.751s] Level 1:colcon.colcon_core.package_identification:_identify(sensor_kit_description/AWSIM_sensor_description/Twizy_sensor_description) by extensions ['colcon_meta']
[0.751s] Level 1:colcon.colcon_core.package_identification:_identify(sensor_kit_description/AWSIM_sensor_description/Twizy_sensor_description) by extension 'colcon_meta'
[0.751s] Level 1:colcon.colcon_core.package_identification:_identify(sensor_kit_description/AWSIM_sensor_description/Twizy_sensor_description) by extensions ['ros']
[0.751s] Level 1:colcon.colcon_core.package_identification:_identify(sensor_kit_description/AWSIM_sensor_description/Twizy_sensor_description) by extension 'ros'
[0.751s] DEBUG:colcon.colcon_core.package_identification:Package 'sensor_kit_description/AWSIM_sensor_description/Twizy_sensor_description' with type 'ros.catkin' and name 'Twizy_sensor_description'
[0.751s] Level 1:colcon.colcon_core.package_identification:_identify(sensor_kit_description/CARLA_sensor_description) by extensions ['ignore', 'ignore_ament_install']
[0.751s] Level 1:colcon.colcon_core.package_identification:_identify(sensor_kit_description/CARLA_sensor_description) by extension 'ignore'
[0.751s] Level 1:colcon.colcon_core.package_identification:_identify(sensor_kit_description/CARLA_sensor_description) by extension 'ignore_ament_install'
[0.751s] Level 1:colcon.colcon_core.package_identification:_identify(sensor_kit_description/CARLA_sensor_description) by extensions ['colcon_pkg']
[0.751s] Level 1:colcon.colcon_core.package_identification:_identify(sensor_kit_description/CARLA_sensor_description) by extension 'colcon_pkg'
[0.751s] Level 1:colcon.colcon_core.package_identification:_identify(sensor_kit_description/CARLA_sensor_description) by extensions ['colcon_meta']
[0.752s] Level 1:colcon.colcon_core.package_identification:_identify(sensor_kit_description/CARLA_sensor_description) by extension 'colcon_meta'
[0.752s] Level 1:colcon.colcon_core.package_identification:_identify(sensor_kit_description/CARLA_sensor_description) by extensions ['ros']
[0.752s] Level 1:colcon.colcon_core.package_identification:_identify(sensor_kit_description/CARLA_sensor_description) by extension 'ros'
[0.752s] Level 1:colcon.colcon_core.package_identification:_identify(sensor_kit_description/CARLA_sensor_description) by extensions ['cmake', 'python']
[0.752s] Level 1:colcon.colcon_core.package_identification:_identify(sensor_kit_description/CARLA_sensor_description) by extension 'cmake'
[0.752s] Level 1:colcon.colcon_core.package_identification:_identify(sensor_kit_description/CARLA_sensor_description) by extension 'python'
[0.752s] Level 1:colcon.colcon_core.package_identification:_identify(sensor_kit_description/CARLA_sensor_description) by extensions ['python_setup_py']
[0.752s] Level 1:colcon.colcon_core.package_identification:_identify(sensor_kit_description/CARLA_sensor_description) by extension 'python_setup_py'
[0.752s] Level 1:colcon.colcon_core.package_identification:_identify(sensor_kit_description/ENV200_sensor_description) by extensions ['ignore', 'ignore_ament_install']
[0.752s] Level 1:colcon.colcon_core.package_identification:_identify(sensor_kit_description/ENV200_sensor_description) by extension 'ignore'
[0.752s] Level 1:colcon.colcon_core.package_identification:_identify(sensor_kit_description/ENV200_sensor_description) by extension 'ignore_ament_install'
[0.752s] Level 1:colcon.colcon_core.package_identification:_identify(sensor_kit_description/ENV200_sensor_description) by extensions ['colcon_pkg']
[0.752s] Level 1:colcon.colcon_core.package_identification:_identify(sensor_kit_description/ENV200_sensor_description) by extension 'colcon_pkg'
[0.752s] Level 1:colcon.colcon_core.package_identification:_identify(sensor_kit_description/ENV200_sensor_description) by extensions ['colcon_meta']
[0.752s] Level 1:colcon.colcon_core.package_identification:_identify(sensor_kit_description/ENV200_sensor_description) by extension 'colcon_meta'
[0.752s] Level 1:colcon.colcon_core.package_identification:_identify(sensor_kit_description/ENV200_sensor_description) by extensions ['ros']
[0.752s] Level 1:colcon.colcon_core.package_identification:_identify(sensor_kit_description/ENV200_sensor_description) by extension 'ros'
[0.753s] Level 1:colcon.colcon_core.package_identification:_identify(sensor_kit_description/ENV200_sensor_description) by extensions ['cmake', 'python']
[0.753s] Level 1:colcon.colcon_core.package_identification:_identify(sensor_kit_description/ENV200_sensor_description) by extension 'cmake'
[0.753s] Level 1:colcon.colcon_core.package_identification:_identify(sensor_kit_description/ENV200_sensor_description) by extension 'python'
[0.753s] Level 1:colcon.colcon_core.package_identification:_identify(sensor_kit_description/ENV200_sensor_description) by extensions ['python_setup_py']
[0.753s] Level 1:colcon.colcon_core.package_identification:_identify(sensor_kit_description/ENV200_sensor_description) by extension 'python_setup_py'
[0.753s] Level 1:colcon.colcon_core.package_identification:_identify(sensor_kit_description/Twizy_sensor_description) by extensions ['ignore', 'ignore_ament_install']
[0.753s] Level 1:colcon.colcon_core.package_identification:_identify(sensor_kit_description/Twizy_sensor_description) by extension 'ignore'
[0.753s] Level 1:colcon.colcon_core.package_identification:_identify(sensor_kit_description/Twizy_sensor_description) by extension 'ignore_ament_install'
[0.753s] Level 1:colcon.colcon_core.package_identification:_identify(sensor_kit_description/Twizy_sensor_description) by extensions ['colcon_pkg']
[0.753s] Level 1:colcon.colcon_core.package_identification:_identify(sensor_kit_description/Twizy_sensor_description) by extension 'colcon_pkg'
[0.753s] Level 1:colcon.colcon_core.package_identification:_identify(sensor_kit_description/Twizy_sensor_description) by extensions ['colcon_meta']
[0.753s] Level 1:colcon.colcon_core.package_identification:_identify(sensor_kit_description/Twizy_sensor_description) by extension 'colcon_meta'
[0.753s] Level 1:colcon.colcon_core.package_identification:_identify(sensor_kit_description/Twizy_sensor_description) by extensions ['ros']
[0.753s] Level 1:colcon.colcon_core.package_identification:_identify(sensor_kit_description/Twizy_sensor_description) by extension 'ros'
[0.753s] Level 1:colcon.colcon_core.package_identification:_identify(sensor_kit_description/Twizy_sensor_description) by extensions ['cmake', 'python']
[0.753s] Level 1:colcon.colcon_core.package_identification:_identify(sensor_kit_description/Twizy_sensor_description) by extension 'cmake'
[0.753s] Level 1:colcon.colcon_core.package_identification:_identify(sensor_kit_description/Twizy_sensor_description) by extension 'python'
[0.753s] Level 1:colcon.colcon_core.package_identification:_identify(sensor_kit_description/Twizy_sensor_description) by extensions ['python_setup_py']
[0.753s] Level 1:colcon.colcon_core.package_identification:_identify(sensor_kit_description/Twizy_sensor_description) by extension 'python_setup_py'
[0.753s] Level 1:colcon.colcon_core.package_identification:_identify(sensor_kit_description/Twizy_sensor_description/config) by extensions ['ignore', 'ignore_ament_install']
[0.753s] Level 1:colcon.colcon_core.package_identification:_identify(sensor_kit_description/Twizy_sensor_description/config) by extension 'ignore'
[0.753s] Level 1:colcon.colcon_core.package_identification:_identify(sensor_kit_description/Twizy_sensor_description/config) by extension 'ignore_ament_install'
[0.753s] Level 1:colcon.colcon_core.package_identification:_identify(sensor_kit_description/Twizy_sensor_description/config) by extensions ['colcon_pkg']
[0.753s] Level 1:colcon.colcon_core.package_identification:_identify(sensor_kit_description/Twizy_sensor_description/config) by extension 'colcon_pkg'
[0.753s] Level 1:colcon.colcon_core.package_identification:_identify(sensor_kit_description/Twizy_sensor_description/config) by extensions ['colcon_meta']
[0.753s] Level 1:colcon.colcon_core.package_identification:_identify(sensor_kit_description/Twizy_sensor_description/config) by extension 'colcon_meta'
[0.753s] Level 1:colcon.colcon_core.package_identification:_identify(sensor_kit_description/Twizy_sensor_description/config) by extensions ['ros']
[0.753s] Level 1:colcon.colcon_core.package_identification:_identify(sensor_kit_description/Twizy_sensor_description/config) by extension 'ros'
[0.754s] Level 1:colcon.colcon_core.package_identification:_identify(sensor_kit_description/Twizy_sensor_description/config) by extensions ['cmake', 'python']
[0.754s] Level 1:colcon.colcon_core.package_identification:_identify(sensor_kit_description/Twizy_sensor_description/config) by extension 'cmake'
[0.754s] Level 1:colcon.colcon_core.package_identification:_identify(sensor_kit_description/Twizy_sensor_description/config) by extension 'python'
[0.754s] Level 1:colcon.colcon_core.package_identification:_identify(sensor_kit_description/Twizy_sensor_description/config) by extensions ['python_setup_py']
[0.754s] Level 1:colcon.colcon_core.package_identification:_identify(sensor_kit_description/Twizy_sensor_description/config) by extension 'python_setup_py'
[0.754s] Level 1:colcon.colcon_core.package_identification:_identify(sensor_kit_description/Twizy_sensor_description/urdf) by extensions ['ignore', 'ignore_ament_install']
[0.754s] Level 1:colcon.colcon_core.package_identification:_identify(sensor_kit_description/Twizy_sensor_description/urdf) by extension 'ignore'
[0.754s] Level 1:colcon.colcon_core.package_identification:_identify(sensor_kit_description/Twizy_sensor_description/urdf) by extension 'ignore_ament_install'
[0.754s] Level 1:colcon.colcon_core.package_identification:_identify(sensor_kit_description/Twizy_sensor_description/urdf) by extensions ['colcon_pkg']
[0.754s] Level 1:colcon.colcon_core.package_identification:_identify(sensor_kit_description/Twizy_sensor_description/urdf) by extension 'colcon_pkg'
[0.754s] Level 1:colcon.colcon_core.package_identification:_identify(sensor_kit_description/Twizy_sensor_description/urdf) by extensions ['colcon_meta']
[0.754s] Level 1:colcon.colcon_core.package_identification:_identify(sensor_kit_description/Twizy_sensor_description/urdf) by extension 'colcon_meta'
[0.754s] Level 1:colcon.colcon_core.package_identification:_identify(sensor_kit_description/Twizy_sensor_description/urdf) by extensions ['ros']
[0.754s] Level 1:colcon.colcon_core.package_identification:_identify(sensor_kit_description/Twizy_sensor_description/urdf) by extension 'ros'
[0.754s] Level 1:colcon.colcon_core.package_identification:_identify(sensor_kit_description/Twizy_sensor_description/urdf) by extensions ['cmake', 'python']
[0.754s] Level 1:colcon.colcon_core.package_identification:_identify(sensor_kit_description/Twizy_sensor_description/urdf) by extension 'cmake'
[0.754s] Level 1:colcon.colcon_core.package_identification:_identify(sensor_kit_description/Twizy_sensor_description/urdf) by extension 'python'
[0.754s] Level 1:colcon.colcon_core.package_identification:_identify(sensor_kit_description/Twizy_sensor_description/urdf) by extensions ['python_setup_py']
[0.754s] Level 1:colcon.colcon_core.package_identification:_identify(sensor_kit_description/Twizy_sensor_description/urdf) by extension 'python_setup_py'
[0.754s] Level 1:colcon.colcon_core.package_identification:_identify(sensor_kit_launch) by extensions ['ignore', 'ignore_ament_install']
[0.754s] Level 1:colcon.colcon_core.package_identification:_identify(sensor_kit_launch) by extension 'ignore'
[0.754s] Level 1:colcon.colcon_core.package_identification:_identify(sensor_kit_launch) by extension 'ignore_ament_install'
[0.754s] Level 1:colcon.colcon_core.package_identification:_identify(sensor_kit_launch) by extensions ['colcon_pkg']
[0.754s] Level 1:colcon.colcon_core.package_identification:_identify(sensor_kit_launch) by extension 'colcon_pkg'
[0.754s] Level 1:colcon.colcon_core.package_identification:_identify(sensor_kit_launch) by extensions ['colcon_meta']
[0.755s] Level 1:colcon.colcon_core.package_identification:_identify(sensor_kit_launch) by extension 'colcon_meta'
[0.755s] Level 1:colcon.colcon_core.package_identification:_identify(sensor_kit_launch) by extensions ['ros']
[0.755s] Level 1:colcon.colcon_core.package_identification:_identify(sensor_kit_launch) by extension 'ros'
[0.755s] Level 1:colcon.colcon_core.package_identification:_identify(sensor_kit_launch) by extensions ['cmake', 'python']
[0.755s] Level 1:colcon.colcon_core.package_identification:_identify(sensor_kit_launch) by extension 'cmake'
[0.755s] Level 1:colcon.colcon_core.package_identification:_identify(sensor_kit_launch) by extension 'python'
[0.755s] Level 1:colcon.colcon_core.package_identification:_identify(sensor_kit_launch) by extensions ['python_setup_py']
[0.755s] Level 1:colcon.colcon_core.package_identification:_identify(sensor_kit_launch) by extension 'python_setup_py'
[0.755s] Level 1:colcon.colcon_core.package_identification:_identify(sensor_kit_launch/AWSIM_sensor_launch) by extensions ['ignore', 'ignore_ament_install']
[0.755s] Level 1:colcon.colcon_core.package_identification:_identify(sensor_kit_launch/AWSIM_sensor_launch) by extension 'ignore'
[0.755s] Level 1:colcon.colcon_core.package_identification:_identify(sensor_kit_launch/AWSIM_sensor_launch) by extension 'ignore_ament_install'
[0.755s] Level 1:colcon.colcon_core.package_identification:_identify(sensor_kit_launch/AWSIM_sensor_launch) by extensions ['colcon_pkg']
[0.755s] Level 1:colcon.colcon_core.package_identification:_identify(sensor_kit_launch/AWSIM_sensor_launch) by extension 'colcon_pkg'
[0.755s] Level 1:colcon.colcon_core.package_identification:_identify(sensor_kit_launch/AWSIM_sensor_launch) by extensions ['colcon_meta']
[0.755s] Level 1:colcon.colcon_core.package_identification:_identify(sensor_kit_launch/AWSIM_sensor_launch) by extension 'colcon_meta'
[0.755s] Level 1:colcon.colcon_core.package_identification:_identify(sensor_kit_launch/AWSIM_sensor_launch) by extensions ['ros']
[0.755s] Level 1:colcon.colcon_core.package_identification:_identify(sensor_kit_launch/AWSIM_sensor_launch) by extension 'ros'
[0.756s] DEBUG:colcon.colcon_core.package_identification:Package 'sensor_kit_launch/AWSIM_sensor_launch' with type 'ros.catkin' and name 'AWSIM_sensor_launch'
[0.756s] Level 1:colcon.colcon_core.package_identification:_identify(sensor_kit_launch/CARLA_sensor_launch) by extensions ['ignore', 'ignore_ament_install']
[0.756s] Level 1:colcon.colcon_core.package_identification:_identify(sensor_kit_launch/CARLA_sensor_launch) by extension 'ignore'
[0.756s] Level 1:colcon.colcon_core.package_identification:_identify(sensor_kit_launch/CARLA_sensor_launch) by extension 'ignore_ament_install'
[0.756s] Level 1:colcon.colcon_core.package_identification:_identify(sensor_kit_launch/CARLA_sensor_launch) by extensions ['colcon_pkg']
[0.756s] Level 1:colcon.colcon_core.package_identification:_identify(sensor_kit_launch/CARLA_sensor_launch) by extension 'colcon_pkg'
[0.756s] Level 1:colcon.colcon_core.package_identification:_identify(sensor_kit_launch/CARLA_sensor_launch) by extensions ['colcon_meta']
[0.756s] Level 1:colcon.colcon_core.package_identification:_identify(sensor_kit_launch/CARLA_sensor_launch) by extension 'colcon_meta'
[0.756s] Level 1:colcon.colcon_core.package_identification:_identify(sensor_kit_launch/CARLA_sensor_launch) by extensions ['ros']
[0.756s] Level 1:colcon.colcon_core.package_identification:_identify(sensor_kit_launch/CARLA_sensor_launch) by extension 'ros'
[0.757s] DEBUG:colcon.colcon_core.package_identification:Package 'sensor_kit_launch/CARLA_sensor_launch' with type 'ros.catkin' and name 'CARLA_sensor_launch'
[0.757s] Level 1:colcon.colcon_core.package_identification:_identify(sensor_kit_launch/ENV200_sensor_launch) by extensions ['ignore', 'ignore_ament_install']
[0.757s] Level 1:colcon.colcon_core.package_identification:_identify(sensor_kit_launch/ENV200_sensor_launch) by extension 'ignore'
[0.757s] Level 1:colcon.colcon_core.package_identification:_identify(sensor_kit_launch/ENV200_sensor_launch) by extension 'ignore_ament_install'
[0.757s] Level 1:colcon.colcon_core.package_identification:_identify(sensor_kit_launch/ENV200_sensor_launch) by extensions ['colcon_pkg']
[0.757s] Level 1:colcon.colcon_core.package_identification:_identify(sensor_kit_launch/ENV200_sensor_launch) by extension 'colcon_pkg'
[0.757s] Level 1:colcon.colcon_core.package_identification:_identify(sensor_kit_launch/ENV200_sensor_launch) by extensions ['colcon_meta']
[0.757s] Level 1:colcon.colcon_core.package_identification:_identify(sensor_kit_launch/ENV200_sensor_launch) by extension 'colcon_meta'
[0.757s] Level 1:colcon.colcon_core.package_identification:_identify(sensor_kit_launch/ENV200_sensor_launch) by extensions ['ros']
[0.757s] Level 1:colcon.colcon_core.package_identification:_identify(sensor_kit_launch/ENV200_sensor_launch) by extension 'ros'
[0.758s] DEBUG:colcon.colcon_core.package_identification:Package 'sensor_kit_launch/ENV200_sensor_launch' with type 'ros.catkin' and name 'ENV200_sensor_launch'
[0.758s] Level 1:colcon.colcon_core.package_identification:_identify(sensor_kit_launch/Twizy_sensor_launch) by extensions ['ignore', 'ignore_ament_install']
[0.758s] Level 1:colcon.colcon_core.package_identification:_identify(sensor_kit_launch/Twizy_sensor_launch) by extension 'ignore'
[0.758s] Level 1:colcon.colcon_core.package_identification:_identify(sensor_kit_launch/Twizy_sensor_launch) by extension 'ignore_ament_install'
[0.758s] Level 1:colcon.colcon_core.package_identification:_identify(sensor_kit_launch/Twizy_sensor_launch) by extensions ['colcon_pkg']
[0.758s] Level 1:colcon.colcon_core.package_identification:_identify(sensor_kit_launch/Twizy_sensor_launch) by extension 'colcon_pkg'
[0.758s] Level 1:colcon.colcon_core.package_identification:_identify(sensor_kit_launch/Twizy_sensor_launch) by extensions ['colcon_meta']
[0.758s] Level 1:colcon.colcon_core.package_identification:_identify(sensor_kit_launch/Twizy_sensor_launch) by extension 'colcon_meta'
[0.758s] Level 1:colcon.colcon_core.package_identification:_identify(sensor_kit_launch/Twizy_sensor_launch) by extensions ['ros']
[0.758s] Level 1:colcon.colcon_core.package_identification:_identify(sensor_kit_launch/Twizy_sensor_launch) by extension 'ros'
[0.759s] DEBUG:colcon.colcon_core.package_identification:Package 'sensor_kit_launch/Twizy_sensor_launch' with type 'ros.catkin' and name 'Twizy_sensor_launch'
[0.759s] Level 1:colcon.colcon_core.package_identification:_identify(twizy_sensor_kit_description) by extensions ['ignore', 'ignore_ament_install']
[0.759s] Level 1:colcon.colcon_core.package_identification:_identify(twizy_sensor_kit_description) by extension 'ignore'
[0.759s] Level 1:colcon.colcon_core.package_identification:_identify(twizy_sensor_kit_description) by extension 'ignore_ament_install'
[0.759s] Level 1:colcon.colcon_core.package_identification:_identify(twizy_sensor_kit_description) by extensions ['colcon_pkg']
[0.759s] Level 1:colcon.colcon_core.package_identification:_identify(twizy_sensor_kit_description) by extension 'colcon_pkg'
[0.759s] Level 1:colcon.colcon_core.package_identification:_identify(twizy_sensor_kit_description) by extensions ['colcon_meta']
[0.759s] Level 1:colcon.colcon_core.package_identification:_identify(twizy_sensor_kit_description) by extension 'colcon_meta'
[0.759s] Level 1:colcon.colcon_core.package_identification:_identify(twizy_sensor_kit_description) by extensions ['ros']
[0.759s] Level 1:colcon.colcon_core.package_identification:_identify(twizy_sensor_kit_description) by extension 'ros'
[0.759s] DEBUG:colcon.colcon_core.package_identification:Package 'twizy_sensor_kit_description' with type 'ros.ament_cmake' and name 'twizy_sensor_kit_description'
[0.760s] Level 1:colcon.colcon_core.package_identification:_identify(twizy_sensor_kit_launch) by extensions ['ignore', 'ignore_ament_install']
[0.760s] Level 1:colcon.colcon_core.package_identification:_identify(twizy_sensor_kit_launch) by extension 'ignore'
[0.760s] Level 1:colcon.colcon_core.package_identification:_identify(twizy_sensor_kit_launch) by extension 'ignore_ament_install'
[0.760s] Level 1:colcon.colcon_core.package_identification:_identify(twizy_sensor_kit_launch) by extensions ['colcon_pkg']
[0.760s] Level 1:colcon.colcon_core.package_identification:_identify(twizy_sensor_kit_launch) by extension 'colcon_pkg'
[0.760s] Level 1:colcon.colcon_core.package_identification:_identify(twizy_sensor_kit_launch) by extensions ['colcon_meta']
[0.760s] Level 1:colcon.colcon_core.package_identification:_identify(twizy_sensor_kit_launch) by extension 'colcon_meta'
[0.760s] Level 1:colcon.colcon_core.package_identification:_identify(twizy_sensor_kit_launch) by extensions ['ros']
[0.760s] Level 1:colcon.colcon_core.package_identification:_identify(twizy_sensor_kit_launch) by extension 'ros'
[0.760s] DEBUG:colcon.colcon_core.package_identification:Package 'twizy_sensor_kit_launch' with type 'ros.ament_cmake' and name 'twizy_sensor_kit_launch'
[0.760s] Level 1:colcon.colcon_core.package_discovery:discover_packages(recursive) using defaults
[0.760s] Level 1:colcon.colcon_core.package_discovery:discover_packages(ignore) discover
[0.760s] Level 1:colcon.colcon_core.package_discovery:discover_packages(ignore) using defaults
[0.760s] Level 1:colcon.colcon_core.package_discovery:discover_packages(path) discover
[0.760s] Level 1:colcon.colcon_core.package_discovery:discover_packages(path) using defaults
[0.780s] INFO:colcon.colcon_core.package_selection:Skipping package 'twizy_sensor_kit_launch' in 'twizy_sensor_kit_launch'
[0.780s] INFO:colcon.colcon_core.package_selection:Skipping package 'sample_sensor_kit_launch' in 'sample_sensor_kit_launch'
[0.780s] INFO:colcon.colcon_core.package_selection:Skipping package 'sample_sensor_kit_description' in 'sample_sensor_kit_description'
[0.780s] INFO:colcon.colcon_core.package_selection:Skipping package 'common_sensor_launch' in 'common_sensor_launch'
[0.780s] INFO:colcon.colcon_core.package_selection:Skipping package 'Twizy_sensor_launch' in 'sensor_kit_launch/Twizy_sensor_launch'
[0.780s] INFO:colcon.colcon_core.package_selection:Skipping package 'Twizy_sensor_description' in 'sensor_kit_description/AWSIM_sensor_description/Twizy_sensor_description'
[0.780s] INFO:colcon.colcon_core.package_selection:Skipping package 'ENV200_sensor_launch' in 'sensor_kit_launch/ENV200_sensor_launch'
[0.780s] INFO:colcon.colcon_core.package_selection:Skipping package 'ENV200_sensor_description' in 'sensor_kit_description/AWSIM_sensor_description/ENV200_sensor_description'
[0.780s] INFO:colcon.colcon_core.package_selection:Skipping package 'CARLA_sensor_launch' in 'sensor_kit_launch/CARLA_sensor_launch'
[0.780s] INFO:colcon.colcon_core.package_selection:Skipping package 'CARLA_sensor_description' in 'sensor_kit_description/AWSIM_sensor_description/CARLA_sensor_description'
[0.780s] INFO:colcon.colcon_core.package_selection:Skipping package 'AWSIM_sensor_launch' in 'sensor_kit_launch/AWSIM_sensor_launch'
[0.780s] INFO:colcon.colcon_core.package_selection:Skipping package 'AWSIM_sensor_description' in 'sensor_kit_description/AWSIM_sensor_description/AWSIM_sensor_description'
[0.781s] Level 1:colcon.colcon_core.package_discovery:discover_packages(prefix_path) check parameters
[0.781s] Level 1:colcon.colcon_core.package_discovery:discover_packages(prefix_path) discover
[0.783s] DEBUG:colcon.colcon_installed_package_information.package_discovery:Found 362 installed packages in /opt/ros/humble
[0.785s] Level 1:colcon.colcon_core.package_discovery:discover_packages(prefix_path) using defaults
[0.835s] Level 5:colcon.colcon_core.verb:set package 'twizy_sensor_kit_description' build argument 'cmake_args' from command line to '['-DCMAKE_BUILD_TYPE=Release']'
[0.835s] Level 5:colcon.colcon_core.verb:set package 'twizy_sensor_kit_description' build argument 'cmake_target' from command line to 'None'
[0.835s] Level 5:colcon.colcon_core.verb:set package 'twizy_sensor_kit_description' build argument 'cmake_target_skip_unavailable' from command line to 'False'
[0.835s] Level 5:colcon.colcon_core.verb:set package 'twizy_sensor_kit_description' build argument 'cmake_clean_cache' from command line to 'False'
[0.835s] Level 5:colcon.colcon_core.verb:set package 'twizy_sensor_kit_description' build argument 'cmake_clean_first' from command line to 'False'
[0.835s] Level 5:colcon.colcon_core.verb:set package 'twizy_sensor_kit_description' build argument 'cmake_force_configure' from command line to 'False'
[0.835s] Level 5:colcon.colcon_core.verb:set package 'twizy_sensor_kit_description' build argument 'ament_cmake_args' from command line to 'None'
[0.835s] Level 5:colcon.colcon_core.verb:set package 'twizy_sensor_kit_description' build argument 'catkin_cmake_args' from command line to 'None'
[0.835s] Level 5:colcon.colcon_core.verb:set package 'twizy_sensor_kit_description' build argument 'catkin_skip_building_tests' from command line to 'False'
[0.835s] DEBUG:colcon.colcon_core.verb:Building package 'twizy_sensor_kit_description' with the following arguments: {'ament_cmake_args': None, 'build_base': '/home/robin/MCAV/mcav_autoware_sensor_kit_launch/build/twizy_sensor_kit_description', 'catkin_cmake_args': None, 'catkin_skip_building_tests': False, 'cmake_args': ['-DCMAKE_BUILD_TYPE=Release'], 'cmake_clean_cache': False, 'cmake_clean_first': False, 'cmake_force_configure': False, 'cmake_target': None, 'cmake_target_skip_unavailable': False, 'install_base': '/home/robin/MCAV/mcav_autoware_sensor_kit_launch/install/twizy_sensor_kit_description', 'merge_install': False, 'path': '/home/robin/MCAV/mcav_autoware_sensor_kit_launch/twizy_sensor_kit_description', 'symlink_install': True, 'test_result_base': None}
[0.836s] INFO:colcon.colcon_core.executor:Executing jobs using 'parallel' executor
[0.838s] DEBUG:colcon.colcon_parallel_executor.executor.parallel:run_until_complete
[0.839s] INFO:colcon.colcon_ros.task.ament_cmake.build:Building ROS package in '/home/robin/MCAV/mcav_autoware_sensor_kit_launch/twizy_sensor_kit_description' with build type 'ament_cmake'
[0.839s] INFO:colcon.colcon_cmake.task.cmake.build:Building CMake package in '/home/robin/MCAV/mcav_autoware_sensor_kit_launch/twizy_sensor_kit_description'
[0.843s] INFO:colcon.colcon_core.plugin_system:Skipping extension 'colcon_core.shell.bat': Not used on non-Windows systems
[0.844s] INFO:colcon.colcon_core.shell:Skip shell extension 'powershell' for command environment: Not usable outside of PowerShell
[0.844s] DEBUG:colcon.colcon_core.shell:Skip shell extension 'dsv' for command environment
[0.852s] DEBUG:colcon.colcon_core.event_handler.log_command:Invoking command in '/home/robin/MCAV/mcav_autoware_sensor_kit_launch/build/twizy_sensor_kit_description': CMAKE_PREFIX_PATH=/opt/ros/humble /usr/bin/cmake /home/robin/MCAV/mcav_autoware_sensor_kit_launch/twizy_sensor_kit_description -DCMAKE_BUILD_TYPE=Release -DAMENT_CMAKE_SYMLINK_INSTALL=1 -DCMAKE_INSTALL_PREFIX=/home/robin/MCAV/mcav_autoware_sensor_kit_launch/install/twizy_sensor_kit_description
[10.396s] DEBUG:colcon.colcon_core.event_handler.log_command:Invoked command in '/home/robin/MCAV/mcav_autoware_sensor_kit_launch/build/twizy_sensor_kit_description' returned '0': CMAKE_PREFIX_PATH=/opt/ros/humble /usr/bin/cmake /home/robin/MCAV/mcav_autoware_sensor_kit_launch/twizy_sensor_kit_description -DCMAKE_BUILD_TYPE=Release -DAMENT_CMAKE_SYMLINK_INSTALL=1 -DCMAKE_INSTALL_PREFIX=/home/robin/MCAV/mcav_autoware_sensor_kit_launch/install/twizy_sensor_kit_description
[10.399s] DEBUG:colcon.colcon_core.event_handler.log_command:Invoking command in '/home/robin/MCAV/mcav_autoware_sensor_kit_launch/build/twizy_sensor_kit_description': CMAKE_PREFIX_PATH=/opt/ros/humble /usr/bin/cmake --build /home/robin/MCAV/mcav_autoware_sensor_kit_launch/build/twizy_sensor_kit_description -- -j20 -l20
[10.425s] DEBUG:colcon.colcon_core.event_handler.log_command:Invoked command in '/home/robin/MCAV/mcav_autoware_sensor_kit_launch/build/twizy_sensor_kit_description' returned '0': CMAKE_PREFIX_PATH=/opt/ros/humble /usr/bin/cmake --build /home/robin/MCAV/mcav_autoware_sensor_kit_launch/build/twizy_sensor_kit_description -- -j20 -l20
[10.446s] DEBUG:colcon.colcon_core.event_handler.log_command:Invoking command in '/home/robin/MCAV/mcav_autoware_sensor_kit_launch/build/twizy_sensor_kit_description': CMAKE_PREFIX_PATH=/opt/ros/humble /usr/bin/cmake --install /home/robin/MCAV/mcav_autoware_sensor_kit_launch/build/twizy_sensor_kit_description
[10.491s] Level 1:colcon.colcon_core.environment:create_environment_scripts_only(twizy_sensor_kit_description)
[10.496s] DEBUG:colcon.colcon_core.event_handler.log_command:Invoked command in '/home/robin/MCAV/mcav_autoware_sensor_kit_launch/build/twizy_sensor_kit_description' returned '0': CMAKE_PREFIX_PATH=/opt/ros/humble /usr/bin/cmake --install /home/robin/MCAV/mcav_autoware_sensor_kit_launch/build/twizy_sensor_kit_description
[10.498s] Level 1:colcon.colcon_core.environment:checking '/home/robin/MCAV/mcav_autoware_sensor_kit_launch/install/twizy_sensor_kit_description' for CMake module files
[10.499s] Level 1:colcon.colcon_core.environment:checking '/home/robin/MCAV/mcav_autoware_sensor_kit_launch/install/twizy_sensor_kit_description' for CMake config files
[10.499s] Level 1:colcon.colcon_core.shell:create_environment_hook('twizy_sensor_kit_description', 'cmake_prefix_path')
[10.501s] INFO:colcon.colcon_core.shell:Creating environment hook '/home/robin/MCAV/mcav_autoware_sensor_kit_launch/install/twizy_sensor_kit_description/share/twizy_sensor_kit_description/hook/cmake_prefix_path.ps1'
[10.502s] INFO:colcon.colcon_core.shell:Creating environment descriptor '/home/robin/MCAV/mcav_autoware_sensor_kit_launch/install/twizy_sensor_kit_description/share/twizy_sensor_kit_description/hook/cmake_prefix_path.dsv'
[10.503s] INFO:colcon.colcon_core.shell:Creating environment hook '/home/robin/MCAV/mcav_autoware_sensor_kit_launch/install/twizy_sensor_kit_description/share/twizy_sensor_kit_description/hook/cmake_prefix_path.sh'
[10.504s] Level 1:colcon.colcon_core.environment:checking '/home/robin/MCAV/mcav_autoware_sensor_kit_launch/install/twizy_sensor_kit_description/bin'
[10.504s] Level 1:colcon.colcon_core.environment:checking '/home/robin/MCAV/mcav_autoware_sensor_kit_launch/install/twizy_sensor_kit_description/lib/pkgconfig/twizy_sensor_kit_description.pc'
[10.505s] Level 1:colcon.colcon_core.environment:checking '/home/robin/MCAV/mcav_autoware_sensor_kit_launch/install/twizy_sensor_kit_description/lib/python3.10/site-packages'
[10.505s] Level 1:colcon.colcon_core.environment:checking '/home/robin/MCAV/mcav_autoware_sensor_kit_launch/install/twizy_sensor_kit_description/bin'
[10.507s] INFO:colcon.colcon_core.shell:Creating package script '/home/robin/MCAV/mcav_autoware_sensor_kit_launch/install/twizy_sensor_kit_description/share/twizy_sensor_kit_description/package.ps1'
[10.509s] INFO:colcon.colcon_core.shell:Creating package descriptor '/home/robin/MCAV/mcav_autoware_sensor_kit_launch/install/twizy_sensor_kit_description/share/twizy_sensor_kit_description/package.dsv'
[10.510s] INFO:colcon.colcon_core.shell:Creating package script '/home/robin/MCAV/mcav_autoware_sensor_kit_launch/install/twizy_sensor_kit_description/share/twizy_sensor_kit_description/package.sh'
[10.511s] INFO:colcon.colcon_core.shell:Creating package script '/home/robin/MCAV/mcav_autoware_sensor_kit_launch/install/twizy_sensor_kit_description/share/twizy_sensor_kit_description/package.bash'
[10.511s] INFO:colcon.colcon_core.shell:Creating package script '/home/robin/MCAV/mcav_autoware_sensor_kit_launch/install/twizy_sensor_kit_description/share/twizy_sensor_kit_description/package.zsh'
[10.512s] Level 1:colcon.colcon_core.environment:create_file_with_runtime_dependencies(/home/robin/MCAV/mcav_autoware_sensor_kit_launch/install/twizy_sensor_kit_description/share/colcon-core/packages/twizy_sensor_kit_description)
[10.543s] Level 1:colcon.colcon_core.environment:create_environment_scripts_only(twizy_sensor_kit_description)
[10.546s] Level 1:colcon.colcon_core.environment:checking '/home/robin/MCAV/mcav_autoware_sensor_kit_launch/install/twizy_sensor_kit_description' for CMake module files
[10.547s] Level 1:colcon.colcon_core.environment:checking '/home/robin/MCAV/mcav_autoware_sensor_kit_launch/install/twizy_sensor_kit_description' for CMake config files
[10.547s] Level 1:colcon.colcon_core.shell:create_environment_hook('twizy_sensor_kit_description', 'cmake_prefix_path')
[10.549s] INFO:colcon.colcon_core.shell:Creating environment hook '/home/robin/MCAV/mcav_autoware_sensor_kit_launch/install/twizy_sensor_kit_description/share/twizy_sensor_kit_description/hook/cmake_prefix_path.ps1'
[10.550s] INFO:colcon.colcon_core.shell:Creating environment descriptor '/home/robin/MCAV/mcav_autoware_sensor_kit_launch/install/twizy_sensor_kit_description/share/twizy_sensor_kit_description/hook/cmake_prefix_path.dsv'
[10.550s] INFO:colcon.colcon_core.shell:Creating environment hook '/home/robin/MCAV/mcav_autoware_sensor_kit_launch/install/twizy_sensor_kit_description/share/twizy_sensor_kit_description/hook/cmake_prefix_path.sh'
[10.551s] Level 1:colcon.colcon_core.environment:checking '/home/robin/MCAV/mcav_autoware_sensor_kit_launch/install/twizy_sensor_kit_description/bin'
[10.551s] Level 1:colcon.colcon_core.environment:checking '/home/robin/MCAV/mcav_autoware_sensor_kit_launch/install/twizy_sensor_kit_description/lib/pkgconfig/twizy_sensor_kit_description.pc'
[10.551s] Level 1:colcon.colcon_core.environment:checking '/home/robin/MCAV/mcav_autoware_sensor_kit_launch/install/twizy_sensor_kit_description/lib/python3.10/site-packages'
[10.552s] Level 1:colcon.colcon_core.environment:checking '/home/robin/MCAV/mcav_autoware_sensor_kit_launch/install/twizy_sensor_kit_description/bin'
[10.553s] INFO:colcon.colcon_core.shell:Creating package script '/home/robin/MCAV/mcav_autoware_sensor_kit_launch/install/twizy_sensor_kit_description/share/twizy_sensor_kit_description/package.ps1'
[10.554s] INFO:colcon.colcon_core.shell:Creating package descriptor '/home/robin/MCAV/mcav_autoware_sensor_kit_launch/install/twizy_sensor_kit_description/share/twizy_sensor_kit_description/package.dsv'
[10.554s] INFO:colcon.colcon_core.shell:Creating package script '/home/robin/MCAV/mcav_autoware_sensor_kit_launch/install/twizy_sensor_kit_description/share/twizy_sensor_kit_description/package.sh'
[10.555s] INFO:colcon.colcon_core.shell:Creating package script '/home/robin/MCAV/mcav_autoware_sensor_kit_launch/install/twizy_sensor_kit_description/share/twizy_sensor_kit_description/package.bash'
[10.555s] INFO:colcon.colcon_core.shell:Creating package script '/home/robin/MCAV/mcav_autoware_sensor_kit_launch/install/twizy_sensor_kit_description/share/twizy_sensor_kit_description/package.zsh'
[10.556s] Level 1:colcon.colcon_core.environment:create_file_with_runtime_dependencies(/home/robin/MCAV/mcav_autoware_sensor_kit_launch/install/twizy_sensor_kit_description/share/colcon-core/packages/twizy_sensor_kit_description)
[10.556s] DEBUG:colcon.colcon_parallel_executor.executor.parallel:closing loop
[10.556s] DEBUG:colcon.colcon_parallel_executor.executor.parallel:loop closed
[10.557s] DEBUG:colcon.colcon_parallel_executor.executor.parallel:run_until_complete finished with '0'
[10.557s] DEBUG:colcon.colcon_core.event_reactor:joining thread
[10.566s] INFO:colcon.colcon_core.plugin_system:Skipping extension 'colcon_notification.desktop_notification.terminal_notifier': Not used on non-Darwin systems
[10.566s] INFO:colcon.colcon_core.plugin_system:Skipping extension 'colcon_notification.desktop_notification.win32': Not used on non-Windows systems
[10.566s] INFO:colcon.colcon_notification.desktop_notification:Sending desktop notification using 'notify2'
[10.575s] DEBUG:colcon.colcon_core.event_reactor:joined thread
[10.577s] INFO:colcon.colcon_core.shell:Creating prefix script '/home/robin/MCAV/mcav_autoware_sensor_kit_launch/install/local_setup.ps1'
[10.578s] INFO:colcon.colcon_core.shell:Creating prefix util module '/home/robin/MCAV/mcav_autoware_sensor_kit_launch/install/_local_setup_util_ps1.py'
[10.579s] INFO:colcon.colcon_core.shell:Creating prefix chain script '/home/robin/MCAV/mcav_autoware_sensor_kit_launch/install/setup.ps1'
[10.581s] INFO:colcon.colcon_core.shell:Creating prefix script '/home/robin/MCAV/mcav_autoware_sensor_kit_launch/install/local_setup.sh'
[10.582s] INFO:colcon.colcon_core.shell:Creating prefix util module '/home/robin/MCAV/mcav_autoware_sensor_kit_launch/install/_local_setup_util_sh.py'
[10.582s] INFO:colcon.colcon_core.shell:Creating prefix chain script '/home/robin/MCAV/mcav_autoware_sensor_kit_launch/install/setup.sh'
[10.584s] INFO:colcon.colcon_core.shell:Creating prefix script '/home/robin/MCAV/mcav_autoware_sensor_kit_launch/install/local_setup.bash'
[10.585s] INFO:colcon.colcon_core.shell:Creating prefix chain script '/home/robin/MCAV/mcav_autoware_sensor_kit_launch/install/setup.bash'
[10.586s] INFO:colcon.colcon_core.shell:Creating prefix script '/home/robin/MCAV/mcav_autoware_sensor_kit_launch/install/local_setup.zsh'
[10.586s] INFO:colcon.colcon_core.shell:Creating prefix chain script '/home/robin/MCAV/mcav_autoware_sensor_kit_launch/install/setup.zsh'
