[0.686s] DEBUG:colcon:Command line arguments: ['/usr/bin/colcon', 'build', '--symlink-install', '--cmake-args', '-DCMAKE_BUILD_TYPE=Release', '--packages-up-to', 'twizy_sensor_kit_description', 'twizy_sensor_kit_launch']
[0.686s] DEBUG:colcon:Parsed command line arguments: Namespace(log_base=None, log_level=None, verb_name='build', build_base='build', install_base='install', merge_install=False, symlink_install=True, test_result_base=None, continue_on_error=False, executor='parallel', parallel_workers=20, event_handlers=None, ignore_user_meta=False, metas=['./colcon.meta'], base_paths=['.'], packages_ignore=None, packages_ignore_regex=None, paths=None, packages_up_to=['twizy_sensor_kit_description', 'twizy_sensor_kit_launch'], packages_up_to_regex=None, packages_above=None, packages_above_and_dependencies=None, packages_above_depth=None, packages_select_by_dep=None, packages_skip_by_dep=None, packages_skip_up_to=None, packages_select_build_failed=False, packages_skip_build_finished=False, packages_select_test_failures=False, packages_skip_test_passed=False, packages_select=None, packages_skip=None, packages_select_regex=None, packages_skip_regex=None, packages_start=None, packages_end=None, allow_overriding=[], cmake_args=['-DCMAKE_BUILD_TYPE=Release'], cmake_target=None, cmake_target_skip_unavailable=False, cmake_clean_cache=False, cmake_clean_first=False, cmake_force_configure=False, ament_cmake_args=None, catkin_cmake_args=None, catkin_skip_building_tests=False, verb_parser=<colcon_defaults.argument_parser.defaults.DefaultArgumentsDecorator object at 0x7fd9605eb400>, verb_extension=<colcon_core.verb.build.BuildVerb object at 0x7fd960fefd90>, main=<bound method BuildVerb.main of <colcon_core.verb.build.BuildVerb object at 0x7fd960fefd90>>)
[0.706s] Level 1:colcon.colcon_core.package_discovery:discover_packages(colcon_meta) check parameters
[0.706s] Level 1:colcon.colcon_core.package_discovery:discover_packages(recursive) check parameters
[0.706s] Level 1:colcon.colcon_core.package_discovery:discover_packages(ignore) check parameters
[0.706s] Level 1:colcon.colcon_core.package_discovery:discover_packages(path) check parameters
[0.706s] Level 1:colcon.colcon_core.package_discovery:discover_packages(colcon_meta) discover
[0.706s] Level 1:colcon.colcon_core.package_discovery:discover_packages(recursive) discover
[0.706s] INFO:colcon.colcon_core.package_discovery:Crawling recursively for packages in '/home/robin/MCAV/mcav_autoware_sensor_kit_launch'
[0.706s] Level 1:colcon.colcon_core.package_identification:_identify(.) by extensions ['ignore', 'ignore_ament_install']
[0.706s] Level 1:colcon.colcon_core.package_identification:_identify(.) by extension 'ignore'
[0.706s] Level 1:colcon.colcon_core.package_identification:_identify(.) by extension 'ignore_ament_install'
[0.706s] Level 1:colcon.colcon_core.package_identification:_identify(.) by extensions ['colcon_pkg']
[0.706s] Level 1:colcon.colcon_core.package_identification:_identify(.) by extension 'colcon_pkg'
[0.706s] Level 1:colcon.colcon_core.package_identification:_identify(.) by extensions ['colcon_meta']
[0.706s] Level 1:colcon.colcon_core.package_identification:_identify(.) by extension 'colcon_meta'
[0.706s] Level 1:colcon.colcon_core.package_identification:_identify(.) by extensions ['ros']
[0.707s] Level 1:colcon.colcon_core.package_identification:_identify(.) by extension 'ros'
[0.715s] Level 1:colcon.colcon_core.package_identification:_identify(.) by extensions ['cmake', 'python']
[0.715s] Level 1:colcon.colcon_core.package_identification:_identify(.) by extension 'cmake'
[0.715s] Level 1:colcon.colcon_core.package_identification:_identify(.) by extension 'python'
[0.715s] Level 1:colcon.colcon_core.package_identification:_identify(.) by extensions ['python_setup_py']
[0.715s] Level 1:colcon.colcon_core.package_identification:_identify(.) by extension 'python_setup_py'
[0.715s] Level 1:colcon.colcon_core.package_identification:_identify(build) by extensions ['ignore', 'ignore_ament_install']
[0.715s] Level 1:colcon.colcon_core.package_identification:_identify(build) by extension 'ignore'
[0.715s] Level 1:colcon.colcon_core.package_identification:_identify(build) ignored
[0.715s] Level 1:colcon.colcon_core.package_identification:_identify(common_sensor_launch) by extensions ['ignore', 'ignore_ament_install']
[0.715s] Level 1:colcon.colcon_core.package_identification:_identify(common_sensor_launch) by extension 'ignore'
[0.716s] Level 1:colcon.colcon_core.package_identification:_identify(common_sensor_launch) by extension 'ignore_ament_install'
[0.716s] Level 1:colcon.colcon_core.package_identification:_identify(common_sensor_launch) by extensions ['colcon_pkg']
[0.716s] Level 1:colcon.colcon_core.package_identification:_identify(common_sensor_launch) by extension 'colcon_pkg'
[0.716s] Level 1:colcon.colcon_core.package_identification:_identify(common_sensor_launch) by extensions ['colcon_meta']
[0.716s] Level 1:colcon.colcon_core.package_identification:_identify(common_sensor_launch) by extension 'colcon_meta'
[0.716s] Level 1:colcon.colcon_core.package_identification:_identify(common_sensor_launch) by extensions ['ros']
[0.716s] Level 1:colcon.colcon_core.package_identification:_identify(common_sensor_launch) by extension 'ros'
[0.718s] DEBUG:colcon.colcon_core.package_identification:Package 'common_sensor_launch' with type 'ros.ament_cmake' and name 'common_sensor_launch'
[0.718s] Level 1:colcon.colcon_core.package_identification:_identify(install) by extensions ['ignore', 'ignore_ament_install']
[0.718s] Level 1:colcon.colcon_core.package_identification:_identify(install) by extension 'ignore'
[0.718s] Level 1:colcon.colcon_core.package_identification:_identify(install) ignored
[0.718s] Level 1:colcon.colcon_core.package_identification:_identify(log) by extensions ['ignore', 'ignore_ament_install']
[0.719s] Level 1:colcon.colcon_core.package_identification:_identify(log) by extension 'ignore'
[0.719s] Level 1:colcon.colcon_core.package_identification:_identify(log) ignored
[0.719s] Level 1:colcon.colcon_core.package_identification:_identify(sample_sensor_kit_description) by extensions ['ignore', 'ignore_ament_install']
[0.719s] Level 1:colcon.colcon_core.package_identification:_identify(sample_sensor_kit_description) by extension 'ignore'
[0.719s] Level 1:colcon.colcon_core.package_identification:_identify(sample_sensor_kit_description) by extension 'ignore_ament_install'
[0.719s] Level 1:colcon.colcon_core.package_identification:_identify(sample_sensor_kit_description) by extensions ['colcon_pkg']
[0.719s] Level 1:colcon.colcon_core.package_identification:_identify(sample_sensor_kit_description) by extension 'colcon_pkg'
[0.719s] Level 1:colcon.colcon_core.package_identification:_identify(sample_sensor_kit_description) by extensions ['colcon_meta']
[0.719s] Level 1:colcon.colcon_core.package_identification:_identify(sample_sensor_kit_description) by extension 'colcon_meta'
[0.719s] Level 1:colcon.colcon_core.package_identification:_identify(sample_sensor_kit_description) by extensions ['ros']
[0.719s] Level 1:colcon.colcon_core.package_identification:_identify(sample_sensor_kit_description) by extension 'ros'
[0.719s] DEBUG:colcon.colcon_core.package_identification:Package 'sample_sensor_kit_description' with type 'ros.ament_cmake' and name 'sample_sensor_kit_description'
[0.719s] Level 1:colcon.colcon_core.package_identification:_identify(sample_sensor_kit_launch) by extensions ['ignore', 'ignore_ament_install']
[0.719s] Level 1:colcon.colcon_core.package_identification:_identify(sample_sensor_kit_launch) by extension 'ignore'
[0.719s] Level 1:colcon.colcon_core.package_identification:_identify(sample_sensor_kit_launch) by extension 'ignore_ament_install'
[0.719s] Level 1:colcon.colcon_core.package_identification:_identify(sample_sensor_kit_launch) by extensions ['colcon_pkg']
[0.720s] Level 1:colcon.colcon_core.package_identification:_identify(sample_sensor_kit_launch) by extension 'colcon_pkg'
[0.720s] Level 1:colcon.colcon_core.package_identification:_identify(sample_sensor_kit_launch) by extensions ['colcon_meta']
[0.720s] Level 1:colcon.colcon_core.package_identification:_identify(sample_sensor_kit_launch) by extension 'colcon_meta'
[0.720s] Level 1:colcon.colcon_core.package_identification:_identify(sample_sensor_kit_launch) by extensions ['ros']
[0.720s] Level 1:colcon.colcon_core.package_identification:_identify(sample_sensor_kit_launch) by extension 'ros'
[0.720s] DEBUG:colcon.colcon_core.package_identification:Package 'sample_sensor_kit_launch' with type 'ros.ament_cmake' and name 'sample_sensor_kit_launch'
[0.720s] Level 1:colcon.colcon_core.package_identification:_identify(sensor_kit_description) by extensions ['ignore', 'ignore_ament_install']
[0.720s] Level 1:colcon.colcon_core.package_identification:_identify(sensor_kit_description) by extension 'ignore'
[0.720s] Level 1:colcon.colcon_core.package_identification:_identify(sensor_kit_description) by extension 'ignore_ament_install'
[0.720s] Level 1:colcon.colcon_core.package_identification:_identify(sensor_kit_description) by extensions ['colcon_pkg']
[0.720s] Level 1:colcon.colcon_core.package_identification:_identify(sensor_kit_description) by extension 'colcon_pkg'
[0.720s] Level 1:colcon.colcon_core.package_identification:_identify(sensor_kit_description) by extensions ['colcon_meta']
[0.720s] Level 1:colcon.colcon_core.package_identification:_identify(sensor_kit_description) by extension 'colcon_meta'
[0.720s] Level 1:colcon.colcon_core.package_identification:_identify(sensor_kit_description) by extensions ['ros']
[0.720s] Level 1:colcon.colcon_core.package_identification:_identify(sensor_kit_description) by extension 'ros'
[0.720s] Level 1:colcon.colcon_core.package_identification:_identify(sensor_kit_description) by extensions ['cmake', 'python']
[0.720s] Level 1:colcon.colcon_core.package_identification:_identify(sensor_kit_description) by extension 'cmake'
[0.720s] Level 1:colcon.colcon_core.package_identification:_identify(sensor_kit_description) by extension 'python'
[0.720s] Level 1:colcon.colcon_core.package_identification:_identify(sensor_kit_description) by extensions ['python_setup_py']
[0.720s] Level 1:colcon.colcon_core.package_identification:_identify(sensor_kit_description) by extension 'python_setup_py'
[0.721s] Level 1:colcon.colcon_core.package_identification:_identify(sensor_kit_description/AWSIM_sensor_description) by extensions ['ignore', 'ignore_ament_install']
[0.721s] Level 1:colcon.colcon_core.package_identification:_identify(sensor_kit_description/AWSIM_sensor_description) by extension 'ignore'
[0.721s] Level 1:colcon.colcon_core.package_identification:_identify(sensor_kit_description/AWSIM_sensor_description) by extension 'ignore_ament_install'
[0.721s] Level 1:colcon.colcon_core.package_identification:_identify(sensor_kit_description/AWSIM_sensor_description) by extensions ['colcon_pkg']
[0.721s] Level 1:colcon.colcon_core.package_identification:_identify(sensor_kit_description/AWSIM_sensor_description) by extension 'colcon_pkg'
[0.721s] Level 1:colcon.colcon_core.package_identification:_identify(sensor_kit_description/AWSIM_sensor_description) by extensions ['colcon_meta']
[0.721s] Level 1:colcon.colcon_core.package_identification:_identify(sensor_kit_description/AWSIM_sensor_description) by extension 'colcon_meta'
[0.721s] Level 1:colcon.colcon_core.package_identification:_identify(sensor_kit_description/AWSIM_sensor_description) by extensions ['ros']
[0.721s] Level 1:colcon.colcon_core.package_identification:_identify(sensor_kit_description/AWSIM_sensor_description) by extension 'ros'
[0.721s] Level 1:colcon.colcon_core.package_identification:_identify(sensor_kit_description/AWSIM_sensor_description) by extensions ['cmake', 'python']
[0.721s] Level 1:colcon.colcon_core.package_identification:_identify(sensor_kit_description/AWSIM_sensor_description) by extension 'cmake'
[0.721s] Level 1:colcon.colcon_core.package_identification:_identify(sensor_kit_description/AWSIM_sensor_description) by extension 'python'
[0.721s] Level 1:colcon.colcon_core.package_identification:_identify(sensor_kit_description/AWSIM_sensor_description) by extensions ['python_setup_py']
[0.721s] Level 1:colcon.colcon_core.package_identification:_identify(sensor_kit_description/AWSIM_sensor_description) by extension 'python_setup_py'
[0.721s] Level 1:colcon.colcon_core.package_identification:_identify(sensor_kit_description/AWSIM_sensor_description/AWSIM_sensor_description) by extensions ['ignore', 'ignore_ament_install']
[0.721s] Level 1:colcon.colcon_core.package_identification:_identify(sensor_kit_description/AWSIM_sensor_description/AWSIM_sensor_description) by extension 'ignore'
[0.721s] Level 1:colcon.colcon_core.package_identification:_identify(sensor_kit_description/AWSIM_sensor_description/AWSIM_sensor_description) by extension 'ignore_ament_install'
[0.721s] Level 1:colcon.colcon_core.package_identification:_identify(sensor_kit_description/AWSIM_sensor_description/AWSIM_sensor_description) by extensions ['colcon_pkg']
[0.721s] Level 1:colcon.colcon_core.package_identification:_identify(sensor_kit_description/AWSIM_sensor_description/AWSIM_sensor_description) by extension 'colcon_pkg'
[0.721s] Level 1:colcon.colcon_core.package_identification:_identify(sensor_kit_description/AWSIM_sensor_description/AWSIM_sensor_description) by extensions ['colcon_meta']
[0.721s] Level 1:colcon.colcon_core.package_identification:_identify(sensor_kit_description/AWSIM_sensor_description/AWSIM_sensor_description) by extension 'colcon_meta'
[0.721s] Level 1:colcon.colcon_core.package_identification:_identify(sensor_kit_description/AWSIM_sensor_description/AWSIM_sensor_description) by extensions ['ros']
[0.721s] Level 1:colcon.colcon_core.package_identification:_identify(sensor_kit_description/AWSIM_sensor_description/AWSIM_sensor_description) by extension 'ros'
[0.722s] DEBUG:colcon.colcon_core.package_identification:Package 'sensor_kit_description/AWSIM_sensor_description/AWSIM_sensor_description' with type 'ros.catkin' and name 'AWSIM_sensor_description'
[0.722s] Level 1:colcon.colcon_core.package_identification:_identify(sensor_kit_description/AWSIM_sensor_description/CARLA_sensor_description) by extensions ['ignore', 'ignore_ament_install']
[0.722s] Level 1:colcon.colcon_core.package_identification:_identify(sensor_kit_description/AWSIM_sensor_description/CARLA_sensor_description) by extension 'ignore'
[0.722s] Level 1:colcon.colcon_core.package_identification:_identify(sensor_kit_description/AWSIM_sensor_description/CARLA_sensor_description) by extension 'ignore_ament_install'
[0.722s] Level 1:colcon.colcon_core.package_identification:_identify(sensor_kit_description/AWSIM_sensor_description/CARLA_sensor_description) by extensions ['colcon_pkg']
[0.722s] Level 1:colcon.colcon_core.package_identification:_identify(sensor_kit_description/AWSIM_sensor_description/CARLA_sensor_description) by extension 'colcon_pkg'
[0.722s] Level 1:colcon.colcon_core.package_identification:_identify(sensor_kit_description/AWSIM_sensor_description/CARLA_sensor_description) by extensions ['colcon_meta']
[0.722s] Level 1:colcon.colcon_core.package_identification:_identify(sensor_kit_description/AWSIM_sensor_description/CARLA_sensor_description) by extension 'colcon_meta'
[0.722s] Level 1:colcon.colcon_core.package_identification:_identify(sensor_kit_description/AWSIM_sensor_description/CARLA_sensor_description) by extensions ['ros']
[0.722s] Level 1:colcon.colcon_core.package_identification:_identify(sensor_kit_description/AWSIM_sensor_description/CARLA_sensor_description) by extension 'ros'
[0.722s] DEBUG:colcon.colcon_core.package_identification:Package 'sensor_kit_description/AWSIM_sensor_description/CARLA_sensor_description' with type 'ros.catkin' and name 'CARLA_sensor_description'
[0.723s] Level 1:colcon.colcon_core.package_identification:_identify(sensor_kit_description/AWSIM_sensor_description/ENV200_sensor_description) by extensions ['ignore', 'ignore_ament_install']
[0.723s] Level 1:colcon.colcon_core.package_identification:_identify(sensor_kit_description/AWSIM_sensor_description/ENV200_sensor_description) by extension 'ignore'
[0.723s] Level 1:colcon.colcon_core.package_identification:_identify(sensor_kit_description/AWSIM_sensor_description/ENV200_sensor_description) by extension 'ignore_ament_install'
[0.723s] Level 1:colcon.colcon_core.package_identification:_identify(sensor_kit_description/AWSIM_sensor_description/ENV200_sensor_description) by extensions ['colcon_pkg']
[0.723s] Level 1:colcon.colcon_core.package_identification:_identify(sensor_kit_description/AWSIM_sensor_description/ENV200_sensor_description) by extension 'colcon_pkg'
[0.723s] Level 1:colcon.colcon_core.package_identification:_identify(sensor_kit_description/AWSIM_sensor_description/ENV200_sensor_description) by extensions ['colcon_meta']
[0.723s] Level 1:colcon.colcon_core.package_identification:_identify(sensor_kit_description/AWSIM_sensor_description/ENV200_sensor_description) by extension 'colcon_meta'
[0.723s] Level 1:colcon.colcon_core.package_identification:_identify(sensor_kit_description/AWSIM_sensor_description/ENV200_sensor_description) by extensions ['ros']
[0.723s] Level 1:colcon.colcon_core.package_identification:_identify(sensor_kit_description/AWSIM_sensor_description/ENV200_sensor_description) by extension 'ros'
[0.723s] DEBUG:colcon.colcon_core.package_identification:Package 'sensor_kit_description/AWSIM_sensor_description/ENV200_sensor_description' with type 'ros.catkin' and name 'ENV200_sensor_description'
[0.723s] Level 1:colcon.colcon_core.package_identification:_identify(sensor_kit_description/AWSIM_sensor_description/Twizy_sensor_description) by extensions ['ignore', 'ignore_ament_install']
[0.723s] Level 1:colcon.colcon_core.package_identification:_identify(sensor_kit_description/AWSIM_sensor_description/Twizy_sensor_description) by extension 'ignore'
[0.723s] Level 1:colcon.colcon_core.package_identification:_identify(sensor_kit_description/AWSIM_sensor_description/Twizy_sensor_description) by extension 'ignore_ament_install'
[0.723s] Level 1:colcon.colcon_core.package_identification:_identify(sensor_kit_description/AWSIM_sensor_description/Twizy_sensor_description) by extensions ['colcon_pkg']
[0.723s] Level 1:colcon.colcon_core.package_identification:_identify(sensor_kit_description/AWSIM_sensor_description/Twizy_sensor_description) by extension 'colcon_pkg'
[0.723s] Level 1:colcon.colcon_core.package_identification:_identify(sensor_kit_description/AWSIM_sensor_description/Twizy_sensor_description) by extensions ['colcon_meta']
[0.723s] Level 1:colcon.colcon_core.package_identification:_identify(sensor_kit_description/AWSIM_sensor_description/Twizy_sensor_description) by extension 'colcon_meta'
[0.723s] Level 1:colcon.colcon_core.package_identification:_identify(sensor_kit_description/AWSIM_sensor_description/Twizy_sensor_description) by extensions ['ros']
[0.724s] Level 1:colcon.colcon_core.package_identification:_identify(sensor_kit_description/AWSIM_sensor_description/Twizy_sensor_description) by extension 'ros'
[0.724s] DEBUG:colcon.colcon_core.package_identification:Package 'sensor_kit_description/AWSIM_sensor_description/Twizy_sensor_description' with type 'ros.catkin' and name 'Twizy_sensor_description'
[0.724s] Level 1:colcon.colcon_core.package_identification:_identify(sensor_kit_description/CARLA_sensor_description) by extensions ['ignore', 'ignore_ament_install']
[0.724s] Level 1:colcon.colcon_core.package_identification:_identify(sensor_kit_description/CARLA_sensor_description) by extension 'ignore'
[0.724s] Level 1:colcon.colcon_core.package_identification:_identify(sensor_kit_description/CARLA_sensor_description) by extension 'ignore_ament_install'
[0.724s] Level 1:colcon.colcon_core.package_identification:_identify(sensor_kit_description/CARLA_sensor_description) by extensions ['colcon_pkg']
[0.724s] Level 1:colcon.colcon_core.package_identification:_identify(sensor_kit_description/CARLA_sensor_description) by extension 'colcon_pkg'
[0.724s] Level 1:colcon.colcon_core.package_identification:_identify(sensor_kit_description/CARLA_sensor_description) by extensions ['colcon_meta']
[0.724s] Level 1:colcon.colcon_core.package_identification:_identify(sensor_kit_description/CARLA_sensor_description) by extension 'colcon_meta'
[0.724s] Level 1:colcon.colcon_core.package_identification:_identify(sensor_kit_description/CARLA_sensor_description) by extensions ['ros']
[0.724s] Level 1:colcon.colcon_core.package_identification:_identify(sensor_kit_description/CARLA_sensor_description) by extension 'ros'
[0.724s] Level 1:colcon.colcon_core.package_identification:_identify(sensor_kit_description/CARLA_sensor_description) by extensions ['cmake', 'python']
[0.724s] Level 1:colcon.colcon_core.package_identification:_identify(sensor_kit_description/CARLA_sensor_description) by extension 'cmake'
[0.724s] Level 1:colcon.colcon_core.package_identification:_identify(sensor_kit_description/CARLA_sensor_description) by extension 'python'
[0.724s] Level 1:colcon.colcon_core.package_identification:_identify(sensor_kit_description/CARLA_sensor_description) by extensions ['python_setup_py']
[0.724s] Level 1:colcon.colcon_core.package_identification:_identify(sensor_kit_description/CARLA_sensor_description) by extension 'python_setup_py'
[0.724s] Level 1:colcon.colcon_core.package_identification:_identify(sensor_kit_description/ENV200_sensor_description) by extensions ['ignore', 'ignore_ament_install']
[0.725s] Level 1:colcon.colcon_core.package_identification:_identify(sensor_kit_description/ENV200_sensor_description) by extension 'ignore'
[0.725s] Level 1:colcon.colcon_core.package_identification:_identify(sensor_kit_description/ENV200_sensor_description) by extension 'ignore_ament_install'
[0.725s] Level 1:colcon.colcon_core.package_identification:_identify(sensor_kit_description/ENV200_sensor_description) by extensions ['colcon_pkg']
[0.725s] Level 1:colcon.colcon_core.package_identification:_identify(sensor_kit_description/ENV200_sensor_description) by extension 'colcon_pkg'
[0.725s] Level 1:colcon.colcon_core.package_identification:_identify(sensor_kit_description/ENV200_sensor_description) by extensions ['colcon_meta']
[0.725s] Level 1:colcon.colcon_core.package_identification:_identify(sensor_kit_description/ENV200_sensor_description) by extension 'colcon_meta'
[0.725s] Level 1:colcon.colcon_core.package_identification:_identify(sensor_kit_description/ENV200_sensor_description) by extensions ['ros']
[0.725s] Level 1:colcon.colcon_core.package_identification:_identify(sensor_kit_description/ENV200_sensor_description) by extension 'ros'
[0.725s] Level 1:colcon.colcon_core.package_identification:_identify(sensor_kit_description/ENV200_sensor_description) by extensions ['cmake', 'python']
[0.725s] Level 1:colcon.colcon_core.package_identification:_identify(sensor_kit_description/ENV200_sensor_description) by extension 'cmake'
[0.725s] Level 1:colcon.colcon_core.package_identification:_identify(sensor_kit_description/ENV200_sensor_description) by extension 'python'
[0.725s] Level 1:colcon.colcon_core.package_identification:_identify(sensor_kit_description/ENV200_sensor_description) by extensions ['python_setup_py']
[0.725s] Level 1:colcon.colcon_core.package_identification:_identify(sensor_kit_description/ENV200_sensor_description) by extension 'python_setup_py'
[0.725s] Level 1:colcon.colcon_core.package_identification:_identify(sensor_kit_description/Twizy_sensor_description) by extensions ['ignore', 'ignore_ament_install']
[0.725s] Level 1:colcon.colcon_core.package_identification:_identify(sensor_kit_description/Twizy_sensor_description) by extension 'ignore'
[0.725s] Level 1:colcon.colcon_core.package_identification:_identify(sensor_kit_description/Twizy_sensor_description) by extension 'ignore_ament_install'
[0.725s] Level 1:colcon.colcon_core.package_identification:_identify(sensor_kit_description/Twizy_sensor_description) by extensions ['colcon_pkg']
[0.725s] Level 1:colcon.colcon_core.package_identification:_identify(sensor_kit_description/Twizy_sensor_description) by extension 'colcon_pkg'
[0.725s] Level 1:colcon.colcon_core.package_identification:_identify(sensor_kit_description/Twizy_sensor_description) by extensions ['colcon_meta']
[0.725s] Level 1:colcon.colcon_core.package_identification:_identify(sensor_kit_description/Twizy_sensor_description) by extension 'colcon_meta'
[0.725s] Level 1:colcon.colcon_core.package_identification:_identify(sensor_kit_description/Twizy_sensor_description) by extensions ['ros']
[0.725s] Level 1:colcon.colcon_core.package_identification:_identify(sensor_kit_description/Twizy_sensor_description) by extension 'ros'
[0.725s] Level 1:colcon.colcon_core.package_identification:_identify(sensor_kit_description/Twizy_sensor_description) by extensions ['cmake', 'python']
[0.725s] Level 1:colcon.colcon_core.package_identification:_identify(sensor_kit_description/Twizy_sensor_description) by extension 'cmake'
[0.725s] Level 1:colcon.colcon_core.package_identification:_identify(sensor_kit_description/Twizy_sensor_description) by extension 'python'
[0.725s] Level 1:colcon.colcon_core.package_identification:_identify(sensor_kit_description/Twizy_sensor_description) by extensions ['python_setup_py']
[0.725s] Level 1:colcon.colcon_core.package_identification:_identify(sensor_kit_description/Twizy_sensor_description) by extension 'python_setup_py'
[0.725s] Level 1:colcon.colcon_core.package_identification:_identify(sensor_kit_description/Twizy_sensor_description/config) by extensions ['ignore', 'ignore_ament_install']
[0.725s] Level 1:colcon.colcon_core.package_identification:_identify(sensor_kit_description/Twizy_sensor_description/config) by extension 'ignore'
[0.725s] Level 1:colcon.colcon_core.package_identification:_identify(sensor_kit_description/Twizy_sensor_description/config) by extension 'ignore_ament_install'
[0.725s] Level 1:colcon.colcon_core.package_identification:_identify(sensor_kit_description/Twizy_sensor_description/config) by extensions ['colcon_pkg']
[0.725s] Level 1:colcon.colcon_core.package_identification:_identify(sensor_kit_description/Twizy_sensor_description/config) by extension 'colcon_pkg'
[0.725s] Level 1:colcon.colcon_core.package_identification:_identify(sensor_kit_description/Twizy_sensor_description/config) by extensions ['colcon_meta']
[0.725s] Level 1:colcon.colcon_core.package_identification:_identify(sensor_kit_description/Twizy_sensor_description/config) by extension 'colcon_meta'
[0.725s] Level 1:colcon.colcon_core.package_identification:_identify(sensor_kit_description/Twizy_sensor_description/config) by extensions ['ros']
[0.726s] Level 1:colcon.colcon_core.package_identification:_identify(sensor_kit_description/Twizy_sensor_description/config) by extension 'ros'
[0.726s] Level 1:colcon.colcon_core.package_identification:_identify(sensor_kit_description/Twizy_sensor_description/config) by extensions ['cmake', 'python']
[0.726s] Level 1:colcon.colcon_core.package_identification:_identify(sensor_kit_description/Twizy_sensor_description/config) by extension 'cmake'
[0.726s] Level 1:colcon.colcon_core.package_identification:_identify(sensor_kit_description/Twizy_sensor_description/config) by extension 'python'
[0.726s] Level 1:colcon.colcon_core.package_identification:_identify(sensor_kit_description/Twizy_sensor_description/config) by extensions ['python_setup_py']
[0.726s] Level 1:colcon.colcon_core.package_identification:_identify(sensor_kit_description/Twizy_sensor_description/config) by extension 'python_setup_py'
[0.726s] Level 1:colcon.colcon_core.package_identification:_identify(sensor_kit_description/Twizy_sensor_description/urdf) by extensions ['ignore', 'ignore_ament_install']
[0.726s] Level 1:colcon.colcon_core.package_identification:_identify(sensor_kit_description/Twizy_sensor_description/urdf) by extension 'ignore'
[0.726s] Level 1:colcon.colcon_core.package_identification:_identify(sensor_kit_description/Twizy_sensor_description/urdf) by extension 'ignore_ament_install'
[0.726s] Level 1:colcon.colcon_core.package_identification:_identify(sensor_kit_description/Twizy_sensor_description/urdf) by extensions ['colcon_pkg']
[0.726s] Level 1:colcon.colcon_core.package_identification:_identify(sensor_kit_description/Twizy_sensor_description/urdf) by extension 'colcon_pkg'
[0.726s] Level 1:colcon.colcon_core.package_identification:_identify(sensor_kit_description/Twizy_sensor_description/urdf) by extensions ['colcon_meta']
[0.726s] Level 1:colcon.colcon_core.package_identification:_identify(sensor_kit_description/Twizy_sensor_description/urdf) by extension 'colcon_meta'
[0.726s] Level 1:colcon.colcon_core.package_identification:_identify(sensor_kit_description/Twizy_sensor_description/urdf) by extensions ['ros']
[0.726s] Level 1:colcon.colcon_core.package_identification:_identify(sensor_kit_description/Twizy_sensor_description/urdf) by extension 'ros'
[0.726s] Level 1:colcon.colcon_core.package_identification:_identify(sensor_kit_description/Twizy_sensor_description/urdf) by extensions ['cmake', 'python']
[0.726s] Level 1:colcon.colcon_core.package_identification:_identify(sensor_kit_description/Twizy_sensor_description/urdf) by extension 'cmake'
[0.726s] Level 1:colcon.colcon_core.package_identification:_identify(sensor_kit_description/Twizy_sensor_description/urdf) by extension 'python'
[0.726s] Level 1:colcon.colcon_core.package_identification:_identify(sensor_kit_description/Twizy_sensor_description/urdf) by extensions ['python_setup_py']
[0.726s] Level 1:colcon.colcon_core.package_identification:_identify(sensor_kit_description/Twizy_sensor_description/urdf) by extension 'python_setup_py'
[0.726s] Level 1:colcon.colcon_core.package_identification:_identify(sensor_kit_launch) by extensions ['ignore', 'ignore_ament_install']
[0.726s] Level 1:colcon.colcon_core.package_identification:_identify(sensor_kit_launch) by extension 'ignore'
[0.726s] Level 1:colcon.colcon_core.package_identification:_identify(sensor_kit_launch) by extension 'ignore_ament_install'
[0.726s] Level 1:colcon.colcon_core.package_identification:_identify(sensor_kit_launch) by extensions ['colcon_pkg']
[0.726s] Level 1:colcon.colcon_core.package_identification:_identify(sensor_kit_launch) by extension 'colcon_pkg'
[0.726s] Level 1:colcon.colcon_core.package_identification:_identify(sensor_kit_launch) by extensions ['colcon_meta']
[0.726s] Level 1:colcon.colcon_core.package_identification:_identify(sensor_kit_launch) by extension 'colcon_meta'
[0.726s] Level 1:colcon.colcon_core.package_identification:_identify(sensor_kit_launch) by extensions ['ros']
[0.726s] Level 1:colcon.colcon_core.package_identification:_identify(sensor_kit_launch) by extension 'ros'
[0.726s] Level 1:colcon.colcon_core.package_identification:_identify(sensor_kit_launch) by extensions ['cmake', 'python']
[0.726s] Level 1:colcon.colcon_core.package_identification:_identify(sensor_kit_launch) by extension 'cmake'
[0.726s] Level 1:colcon.colcon_core.package_identification:_identify(sensor_kit_launch) by extension 'python'
[0.726s] Level 1:colcon.colcon_core.package_identification:_identify(sensor_kit_launch) by extensions ['python_setup_py']
[0.726s] Level 1:colcon.colcon_core.package_identification:_identify(sensor_kit_launch) by extension 'python_setup_py'
[0.726s] Level 1:colcon.colcon_core.package_identification:_identify(sensor_kit_launch/AWSIM_sensor_launch) by extensions ['ignore', 'ignore_ament_install']
[0.727s] Level 1:colcon.colcon_core.package_identification:_identify(sensor_kit_launch/AWSIM_sensor_launch) by extension 'ignore'
[0.727s] Level 1:colcon.colcon_core.package_identification:_identify(sensor_kit_launch/AWSIM_sensor_launch) by extension 'ignore_ament_install'
[0.727s] Level 1:colcon.colcon_core.package_identification:_identify(sensor_kit_launch/AWSIM_sensor_launch) by extensions ['colcon_pkg']
[0.727s] Level 1:colcon.colcon_core.package_identification:_identify(sensor_kit_launch/AWSIM_sensor_launch) by extension 'colcon_pkg'
[0.727s] Level 1:colcon.colcon_core.package_identification:_identify(sensor_kit_launch/AWSIM_sensor_launch) by extensions ['colcon_meta']
[0.727s] Level 1:colcon.colcon_core.package_identification:_identify(sensor_kit_launch/AWSIM_sensor_launch) by extension 'colcon_meta'
[0.727s] Level 1:colcon.colcon_core.package_identification:_identify(sensor_kit_launch/AWSIM_sensor_launch) by extensions ['ros']
[0.727s] Level 1:colcon.colcon_core.package_identification:_identify(sensor_kit_launch/AWSIM_sensor_launch) by extension 'ros'
[0.727s] DEBUG:colcon.colcon_core.package_identification:Package 'sensor_kit_launch/AWSIM_sensor_launch' with type 'ros.catkin' and name 'AWSIM_sensor_launch'
[0.727s] Level 1:colcon.colcon_core.package_identification:_identify(sensor_kit_launch/CARLA_sensor_launch) by extensions ['ignore', 'ignore_ament_install']
[0.727s] Level 1:colcon.colcon_core.package_identification:_identify(sensor_kit_launch/CARLA_sensor_launch) by extension 'ignore'
[0.727s] Level 1:colcon.colcon_core.package_identification:_identify(sensor_kit_launch/CARLA_sensor_launch) by extension 'ignore_ament_install'
[0.727s] Level 1:colcon.colcon_core.package_identification:_identify(sensor_kit_launch/CARLA_sensor_launch) by extensions ['colcon_pkg']
[0.727s] Level 1:colcon.colcon_core.package_identification:_identify(sensor_kit_launch/CARLA_sensor_launch) by extension 'colcon_pkg'
[0.727s] Level 1:colcon.colcon_core.package_identification:_identify(sensor_kit_launch/CARLA_sensor_launch) by extensions ['colcon_meta']
[0.727s] Level 1:colcon.colcon_core.package_identification:_identify(sensor_kit_launch/CARLA_sensor_launch) by extension 'colcon_meta'
[0.727s] Level 1:colcon.colcon_core.package_identification:_identify(sensor_kit_launch/CARLA_sensor_launch) by extensions ['ros']
[0.727s] Level 1:colcon.colcon_core.package_identification:_identify(sensor_kit_launch/CARLA_sensor_launch) by extension 'ros'
[0.728s] DEBUG:colcon.colcon_core.package_identification:Package 'sensor_kit_launch/CARLA_sensor_launch' with type 'ros.catkin' and name 'CARLA_sensor_launch'
[0.728s] Level 1:colcon.colcon_core.package_identification:_identify(sensor_kit_launch/ENV200_sensor_launch) by extensions ['ignore', 'ignore_ament_install']
[0.728s] Level 1:colcon.colcon_core.package_identification:_identify(sensor_kit_launch/ENV200_sensor_launch) by extension 'ignore'
[0.728s] Level 1:colcon.colcon_core.package_identification:_identify(sensor_kit_launch/ENV200_sensor_launch) by extension 'ignore_ament_install'
[0.728s] Level 1:colcon.colcon_core.package_identification:_identify(sensor_kit_launch/ENV200_sensor_launch) by extensions ['colcon_pkg']
[0.728s] Level 1:colcon.colcon_core.package_identification:_identify(sensor_kit_launch/ENV200_sensor_launch) by extension 'colcon_pkg'
[0.728s] Level 1:colcon.colcon_core.package_identification:_identify(sensor_kit_launch/ENV200_sensor_launch) by extensions ['colcon_meta']
[0.728s] Level 1:colcon.colcon_core.package_identification:_identify(sensor_kit_launch/ENV200_sensor_launch) by extension 'colcon_meta'
[0.728s] Level 1:colcon.colcon_core.package_identification:_identify(sensor_kit_launch/ENV200_sensor_launch) by extensions ['ros']
[0.728s] Level 1:colcon.colcon_core.package_identification:_identify(sensor_kit_launch/ENV200_sensor_launch) by extension 'ros'
[0.729s] DEBUG:colcon.colcon_core.package_identification:Package 'sensor_kit_launch/ENV200_sensor_launch' with type 'ros.catkin' and name 'ENV200_sensor_launch'
[0.729s] Level 1:colcon.colcon_core.package_identification:_identify(sensor_kit_launch/Twizy_sensor_launch) by extensions ['ignore', 'ignore_ament_install']
[0.729s] Level 1:colcon.colcon_core.package_identification:_identify(sensor_kit_launch/Twizy_sensor_launch) by extension 'ignore'
[0.729s] Level 1:colcon.colcon_core.package_identification:_identify(sensor_kit_launch/Twizy_sensor_launch) by extension 'ignore_ament_install'
[0.729s] Level 1:colcon.colcon_core.package_identification:_identify(sensor_kit_launch/Twizy_sensor_launch) by extensions ['colcon_pkg']
[0.729s] Level 1:colcon.colcon_core.package_identification:_identify(sensor_kit_launch/Twizy_sensor_launch) by extension 'colcon_pkg'
[0.729s] Level 1:colcon.colcon_core.package_identification:_identify(sensor_kit_launch/Twizy_sensor_launch) by extensions ['colcon_meta']
[0.729s] Level 1:colcon.colcon_core.package_identification:_identify(sensor_kit_launch/Twizy_sensor_launch) by extension 'colcon_meta'
[0.729s] Level 1:colcon.colcon_core.package_identification:_identify(sensor_kit_launch/Twizy_sensor_launch) by extensions ['ros']
[0.729s] Level 1:colcon.colcon_core.package_identification:_identify(sensor_kit_launch/Twizy_sensor_launch) by extension 'ros'
[0.729s] DEBUG:colcon.colcon_core.package_identification:Package 'sensor_kit_launch/Twizy_sensor_launch' with type 'ros.catkin' and name 'Twizy_sensor_launch'
[0.729s] Level 1:colcon.colcon_core.package_identification:_identify(sensor_kit_launch/common_sensor_launch) by extensions ['ignore', 'ignore_ament_install']
[0.729s] Level 1:colcon.colcon_core.package_identification:_identify(sensor_kit_launch/common_sensor_launch) by extension 'ignore'
[0.729s] Level 1:colcon.colcon_core.package_identification:_identify(sensor_kit_launch/common_sensor_launch) by extension 'ignore_ament_install'
[0.730s] Level 1:colcon.colcon_core.package_identification:_identify(sensor_kit_launch/common_sensor_launch) by extensions ['colcon_pkg']
[0.730s] Level 1:colcon.colcon_core.package_identification:_identify(sensor_kit_launch/common_sensor_launch) by extension 'colcon_pkg'
[0.730s] Level 1:colcon.colcon_core.package_identification:_identify(sensor_kit_launch/common_sensor_launch) by extensions ['colcon_meta']
[0.730s] Level 1:colcon.colcon_core.package_identification:_identify(sensor_kit_launch/common_sensor_launch) by extension 'colcon_meta'
[0.730s] Level 1:colcon.colcon_core.package_identification:_identify(sensor_kit_launch/common_sensor_launch) by extensions ['ros']
[0.730s] Level 1:colcon.colcon_core.package_identification:_identify(sensor_kit_launch/common_sensor_launch) by extension 'ros'
[0.730s] DEBUG:colcon.colcon_core.package_identification:Package 'sensor_kit_launch/common_sensor_launch' with type 'ros.ament_cmake' and name 'common_sensor_launch'
[0.730s] Level 1:colcon.colcon_core.package_identification:_identify(twizy_sensor_description) by extensions ['ignore', 'ignore_ament_install']
[0.730s] Level 1:colcon.colcon_core.package_identification:_identify(twizy_sensor_description) by extension 'ignore'
[0.730s] Level 1:colcon.colcon_core.package_identification:_identify(twizy_sensor_description) by extension 'ignore_ament_install'
[0.730s] Level 1:colcon.colcon_core.package_identification:_identify(twizy_sensor_description) by extensions ['colcon_pkg']
[0.730s] Level 1:colcon.colcon_core.package_identification:_identify(twizy_sensor_description) by extension 'colcon_pkg'
[0.730s] Level 1:colcon.colcon_core.package_identification:_identify(twizy_sensor_description) by extensions ['colcon_meta']
[0.730s] Level 1:colcon.colcon_core.package_identification:_identify(twizy_sensor_description) by extension 'colcon_meta'
[0.730s] Level 1:colcon.colcon_core.package_identification:_identify(twizy_sensor_description) by extensions ['ros']
[0.730s] Level 1:colcon.colcon_core.package_identification:_identify(twizy_sensor_description) by extension 'ros'
[0.731s] DEBUG:colcon.colcon_core.package_identification:Package 'twizy_sensor_description' with type 'ros.ament_cmake' and name 'twizy_sensor_kit_description'
[0.731s] Level 1:colcon.colcon_core.package_identification:_identify(twizy_sensor_launch) by extensions ['ignore', 'ignore_ament_install']
[0.731s] Level 1:colcon.colcon_core.package_identification:_identify(twizy_sensor_launch) by extension 'ignore'
[0.731s] Level 1:colcon.colcon_core.package_identification:_identify(twizy_sensor_launch) by extension 'ignore_ament_install'
[0.731s] Level 1:colcon.colcon_core.package_identification:_identify(twizy_sensor_launch) by extensions ['colcon_pkg']
[0.731s] Level 1:colcon.colcon_core.package_identification:_identify(twizy_sensor_launch) by extension 'colcon_pkg'
[0.731s] Level 1:colcon.colcon_core.package_identification:_identify(twizy_sensor_launch) by extensions ['colcon_meta']
[0.731s] Level 1:colcon.colcon_core.package_identification:_identify(twizy_sensor_launch) by extension 'colcon_meta'
[0.731s] Level 1:colcon.colcon_core.package_identification:_identify(twizy_sensor_launch) by extensions ['ros']
[0.731s] Level 1:colcon.colcon_core.package_identification:_identify(twizy_sensor_launch) by extension 'ros'
[0.731s] DEBUG:colcon.colcon_core.package_identification:Package 'twizy_sensor_launch' with type 'ros.ament_cmake' and name 'twizy_sensor_kit_launch'
[0.731s] Level 1:colcon.colcon_core.package_discovery:discover_packages(recursive) using defaults
[0.731s] Level 1:colcon.colcon_core.package_discovery:discover_packages(ignore) discover
[0.731s] Level 1:colcon.colcon_core.package_discovery:discover_packages(ignore) using defaults
[0.731s] Level 1:colcon.colcon_core.package_discovery:discover_packages(path) discover
[0.731s] Level 1:colcon.colcon_core.package_discovery:discover_packages(path) using defaults
[0.774s] INFO:colcon.colcon_core.package_selection:Skipping package 'sample_sensor_kit_launch' in 'sample_sensor_kit_launch'
[0.774s] INFO:colcon.colcon_core.package_selection:Skipping package 'sample_sensor_kit_description' in 'sample_sensor_kit_description'
[0.774s] INFO:colcon.colcon_core.package_selection:Skipping package 'Twizy_sensor_launch' in 'sensor_kit_launch/Twizy_sensor_launch'
[0.774s] INFO:colcon.colcon_core.package_selection:Skipping package 'Twizy_sensor_description' in 'sensor_kit_description/AWSIM_sensor_description/Twizy_sensor_description'
[0.774s] INFO:colcon.colcon_core.package_selection:Skipping package 'ENV200_sensor_launch' in 'sensor_kit_launch/ENV200_sensor_launch'
[0.775s] INFO:colcon.colcon_core.package_selection:Skipping package 'ENV200_sensor_description' in 'sensor_kit_description/AWSIM_sensor_description/ENV200_sensor_description'
[0.775s] INFO:colcon.colcon_core.package_selection:Skipping package 'CARLA_sensor_launch' in 'sensor_kit_launch/CARLA_sensor_launch'
[0.775s] INFO:colcon.colcon_core.package_selection:Skipping package 'CARLA_sensor_description' in 'sensor_kit_description/AWSIM_sensor_description/CARLA_sensor_description'
[0.775s] INFO:colcon.colcon_core.package_selection:Skipping package 'AWSIM_sensor_launch' in 'sensor_kit_launch/AWSIM_sensor_launch'
[0.775s] INFO:colcon.colcon_core.package_selection:Skipping package 'AWSIM_sensor_description' in 'sensor_kit_description/AWSIM_sensor_description/AWSIM_sensor_description'
[0.776s] Level 1:colcon.colcon_core.package_discovery:discover_packages(prefix_path) check parameters
[0.776s] Level 1:colcon.colcon_core.package_discovery:discover_packages(prefix_path) discover
[0.783s] DEBUG:colcon.colcon_installed_package_information.package_discovery:Found 362 installed packages in /opt/ros/humble
[0.785s] Level 1:colcon.colcon_core.package_discovery:discover_packages(prefix_path) using defaults
[0.874s] ERROR:colcon:colcon build: Duplicate package names not supported:
- common_sensor_launch:
  - common_sensor_launch
  - sensor_kit_launch/common_sensor_launch
