[0.042s] Invoking command in '/home/robin/MCAV/mcav_autoware_sensor_kit_launch/build/common_sensor_launch': CMAKE_PREFIX_PATH=/opt/ros/humble /usr/bin/cmake /home/robin/MCAV/mcav_autoware_sensor_kit_launch/common_sensor_launch -DCMAKE_BUILD_TYPE=Release -DAMENT_CMAKE_SYMLINK_INSTALL=1 -DCMAKE_INSTALL_PREFIX=/home/robin/MCAV/mcav_autoware_sensor_kit_launch/install/common_sensor_launch
[0.434s] -- The C compiler identification is GNU 11.4.0
[1.508s] -- The CXX compiler identification is GNU 11.4.0
[2.365s] -- Detecting C compiler ABI info
[2.608s] -- Detecting C compiler ABI info - done
[2.614s] -- Check for working C compiler: /usr/bin/cc - skipped
[2.616s] -- Detecting C compile features
[2.617s] -- Detecting C compile features - done
[2.622s] -- Detecting CXX compiler ABI info
[2.804s] -- Detecting CXX compiler ABI info - done
[2.810s] -- Check for working CXX compiler: /usr/bin/c++ - skipped
[2.810s] -- Detecting CXX compile features
[2.811s] -- Detecting CXX compile features - done
[2.816s] -- Found ament_cmake_auto: 1.3.5 (/opt/ros/humble/share/ament_cmake_auto/cmake)
[2.970s] -- Found Python3: /usr/bin/python3.10 (found version "3.10.12") found components: Interpreter 
[3.030s] -- Override CMake install command with custom implementation using symlinks instead of copying resources
[3.118s] -- Found ament_lint_auto: 0.12.7 (/opt/ros/humble/share/ament_lint_auto/cmake)
[4.135s] -- Configuring done
[4.141s] -- Generating done
[4.142s] -- Build files have been written to: /home/robin/MCAV/mcav_autoware_sensor_kit_launch/build/common_sensor_launch
[4.149s] Invoked command in '/home/robin/MCAV/mcav_autoware_sensor_kit_launch/build/common_sensor_launch' returned '0': CMAKE_PREFIX_PATH=/opt/ros/humble /usr/bin/cmake /home/robin/MCAV/mcav_autoware_sensor_kit_launch/common_sensor_launch -DCMAKE_BUILD_TYPE=Release -DAMENT_CMAKE_SYMLINK_INSTALL=1 -DCMAKE_INSTALL_PREFIX=/home/robin/MCAV/mcav_autoware_sensor_kit_launch/install/common_sensor_launch
[4.154s] Invoking command in '/home/robin/MCAV/mcav_autoware_sensor_kit_launch/build/common_sensor_launch': CMAKE_PREFIX_PATH=/opt/ros/humble /usr/bin/cmake --build /home/robin/MCAV/mcav_autoware_sensor_kit_launch/build/common_sensor_launch -- -j20 -l20
[4.178s] Invoked command in '/home/robin/MCAV/mcav_autoware_sensor_kit_launch/build/common_sensor_launch' returned '0': CMAKE_PREFIX_PATH=/opt/ros/humble /usr/bin/cmake --build /home/robin/MCAV/mcav_autoware_sensor_kit_launch/build/common_sensor_launch -- -j20 -l20
[4.205s] Invoking command in '/home/robin/MCAV/mcav_autoware_sensor_kit_launch/build/common_sensor_launch': CMAKE_PREFIX_PATH=/opt/ros/humble /usr/bin/cmake --install /home/robin/MCAV/mcav_autoware_sensor_kit_launch/build/common_sensor_launch
[4.207s] -- Install configuration: "Release"
[4.207s] -- Execute custom install script
[4.208s] -- Symlinking: /home/robin/MCAV/mcav_autoware_sensor_kit_launch/install/common_sensor_launch/share/common_sensor_launch/launch/nebula_node_container.launch.py
[4.214s] -- Symlinking: /home/robin/MCAV/mcav_autoware_sensor_kit_launch/install/common_sensor_launch/share/common_sensor_launch/launch/velodyne_VLP16.launch.xml
[4.219s] -- Symlinking: /home/robin/MCAV/mcav_autoware_sensor_kit_launch/install/common_sensor_launch/share/common_sensor_launch/launch/velodyne_VLS128.launch.xml
[4.225s] -- Symlinking: /home/robin/MCAV/mcav_autoware_sensor_kit_launch/install/common_sensor_launch/share/ament_index/resource_index/package_run_dependencies/common_sensor_launch
[4.231s] -- Symlinking: /home/robin/MCAV/mcav_autoware_sensor_kit_launch/install/common_sensor_launch/share/ament_index/resource_index/parent_prefix_path/common_sensor_launch
[4.236s] -- Symlinking: /home/robin/MCAV/mcav_autoware_sensor_kit_launch/install/common_sensor_launch/share/common_sensor_launch/environment/ament_prefix_path.sh
[4.241s] -- Symlinking: /home/robin/MCAV/mcav_autoware_sensor_kit_launch/install/common_sensor_launch/share/common_sensor_launch/environment/ament_prefix_path.dsv
[4.247s] -- Symlinking: /home/robin/MCAV/mcav_autoware_sensor_kit_launch/install/common_sensor_launch/share/common_sensor_launch/environment/path.sh
[4.251s] -- Symlinking: /home/robin/MCAV/mcav_autoware_sensor_kit_launch/install/common_sensor_launch/share/common_sensor_launch/environment/path.dsv
[4.257s] -- Symlinking: /home/robin/MCAV/mcav_autoware_sensor_kit_launch/install/common_sensor_launch/share/common_sensor_launch/local_setup.bash
[4.262s] -- Symlinking: /home/robin/MCAV/mcav_autoware_sensor_kit_launch/install/common_sensor_launch/share/common_sensor_launch/local_setup.sh
[4.267s] -- Symlinking: /home/robin/MCAV/mcav_autoware_sensor_kit_launch/install/common_sensor_launch/share/common_sensor_launch/local_setup.zsh
[4.273s] -- Symlinking: /home/robin/MCAV/mcav_autoware_sensor_kit_launch/install/common_sensor_launch/share/common_sensor_launch/local_setup.dsv
[4.278s] -- Symlinking: /home/robin/MCAV/mcav_autoware_sensor_kit_launch/install/common_sensor_launch/share/common_sensor_launch/package.dsv
[4.283s] -- Symlinking: /home/robin/MCAV/mcav_autoware_sensor_kit_launch/install/common_sensor_launch/share/ament_index/resource_index/packages/common_sensor_launch
[4.288s] -- Symlinking: /home/robin/MCAV/mcav_autoware_sensor_kit_launch/install/common_sensor_launch/share/common_sensor_launch/cmake/common_sensor_launchConfig.cmake
[4.294s] -- Symlinking: /home/robin/MCAV/mcav_autoware_sensor_kit_launch/install/common_sensor_launch/share/common_sensor_launch/cmake/common_sensor_launchConfig-version.cmake
[4.299s] -- Symlinking: /home/robin/MCAV/mcav_autoware_sensor_kit_launch/install/common_sensor_launch/share/common_sensor_launch/package.xml
[4.307s] Invoked command in '/home/robin/MCAV/mcav_autoware_sensor_kit_launch/build/common_sensor_launch' returned '0': CMAKE_PREFIX_PATH=/opt/ros/humble /usr/bin/cmake --install /home/robin/MCAV/mcav_autoware_sensor_kit_launch/build/common_sensor_launch
